==============================================================================
20201212 17:06:42.782 - INFO - + START SUITE: Acceptance [ ]
==============================================================================
20201212 17:06:42.972 - INFO - +- START SUITE: Acceptance.050 UsersDetails [ ]
==============================================================================
20201212 17:06:42.972 - INFO - +-- START SETUP: FunctionsGlobal.Global Setup [ ]
20201212 17:06:42.973 - INFO - +--- START KW: FunctionsGlobal.!Open GeoKrety Browser [ ${browser} ]
20201212 17:06:42.974 - INFO - +---- START KW: BuiltIn.Run Keyword If [ "${BS_ENABLED}" != "false" | !Open GeoKrety BrowserStack | ${browser} | ELSE | !Open GeoKrety Browser Local | ${browser} ]
20201212 17:06:42.974 - INFO - +----- START KW: FunctionsGlobal.!Open GeoKrety Browser Local [ ${browser} ]
20201212 17:06:42.975 - INFO - +------ START KW: BuiltIn.Run Keyword If [ "${browser}"=="Firefox" | !Open GeoKrety Browser Firefox ]
20201212 17:06:42.975 - INFO - +------- START KW: FunctionsGlobal.!Open GeoKrety Browser Firefox [ ]
20201212 17:06:42.976 - INFO - +-------- START KW: BuiltIn.Log [ Open Browser Firefox ]
20201212 17:06:42.976 - INFO - Open Browser Firefox
20201212 17:06:42.976 - INFO - +-------- END KW: BuiltIn.Log (0)
20201212 17:06:42.977 - INFO - +-------- START KW: BuiltIn.Evaluate [ sys.modules['selenium.webdriver'].firefox.webdriver.Options() | sys, selenium.webdriver ]
20201212 17:06:42.977 - INFO - ${firefox_options} = <selenium.webdriver.firefox.options.Options object at 0x7f4d1b61f070>
20201212 17:06:42.977 - INFO - +-------- END KW: BuiltIn.Evaluate (0)
20201212 17:06:42.977 - INFO - +-------- START KW: BuiltIn.Run Keyword If [ ${HEADLESS} | Call Method | ${firefox_options} | add_argument | -headless ]
20201212 17:06:42.978 - INFO - +--------- START KW: BuiltIn.Call Method [ ${firefox_options} | add_argument | -headless ]
20201212 17:06:42.978 - INFO - +--------- END KW: BuiltIn.Call Method (0)
20201212 17:06:42.978 - INFO - +-------- END KW: BuiltIn.Run Keyword If (1)
20201212 17:06:42.979 - INFO - +-------- START KW: BuiltIn.Evaluate [ sys.modules['selenium.webdriver'].DesiredCapabilities.FIREFOX | sys, selenium.webdriver ]
20201212 17:06:42.979 - INFO - ${dc} = {'browserName': 'firefox', 'marionette': True, 'acceptInsecureCerts': True}
20201212 17:06:42.979 - INFO - +-------- END KW: BuiltIn.Evaluate (0)
20201212 17:06:42.979 - INFO - +-------- START KW: Collections.Set To Dictionary [ ${dc} | strictFileInteractability=${FALSE} ]
20201212 17:06:42.980 - INFO - +-------- END KW: Collections.Set To Dictionary (1)
20201212 17:06:42.980 - INFO - +-------- START KW: Collections.Set To Dictionary [ ${dc} | timezone=UTC-05:00 ]
20201212 17:06:42.980 - INFO - +-------- END KW: Collections.Set To Dictionary (0)
20201212 17:06:42.981 - INFO - +-------- START KW: SeleniumLibrary.Create Webdriver [ Firefox | firefox_options=${firefox options} | desired_capabilities=${dc} ]
20201212 17:06:42.981 - INFO - Creating an instance of the Firefox WebDriver.
20201212 17:06:45.045 - DEBUG - Created Firefox WebDriver instance with session id cb097a1d-176c-47c6-aeb8-73af734bfa36.
20201212 17:06:45.046 - INFO - +-------- END KW: SeleniumLibrary.Create Webdriver (2064)
20201212 17:06:45.046 - INFO - +------- END KW: FunctionsGlobal.!Open GeoKrety Browser Firefox (2071)
20201212 17:06:45.046 - INFO - +------ END KW: BuiltIn.Run Keyword If (2071)
20201212 17:06:45.047 - INFO - +------ START KW: BuiltIn.Run Keyword If [ "${browser}"=="Chrome" | !Open GeoKrety Browser Chrome ]
20201212 17:06:45.047 - INFO - +------ END KW: BuiltIn.Run Keyword If (0)
20201212 17:06:45.048 - INFO - +----- END KW: FunctionsGlobal.!Open GeoKrety Browser Local (2074)
20201212 17:06:45.049 - INFO - +---- END KW: BuiltIn.Run Keyword If (2075)
20201212 17:06:45.050 - INFO - +---- START KW: SeleniumLibrary.Set Window Size [ 1280 | 1024 ]
20201212 17:06:45.074 - INFO - +---- END KW: SeleniumLibrary.Set Window Size (24)
20201212 17:06:45.075 - INFO - +--- END KW: FunctionsGlobal.!Open GeoKrety Browser (2102)
20201212 17:06:45.075 - INFO - +-- END SETUP: FunctionsGlobal.Global Setup (2103)
==============================================================================
20201212 17:06:45.116 - INFO - +-- START SUITE: Acceptance.050 UsersDetails.050 BanerTemplate [ ]
==============================================================================
20201212 17:06:45.117 - INFO - +--- START SETUP: Seed [ ]
20201212 17:06:45.117 - INFO - +---- START KW: FunctionsGlobal.Clear Database [ ]
20201212 17:06:45.117 - INFO - +----- START KW: FunctionsGlobal.Go To Url [ ${PAGE_DEV_RESET_DB_URL} ]
20201212 17:06:45.118 - INFO - +------ START KW: FunctionsGlobal.Got To Url With Param [ ${url} | &{params} ]
20201212 17:06:45.119 - INFO - +------- START KW: BuiltIn.Replace Variables [ ${url} ]
20201212 17:06:45.119 - INFO - ${url_} = http://localhost:3001/devel/db/reset
20201212 17:06:45.119 - INFO - +------- END KW: BuiltIn.Replace Variables (0)
20201212 17:06:45.120 - INFO - +------- START KW: SeleniumLibrary.Go To [ ${url_} ]
20201212 17:06:45.120 - INFO - Opening url 'http://localhost:3001/devel/db/reset'
20201212 17:06:45.486 - INFO - +------- END KW: SeleniumLibrary.Go To (366)
20201212 17:06:45.487 - INFO - +------ END KW: FunctionsGlobal.Got To Url With Param (369)
20201212 17:06:45.487 - INFO - +------ START KW: FunctionsGlobal.Page WithoutWarningOrFailure [ ]
20201212 17:06:45.487 - INFO - +------- START KW: SeleniumLibrary.Page Should Not Contain [ Warning: ]
20201212 17:06:45.532 - DEBUG - Current frame has 0 subframes.
20201212 17:06:45.532 - INFO - Current page does not contain text 'Warning:'.
20201212 17:06:45.532 - INFO - +------- END KW: SeleniumLibrary.Page Should Not Contain (45)
20201212 17:06:45.532 - INFO - +------- START KW: SeleniumLibrary.Page Should Not Contain [ Failed ]
20201212 17:06:45.547 - DEBUG - Current frame has 0 subframes.
20201212 17:06:45.547 - INFO - Current page does not contain text 'Failed'.
20201212 17:06:45.548 - INFO - +------- END KW: SeleniumLibrary.Page Should Not Contain (16)
20201212 17:06:45.548 - INFO - +------- START KW: SeleniumLibrary.Page Should Not Contain [ Internal Server Error ]
20201212 17:06:45.563 - DEBUG - Current frame has 0 subframes.
20201212 17:06:45.563 - INFO - Current page does not contain text 'Internal Server Error'.
20201212 17:06:45.563 - INFO - +------- END KW: SeleniumLibrary.Page Should Not Contain (15)
20201212 17:06:45.563 - INFO - +------ END KW: FunctionsGlobal.Page WithoutWarningOrFailure (76)
20201212 17:06:45.563 - INFO - +----- END KW: FunctionsGlobal.Go To Url (446)
20201212 17:06:45.564 - INFO - +----- START KW: SeleniumLibrary.Page Should Contain [ OK ]
20201212 17:06:45.570 - INFO - Current page contains text 'OK'.
20201212 17:06:45.570 - INFO - +----- END KW: SeleniumLibrary.Page Should Contain (6)
20201212 17:06:45.571 - INFO - +---- END KW: FunctionsGlobal.Clear Database (454)
20201212 17:06:45.571 - INFO - +---- START KW: FunctionsGlobal.Seed 2 users [ ]
20201212 17:06:45.571 - INFO - +----- START KW: FunctionsGlobal.Go To Url [ ${PAGE_SEED_USER}/${count} ]
20201212 17:06:45.573 - INFO - +------ START KW: FunctionsGlobal.Got To Url With Param [ ${url} | &{params} ]
20201212 17:06:45.573 - INFO - +------- START KW: BuiltIn.Replace Variables [ ${url} ]
20201212 17:06:45.574 - INFO - ${url_} = http://localhost:3001/devel/db/users/seed/2
20201212 17:06:45.574 - INFO - +------- END KW: BuiltIn.Replace Variables (1)
20201212 17:06:45.574 - INFO - +------- START KW: SeleniumLibrary.Go To [ ${url_} ]
20201212 17:06:45.574 - INFO - Opening url 'http://localhost:3001/devel/db/users/seed/2'
20201212 20:06:46.416 - INFO - +------- END KW: SeleniumLibrary.Go To (10800842)
20201212 20:06:46.417 - INFO - +------ END KW: FunctionsGlobal.Got To Url With Param (10800844)
20201212 20:06:46.417 - INFO - +------ START KW: FunctionsGlobal.Page WithoutWarningOrFailure [ ]
20201212 20:06:46.417 - INFO - +------- START KW: SeleniumLibrary.Page Should Not Contain [ Warning: ]
20201212 20:06:46.432 - DEBUG - Current frame has 0 subframes.
20201212 20:06:46.432 - INFO - Current page does not contain text 'Warning:'.
20201212 20:06:46.433 - INFO - +------- END KW: SeleniumLibrary.Page Should Not Contain (16)
20201212 20:06:46.433 - INFO - +------- START KW: SeleniumLibrary.Page Should Not Contain [ Failed ]
20201212 20:06:46.441 - DEBUG - Current frame has 0 subframes.
20201212 20:06:46.441 - INFO - Current page does not contain text 'Failed'.
20201212 20:06:46.441 - INFO - +------- END KW: SeleniumLibrary.Page Should Not Contain (8)
20201212 20:06:46.441 - INFO - +------- START KW: SeleniumLibrary.Page Should Not Contain [ Internal Server Error ]
20201212 20:06:46.448 - DEBUG - Current frame has 0 subframes.
20201212 20:06:46.448 - INFO - Current page does not contain text 'Internal Server Error'.
20201212 20:06:46.448 - INFO - +------- END KW: SeleniumLibrary.Page Should Not Contain (7)
20201212 20:06:46.448 - INFO - +------ END KW: FunctionsGlobal.Page WithoutWarningOrFailure (31)
20201212 20:06:46.448 - INFO - +----- END KW: FunctionsGlobal.Go To Url (10800877)
20201212 20:06:46.449 - INFO - +----- START KW: FunctionsGlobal.Empty Dev Mailbox Fast [ ]
20201212 20:06:46.449 - INFO - +------ START KW: FunctionsGlobal.Go To Url [ ${PAGE_DEV_MAILBOX_CLEAR_URL} ]
20201212 20:06:46.450 - INFO - +------- START KW: FunctionsGlobal.Got To Url With Param [ ${url} | &{params} ]
20201212 20:06:46.450 - INFO - +-------- START KW: BuiltIn.Replace Variables [ ${url} ]
20201212 20:06:46.450 - INFO - ${url_} = http://localhost:3001/devel/mail/delete/all
20201212 20:06:46.450 - INFO - +-------- END KW: BuiltIn.Replace Variables (0)
20201212 20:06:46.450 - INFO - +-------- START KW: SeleniumLibrary.Go To [ ${url_} ]
20201212 20:06:46.451 - INFO - Opening url 'http://localhost:3001/devel/mail/delete/all'
20201212 20:06:46.846 - INFO - +-------- END KW: SeleniumLibrary.Go To (395)
20201212 20:06:46.846 - INFO - +------- END KW: FunctionsGlobal.Got To Url With Param (396)
20201212 20:06:46.846 - INFO - +------- START KW: FunctionsGlobal.Page WithoutWarningOrFailure [ ]
20201212 20:06:46.846 - INFO - +-------- START KW: SeleniumLibrary.Page Should Not Contain [ Warning: ]
20201212 20:06:46.880 - DEBUG - Current frame has 0 subframes.
20201212 20:06:46.880 - INFO - Current page does not contain text 'Warning:'.
20201212 20:06:46.880 - INFO - +-------- END KW: SeleniumLibrary.Page Should Not Contain (34)
20201212 20:06:46.880 - INFO - +-------- START KW: SeleniumLibrary.Page Should Not Contain [ Failed ]
20201212 20:06:46.891 - DEBUG - Current frame has 0 subframes.
20201212 20:06:46.891 - INFO - Current page does not contain text 'Failed'.
20201212 20:06:46.891 - INFO - +-------- END KW: SeleniumLibrary.Page Should Not Contain (11)
20201212 20:06:46.892 - INFO - +-------- START KW: SeleniumLibrary.Page Should Not Contain [ Internal Server Error ]
20201212 20:06:46.900 - DEBUG - Current frame has 0 subframes.
20201212 20:06:46.900 - INFO - Current page does not contain text 'Internal Server Error'.
20201212 20:06:46.900 - INFO - +-------- END KW: SeleniumLibrary.Page Should Not Contain (8)
20201212 20:06:46.901 - INFO - +------- END KW: FunctionsGlobal.Page WithoutWarningOrFailure (55)
20201212 20:06:46.901 - INFO - +------ END KW: FunctionsGlobal.Go To Url (452)
20201212 20:06:46.901 - INFO - +----- END KW: FunctionsGlobal.Empty Dev Mailbox Fast (452)
20201212 20:06:46.901 - INFO - +---- END KW: FunctionsGlobal.Seed 2 users (10801330)
20201212 20:06:46.901 - INFO - +--- END SETUP: Seed (10801785)
------------------------------------------------------------------------------
20201212 20:06:46.902 - INFO - +--- START TEST: Users cannot edit other user banner [ ]
------------------------------------------------------------------------------
20201212 20:06:46.903 - INFO - +---- START KW: FunctionsGlobal.Sign In ${USER_2.name} Fast [ ]
20201212 20:06:46.903 - INFO - +----- START KW: FunctionsGlobal.Go To Url [ ${PAGE_LOGIN_USER} | username=${username} ]
20201212 20:06:46.904 - INFO - +------ START KW: FunctionsGlobal.Got To Url With Param [ ${url} | &{params} ]
20201212 20:06:46.905 - INFO - +------- START KW: BuiltIn.Replace Variables [ ${url} ]
20201212 20:06:46.906 - DEBUG - Test timeout 2 minutes active. 119.996 seconds left.
20201212 20:06:46.906 - INFO - ${url_} = http://localhost:3001/devel/users/username2/login
20201212 20:06:46.906 - INFO - +------- END KW: BuiltIn.Replace Variables (1)
20201212 20:06:46.907 - INFO - +------- START KW: SeleniumLibrary.Go To [ ${url_} ]
20201212 20:06:46.907 - DEBUG - Test timeout 2 minutes active. 119.994 seconds left.
20201212 20:06:46.907 - INFO - Opening url 'http://localhost:3001/devel/users/username2/login'
20201212 20:06:47.569 - INFO - +------- END KW: SeleniumLibrary.Go To (662)
20201212 20:06:47.569 - INFO - +------ END KW: FunctionsGlobal.Got To Url With Param (665)
20201212 20:06:47.569 - INFO - +------ START KW: FunctionsGlobal.Page WithoutWarningOrFailure [ ]
20201212 20:06:47.570 - INFO - +------- START KW: SeleniumLibrary.Page Should Not Contain [ Warning: ]
20201212 20:06:47.570 - DEBUG - Test timeout 2 minutes active. 119.331 seconds left.
20201212 20:06:47.602 - DEBUG - Current frame has 0 subframes.
20201212 20:06:47.602 - INFO - Current page does not contain text 'Warning:'.
20201212 20:06:47.602 - INFO - +------- END KW: SeleniumLibrary.Page Should Not Contain (32)
20201212 20:06:47.602 - INFO - +------- START KW: SeleniumLibrary.Page Should Not Contain [ Failed ]
20201212 20:06:47.602 - DEBUG - Test timeout 2 minutes active. 119.299 seconds left.
20201212 20:06:47.613 - DEBUG - Current frame has 0 subframes.
20201212 20:06:47.613 - INFO - Current page does not contain text 'Failed'.
20201212 20:06:47.614 - INFO - +------- END KW: SeleniumLibrary.Page Should Not Contain (12)
20201212 20:06:47.614 - INFO - +------- START KW: SeleniumLibrary.Page Should Not Contain [ Internal Server Error ]
20201212 20:06:47.614 - DEBUG - Test timeout 2 minutes active. 119.287 seconds left.
20201212 20:06:47.622 - DEBUG - Current frame has 0 subframes.
20201212 20:06:47.622 - INFO - Current page does not contain text 'Internal Server Error'.
20201212 20:06:47.622 - INFO - +------- END KW: SeleniumLibrary.Page Should Not Contain (8)
20201212 20:06:47.623 - INFO - +------ END KW: FunctionsGlobal.Page WithoutWarningOrFailure (54)
20201212 20:06:47.623 - INFO - +----- END KW: FunctionsGlobal.Go To Url (720)
20201212 20:06:47.623 - INFO - +----- START KW: SeleniumLibrary.Page Should Not Contain [ Error signing in user ]
20201212 20:06:47.623 - DEBUG - Test timeout 2 minutes active. 119.278 seconds left.
20201212 20:06:47.630 - DEBUG - Current frame has 0 subframes.
20201212 20:06:47.630 - INFO - Current page does not contain text 'Error signing in user'.
20201212 20:06:47.631 - INFO - +----- END KW: SeleniumLibrary.Page Should Not Contain (8)
20201212 20:06:47.631 - INFO - +---- END KW: FunctionsGlobal.Sign In ${USER_2.name} Fast (728)
~~~~~~~~~~~~~~~~~~~~~~~~~~~~~~~~~~~~~~~~~~~~~~~~~~~~~~~~~~~~~~~~~~~~~~~~~~~~~~
20201212 20:06:47.631 - INFO - +---- START KW: SeleniumLibrary.Go To [ ${PAGE_USER_1_BANER_TEMPLATE_URL} ]
20201212 20:06:47.631 - DEBUG - Test timeout 2 minutes active. 119.27 seconds left.
20201212 20:06:47.631 - INFO - Opening url 'http://localhost:3001/en/users/1/choose-statpic-template'
20201212 20:06:47.949 - INFO - +---- END KW: SeleniumLibrary.Go To (317)
~~~~~~~~~~~~~~~~~~~~~~~~~~~~~~~~~~~~~~~~~~~~~~~~~~~~~~~~~~~~~~~~~~~~~~~~~~~~~~
20201212 20:06:47.949 - INFO - +---- START KW: SeleniumLibrary.Page Should Contain [ Unauthorized ]
20201212 20:06:47.976 - INFO - +----- START KW: SeleniumLibrary.Capture Page Screenshot [ ]
20201212 20:06:47.976 - DEBUG - Test timeout 2 minutes active. 118.925 seconds left.
20201212 20:06:48.065 - INFO - </td></tr><tr><td colspan="3"><a href="selenium-screenshot-8.png"><img src="selenium-screenshot-8.png" width="800px"></a>
20201212 20:06:48.065 - INFO - +----- END KW: SeleniumLibrary.Capture Page Screenshot (89)
20201212 20:06:47.949 - DEBUG - Test timeout 2 minutes active. 118.952 seconds left.
20201212 20:06:47.969 - DEBUG - Current frame has 0 subframes.
20201212 20:06:48.066 - FAIL - Page should have contained text 'Unauthorized' but did not.
20201212 20:06:48.066 - DEBUG - Traceback (most recent call last):
  File "/home/travis/.local/lib/python3.8/site-packages/SeleniumLibrary/__init__.py", line 471, in run_keyword
    return DynamicCore.run_keyword(self, name, args, kwargs)
  File "/home/travis/.local/lib/python3.8/site-packages/robotlibcore.py", line 103, in run_keyword
    return self.keywords[name](*args, **(kwargs or {}))
  File "/home/travis/.local/lib/python3.8/site-packages/SeleniumLibrary/keywords/element.py", line 123, in page_should_contain
    raise AssertionError("Page should have contained text '%s' "
20201212 20:06:48.066 - INFO - +---- END KW: SeleniumLibrary.Page Should Contain (117)
------------------------------------------------------------------------------
20201212 20:06:48.067 - INFO - +--- END TEST: Users cannot edit other user banner (1166)
------------------------------------------------------------------------------
20201212 20:06:48.070 - INFO - +-- END SUITE: Acceptance.050 UsersDetails.050 BanerTemplate (10802993)
==============================================================================
20201212 20:06:48.106 - INFO - +-- START SUITE: Acceptance.050 UsersDetails.060 ObservationArea [ ]
==============================================================================
20201212 20:06:48.106 - INFO - +--- START SETUP: Seed [ ]
20201212 20:06:48.107 - INFO - +---- START KW: FunctionsGlobal.Clear Database [ ]
20201212 20:06:48.107 - INFO - +----- START KW: FunctionsGlobal.Go To Url [ ${PAGE_DEV_RESET_DB_URL} ]
20201212 20:06:48.108 - INFO - +------ START KW: FunctionsGlobal.Got To Url With Param [ ${url} | &{params} ]
20201212 20:06:48.108 - INFO - +------- START KW: BuiltIn.Replace Variables [ ${url} ]
20201212 20:06:48.109 - INFO - ${url_} = http://localhost:3001/devel/db/reset
20201212 20:06:48.109 - INFO - +------- END KW: BuiltIn.Replace Variables (1)
20201212 20:06:48.109 - INFO - +------- START KW: SeleniumLibrary.Go To [ ${url_} ]
20201212 20:06:48.109 - INFO - Opening url 'http://localhost:3001/devel/db/reset'
20201212 20:06:48.369 - INFO - +------- END KW: SeleniumLibrary.Go To (260)
20201212 20:06:48.371 - INFO - +------ END KW: FunctionsGlobal.Got To Url With Param (263)
20201212 20:06:48.371 - INFO - +------ START KW: FunctionsGlobal.Page WithoutWarningOrFailure [ ]
20201212 20:06:48.371 - INFO - +------- START KW: SeleniumLibrary.Page Should Not Contain [ Warning: ]
20201212 20:06:48.394 - DEBUG - Current frame has 0 subframes.
20201212 20:06:48.394 - INFO - Current page does not contain text 'Warning:'.
20201212 20:06:48.395 - INFO - +------- END KW: SeleniumLibrary.Page Should Not Contain (24)
20201212 20:06:48.395 - INFO - +------- START KW: SeleniumLibrary.Page Should Not Contain [ Failed ]
20201212 20:06:48.402 - DEBUG - Current frame has 0 subframes.
20201212 20:06:48.403 - INFO - Current page does not contain text 'Failed'.
20201212 20:06:48.403 - INFO - +------- END KW: SeleniumLibrary.Page Should Not Contain (8)
20201212 20:06:48.403 - INFO - +------- START KW: SeleniumLibrary.Page Should Not Contain [ Internal Server Error ]
20201212 20:06:48.412 - DEBUG - Current frame has 0 subframes.
20201212 20:06:48.412 - INFO - Current page does not contain text 'Internal Server Error'.
20201212 20:06:48.412 - INFO - +------- END KW: SeleniumLibrary.Page Should Not Contain (9)
20201212 20:06:48.412 - INFO - +------ END KW: FunctionsGlobal.Page WithoutWarningOrFailure (41)
20201212 20:06:48.412 - INFO - +----- END KW: FunctionsGlobal.Go To Url (305)
20201212 20:06:48.412 - INFO - +----- START KW: SeleniumLibrary.Page Should Contain [ OK ]
20201212 20:06:48.418 - INFO - Current page contains text 'OK'.
20201212 20:06:48.418 - INFO - +----- END KW: SeleniumLibrary.Page Should Contain (6)
20201212 20:06:48.419 - INFO - +---- END KW: FunctionsGlobal.Clear Database (311)
20201212 20:06:48.419 - INFO - +---- START KW: FunctionsGlobal.Seed 2 users [ ]
20201212 20:06:48.419 - INFO - +----- START KW: FunctionsGlobal.Go To Url [ ${PAGE_SEED_USER}/${count} ]
20201212 20:06:48.420 - INFO - +------ START KW: FunctionsGlobal.Got To Url With Param [ ${url} | &{params} ]
20201212 20:06:48.420 - INFO - +------- START KW: BuiltIn.Replace Variables [ ${url} ]
20201212 20:06:48.420 - INFO - ${url_} = http://localhost:3001/devel/db/users/seed/2
20201212 20:06:48.420 - INFO - +------- END KW: BuiltIn.Replace Variables (0)
20201212 20:06:48.420 - INFO - +------- START KW: SeleniumLibrary.Go To [ ${url_} ]
20201212 20:06:48.421 - INFO - Opening url 'http://localhost:3001/devel/db/users/seed/2'
20201212 20:06:49.235 - INFO - +------- END KW: SeleniumLibrary.Go To (815)
20201212 20:06:49.236 - INFO - +------ END KW: FunctionsGlobal.Got To Url With Param (815)
20201212 20:06:49.236 - INFO - +------ START KW: FunctionsGlobal.Page WithoutWarningOrFailure [ ]
20201212 20:06:49.236 - INFO - +------- START KW: SeleniumLibrary.Page Should Not Contain [ Warning: ]
20201212 20:06:49.266 - DEBUG - Current frame has 0 subframes.
20201212 20:06:49.266 - INFO - Current page does not contain text 'Warning:'.
20201212 20:06:49.266 - INFO - +------- END KW: SeleniumLibrary.Page Should Not Contain (30)
20201212 20:06:49.266 - INFO - +------- START KW: SeleniumLibrary.Page Should Not Contain [ Failed ]
20201212 20:06:49.275 - DEBUG - Current frame has 0 subframes.
20201212 20:06:49.275 - INFO - Current page does not contain text 'Failed'.
20201212 20:06:49.275 - INFO - +------- END KW: SeleniumLibrary.Page Should Not Contain (9)
20201212 20:06:49.276 - INFO - +------- START KW: SeleniumLibrary.Page Should Not Contain [ Internal Server Error ]
20201212 20:06:49.282 - DEBUG - Current frame has 0 subframes.
20201212 20:06:49.282 - INFO - Current page does not contain text 'Internal Server Error'.
20201212 20:06:49.282 - INFO - +------- END KW: SeleniumLibrary.Page Should Not Contain (6)
20201212 20:06:49.283 - INFO - +------ END KW: FunctionsGlobal.Page WithoutWarningOrFailure (47)
20201212 20:06:49.283 - INFO - +----- END KW: FunctionsGlobal.Go To Url (864)
20201212 20:06:49.283 - INFO - +----- START KW: FunctionsGlobal.Empty Dev Mailbox Fast [ ]
20201212 20:06:49.283 - INFO - +------ START KW: FunctionsGlobal.Go To Url [ ${PAGE_DEV_MAILBOX_CLEAR_URL} ]
20201212 20:06:49.284 - INFO - +------- START KW: FunctionsGlobal.Got To Url With Param [ ${url} | &{params} ]
20201212 20:06:49.285 - INFO - +-------- START KW: BuiltIn.Replace Variables [ ${url} ]
20201212 20:06:49.286 - INFO - ${url_} = http://localhost:3001/devel/mail/delete/all
20201212 20:06:49.286 - INFO - +-------- END KW: BuiltIn.Replace Variables (1)
20201212 20:06:49.286 - INFO - +-------- START KW: SeleniumLibrary.Go To [ ${url_} ]
20201212 20:06:49.286 - INFO - Opening url 'http://localhost:3001/devel/mail/delete/all'
20201212 20:06:49.651 - INFO - +-------- END KW: SeleniumLibrary.Go To (365)
20201212 20:06:49.651 - INFO - +------- END KW: FunctionsGlobal.Got To Url With Param (367)
20201212 20:06:49.652 - INFO - +------- START KW: FunctionsGlobal.Page WithoutWarningOrFailure [ ]
20201212 20:06:49.652 - INFO - +-------- START KW: SeleniumLibrary.Page Should Not Contain [ Warning: ]
20201212 20:06:49.687 - DEBUG - Current frame has 0 subframes.
20201212 20:06:49.687 - INFO - Current page does not contain text 'Warning:'.
20201212 20:06:49.688 - INFO - +-------- END KW: SeleniumLibrary.Page Should Not Contain (36)
20201212 20:06:49.688 - INFO - +-------- START KW: SeleniumLibrary.Page Should Not Contain [ Failed ]
20201212 20:06:49.697 - DEBUG - Current frame has 0 subframes.
20201212 20:06:49.697 - INFO - Current page does not contain text 'Failed'.
20201212 20:06:49.697 - INFO - +-------- END KW: SeleniumLibrary.Page Should Not Contain (9)
20201212 20:06:49.698 - INFO - +-------- START KW: SeleniumLibrary.Page Should Not Contain [ Internal Server Error ]
20201212 20:06:49.705 - DEBUG - Current frame has 0 subframes.
20201212 20:06:49.705 - INFO - Current page does not contain text 'Internal Server Error'.
20201212 20:06:49.706 - INFO - +-------- END KW: SeleniumLibrary.Page Should Not Contain (8)
20201212 20:06:49.706 - INFO - +------- END KW: FunctionsGlobal.Page WithoutWarningOrFailure (54)
20201212 20:06:49.706 - INFO - +------ END KW: FunctionsGlobal.Go To Url (423)
20201212 20:06:49.706 - INFO - +----- END KW: FunctionsGlobal.Empty Dev Mailbox Fast (423)
20201212 20:06:49.706 - INFO - +---- END KW: FunctionsGlobal.Seed 2 users (1287)
20201212 20:06:49.707 - INFO - +--- END SETUP: Seed (1601)
------------------------------------------------------------------------------
20201212 20:06:49.707 - INFO - +--- START TEST: Users cannot edit other user observation area [ ]
------------------------------------------------------------------------------
20201212 20:06:49.709 - INFO - +---- START KW: FunctionsGlobal.Sign In ${USER_2.name} Fast [ ]
20201212 20:06:49.710 - INFO - +----- START KW: FunctionsGlobal.Go To Url [ ${PAGE_LOGIN_USER} | username=${username} ]
20201212 20:06:49.710 - INFO - +------ START KW: FunctionsGlobal.Got To Url With Param [ ${url} | &{params} ]
20201212 20:06:49.711 - INFO - +------- START KW: BuiltIn.Replace Variables [ ${url} ]
20201212 20:06:49.711 - DEBUG - Test timeout 2 minutes active. 119.996 seconds left.
20201212 20:06:49.711 - INFO - ${url_} = http://localhost:3001/devel/users/username2/login
20201212 20:06:49.711 - INFO - +------- END KW: BuiltIn.Replace Variables (0)
20201212 20:06:49.711 - INFO - +------- START KW: SeleniumLibrary.Go To [ ${url_} ]
20201212 20:06:49.711 - DEBUG - Test timeout 2 minutes active. 119.995 seconds left.
20201212 20:06:49.712 - INFO - Opening url 'http://localhost:3001/devel/users/username2/login'
20201212 20:06:50.326 - INFO - +------- END KW: SeleniumLibrary.Go To (615)
20201212 20:06:50.327 - INFO - +------ END KW: FunctionsGlobal.Got To Url With Param (617)
20201212 20:06:50.327 - INFO - +------ START KW: FunctionsGlobal.Page WithoutWarningOrFailure [ ]
20201212 20:06:50.328 - INFO - +------- START KW: SeleniumLibrary.Page Should Not Contain [ Warning: ]
20201212 20:06:50.328 - DEBUG - Test timeout 2 minutes active. 119.379 seconds left.
20201212 20:06:50.354 - DEBUG - Current frame has 0 subframes.
20201212 20:06:50.355 - INFO - Current page does not contain text 'Warning:'.
20201212 20:06:50.355 - INFO - +------- END KW: SeleniumLibrary.Page Should Not Contain (27)
20201212 20:06:50.355 - INFO - +------- START KW: SeleniumLibrary.Page Should Not Contain [ Failed ]
20201212 20:06:50.355 - DEBUG - Test timeout 2 minutes active. 119.351 seconds left.
20201212 20:06:50.375 - DEBUG - Current frame has 0 subframes.
20201212 20:06:50.375 - INFO - Current page does not contain text 'Failed'.
20201212 20:06:50.375 - INFO - +------- END KW: SeleniumLibrary.Page Should Not Contain (20)
20201212 20:06:50.375 - INFO - +------- START KW: SeleniumLibrary.Page Should Not Contain [ Internal Server Error ]
20201212 20:06:50.375 - DEBUG - Test timeout 2 minutes active. 119.331 seconds left.
20201212 20:06:50.384 - DEBUG - Current frame has 0 subframes.
20201212 20:06:50.384 - INFO - Current page does not contain text 'Internal Server Error'.
20201212 20:06:50.384 - INFO - +------- END KW: SeleniumLibrary.Page Should Not Contain (9)
20201212 20:06:50.384 - INFO - +------ END KW: FunctionsGlobal.Page WithoutWarningOrFailure (57)
20201212 20:06:50.384 - INFO - +----- END KW: FunctionsGlobal.Go To Url (674)
20201212 20:06:50.385 - INFO - +----- START KW: SeleniumLibrary.Page Should Not Contain [ Error signing in user ]
20201212 20:06:50.385 - DEBUG - Test timeout 2 minutes active. 119.322 seconds left.
20201212 20:06:50.392 - DEBUG - Current frame has 0 subframes.
20201212 20:06:50.392 - INFO - Current page does not contain text 'Error signing in user'.
20201212 20:06:50.393 - INFO - +----- END KW: SeleniumLibrary.Page Should Not Contain (9)
20201212 20:06:50.393 - INFO - +---- END KW: FunctionsGlobal.Sign In ${USER_2.name} Fast (684)
~~~~~~~~~~~~~~~~~~~~~~~~~~~~~~~~~~~~~~~~~~~~~~~~~~~~~~~~~~~~~~~~~~~~~~~~~~~~~~
20201212 20:06:50.393 - INFO - +---- START KW: SeleniumLibrary.Go To [ ${PAGE_USER_1_OBSERVATION_AREA_URL} ]
20201212 20:06:50.393 - DEBUG - Test timeout 2 minutes active. 119.313 seconds left.
20201212 20:06:50.393 - INFO - Opening url 'http://localhost:3001/en/users/1/observation-area'
20201212 20:06:50.665 - INFO - +---- END KW: SeleniumLibrary.Go To (272)
~~~~~~~~~~~~~~~~~~~~~~~~~~~~~~~~~~~~~~~~~~~~~~~~~~~~~~~~~~~~~~~~~~~~~~~~~~~~~~
20201212 20:06:50.665 - INFO - +---- START KW: SeleniumLibrary.Page Should Contain [ Unauthorized ]
20201212 20:06:50.765 - INFO - +----- START KW: SeleniumLibrary.Capture Page Screenshot [ ]
20201212 20:06:50.765 - DEBUG - Test timeout 2 minutes active. 118.941 seconds left.
20201212 20:06:50.859 - INFO - </td></tr><tr><td colspan="3"><a href="selenium-screenshot-9.png"><img src="selenium-screenshot-9.png" width="800px"></a>
20201212 20:06:50.860 - INFO - +----- END KW: SeleniumLibrary.Capture Page Screenshot (95)
20201212 20:06:50.665 - DEBUG - Test timeout 2 minutes active. 119.042 seconds left.
20201212 20:06:50.717 - DEBUG - Current frame has 0 subframes.
20201212 20:06:50.860 - FAIL - Page should have contained text 'Unauthorized' but did not.
20201212 20:06:50.860 - DEBUG - Traceback (most recent call last):
  File "/home/travis/.local/lib/python3.8/site-packages/SeleniumLibrary/__init__.py", line 471, in run_keyword
    return DynamicCore.run_keyword(self, name, args, kwargs)
  File "/home/travis/.local/lib/python3.8/site-packages/robotlibcore.py", line 103, in run_keyword
    return self.keywords[name](*args, **(kwargs or {}))
  File "/home/travis/.local/lib/python3.8/site-packages/SeleniumLibrary/keywords/element.py", line 123, in page_should_contain
    raise AssertionError("Page should have contained text '%s' "
20201212 20:06:50.860 - INFO - +---- END KW: SeleniumLibrary.Page Should Contain (195)
------------------------------------------------------------------------------
20201212 20:06:50.862 - INFO - +--- END TEST: Users cannot edit other user observation area (1153)
------------------------------------------------------------------------------
20201212 20:06:50.864 - INFO - +--- START TEST: Map should reflect manual coordinates input [ ]
------------------------------------------------------------------------------
20201212 20:06:50.865 - INFO - +---- START KW: FunctionsGlobal.Sign In ${USER_1.name} Fast [ ]
20201212 20:06:50.870 - INFO - +----- START KW: FunctionsGlobal.Go To Url [ ${PAGE_LOGIN_USER} | username=${username} ]
20201212 20:06:50.871 - INFO - +------ START KW: FunctionsGlobal.Got To Url With Param [ ${url} | &{params} ]
20201212 20:06:50.873 - INFO - +------- START KW: BuiltIn.Replace Variables [ ${url} ]
20201212 20:06:50.873 - DEBUG - Test timeout 2 minutes active. 119.991 seconds left.
20201212 20:06:50.873 - INFO - ${url_} = http://localhost:3001/devel/users/username1/login
20201212 20:06:50.874 - INFO - +------- END KW: BuiltIn.Replace Variables (1)
20201212 20:06:50.874 - INFO - +------- START KW: SeleniumLibrary.Go To [ ${url_} ]
20201212 20:06:50.874 - DEBUG - Test timeout 2 minutes active. 119.99 seconds left.
20201212 20:06:50.874 - INFO - Opening url 'http://localhost:3001/devel/users/username1/login'
20201212 20:06:51.700 - INFO - +------- END KW: SeleniumLibrary.Go To (826)
20201212 20:06:51.700 - INFO - +------ END KW: FunctionsGlobal.Got To Url With Param (829)
20201212 20:06:51.700 - INFO - +------ START KW: FunctionsGlobal.Page WithoutWarningOrFailure [ ]
20201212 20:06:51.701 - INFO - +------- START KW: SeleniumLibrary.Page Should Not Contain [ Warning: ]
20201212 20:06:51.701 - DEBUG - Test timeout 2 minutes active. 119.163 seconds left.
20201212 20:06:51.733 - DEBUG - Current frame has 0 subframes.
20201212 20:06:51.733 - INFO - Current page does not contain text 'Warning:'.
20201212 20:06:51.734 - INFO - +------- END KW: SeleniumLibrary.Page Should Not Contain (33)
20201212 20:06:51.734 - INFO - +------- START KW: SeleniumLibrary.Page Should Not Contain [ Failed ]
20201212 20:06:51.734 - DEBUG - Test timeout 2 minutes active. 119.13 seconds left.
20201212 20:06:51.749 - DEBUG - Current frame has 0 subframes.
20201212 20:06:51.749 - INFO - Current page does not contain text 'Failed'.
20201212 20:06:51.749 - INFO - +------- END KW: SeleniumLibrary.Page Should Not Contain (15)
20201212 20:06:51.749 - INFO - +------- START KW: SeleniumLibrary.Page Should Not Contain [ Internal Server Error ]
20201212 20:06:51.749 - DEBUG - Test timeout 2 minutes active. 119.115 seconds left.
20201212 20:06:51.758 - DEBUG - Current frame has 0 subframes.
20201212 20:06:51.758 - INFO - Current page does not contain text 'Internal Server Error'.
20201212 20:06:51.758 - INFO - +------- END KW: SeleniumLibrary.Page Should Not Contain (9)
20201212 20:06:51.758 - INFO - +------ END KW: FunctionsGlobal.Page WithoutWarningOrFailure (58)
20201212 20:06:51.758 - INFO - +----- END KW: FunctionsGlobal.Go To Url (888)
20201212 20:06:51.759 - INFO - +----- START KW: SeleniumLibrary.Page Should Not Contain [ Error signing in user ]
20201212 20:06:51.759 - DEBUG - Test timeout 2 minutes active. 119.105 seconds left.
20201212 20:06:51.767 - DEBUG - Current frame has 0 subframes.
20201212 20:06:51.767 - INFO - Current page does not contain text 'Error signing in user'.
20201212 20:06:51.767 - INFO - +----- END KW: SeleniumLibrary.Page Should Not Contain (9)
20201212 20:06:51.767 - INFO - +---- END KW: FunctionsGlobal.Sign In ${USER_1.name} Fast (902)
~~~~~~~~~~~~~~~~~~~~~~~~~~~~~~~~~~~~~~~~~~~~~~~~~~~~~~~~~~~~~~~~~~~~~~~~~~~~~~
20201212 20:06:51.767 - INFO - +---- START KW: SeleniumLibrary.Go To [ ${PAGE_USER_1_OBSERVATION_AREA_URL} ]
20201212 20:06:51.768 - DEBUG - Test timeout 2 minutes active. 119.097 seconds left.
20201212 20:06:51.768 - INFO - Opening url 'http://localhost:3001/en/users/1/observation-area'
20201212 20:06:52.010 - INFO - +---- END KW: SeleniumLibrary.Go To (243)
~~~~~~~~~~~~~~~~~~~~~~~~~~~~~~~~~~~~~~~~~~~~~~~~~~~~~~~~~~~~~~~~~~~~~~~~~~~~~~
20201212 20:06:52.010 - INFO - +---- START KW: Fill form [ ${COORDS_NEW_YORK} | 10 ]
20201212 20:06:52.011 - INFO - +----- START KW: SeleniumLibrary.Input Text [ ${USER_OBSERVATION_AREA_RADIUS_INPUT} | ${radius} ]
20201212 20:06:52.012 - DEBUG - Test timeout 2 minutes active. 118.852 seconds left.
20201212 20:06:52.012 - INFO - Typing text '10' into text field '//*[@id="inputRadius"]'.
20201212 20:06:52.102 - INFO - +----- END KW: SeleniumLibrary.Input Text (91)
20201212 20:06:52.102 - INFO - +----- START KW: SeleniumLibrary.Simulate Event [ ${USER_OBSERVATION_AREA_RADIUS_INPUT} | blur ]
20201212 20:06:52.102 - DEBUG - Test timeout 2 minutes active. 118.762 seconds left.
20201212 20:06:52.124 - INFO - +----- END KW: SeleniumLibrary.Simulate Event (22)
20201212 20:06:52.124 - INFO - +----- START KW: SeleniumLibrary.Input Text [ ${USER_OBSERVATION_AREA_COORDINATES_INPUT} | ${coordinates.lat} ${coordinates.lon} ]
20201212 20:06:52.125 - DEBUG - Test timeout 2 minutes active. 118.739 seconds left.
20201212 20:06:52.125 - INFO - Typing text '40.73700 -73.92300' into text field '//*[@id="inputCoordinates"]'.
20201212 20:06:52.198 - INFO - +----- END KW: SeleniumLibrary.Input Text (74)
20201212 20:06:52.199 - INFO - +----- START KW: SeleniumLibrary.Simulate Event [ ${USER_OBSERVATION_AREA_COORDINATES_INPUT} | blur ]
20201212 20:06:52.199 - DEBUG - Test timeout 2 minutes active. 118.665 seconds left.
20201212 20:06:52.228 - INFO - +----- END KW: SeleniumLibrary.Simulate Event (29)
20201212 20:06:52.228 - INFO - +----- START KW: SeleniumLibrary.Wait Until Page Contains Element [ //*[@id="mapid" and @data-map-loaded="true"] | timeout=30 ]
20201212 20:06:52.228 - DEBUG - Test timeout 2 minutes active. 118.636 seconds left.
20201212 20:06:52.244 - INFO - +----- END KW: SeleniumLibrary.Wait Until Page Contains Element (16)
20201212 20:06:52.244 - INFO - +---- END KW: Fill form (234)
~~~~~~~~~~~~~~~~~~~~~~~~~~~~~~~~~~~~~~~~~~~~~~~~~~~~~~~~~~~~~~~~~~~~~~~~~~~~~~
20201212 20:06:52.245 - INFO - +---- START KW: SeleniumLibrary.Wait Until Page Contains Element [ //*[@id="mapid" and @data-map-loaded="true"] | timeout=30 ]
20201212 20:06:52.245 - DEBUG - Test timeout 2 minutes active. 118.619 seconds left.
20201212 20:06:52.255 - INFO - +---- END KW: SeleniumLibrary.Wait Until Page Contains Element (11)
~~~~~~~~~~~~~~~~~~~~~~~~~~~~~~~~~~~~~~~~~~~~~~~~~~~~~~~~~~~~~~~~~~~~~~~~~~~~~~
20201212 20:06:52.256 - INFO - +---- START KW: BuiltIn.Wait Until Keyword Succeeds [ 2x | 200ms | Check Image | ${USER_OBSERVATION_AREA_MAP} ]
20201212 20:06:52.257 - INFO - +----- START KW: FunctionsGlobal.Check Image [ ${USER_OBSERVATION_AREA_MAP} ]
20201212 20:06:52.258 - INFO - +------ START KW: RobotEyes.Open Eyes [ SeleniumLibrary | 5 ]
20201212 20:06:52.259 - DEBUG - Test timeout 2 minutes active. 118.605 seconds left.
20201212 20:06:52.276 - INFO - Map_should_reflect_manual_coordinates_input
20201212 20:06:52.276 - INFO - +------ END KW: RobotEyes.Open Eyes (18)
20201212 20:06:52.277 - INFO - +------ START KW: FunctionsGlobal.Scroll Into View [ ${GK_LOGO_LINK} ]
20201212 20:06:52.277 - INFO - +------- START KW: SeleniumLibrary.Execute Javascript [ document.evaluate('${element}', document, null, XPathResult.FIRST_ORDERED_NODE_TYPE, null).singleNodeValue.scrollIntoView({ behavior: 'auto', block: 'center', inline: 'center' }); ]
20201212 20:06:52.278 - DEBUG - Test timeout 2 minutes active. 118.586 seconds left.
20201212 20:06:52.278 - INFO - Executing JavaScript:
document.evaluate('//*[@id="home-logo"]', document, null, XPathResult.FIRST_ORDERED_NODE_TYPE, null).singleNodeValue.scrollIntoView({ behavior: 'auto', block: 'center', inline: 'center' });
Without any arguments.
20201212 20:06:52.285 - INFO - +------- END KW: SeleniumLibrary.Execute Javascript (8)
20201212 20:06:52.285 - INFO - +------ END KW: FunctionsGlobal.Scroll Into View (8)
20201212 20:06:52.286 - INFO - +------ START KW: FunctionsGlobal.Scroll Into View [ ${element} ]
20201212 20:06:52.286 - INFO - +------- START KW: SeleniumLibrary.Execute Javascript [ document.evaluate('${element}', document, null, XPathResult.FIRST_ORDERED_NODE_TYPE, null).singleNodeValue.scrollIntoView({ behavior: 'auto', block: 'center', inline: 'center' }); ]
20201212 20:06:52.287 - DEBUG - Test timeout 2 minutes active. 118.577 seconds left.
20201212 20:06:52.287 - INFO - Executing JavaScript:
document.evaluate('//*[@id="mapid"]', document, null, XPathResult.FIRST_ORDERED_NODE_TYPE, null).singleNodeValue.scrollIntoView({ behavior: 'auto', block: 'center', inline: 'center' });
Without any arguments.
20201212 20:06:52.297 - INFO - +------- END KW: SeleniumLibrary.Execute Javascript (11)
20201212 20:06:52.298 - INFO - +------ END KW: FunctionsGlobal.Scroll Into View (12)
20201212 20:06:52.298 - INFO - +------ START KW: SeleniumLibrary.Wait Until Element Is Visible [ ${element} ]
20201212 20:06:52.299 - DEBUG - Test timeout 2 minutes active. 118.565 seconds left.
20201212 20:06:52.332 - INFO - +------ END KW: SeleniumLibrary.Wait Until Element Is Visible (34)
20201212 20:06:52.333 - INFO - +------ START KW: RobotEyes.Capture Element [ ${element} | name=${name} ]
20201212 20:06:52.333 - DEBUG - Test timeout 2 minutes active. 118.531 seconds left.
20201212 20:06:53.499 - INFO - +------ END KW: RobotEyes.Capture Element (1165)
20201212 20:06:53.499 - INFO - +------ START KW: RobotEyes.Compare Images [ ]
20201212 20:06:53.625 - INFO - +------- START KW: BuiltIn.Fail [ Image dissimilarity exceeds tolerance ]
20201212 20:06:53.626 - DEBUG - Test timeout 2 minutes active. 117.238 seconds left.
20201212 20:06:53.626 - INFO - +------- END KW: BuiltIn.Fail (1)
20201212 20:06:53.499 - DEBUG - Test timeout 2 minutes active. 117.365 seconds left.
20201212 20:06:53.626 - FAIL - Image dissimilarity exceeds tolerance
20201212 20:06:53.626 - DEBUG - Traceback (most recent call last):
  None
20201212 20:06:53.626 - INFO - Comparison output: b'5831.75 (0.0889867) @ 0,0'
20201212 20:06:53.627 - INFO - +------ END KW: RobotEyes.Compare Images (127)
20201212 20:06:53.627 - INFO - +----- END KW: FunctionsGlobal.Check Image (1370)
20201212 20:06:53.827 - INFO - +----- START KW: FunctionsGlobal.Check Image [ ${USER_OBSERVATION_AREA_MAP} ]
20201212 20:06:53.828 - INFO - +------ START KW: RobotEyes.Open Eyes [ SeleniumLibrary | 5 ]
20201212 20:06:53.828 - DEBUG - Test timeout 2 minutes active. 117.036 seconds left.
20201212 20:06:53.834 - INFO - Map_should_reflect_manual_coordinates_input
20201212 20:06:53.834 - INFO - +------ END KW: RobotEyes.Open Eyes (6)
20201212 20:06:53.835 - INFO - +------ START KW: FunctionsGlobal.Scroll Into View [ ${GK_LOGO_LINK} ]
20201212 20:06:53.835 - INFO - +------- START KW: SeleniumLibrary.Execute Javascript [ document.evaluate('${element}', document, null, XPathResult.FIRST_ORDERED_NODE_TYPE, null).singleNodeValue.scrollIntoView({ behavior: 'auto', block: 'center', inline: 'center' }); ]
20201212 20:06:53.835 - DEBUG - Test timeout 2 minutes active. 117.029 seconds left.
20201212 20:06:53.836 - INFO - Executing JavaScript:
document.evaluate('//*[@id="home-logo"]', document, null, XPathResult.FIRST_ORDERED_NODE_TYPE, null).singleNodeValue.scrollIntoView({ behavior: 'auto', block: 'center', inline: 'center' });
Without any arguments.
20201212 20:06:53.842 - INFO - +------- END KW: SeleniumLibrary.Execute Javascript (7)
20201212 20:06:53.842 - INFO - +------ END KW: FunctionsGlobal.Scroll Into View (7)
20201212 20:06:53.842 - INFO - +------ START KW: FunctionsGlobal.Scroll Into View [ ${element} ]
20201212 20:06:53.842 - INFO - +------- START KW: SeleniumLibrary.Execute Javascript [ document.evaluate('${element}', document, null, XPathResult.FIRST_ORDERED_NODE_TYPE, null).singleNodeValue.scrollIntoView({ behavior: 'auto', block: 'center', inline: 'center' }); ]
20201212 20:06:53.843 - DEBUG - Test timeout 2 minutes active. 117.021 seconds left.
20201212 20:06:53.843 - INFO - Executing JavaScript:
document.evaluate('//*[@id="mapid"]', document, null, XPathResult.FIRST_ORDERED_NODE_TYPE, null).singleNodeValue.scrollIntoView({ behavior: 'auto', block: 'center', inline: 'center' });
Without any arguments.
20201212 20:06:53.848 - INFO - +------- END KW: SeleniumLibrary.Execute Javascript (6)
20201212 20:06:53.848 - INFO - +------ END KW: FunctionsGlobal.Scroll Into View (6)
20201212 20:06:53.848 - INFO - +------ START KW: SeleniumLibrary.Wait Until Element Is Visible [ ${element} ]
20201212 20:06:53.849 - DEBUG - Test timeout 2 minutes active. 117.015 seconds left.
20201212 20:06:53.869 - INFO - +------ END KW: SeleniumLibrary.Wait Until Element Is Visible (21)
20201212 20:06:53.869 - INFO - +------ START KW: RobotEyes.Capture Element [ ${element} | name=${name} ]
20201212 20:06:53.870 - DEBUG - Test timeout 2 minutes active. 116.995 seconds left.
20201212 20:06:55.025 - INFO - +------ END KW: RobotEyes.Capture Element (1156)
20201212 20:06:55.025 - INFO - +------ START KW: RobotEyes.Compare Images [ ]
20201212 20:06:55.081 - INFO - +------- START KW: BuiltIn.Fail [ Image dissimilarity exceeds tolerance ]
20201212 20:06:55.081 - DEBUG - Test timeout 2 minutes active. 115.783 seconds left.
20201212 20:06:55.082 - INFO - +------- END KW: BuiltIn.Fail (1)
20201212 20:06:55.026 - DEBUG - Test timeout 2 minutes active. 115.838 seconds left.
20201212 20:06:55.082 - FAIL - Image dissimilarity exceeds tolerance
20201212 20:06:55.082 - DEBUG - Traceback (most recent call last):
  None
20201212 20:06:55.082 - INFO - Comparison output: b'5831.75 (0.0889867) @ 0,0'
20201212 20:06:55.082 - INFO - +------ END KW: RobotEyes.Compare Images (57)
20201212 20:06:55.082 - INFO - +----- END KW: FunctionsGlobal.Check Image (1255)
20201212 20:06:55.082 - FAIL - Keyword 'Check Image' failed after retrying 2 times. The last error was: Image dissimilarity exceeds tolerance
20201212 20:06:55.082 - DEBUG - Traceback (most recent call last):
  None
20201212 20:06:55.082 - INFO - +---- END KW: BuiltIn.Wait Until Keyword Succeeds (2826)
------------------------------------------------------------------------------
20201212 20:06:55.084 - INFO - +--- END TEST: Map should reflect manual coordinates input (4221)
------------------------------------------------------------------------------
20201212 20:06:55.087 - INFO - +-- END SUITE: Acceptance.050 UsersDetails.060 ObservationArea (7014)
==============================================================================
20201212 20:06:55.088 - INFO - +-- START TEARDOWN: FunctionsGlobal.Global TearDown [ ]
20201212 20:06:55.088 - INFO - +--- START KW: SeleniumLibrary.Close Browser [ ]
20201212 20:06:55.089 - DEBUG - Closing browser with session id cb097a1d-176c-47c6-aeb8-73af734bfa36.
20201212 20:06:55.617 - INFO - +--- END KW: SeleniumLibrary.Close Browser (529)
20201212 20:06:55.617 - INFO - +-- END TEARDOWN: FunctionsGlobal.Global TearDown (529)
==============================================================================
20201212 20:06:55.622 - INFO - +- END SUITE: Acceptance.050 UsersDetails (10812835)
==============================================================================
20201212 20:06:55.647 - INFO - +- START SUITE: Acceptance.060 UserAvatar.robot [ ]
==============================================================================
20201212 20:06:55.647 - INFO - +-- START SETUP: FunctionsGlobal.Global Setup [ ]
20201212 20:06:55.648 - INFO - +--- START KW: FunctionsGlobal.!Open GeoKrety Browser [ ${browser} ]
20201212 20:06:55.649 - INFO - +---- START KW: BuiltIn.Run Keyword If [ "${BS_ENABLED}" != "false" | !Open GeoKrety BrowserStack | ${browser} | ELSE | !Open GeoKrety Browser Local | ${browser} ]
20201212 20:06:55.649 - INFO - +----- START KW: FunctionsGlobal.!Open GeoKrety Browser Local [ ${browser} ]
20201212 20:06:55.650 - INFO - +------ START KW: BuiltIn.Run Keyword If [ "${browser}"=="Firefox" | !Open GeoKrety Browser Firefox ]
20201212 20:06:55.650 - INFO - +------- START KW: FunctionsGlobal.!Open GeoKrety Browser Firefox [ ]
20201212 20:06:55.650 - INFO - +-------- START KW: BuiltIn.Log [ Open Browser Firefox ]
20201212 20:06:55.651 - INFO - Open Browser Firefox
20201212 20:06:55.651 - INFO - +-------- END KW: BuiltIn.Log (1)
20201212 20:06:55.651 - INFO - +-------- START KW: BuiltIn.Evaluate [ sys.modules['selenium.webdriver'].firefox.webdriver.Options() | sys, selenium.webdriver ]
20201212 20:06:55.652 - INFO - ${firefox_options} = <selenium.webdriver.firefox.options.Options object at 0x7f4d1b6c62b0>
20201212 20:06:55.652 - INFO - +-------- END KW: BuiltIn.Evaluate (1)
20201212 20:06:55.652 - INFO - +-------- START KW: BuiltIn.Run Keyword If [ ${HEADLESS} | Call Method | ${firefox_options} | add_argument | -headless ]
20201212 20:06:55.652 - INFO - +--------- START KW: BuiltIn.Call Method [ ${firefox_options} | add_argument | -headless ]
20201212 20:06:55.653 - INFO - +--------- END KW: BuiltIn.Call Method (1)
20201212 20:06:55.653 - INFO - +-------- END KW: BuiltIn.Run Keyword If (1)
20201212 20:06:55.653 - INFO - +-------- START KW: BuiltIn.Evaluate [ sys.modules['selenium.webdriver'].DesiredCapabilities.FIREFOX | sys, selenium.webdriver ]
20201212 20:06:55.654 - INFO - ${dc} = {'browserName': 'firefox', 'marionette': True, 'acceptInsecureCerts': True, 'strictFileInteractability': False, 'timezone': 'UTC-05:00'}
20201212 20:06:55.654 - INFO - +-------- END KW: BuiltIn.Evaluate (1)
20201212 20:06:55.654 - INFO - +-------- START KW: Collections.Set To Dictionary [ ${dc} | strictFileInteractability=${FALSE} ]
20201212 20:06:55.654 - INFO - +-------- END KW: Collections.Set To Dictionary (0)
20201212 20:06:55.654 - INFO - +-------- START KW: Collections.Set To Dictionary [ ${dc} | timezone=UTC-05:00 ]
20201212 20:06:55.655 - INFO - +-------- END KW: Collections.Set To Dictionary (1)
20201212 20:06:55.655 - INFO - +-------- START KW: SeleniumLibrary.Create Webdriver [ Firefox | firefox_options=${firefox options} | desired_capabilities=${dc} ]
20201212 20:06:55.656 - INFO - Creating an instance of the Firefox WebDriver.
20201212 20:06:58.626 - DEBUG - Created Firefox WebDriver instance with session id e0a8d3a5-7e03-41d6-8455-c1ff205d3cf5.
20201212 20:06:58.627 - INFO - +-------- END KW: SeleniumLibrary.Create Webdriver (2972)
20201212 20:06:58.628 - INFO - +------- END KW: FunctionsGlobal.!Open GeoKrety Browser Firefox (2978)
20201212 20:06:58.628 - INFO - +------ END KW: BuiltIn.Run Keyword If (2978)
20201212 20:06:58.628 - INFO - +------ START KW: BuiltIn.Run Keyword If [ "${browser}"=="Chrome" | !Open GeoKrety Browser Chrome ]
20201212 20:06:58.629 - INFO - +------ END KW: BuiltIn.Run Keyword If (1)
20201212 20:06:58.629 - INFO - +----- END KW: FunctionsGlobal.!Open GeoKrety Browser Local (2980)
20201212 20:06:58.629 - INFO - +---- END KW: BuiltIn.Run Keyword If (2980)
20201212 20:06:58.630 - INFO - +---- START KW: SeleniumLibrary.Set Window Size [ 1280 | 1024 ]
20201212 20:06:58.660 - INFO - +---- END KW: SeleniumLibrary.Set Window Size (30)
20201212 20:06:58.661 - INFO - +--- END KW: FunctionsGlobal.!Open GeoKrety Browser (3013)
20201212 20:06:58.661 - INFO - +-- END SETUP: FunctionsGlobal.Global Setup (3014)
==============================================================================
20201212 20:06:58.712 - INFO - +-- START SUITE: Acceptance.060 UserAvatar.robot.030 DefineAsMain [ ]
==============================================================================
20201212 20:06:58.714 - INFO - +--- START TEST: Set image as main avatar [ ]
------------------------------------------------------------------------------
20201212 20:06:58.715 - INFO - +---- START SETUP: FunctionsGlobal.Clear DB And Seed 1 users [ ]
20201212 20:06:58.716 - INFO - +----- START KW: FunctionsGlobal.Clear Database [ ]
20201212 20:06:58.717 - INFO - +------ START KW: FunctionsGlobal.Go To Url [ ${PAGE_DEV_RESET_DB_URL} ]
20201212 20:06:58.718 - INFO - +------- START KW: FunctionsGlobal.Got To Url With Param [ ${url} | &{params} ]
20201212 20:06:58.719 - INFO - +-------- START KW: BuiltIn.Replace Variables [ ${url} ]
20201212 20:06:58.719 - DEBUG - Test timeout 2 minutes active. 119.994 seconds left.
20201212 20:06:58.719 - INFO - ${url_} = http://localhost:3001/devel/db/reset
20201212 20:06:58.720 - INFO - +-------- END KW: BuiltIn.Replace Variables (1)
20201212 20:06:58.720 - INFO - +-------- START KW: SeleniumLibrary.Go To [ ${url_} ]
20201212 20:06:58.720 - DEBUG - Test timeout 2 minutes active. 119.993 seconds left.
20201212 20:06:58.720 - INFO - Opening url 'http://localhost:3001/devel/db/reset'
20201212 20:06:59.091 - INFO - +-------- END KW: SeleniumLibrary.Go To (370)
20201212 20:06:59.091 - INFO - +------- END KW: FunctionsGlobal.Got To Url With Param (373)
20201212 20:06:59.091 - INFO - +------- START KW: FunctionsGlobal.Page WithoutWarningOrFailure [ ]
20201212 20:06:59.092 - INFO - +-------- START KW: SeleniumLibrary.Page Should Not Contain [ Warning: ]
20201212 20:06:59.092 - DEBUG - Test timeout 2 minutes active. 119.621 seconds left.
20201212 20:06:59.137 - DEBUG - Current frame has 0 subframes.
20201212 20:06:59.137 - INFO - Current page does not contain text 'Warning:'.
20201212 20:06:59.138 - INFO - +-------- END KW: SeleniumLibrary.Page Should Not Contain (46)
20201212 20:06:59.138 - INFO - +-------- START KW: SeleniumLibrary.Page Should Not Contain [ Failed ]
20201212 20:06:59.138 - DEBUG - Test timeout 2 minutes active. 119.575 seconds left.
20201212 20:06:59.150 - DEBUG - Current frame has 0 subframes.
20201212 20:06:59.150 - INFO - Current page does not contain text 'Failed'.
20201212 20:06:59.151 - INFO - +-------- END KW: SeleniumLibrary.Page Should Not Contain (12)
20201212 20:06:59.151 - INFO - +-------- START KW: SeleniumLibrary.Page Should Not Contain [ Internal Server Error ]
20201212 20:06:59.151 - DEBUG - Test timeout 2 minutes active. 119.562 seconds left.
20201212 20:06:59.166 - DEBUG - Current frame has 0 subframes.
20201212 20:06:59.166 - INFO - Current page does not contain text 'Internal Server Error'.
20201212 20:06:59.167 - INFO - +-------- END KW: SeleniumLibrary.Page Should Not Contain (16)
20201212 20:06:59.167 - INFO - +------- END KW: FunctionsGlobal.Page WithoutWarningOrFailure (76)
20201212 20:06:59.167 - INFO - +------ END KW: FunctionsGlobal.Go To Url (450)
20201212 20:06:59.167 - INFO - +------ START KW: SeleniumLibrary.Page Should Contain [ OK ]
20201212 20:06:59.168 - DEBUG - Test timeout 2 minutes active. 119.546 seconds left.
20201212 20:06:59.174 - INFO - Current page contains text 'OK'.
20201212 20:06:59.175 - INFO - +------ END KW: SeleniumLibrary.Page Should Contain (7)
20201212 20:06:59.175 - INFO - +----- END KW: FunctionsGlobal.Clear Database (459)
20201212 20:06:59.175 - INFO - +----- START KW: FunctionsGlobal.Go To Url [ ${PAGE_SEED_USER}/${count} ]
20201212 20:06:59.176 - INFO - +------ START KW: FunctionsGlobal.Got To Url With Param [ ${url} | &{params} ]
20201212 20:06:59.176 - INFO - +------- START KW: BuiltIn.Replace Variables [ ${url} ]
20201212 20:06:59.177 - DEBUG - Test timeout 2 minutes active. 119.537 seconds left.
20201212 20:06:59.177 - INFO - ${url_} = http://localhost:3001/devel/db/users/seed/1
20201212 20:06:59.177 - INFO - +------- END KW: BuiltIn.Replace Variables (1)
20201212 20:06:59.177 - INFO - +------- START KW: SeleniumLibrary.Go To [ ${url_} ]
20201212 20:06:59.177 - DEBUG - Test timeout 2 minutes active. 119.536 seconds left.
20201212 20:06:59.177 - INFO - Opening url 'http://localhost:3001/devel/db/users/seed/1'
20201212 20:06:59.686 - INFO - +------- END KW: SeleniumLibrary.Go To (509)
20201212 20:06:59.687 - INFO - +------ END KW: FunctionsGlobal.Got To Url With Param (511)
20201212 20:06:59.688 - INFO - +------ START KW: FunctionsGlobal.Page WithoutWarningOrFailure [ ]
20201212 20:06:59.688 - INFO - +------- START KW: SeleniumLibrary.Page Should Not Contain [ Warning: ]
20201212 20:06:59.689 - DEBUG - Test timeout 2 minutes active. 119.025 seconds left.
20201212 20:06:59.704 - DEBUG - Current frame has 0 subframes.
20201212 20:06:59.704 - INFO - Current page does not contain text 'Warning:'.
20201212 20:06:59.704 - INFO - +------- END KW: SeleniumLibrary.Page Should Not Contain (16)
20201212 20:06:59.705 - INFO - +------- START KW: SeleniumLibrary.Page Should Not Contain [ Failed ]
20201212 20:06:59.705 - DEBUG - Test timeout 2 minutes active. 119.009 seconds left.
20201212 20:06:59.713 - DEBUG - Current frame has 0 subframes.
20201212 20:06:59.713 - INFO - Current page does not contain text 'Failed'.
20201212 20:06:59.714 - INFO - +------- END KW: SeleniumLibrary.Page Should Not Contain (10)
20201212 20:06:59.714 - INFO - +------- START KW: SeleniumLibrary.Page Should Not Contain [ Internal Server Error ]
20201212 20:06:59.714 - DEBUG - Test timeout 2 minutes active. 118.999 seconds left.
20201212 20:06:59.720 - DEBUG - Current frame has 0 subframes.
20201212 20:06:59.720 - INFO - Current page does not contain text 'Internal Server Error'.
20201212 20:06:59.721 - INFO - +------- END KW: SeleniumLibrary.Page Should Not Contain (7)
20201212 20:06:59.721 - INFO - +------ END KW: FunctionsGlobal.Page WithoutWarningOrFailure (33)
20201212 20:06:59.721 - INFO - +----- END KW: FunctionsGlobal.Go To Url (546)
20201212 20:06:59.721 - INFO - +----- START KW: FunctionsGlobal.Empty Dev Mailbox Fast [ ]
20201212 20:06:59.721 - INFO - +------ START KW: FunctionsGlobal.Go To Url [ ${PAGE_DEV_MAILBOX_CLEAR_URL} ]
20201212 20:06:59.722 - INFO - +------- START KW: FunctionsGlobal.Got To Url With Param [ ${url} | &{params} ]
20201212 20:06:59.722 - INFO - +-------- START KW: BuiltIn.Replace Variables [ ${url} ]
20201212 20:06:59.722 - DEBUG - Test timeout 2 minutes active. 118.991 seconds left.
20201212 20:06:59.723 - INFO - ${url_} = http://localhost:3001/devel/mail/delete/all
20201212 20:06:59.723 - INFO - +-------- END KW: BuiltIn.Replace Variables (1)
20201212 20:06:59.723 - INFO - +-------- START KW: SeleniumLibrary.Go To [ ${url_} ]
20201212 20:06:59.723 - DEBUG - Test timeout 2 minutes active. 118.991 seconds left.
20201212 20:06:59.723 - INFO - Opening url 'http://localhost:3001/devel/mail/delete/all'
20201212 20:07:00.111 - INFO - +-------- END KW: SeleniumLibrary.Go To (388)
20201212 20:07:00.111 - INFO - +------- END KW: FunctionsGlobal.Got To Url With Param (389)
20201212 20:07:00.111 - INFO - +------- START KW: FunctionsGlobal.Page WithoutWarningOrFailure [ ]
20201212 20:07:00.112 - INFO - +-------- START KW: SeleniumLibrary.Page Should Not Contain [ Warning: ]
20201212 20:07:00.112 - DEBUG - Test timeout 2 minutes active. 118.601 seconds left.
20201212 20:07:00.141 - DEBUG - Current frame has 0 subframes.
20201212 20:07:00.141 - INFO - Current page does not contain text 'Warning:'.
20201212 20:07:00.141 - INFO - +-------- END KW: SeleniumLibrary.Page Should Not Contain (29)
20201212 20:07:00.142 - INFO - +-------- START KW: SeleniumLibrary.Page Should Not Contain [ Failed ]
20201212 20:07:00.142 - DEBUG - Test timeout 2 minutes active. 118.572 seconds left.
20201212 20:07:00.151 - DEBUG - Current frame has 0 subframes.
20201212 20:07:00.151 - INFO - Current page does not contain text 'Failed'.
20201212 20:07:00.151 - INFO - +-------- END KW: SeleniumLibrary.Page Should Not Contain (9)
20201212 20:07:00.152 - INFO - +-------- START KW: SeleniumLibrary.Page Should Not Contain [ Internal Server Error ]
20201212 20:07:00.152 - DEBUG - Test timeout 2 minutes active. 118.562 seconds left.
20201212 20:07:00.159 - DEBUG - Current frame has 0 subframes.
20201212 20:07:00.159 - INFO - Current page does not contain text 'Internal Server Error'.
20201212 20:07:00.159 - INFO - +-------- END KW: SeleniumLibrary.Page Should Not Contain (7)
20201212 20:07:00.159 - INFO - +------- END KW: FunctionsGlobal.Page WithoutWarningOrFailure (48)
20201212 20:07:00.159 - INFO - +------ END KW: FunctionsGlobal.Go To Url (438)
20201212 20:07:00.160 - INFO - +----- END KW: FunctionsGlobal.Empty Dev Mailbox Fast (439)
20201212 20:07:00.160 - INFO - +---- END SETUP: FunctionsGlobal.Clear DB And Seed 1 users (1445)
~~~~~~~~~~~~~~~~~~~~~~~~~~~~~~~~~~~~~~~~~~~~~~~~~~~~~~~~~~~~~~~~~~~~~~~~~~~~~~
20201212 20:07:00.161 - INFO - +---- START KW: FunctionsGlobal.Sign In ${USER_1.name} Fast [ ]
20201212 20:07:00.161 - INFO - +----- START KW: FunctionsGlobal.Go To Url [ ${PAGE_LOGIN_USER} | username=${username} ]
20201212 20:07:00.162 - INFO - +------ START KW: FunctionsGlobal.Got To Url With Param [ ${url} | &{params} ]
20201212 20:07:00.162 - INFO - +------- START KW: BuiltIn.Replace Variables [ ${url} ]
20201212 20:07:00.162 - DEBUG - Test timeout 2 minutes active. 118.551 seconds left.
20201212 20:07:00.163 - INFO - ${url_} = http://localhost:3001/devel/users/username1/login
20201212 20:07:00.163 - INFO - +------- END KW: BuiltIn.Replace Variables (1)
20201212 20:07:00.163 - INFO - +------- START KW: SeleniumLibrary.Go To [ ${url_} ]
20201212 20:07:00.163 - DEBUG - Test timeout 2 minutes active. 118.55 seconds left.
20201212 20:07:00.163 - INFO - Opening url 'http://localhost:3001/devel/users/username1/login'
20201212 20:07:00.820 - INFO - +------- END KW: SeleniumLibrary.Go To (657)
20201212 20:07:00.820 - INFO - +------ END KW: FunctionsGlobal.Got To Url With Param (658)
20201212 20:07:00.820 - INFO - +------ START KW: FunctionsGlobal.Page WithoutWarningOrFailure [ ]
20201212 20:07:00.821 - INFO - +------- START KW: SeleniumLibrary.Page Should Not Contain [ Warning: ]
20201212 20:07:00.821 - DEBUG - Test timeout 2 minutes active. 117.893 seconds left.
20201212 20:07:00.852 - DEBUG - Current frame has 0 subframes.
20201212 20:07:00.852 - INFO - Current page does not contain text 'Warning:'.
20201212 20:07:00.853 - INFO - +------- END KW: SeleniumLibrary.Page Should Not Contain (32)
20201212 20:07:00.853 - INFO - +------- START KW: SeleniumLibrary.Page Should Not Contain [ Failed ]
20201212 20:07:00.854 - DEBUG - Test timeout 2 minutes active. 117.86 seconds left.
20201212 20:07:00.868 - DEBUG - Current frame has 0 subframes.
20201212 20:07:00.868 - INFO - Current page does not contain text 'Failed'.
20201212 20:07:00.869 - INFO - +------- END KW: SeleniumLibrary.Page Should Not Contain (15)
20201212 20:07:00.869 - INFO - +------- START KW: SeleniumLibrary.Page Should Not Contain [ Internal Server Error ]
20201212 20:07:00.869 - DEBUG - Test timeout 2 minutes active. 117.844 seconds left.
20201212 20:07:00.881 - DEBUG - Current frame has 0 subframes.
20201212 20:07:00.881 - INFO - Current page does not contain text 'Internal Server Error'.
20201212 20:07:00.881 - INFO - +------- END KW: SeleniumLibrary.Page Should Not Contain (12)
20201212 20:07:00.881 - INFO - +------ END KW: FunctionsGlobal.Page WithoutWarningOrFailure (61)
20201212 20:07:00.881 - INFO - +----- END KW: FunctionsGlobal.Go To Url (720)
20201212 20:07:00.881 - INFO - +----- START KW: SeleniumLibrary.Page Should Not Contain [ Error signing in user ]
20201212 20:07:00.882 - DEBUG - Test timeout 2 minutes active. 117.832 seconds left.
20201212 20:07:00.889 - DEBUG - Current frame has 0 subframes.
20201212 20:07:00.889 - INFO - Current page does not contain text 'Error signing in user'.
20201212 20:07:00.889 - INFO - +----- END KW: SeleniumLibrary.Page Should Not Contain (8)
20201212 20:07:00.889 - INFO - +---- END KW: FunctionsGlobal.Sign In ${USER_1.name} Fast (728)
~~~~~~~~~~~~~~~~~~~~~~~~~~~~~~~~~~~~~~~~~~~~~~~~~~~~~~~~~~~~~~~~~~~~~~~~~~~~~~
20201212 20:07:00.890 - INFO - +---- START KW: Images.Upload user avatar via button [ ${PAGE_USER_1_PROFILE_URL} | /home/travis/build/geokrety/geokrety-website/tests-qa/acceptance/060_UserAvatar.robot/sample-picture.png ]
20201212 20:07:00.890 - INFO - +----- START KW: SeleniumLibrary.Go To [ ${user_profile_url} ]
20201212 20:07:00.890 - DEBUG - Test timeout 2 minutes active. 117.823 seconds left.
20201212 20:07:00.890 - INFO - Opening url 'http://localhost:3001/en/users/1'
20201212 20:07:01.431 - INFO - +----- END KW: SeleniumLibrary.Go To (541)
20201212 20:07:01.431 - INFO - +----- START KW: SeleniumLibrary.Wait Until Page Contains Element [ ${USER_PROFILE_DROPZONE_PICTURE_UPLOAD_BUTTON} | timeout=30 ]
20201212 20:07:01.432 - DEBUG - Test timeout 2 minutes active. 117.282 seconds left.
20201212 20:07:01.443 - INFO - +----- END KW: SeleniumLibrary.Wait Until Page Contains Element (12)
20201212 20:07:01.443 - INFO - +----- START KW: SeleniumLibrary.Choose File [ //*[@type="file"] | ${file} ]
20201212 20:07:01.444 - DEBUG - Test timeout 2 minutes active. 117.27 seconds left.
20201212 20:07:01.444 - INFO - Sending /home/travis/build/geokrety/geokrety-website/tests-qa/acceptance/060_UserAvatar.robot/sample-picture.png to browser.
20201212 20:07:01.490 - INFO - +----- END KW: SeleniumLibrary.Choose File (47)
20201212 20:07:01.490 - INFO - +----- START KW: BuiltIn.Run Keyword And Continue On Failure [ Wait Until Page Contains Element | ${USER_PROFILE_DROPZONE_IMAGE}\[${count}]${DROPZONE_PROCESSING_SUFFIX} | timeout=30 ]
20201212 20:07:01.491 - INFO - +------ START KW: SeleniumLibrary.Wait Until Page Contains Element [ ${USER_PROFILE_DROPZONE_IMAGE}\[${count}]${DROPZONE_PROCESSING_SUFFIX} | timeout=30 ]
20201212 20:07:01.491 - DEBUG - Test timeout 2 minutes active. 117.223 seconds left.
20201212 20:07:01.923 - INFO - +------ END KW: SeleniumLibrary.Wait Until Page Contains Element (432)
20201212 20:07:01.923 - INFO - +----- END KW: BuiltIn.Run Keyword And Continue On Failure (433)
20201212 20:07:01.924 - INFO - +----- START KW: SeleniumLibrary.Wait Until Page Contains Element [ ${USER_PROFILE_DROPZONE_IMAGE}\[${count}]${DROPZONE_PROCESSED_SUFFIX} | timeout=30 ]
20201212 20:07:01.924 - DEBUG - Test timeout 2 minutes active. 116.789 seconds left.
20201212 20:07:04.215 - INFO - +----- END KW: SeleniumLibrary.Wait Until Page Contains Element (2291)
20201212 20:07:04.216 - INFO - +---- END KW: Images.Upload user avatar via button (3327)
~~~~~~~~~~~~~~~~~~~~~~~~~~~~~~~~~~~~~~~~~~~~~~~~~~~~~~~~~~~~~~~~~~~~~~~~~~~~~~
20201212 20:07:04.216 - INFO - +---- START KW: Images.Click Picture Action [ ${USER_PROFILE_FIRST_IMAGE} | ${PICTURE_PULLER_SET_AS_AVATAR_BUTTON} ]
20201212 20:07:04.216 - INFO - +----- START KW: SeleniumLibrary.Wait Until Page Contains Element [ ${image}${PICTURE_PULLER} ]
20201212 20:07:04.217 - DEBUG - Test timeout 2 minutes active. 114.497 seconds left.
20201212 20:07:04.222 - INFO - +----- END KW: SeleniumLibrary.Wait Until Page Contains Element (6)
20201212 20:07:04.223 - INFO - +----- START KW: FunctionsGlobal.Scroll Into View [ ${image}${PICTURE_PULLER} ]
20201212 20:07:04.223 - INFO - +------ START KW: SeleniumLibrary.Execute Javascript [ document.evaluate('${element}', document, null, XPathResult.FIRST_ORDERED_NODE_TYPE, null).singleNodeValue.scrollIntoView({ behavior: 'auto', block: 'center', inline: 'center' }); ]
20201212 20:07:04.224 - DEBUG - Test timeout 2 minutes active. 114.49 seconds left.
20201212 20:07:04.224 - INFO - Executing JavaScript:
document.evaluate('//*[@id="userPicturesList"]//div[@class="gallery"]/div[@class="gallery"][1]//div[contains(@class, "pictures-actions-pull")]', document, null, XPathResult.FIRST_ORDERED_NODE_TYPE, null).singleNodeValue.scrollIntoView({ behavior: 'auto', block: 'center', inline: 'center' });
Without any arguments.
20201212 20:07:04.235 - INFO - +------ END KW: SeleniumLibrary.Execute Javascript (12)
20201212 20:07:04.235 - INFO - +----- END KW: FunctionsGlobal.Scroll Into View (12)
20201212 20:07:04.236 - INFO - +----- START KW: SeleniumLibrary.Mouse Over [ ${image}${PICTURE_PULLER} ]
20201212 20:07:04.236 - DEBUG - Test timeout 2 minutes active. 114.478 seconds left.
20201212 20:07:04.236 - INFO - Simulating Mouse Over on element '//*[@id="userPicturesList"]//div[@class="gallery"]/div[@class="gallery"][1]//div[contains(@class, "pictures-actions-pull")]'.
20201212 20:07:04.507 - INFO - +----- END KW: SeleniumLibrary.Mouse Over (271)
20201212 20:07:04.508 - INFO - +----- START KW: SeleniumLibrary.Mouse Over [ ${image}${button} ]
20201212 20:07:04.508 - DEBUG - Test timeout 2 minutes active. 114.205 seconds left.
20201212 20:07:04.508 - INFO - Simulating Mouse Over on element '//*[@id="userPicturesList"]//div[@class="gallery"]/div[@class="gallery"][1]//button[@data-type="define-as-main-avatar"]'.
20201212 20:07:04.774 - INFO - +----- END KW: SeleniumLibrary.Mouse Over (266)
20201212 20:07:04.774 - INFO - +----- START KW: SeleniumLibrary.Click Button [ ${image}${button} ]
20201212 20:07:04.774 - DEBUG - Test timeout 2 minutes active. 113.939 seconds left.
20201212 20:07:04.775 - INFO - Clicking button '//*[@id="userPicturesList"]//div[@class="gallery"]/div[@class="gallery"][1]//button[@data-type="define-as-main-avatar"]'.
20201212 20:07:05.034 - INFO - +----- END KW: SeleniumLibrary.Click Button (260)
20201212 20:07:05.034 - INFO - +---- END KW: Images.Click Picture Action (818)
~~~~~~~~~~~~~~~~~~~~~~~~~~~~~~~~~~~~~~~~~~~~~~~~~~~~~~~~~~~~~~~~~~~~~~~~~~~~~~
20201212 20:07:05.034 - INFO - +---- START KW: FunctionsGlobal.Wait Until Modal [ Do you want to set this picture as main avatar? ]
20201212 20:07:05.035 - INFO - +----- START KW: SeleniumLibrary.Wait Until Page Contains Element [ ${MODAL_DIALOG} ]
20201212 20:07:05.035 - DEBUG - Test timeout 2 minutes active. 113.679 seconds left.
20201212 20:07:05.039 - INFO - +----- END KW: SeleniumLibrary.Wait Until Page Contains Element (4)
20201212 20:07:05.039 - INFO - +----- START KW: SeleniumLibrary.Wait Until Page Contains Element [ ${MODAL_DIALOG_TITLE} ]
20201212 20:07:05.040 - DEBUG - Test timeout 2 minutes active. 113.674 seconds left.
20201212 20:07:05.043 - INFO - +----- END KW: SeleniumLibrary.Wait Until Page Contains Element (4)
20201212 20:07:05.044 - INFO - +----- START KW: SeleniumLibrary.Element Should Contain [ ${MODAL_DIALOG_TITLE} | ${title} ]
20201212 20:07:05.044 - DEBUG - Test timeout 2 minutes active. 113.67 seconds left.
20201212 20:07:05.060 - INFO - Element '//div[@class="modal-dialog"]//*[@id="modalLabel"]' contains text 'Do you want to set this picture as main avatar?'.
20201212 20:07:05.061 - INFO - +----- END KW: SeleniumLibrary.Element Should Contain (17)
20201212 20:07:05.061 - INFO - +---- END KW: FunctionsGlobal.Wait Until Modal (27)
~~~~~~~~~~~~~~~~~~~~~~~~~~~~~~~~~~~~~~~~~~~~~~~~~~~~~~~~~~~~~~~~~~~~~~~~~~~~~~
20201212 20:07:05.061 - INFO - +---- START KW: RobotEyes.Open Eyes [ SeleniumLibrary | 5 ]
20201212 20:07:05.061 - DEBUG - Test timeout 2 minutes active. 113.652 seconds left.
20201212 20:07:05.067 - INFO - Set_image_as_main_avatar
20201212 20:07:05.067 - INFO - +---- END KW: RobotEyes.Open Eyes (6)
~~~~~~~~~~~~~~~~~~~~~~~~~~~~~~~~~~~~~~~~~~~~~~~~~~~~~~~~~~~~~~~~~~~~~~~~~~~~~~
20201212 20:07:05.067 - INFO - +---- START KW: RobotEyes.Capture Element [ ${MODAL_DIALOG} | name=img1 ]
20201212 20:07:05.068 - DEBUG - Test timeout 2 minutes active. 113.646 seconds left.
20201212 20:07:06.182 - INFO - +---- END KW: RobotEyes.Capture Element (1115)
~~~~~~~~~~~~~~~~~~~~~~~~~~~~~~~~~~~~~~~~~~~~~~~~~~~~~~~~~~~~~~~~~~~~~~~~~~~~~~
20201212 20:07:06.183 - INFO - +---- START KW: SeleniumLibrary.Click Button [ ${MODAL_DIALOG_SUBMIT_BUTTON} ]
20201212 20:07:06.183 - DEBUG - Test timeout 2 minutes active. 112.53 seconds left.
20201212 20:07:06.183 - INFO - Clicking button '//div[@class="modal-dialog"]//div[contains(@class, "modal-footer")]/button[@type="submit"]'.
20201212 20:07:07.084 - INFO - +---- END KW: SeleniumLibrary.Click Button (901)
~~~~~~~~~~~~~~~~~~~~~~~~~~~~~~~~~~~~~~~~~~~~~~~~~~~~~~~~~~~~~~~~~~~~~~~~~~~~~~
20201212 20:07:07.084 - INFO - +---- START KW: RobotEyes.Capture Element [ ${USER_PROFILE_AVATAR_GALLERY} | name=img2 ]
20201212 20:07:07.084 - DEBUG - Test timeout 2 minutes active. 111.629 seconds left.
20201212 20:07:08.199 - INFO - +---- END KW: RobotEyes.Capture Element (1115)
~~~~~~~~~~~~~~~~~~~~~~~~~~~~~~~~~~~~~~~~~~~~~~~~~~~~~~~~~~~~~~~~~~~~~~~~~~~~~~
20201212 20:07:08.200 - INFO - +---- START KW: RobotEyes.Compare Images [ ]
20201212 20:07:08.291 - INFO - +----- START KW: BuiltIn.Fail [ Image dissimilarity exceeds tolerance ]
20201212 20:07:08.291 - DEBUG - Test timeout 2 minutes active. 110.422 seconds left.
20201212 20:07:08.292 - INFO - +----- END KW: BuiltIn.Fail (1)
20201212 20:07:08.200 - DEBUG - Test timeout 2 minutes active. 110.514 seconds left.
20201212 20:07:08.292 - FAIL - Image dissimilarity exceeds tolerance
20201212 20:07:08.292 - DEBUG - Traceback (most recent call last):
  None
20201212 20:07:08.293 - INFO - Comparison output: b'3469.91 (0.0529475) @ 0,0'
Comparison output: b'4178.54 (0.0637604) @ 0,0'
20201212 20:07:08.293 - INFO - +---- END KW: RobotEyes.Compare Images (93)
------------------------------------------------------------------------------
20201212 20:07:08.294 - INFO - +--- END TEST: Set image as main avatar (9580)
------------------------------------------------------------------------------
20201212 20:07:08.296 - INFO - +--- START TEST: Set second image as main avatar [ ]
------------------------------------------------------------------------------
20201212 20:07:08.298 - INFO - +---- START SETUP: FunctionsGlobal.Clear DB And Seed 1 users [ ]
20201212 20:07:08.299 - INFO - +----- START KW: FunctionsGlobal.Clear Database [ ]
20201212 20:07:08.299 - INFO - +------ START KW: FunctionsGlobal.Go To Url [ ${PAGE_DEV_RESET_DB_URL} ]
20201212 20:07:08.300 - INFO - +------- START KW: FunctionsGlobal.Got To Url With Param [ ${url} | &{params} ]
20201212 20:07:08.300 - INFO - +-------- START KW: BuiltIn.Replace Variables [ ${url} ]
20201212 20:07:08.301 - DEBUG - Test timeout 2 minutes active. 119.994 seconds left.
20201212 20:07:08.301 - INFO - ${url_} = http://localhost:3001/devel/db/reset
20201212 20:07:08.301 - INFO - +-------- END KW: BuiltIn.Replace Variables (1)
20201212 20:07:08.301 - INFO - +-------- START KW: SeleniumLibrary.Go To [ ${url_} ]
20201212 20:07:08.301 - DEBUG - Test timeout 2 minutes active. 119.993 seconds left.
20201212 20:07:08.301 - INFO - Opening url 'http://localhost:3001/devel/db/reset'
20201212 20:07:08.570 - INFO - +-------- END KW: SeleniumLibrary.Go To (269)
20201212 20:07:08.571 - INFO - +------- END KW: FunctionsGlobal.Got To Url With Param (271)
20201212 20:07:08.571 - INFO - +------- START KW: FunctionsGlobal.Page WithoutWarningOrFailure [ ]
20201212 20:07:08.572 - INFO - +-------- START KW: SeleniumLibrary.Page Should Not Contain [ Warning: ]
20201212 20:07:08.572 - DEBUG - Test timeout 2 minutes active. 119.722 seconds left.
20201212 20:07:08.585 - DEBUG - Current frame has 0 subframes.
20201212 20:07:08.585 - INFO - Current page does not contain text 'Warning:'.
20201212 20:07:08.586 - INFO - +-------- END KW: SeleniumLibrary.Page Should Not Contain (14)
20201212 20:07:08.586 - INFO - +-------- START KW: SeleniumLibrary.Page Should Not Contain [ Failed ]
20201212 20:07:08.586 - DEBUG - Test timeout 2 minutes active. 119.708 seconds left.
20201212 20:07:08.595 - DEBUG - Current frame has 0 subframes.
20201212 20:07:08.595 - INFO - Current page does not contain text 'Failed'.
20201212 20:07:08.595 - INFO - +-------- END KW: SeleniumLibrary.Page Should Not Contain (9)
20201212 20:07:08.595 - INFO - +-------- START KW: SeleniumLibrary.Page Should Not Contain [ Internal Server Error ]
20201212 20:07:08.595 - DEBUG - Test timeout 2 minutes active. 119.699 seconds left.
20201212 20:07:08.602 - DEBUG - Current frame has 0 subframes.
20201212 20:07:08.602 - INFO - Current page does not contain text 'Internal Server Error'.
20201212 20:07:08.602 - INFO - +-------- END KW: SeleniumLibrary.Page Should Not Contain (7)
20201212 20:07:08.602 - INFO - +------- END KW: FunctionsGlobal.Page WithoutWarningOrFailure (31)
20201212 20:07:08.602 - INFO - +------ END KW: FunctionsGlobal.Go To Url (303)
20201212 20:07:08.603 - INFO - +------ START KW: SeleniumLibrary.Page Should Contain [ OK ]
20201212 20:07:08.603 - DEBUG - Test timeout 2 minutes active. 119.691 seconds left.
20201212 20:07:08.608 - INFO - Current page contains text 'OK'.
20201212 20:07:08.608 - INFO - +------ END KW: SeleniumLibrary.Page Should Contain (5)
20201212 20:07:08.609 - INFO - +----- END KW: FunctionsGlobal.Clear Database (310)
20201212 20:07:08.609 - INFO - +----- START KW: FunctionsGlobal.Go To Url [ ${PAGE_SEED_USER}/${count} ]
20201212 20:07:08.609 - INFO - +------ START KW: FunctionsGlobal.Got To Url With Param [ ${url} | &{params} ]
20201212 20:07:08.610 - INFO - +------- START KW: BuiltIn.Replace Variables [ ${url} ]
20201212 20:07:08.610 - DEBUG - Test timeout 2 minutes active. 119.684 seconds left.
20201212 20:07:08.610 - INFO - ${url_} = http://localhost:3001/devel/db/users/seed/1
20201212 20:07:08.610 - INFO - +------- END KW: BuiltIn.Replace Variables (0)
20201212 20:07:08.610 - INFO - +------- START KW: SeleniumLibrary.Go To [ ${url_} ]
20201212 20:07:08.610 - DEBUG - Test timeout 2 minutes active. 119.684 seconds left.
20201212 20:07:08.611 - INFO - Opening url 'http://localhost:3001/devel/db/users/seed/1'
20201212 20:07:09.091 - INFO - +------- END KW: SeleniumLibrary.Go To (481)
20201212 20:07:09.091 - INFO - +------ END KW: FunctionsGlobal.Got To Url With Param (482)
20201212 20:07:09.091 - INFO - +------ START KW: FunctionsGlobal.Page WithoutWarningOrFailure [ ]
20201212 20:07:09.092 - INFO - +------- START KW: SeleniumLibrary.Page Should Not Contain [ Warning: ]
20201212 20:07:09.092 - DEBUG - Test timeout 2 minutes active. 119.202 seconds left.
20201212 20:07:09.109 - DEBUG - Current frame has 0 subframes.
20201212 20:07:09.109 - INFO - Current page does not contain text 'Warning:'.
20201212 20:07:09.110 - INFO - +------- END KW: SeleniumLibrary.Page Should Not Contain (18)
20201212 20:07:09.110 - INFO - +------- START KW: SeleniumLibrary.Page Should Not Contain [ Failed ]
20201212 20:07:09.110 - DEBUG - Test timeout 2 minutes active. 119.184 seconds left.
20201212 20:07:09.119 - DEBUG - Current frame has 0 subframes.
20201212 20:07:09.119 - INFO - Current page does not contain text 'Failed'.
20201212 20:07:09.119 - INFO - +------- END KW: SeleniumLibrary.Page Should Not Contain (9)
20201212 20:07:09.119 - INFO - +------- START KW: SeleniumLibrary.Page Should Not Contain [ Internal Server Error ]
20201212 20:07:09.120 - DEBUG - Test timeout 2 minutes active. 119.175 seconds left.
20201212 20:07:09.127 - DEBUG - Current frame has 0 subframes.
20201212 20:07:09.127 - INFO - Current page does not contain text 'Internal Server Error'.
20201212 20:07:09.128 - INFO - +------- END KW: SeleniumLibrary.Page Should Not Contain (9)
20201212 20:07:09.128 - INFO - +------ END KW: FunctionsGlobal.Page WithoutWarningOrFailure (37)
20201212 20:07:09.128 - INFO - +----- END KW: FunctionsGlobal.Go To Url (519)
20201212 20:07:09.128 - INFO - +----- START KW: FunctionsGlobal.Empty Dev Mailbox Fast [ ]
20201212 20:07:09.128 - INFO - +------ START KW: FunctionsGlobal.Go To Url [ ${PAGE_DEV_MAILBOX_CLEAR_URL} ]
20201212 20:07:09.129 - INFO - +------- START KW: FunctionsGlobal.Got To Url With Param [ ${url} | &{params} ]
20201212 20:07:09.129 - INFO - +-------- START KW: BuiltIn.Replace Variables [ ${url} ]
20201212 20:07:09.129 - DEBUG - Test timeout 2 minutes active. 119.165 seconds left.
20201212 20:07:09.130 - INFO - ${url_} = http://localhost:3001/devel/mail/delete/all
20201212 20:07:09.130 - INFO - +-------- END KW: BuiltIn.Replace Variables (1)
20201212 20:07:09.130 - INFO - +-------- START KW: SeleniumLibrary.Go To [ ${url_} ]
20201212 20:07:09.130 - DEBUG - Test timeout 2 minutes active. 119.164 seconds left.
20201212 20:07:09.130 - INFO - Opening url 'http://localhost:3001/devel/mail/delete/all'
20201212 20:07:09.422 - INFO - +-------- END KW: SeleniumLibrary.Go To (292)
20201212 20:07:09.423 - INFO - +------- END KW: FunctionsGlobal.Got To Url With Param (294)
20201212 20:07:09.423 - INFO - +------- START KW: FunctionsGlobal.Page WithoutWarningOrFailure [ ]
20201212 20:07:09.423 - INFO - +-------- START KW: SeleniumLibrary.Page Should Not Contain [ Warning: ]
20201212 20:07:09.424 - DEBUG - Test timeout 2 minutes active. 118.87 seconds left.
20201212 20:07:09.448 - DEBUG - Current frame has 0 subframes.
20201212 20:07:09.448 - INFO - Current page does not contain text 'Warning:'.
20201212 20:07:09.448 - INFO - +-------- END KW: SeleniumLibrary.Page Should Not Contain (25)
20201212 20:07:09.448 - INFO - +-------- START KW: SeleniumLibrary.Page Should Not Contain [ Failed ]
20201212 20:07:09.448 - DEBUG - Test timeout 2 minutes active. 118.846 seconds left.
20201212 20:07:09.456 - DEBUG - Current frame has 0 subframes.
20201212 20:07:09.456 - INFO - Current page does not contain text 'Failed'.
20201212 20:07:09.457 - INFO - +-------- END KW: SeleniumLibrary.Page Should Not Contain (9)
20201212 20:07:09.457 - INFO - +-------- START KW: SeleniumLibrary.Page Should Not Contain [ Internal Server Error ]
20201212 20:07:09.457 - DEBUG - Test timeout 2 minutes active. 118.837 seconds left.
20201212 20:07:09.466 - DEBUG - Current frame has 0 subframes.
20201212 20:07:09.466 - INFO - Current page does not contain text 'Internal Server Error'.
20201212 20:07:09.466 - INFO - +-------- END KW: SeleniumLibrary.Page Should Not Contain (9)
20201212 20:07:09.466 - INFO - +------- END KW: FunctionsGlobal.Page WithoutWarningOrFailure (43)
20201212 20:07:09.466 - INFO - +------ END KW: FunctionsGlobal.Go To Url (338)
20201212 20:07:09.466 - INFO - +----- END KW: FunctionsGlobal.Empty Dev Mailbox Fast (338)
20201212 20:07:09.466 - INFO - +---- END SETUP: FunctionsGlobal.Clear DB And Seed 1 users (1168)
~~~~~~~~~~~~~~~~~~~~~~~~~~~~~~~~~~~~~~~~~~~~~~~~~~~~~~~~~~~~~~~~~~~~~~~~~~~~~~
20201212 20:07:09.467 - INFO - +---- START KW: RobotEyes.Compare Images [ ]
20201212 20:07:09.560 - INFO - +----- START KW: BuiltIn.Fail [ Image dissimilarity exceeds tolerance ]
20201212 20:07:09.561 - DEBUG - Test timeout 2 minutes active. 118.734 seconds left.
20201212 20:07:09.561 - INFO - +----- END KW: BuiltIn.Fail (1)
20201212 20:07:09.467 - DEBUG - Test timeout 2 minutes active. 118.827 seconds left.
20201212 20:07:09.561 - FAIL - Image dissimilarity exceeds tolerance
20201212 20:07:09.561 - DEBUG - Traceback (most recent call last):
  None
20201212 20:07:09.561 - INFO - Comparison output: b'3469.91 (0.0529475) @ 0,0'
Comparison output: b'4178.54 (0.0637604) @ 0,0'
20201212 20:07:09.561 - INFO - +---- END KW: RobotEyes.Compare Images (94)
------------------------------------------------------------------------------
20201212 20:07:09.562 - INFO - +--- END TEST: Set second image as main avatar (1268)
------------------------------------------------------------------------------
20201212 20:07:09.566 - INFO - +-- END SUITE: Acceptance.060 UserAvatar.robot.030 DefineAsMain (10902)
==============================================================================
20201212 20:07:09.597 - INFO - +-- START SUITE: Acceptance.060 UserAvatar.robot.040 UpdateCaption [ ]
==============================================================================
20201212 20:07:09.597 - INFO - +--- START SETUP: Seed [ ]
20201212 20:07:09.598 - INFO - +---- START KW: FunctionsGlobal.Clear Database [ ]
20201212 20:07:09.598 - INFO - +----- START KW: FunctionsGlobal.Go To Url [ ${PAGE_DEV_RESET_DB_URL} ]
20201212 20:07:09.599 - INFO - +------ START KW: FunctionsGlobal.Got To Url With Param [ ${url} | &{params} ]
20201212 20:07:09.599 - INFO - +------- START KW: BuiltIn.Replace Variables [ ${url} ]
20201212 20:07:09.600 - INFO - ${url_} = http://localhost:3001/devel/db/reset
20201212 20:07:09.600 - INFO - +------- END KW: BuiltIn.Replace Variables (1)
20201212 20:07:09.600 - INFO - +------- START KW: SeleniumLibrary.Go To [ ${url_} ]
20201212 20:07:09.600 - INFO - Opening url 'http://localhost:3001/devel/db/reset'
20201212 20:07:09.905 - INFO - +------- END KW: SeleniumLibrary.Go To (305)
20201212 20:07:09.905 - INFO - +------ END KW: FunctionsGlobal.Got To Url With Param (306)
20201212 20:07:09.906 - INFO - +------ START KW: FunctionsGlobal.Page WithoutWarningOrFailure [ ]
20201212 20:07:09.906 - INFO - +------- START KW: SeleniumLibrary.Page Should Not Contain [ Warning: ]
20201212 20:07:09.924 - DEBUG - Current frame has 0 subframes.
20201212 20:07:09.924 - INFO - Current page does not contain text 'Warning:'.
20201212 20:07:09.924 - INFO - +------- END KW: SeleniumLibrary.Page Should Not Contain (18)
20201212 20:07:09.924 - INFO - +------- START KW: SeleniumLibrary.Page Should Not Contain [ Failed ]
20201212 20:07:09.935 - DEBUG - Current frame has 0 subframes.
20201212 20:07:09.935 - INFO - Current page does not contain text 'Failed'.
20201212 20:07:09.935 - INFO - +------- END KW: SeleniumLibrary.Page Should Not Contain (11)
20201212 20:07:09.936 - INFO - +------- START KW: SeleniumLibrary.Page Should Not Contain [ Internal Server Error ]
20201212 20:07:09.942 - DEBUG - Current frame has 0 subframes.
20201212 20:07:09.943 - INFO - Current page does not contain text 'Internal Server Error'.
20201212 20:07:09.943 - INFO - +------- END KW: SeleniumLibrary.Page Should Not Contain (7)
20201212 20:07:09.943 - INFO - +------ END KW: FunctionsGlobal.Page WithoutWarningOrFailure (37)
20201212 20:07:09.943 - INFO - +----- END KW: FunctionsGlobal.Go To Url (345)
20201212 20:07:09.943 - INFO - +----- START KW: SeleniumLibrary.Page Should Contain [ OK ]
20201212 20:07:09.950 - INFO - Current page contains text 'OK'.
20201212 20:07:09.950 - INFO - +----- END KW: SeleniumLibrary.Page Should Contain (7)
20201212 20:07:09.951 - INFO - +---- END KW: FunctionsGlobal.Clear Database (353)
20201212 20:07:09.951 - INFO - +---- START KW: FunctionsGlobal.Seed 1 users [ ]
20201212 20:07:09.951 - INFO - +----- START KW: FunctionsGlobal.Go To Url [ ${PAGE_SEED_USER}/${count} ]
20201212 20:07:09.951 - INFO - +------ START KW: FunctionsGlobal.Got To Url With Param [ ${url} | &{params} ]
20201212 20:07:09.952 - INFO - +------- START KW: BuiltIn.Replace Variables [ ${url} ]
20201212 20:07:09.952 - INFO - ${url_} = http://localhost:3001/devel/db/users/seed/1
20201212 20:07:09.952 - INFO - +------- END KW: BuiltIn.Replace Variables (0)
20201212 20:07:09.952 - INFO - +------- START KW: SeleniumLibrary.Go To [ ${url_} ]
20201212 20:07:09.952 - INFO - Opening url 'http://localhost:3001/devel/db/users/seed/1'
20201212 20:07:10.435 - INFO - +------- END KW: SeleniumLibrary.Go To (483)
20201212 20:07:10.435 - INFO - +------ END KW: FunctionsGlobal.Got To Url With Param (484)
20201212 20:07:10.435 - INFO - +------ START KW: FunctionsGlobal.Page WithoutWarningOrFailure [ ]
20201212 20:07:10.436 - INFO - +------- START KW: SeleniumLibrary.Page Should Not Contain [ Warning: ]
20201212 20:07:10.453 - DEBUG - Current frame has 0 subframes.
20201212 20:07:10.453 - INFO - Current page does not contain text 'Warning:'.
20201212 20:07:10.453 - INFO - +------- END KW: SeleniumLibrary.Page Should Not Contain (17)
20201212 20:07:10.454 - INFO - +------- START KW: SeleniumLibrary.Page Should Not Contain [ Failed ]
20201212 20:07:10.463 - DEBUG - Current frame has 0 subframes.
20201212 20:07:10.463 - INFO - Current page does not contain text 'Failed'.
20201212 20:07:10.463 - INFO - +------- END KW: SeleniumLibrary.Page Should Not Contain (9)
20201212 20:07:10.464 - INFO - +------- START KW: SeleniumLibrary.Page Should Not Contain [ Internal Server Error ]
20201212 20:07:10.470 - DEBUG - Current frame has 0 subframes.
20201212 20:07:10.470 - INFO - Current page does not contain text 'Internal Server Error'.
20201212 20:07:10.471 - INFO - +------- END KW: SeleniumLibrary.Page Should Not Contain (7)
20201212 20:07:10.471 - INFO - +------ END KW: FunctionsGlobal.Page WithoutWarningOrFailure (36)
20201212 20:07:10.471 - INFO - +----- END KW: FunctionsGlobal.Go To Url (520)
20201212 20:07:10.471 - INFO - +----- START KW: FunctionsGlobal.Empty Dev Mailbox Fast [ ]
20201212 20:07:10.471 - INFO - +------ START KW: FunctionsGlobal.Go To Url [ ${PAGE_DEV_MAILBOX_CLEAR_URL} ]
20201212 20:07:10.472 - INFO - +------- START KW: FunctionsGlobal.Got To Url With Param [ ${url} | &{params} ]
20201212 20:07:10.472 - INFO - +-------- START KW: BuiltIn.Replace Variables [ ${url} ]
20201212 20:07:10.473 - INFO - ${url_} = http://localhost:3001/devel/mail/delete/all
20201212 20:07:10.473 - INFO - +-------- END KW: BuiltIn.Replace Variables (1)
20201212 20:07:10.473 - INFO - +-------- START KW: SeleniumLibrary.Go To [ ${url_} ]
20201212 20:07:10.473 - INFO - Opening url 'http://localhost:3001/devel/mail/delete/all'
20201212 20:07:10.765 - INFO - +-------- END KW: SeleniumLibrary.Go To (292)
20201212 20:07:10.765 - INFO - +------- END KW: FunctionsGlobal.Got To Url With Param (293)
20201212 20:07:10.766 - INFO - +------- START KW: FunctionsGlobal.Page WithoutWarningOrFailure [ ]
20201212 20:07:10.766 - INFO - +-------- START KW: SeleniumLibrary.Page Should Not Contain [ Warning: ]
20201212 20:07:10.788 - DEBUG - Current frame has 0 subframes.
20201212 20:07:10.788 - INFO - Current page does not contain text 'Warning:'.
20201212 20:07:10.788 - INFO - +-------- END KW: SeleniumLibrary.Page Should Not Contain (22)
20201212 20:07:10.788 - INFO - +-------- START KW: SeleniumLibrary.Page Should Not Contain [ Failed ]
20201212 20:07:10.800 - DEBUG - Current frame has 0 subframes.
20201212 20:07:10.800 - INFO - Current page does not contain text 'Failed'.
20201212 20:07:10.800 - INFO - +-------- END KW: SeleniumLibrary.Page Should Not Contain (12)
20201212 20:07:10.800 - INFO - +-------- START KW: SeleniumLibrary.Page Should Not Contain [ Internal Server Error ]
20201212 20:07:10.808 - DEBUG - Current frame has 0 subframes.
20201212 20:07:10.808 - INFO - Current page does not contain text 'Internal Server Error'.
20201212 20:07:10.808 - INFO - +-------- END KW: SeleniumLibrary.Page Should Not Contain (8)
20201212 20:07:10.808 - INFO - +------- END KW: FunctionsGlobal.Page WithoutWarningOrFailure (42)
20201212 20:07:10.808 - INFO - +------ END KW: FunctionsGlobal.Go To Url (337)
20201212 20:07:10.808 - INFO - +----- END KW: FunctionsGlobal.Empty Dev Mailbox Fast (337)
20201212 20:07:10.808 - INFO - +---- END KW: FunctionsGlobal.Seed 1 users (857)
20201212 20:07:10.809 - INFO - +--- END SETUP: Seed (1212)
------------------------------------------------------------------------------
20201212 20:07:10.810 - INFO - +--- START TEST: Define Picture Caption [ ]
------------------------------------------------------------------------------
20201212 20:07:10.810 - INFO - +---- START KW: FunctionsGlobal.Sign In ${USER_1.name} Fast [ ]
20201212 20:07:10.811 - INFO - +----- START KW: FunctionsGlobal.Go To Url [ ${PAGE_LOGIN_USER} | username=${username} ]
20201212 20:07:10.812 - INFO - +------ START KW: FunctionsGlobal.Got To Url With Param [ ${url} | &{params} ]
20201212 20:07:10.813 - INFO - +------- START KW: BuiltIn.Replace Variables [ ${url} ]
20201212 20:07:10.813 - DEBUG - Test timeout 2 minutes active. 119.996 seconds left.
20201212 20:07:10.814 - INFO - ${url_} = http://localhost:3001/devel/users/username1/login
20201212 20:07:10.814 - INFO - +------- END KW: BuiltIn.Replace Variables (1)
20201212 20:07:10.814 - INFO - +------- START KW: SeleniumLibrary.Go To [ ${url_} ]
20201212 20:07:10.814 - DEBUG - Test timeout 2 minutes active. 119.995 seconds left.
20201212 20:07:10.814 - INFO - Opening url 'http://localhost:3001/devel/users/username1/login'
20201212 20:07:11.442 - INFO - +------- END KW: SeleniumLibrary.Go To (627)
20201212 20:07:11.442 - INFO - +------ END KW: FunctionsGlobal.Got To Url With Param (630)
20201212 20:07:11.442 - INFO - +------ START KW: FunctionsGlobal.Page WithoutWarningOrFailure [ ]
20201212 20:07:11.443 - INFO - +------- START KW: SeleniumLibrary.Page Should Not Contain [ Warning: ]
20201212 20:07:11.443 - DEBUG - Test timeout 2 minutes active. 119.366 seconds left.
20201212 20:07:11.491 - DEBUG - Current frame has 0 subframes.
20201212 20:07:11.491 - INFO - Current page does not contain text 'Warning:'.
20201212 20:07:11.491 - INFO - +------- END KW: SeleniumLibrary.Page Should Not Contain (48)
20201212 20:07:11.491 - INFO - +------- START KW: SeleniumLibrary.Page Should Not Contain [ Failed ]
20201212 20:07:11.491 - DEBUG - Test timeout 2 minutes active. 119.318 seconds left.
20201212 20:07:11.503 - DEBUG - Current frame has 0 subframes.
20201212 20:07:11.503 - INFO - Current page does not contain text 'Failed'.
20201212 20:07:11.503 - INFO - +------- END KW: SeleniumLibrary.Page Should Not Contain (12)
20201212 20:07:11.504 - INFO - +------- START KW: SeleniumLibrary.Page Should Not Contain [ Internal Server Error ]
20201212 20:07:11.504 - DEBUG - Test timeout 2 minutes active. 119.305 seconds left.
20201212 20:07:11.513 - DEBUG - Current frame has 0 subframes.
20201212 20:07:11.513 - INFO - Current page does not contain text 'Internal Server Error'.
20201212 20:07:11.513 - INFO - +------- END KW: SeleniumLibrary.Page Should Not Contain (9)
20201212 20:07:11.513 - INFO - +------ END KW: FunctionsGlobal.Page WithoutWarningOrFailure (71)
20201212 20:07:11.514 - INFO - +----- END KW: FunctionsGlobal.Go To Url (702)
20201212 20:07:11.514 - INFO - +----- START KW: SeleniumLibrary.Page Should Not Contain [ Error signing in user ]
20201212 20:07:11.514 - DEBUG - Test timeout 2 minutes active. 119.295 seconds left.
20201212 20:07:11.521 - DEBUG - Current frame has 0 subframes.
20201212 20:07:11.521 - INFO - Current page does not contain text 'Error signing in user'.
20201212 20:07:11.521 - INFO - +----- END KW: SeleniumLibrary.Page Should Not Contain (7)
20201212 20:07:11.522 - INFO - +---- END KW: FunctionsGlobal.Sign In ${USER_1.name} Fast (712)
~~~~~~~~~~~~~~~~~~~~~~~~~~~~~~~~~~~~~~~~~~~~~~~~~~~~~~~~~~~~~~~~~~~~~~~~~~~~~~
20201212 20:07:11.522 - INFO - +---- START KW: Images.Upload user avatar via button [ ${PAGE_USER_1_PROFILE_URL} | /home/travis/build/geokrety/geokrety-website/tests-qa/acceptance/060_UserAvatar.robot/sample-picture.png ]
20201212 20:07:11.522 - INFO - +----- START KW: SeleniumLibrary.Go To [ ${user_profile_url} ]
20201212 20:07:11.523 - DEBUG - Test timeout 2 minutes active. 119.286 seconds left.
20201212 20:07:11.523 - INFO - Opening url 'http://localhost:3001/en/users/1'
20201212 20:07:12.019 - INFO - +----- END KW: SeleniumLibrary.Go To (497)
20201212 20:07:12.019 - INFO - +----- START KW: SeleniumLibrary.Wait Until Page Contains Element [ ${USER_PROFILE_DROPZONE_PICTURE_UPLOAD_BUTTON} | timeout=30 ]
20201212 20:07:12.020 - DEBUG - Test timeout 2 minutes active. 118.789 seconds left.
20201212 20:07:12.041 - INFO - +----- END KW: SeleniumLibrary.Wait Until Page Contains Element (22)
20201212 20:07:12.041 - INFO - +----- START KW: SeleniumLibrary.Choose File [ //*[@type="file"] | ${file} ]
20201212 20:07:12.042 - DEBUG - Test timeout 2 minutes active. 118.767 seconds left.
20201212 20:07:12.042 - INFO - Sending /home/travis/build/geokrety/geokrety-website/tests-qa/acceptance/060_UserAvatar.robot/sample-picture.png to browser.
20201212 20:07:12.077 - INFO - +----- END KW: SeleniumLibrary.Choose File (36)
20201212 20:07:12.077 - INFO - +----- START KW: BuiltIn.Run Keyword And Continue On Failure [ Wait Until Page Contains Element | ${USER_PROFILE_DROPZONE_IMAGE}\[${count}]${DROPZONE_PROCESSING_SUFFIX} | timeout=30 ]
20201212 20:07:12.078 - INFO - +------ START KW: SeleniumLibrary.Wait Until Page Contains Element [ ${USER_PROFILE_DROPZONE_IMAGE}\[${count}]${DROPZONE_PROCESSING_SUFFIX} | timeout=30 ]
20201212 20:07:12.078 - DEBUG - Test timeout 2 minutes active. 118.731 seconds left.
20201212 20:07:12.499 - INFO - +------ END KW: SeleniumLibrary.Wait Until Page Contains Element (421)
20201212 20:07:12.499 - INFO - +----- END KW: BuiltIn.Run Keyword And Continue On Failure (422)
20201212 20:07:12.499 - INFO - +----- START KW: SeleniumLibrary.Wait Until Page Contains Element [ ${USER_PROFILE_DROPZONE_IMAGE}\[${count}]${DROPZONE_PROCESSED_SUFFIX} | timeout=30 ]
20201212 20:07:12.500 - DEBUG - Test timeout 2 minutes active. 118.309 seconds left.
20201212 20:07:14.768 - INFO - +----- END KW: SeleniumLibrary.Wait Until Page Contains Element (2268)
20201212 20:07:14.768 - INFO - +---- END KW: Images.Upload user avatar via button (3246)
~~~~~~~~~~~~~~~~~~~~~~~~~~~~~~~~~~~~~~~~~~~~~~~~~~~~~~~~~~~~~~~~~~~~~~~~~~~~~~
20201212 20:07:14.768 - INFO - +---- START KW: Images.Click Picture Action [ ${USER_PROFILE_FIRST_IMAGE} | ${PICTURE_PULLER_EDIT_BUTTON} ]
20201212 20:07:14.769 - INFO - +----- START KW: SeleniumLibrary.Wait Until Page Contains Element [ ${image}${PICTURE_PULLER} ]
20201212 20:07:14.769 - DEBUG - Test timeout 2 minutes active. 116.04 seconds left.
20201212 20:07:14.773 - INFO - +----- END KW: SeleniumLibrary.Wait Until Page Contains Element (4)
20201212 20:07:14.773 - INFO - +----- START KW: FunctionsGlobal.Scroll Into View [ ${image}${PICTURE_PULLER} ]
20201212 20:07:14.773 - INFO - +------ START KW: SeleniumLibrary.Execute Javascript [ document.evaluate('${element}', document, null, XPathResult.FIRST_ORDERED_NODE_TYPE, null).singleNodeValue.scrollIntoView({ behavior: 'auto', block: 'center', inline: 'center' }); ]
20201212 20:07:14.773 - DEBUG - Test timeout 2 minutes active. 116.035 seconds left.
20201212 20:07:14.774 - INFO - Executing JavaScript:
document.evaluate('//*[@id="userPicturesList"]//div[@class="gallery"]/div[@class="gallery"][1]//div[contains(@class, "pictures-actions-pull")]', document, null, XPathResult.FIRST_ORDERED_NODE_TYPE, null).singleNodeValue.scrollIntoView({ behavior: 'auto', block: 'center', inline: 'center' });
Without any arguments.
20201212 20:07:14.778 - INFO - +------ END KW: SeleniumLibrary.Execute Javascript (5)
20201212 20:07:14.778 - INFO - +----- END KW: FunctionsGlobal.Scroll Into View (5)
20201212 20:07:14.778 - INFO - +----- START KW: SeleniumLibrary.Mouse Over [ ${image}${PICTURE_PULLER} ]
20201212 20:07:14.779 - DEBUG - Test timeout 2 minutes active. 116.03 seconds left.
20201212 20:07:14.779 - INFO - Simulating Mouse Over on element '//*[@id="userPicturesList"]//div[@class="gallery"]/div[@class="gallery"][1]//div[contains(@class, "pictures-actions-pull")]'.
20201212 20:07:15.064 - INFO - +----- END KW: SeleniumLibrary.Mouse Over (286)
20201212 20:07:15.064 - INFO - +----- START KW: SeleniumLibrary.Mouse Over [ ${image}${button} ]
20201212 20:07:15.065 - DEBUG - Test timeout 2 minutes active. 115.744 seconds left.
20201212 20:07:15.065 - INFO - Simulating Mouse Over on element '//*[@id="userPicturesList"]//div[@class="gallery"]/div[@class="gallery"][1]//button[@data-type="picture-edit"]'.
20201212 20:07:15.329 - INFO - +----- END KW: SeleniumLibrary.Mouse Over (265)
20201212 20:07:15.330 - INFO - +----- START KW: SeleniumLibrary.Click Button [ ${image}${button} ]
20201212 20:07:15.330 - DEBUG - Test timeout 2 minutes active. 115.479 seconds left.
20201212 20:07:15.330 - INFO - Clicking button '//*[@id="userPicturesList"]//div[@class="gallery"]/div[@class="gallery"][1]//button[@data-type="picture-edit"]'.
20201212 20:07:15.600 - INFO - +----- END KW: SeleniumLibrary.Click Button (270)
20201212 20:07:15.600 - INFO - +---- END KW: Images.Click Picture Action (832)
~~~~~~~~~~~~~~~~~~~~~~~~~~~~~~~~~~~~~~~~~~~~~~~~~~~~~~~~~~~~~~~~~~~~~~~~~~~~~~
20201212 20:07:15.600 - INFO - +---- START KW: FunctionsGlobal.Wait Until Modal [ Manage picture ]
20201212 20:07:15.601 - INFO - +----- START KW: SeleniumLibrary.Wait Until Page Contains Element [ ${MODAL_DIALOG} ]
20201212 20:07:15.601 - DEBUG - Test timeout 2 minutes active. 115.208 seconds left.
20201212 20:07:15.605 - INFO - +----- END KW: SeleniumLibrary.Wait Until Page Contains Element (4)
20201212 20:07:15.605 - INFO - +----- START KW: SeleniumLibrary.Wait Until Page Contains Element [ ${MODAL_DIALOG_TITLE} ]
20201212 20:07:15.606 - DEBUG - Test timeout 2 minutes active. 115.203 seconds left.
20201212 20:07:15.609 - INFO - +----- END KW: SeleniumLibrary.Wait Until Page Contains Element (4)
20201212 20:07:15.610 - INFO - +----- START KW: SeleniumLibrary.Element Should Contain [ ${MODAL_DIALOG_TITLE} | ${title} ]
20201212 20:07:15.610 - DEBUG - Test timeout 2 minutes active. 115.199 seconds left.
20201212 20:07:15.619 - INFO - Element '//div[@class="modal-dialog"]//*[@id="modalLabel"]' contains text 'Manage picture'.
20201212 20:07:15.619 - INFO - +----- END KW: SeleniumLibrary.Element Should Contain (9)
20201212 20:07:15.619 - INFO - +---- END KW: FunctionsGlobal.Wait Until Modal (19)
~~~~~~~~~~~~~~~~~~~~~~~~~~~~~~~~~~~~~~~~~~~~~~~~~~~~~~~~~~~~~~~~~~~~~~~~~~~~~~
20201212 20:07:15.619 - INFO - +---- START KW: SeleniumLibrary.Input Text [ ${USER_PROFILE_AVATAR_CAPTION_INPUT} | Bonjour ]
20201212 20:07:15.620 - DEBUG - Test timeout 2 minutes active. 115.189 seconds left.
20201212 20:07:15.620 - INFO - Typing text 'Bonjour' into text field '//*[@id="caption"]'.
20201212 20:07:15.647 - INFO - +---- END KW: SeleniumLibrary.Input Text (28)
~~~~~~~~~~~~~~~~~~~~~~~~~~~~~~~~~~~~~~~~~~~~~~~~~~~~~~~~~~~~~~~~~~~~~~~~~~~~~~
20201212 20:07:15.647 - INFO - +---- START KW: SeleniumLibrary.Click Button [ ${MODAL_DIALOG_SUBMIT_BUTTON} ]
20201212 20:07:15.647 - DEBUG - Test timeout 2 minutes active. 115.162 seconds left.
20201212 20:07:15.647 - INFO - Clicking button '//div[@class="modal-dialog"]//div[contains(@class, "modal-footer")]/button[@type="submit"]'.
20201212 20:07:16.464 - INFO - +---- END KW: SeleniumLibrary.Click Button (817)
~~~~~~~~~~~~~~~~~~~~~~~~~~~~~~~~~~~~~~~~~~~~~~~~~~~~~~~~~~~~~~~~~~~~~~~~~~~~~~
20201212 20:07:16.465 - INFO - +---- START KW: RobotEyes.Open Eyes [ SeleniumLibrary | 6 ]
20201212 20:07:16.465 - DEBUG - Test timeout 2 minutes active. 114.344 seconds left.
20201212 20:07:16.475 - INFO - Define_Picture_Caption
20201212 20:07:16.475 - INFO - +---- END KW: RobotEyes.Open Eyes (10)
~~~~~~~~~~~~~~~~~~~~~~~~~~~~~~~~~~~~~~~~~~~~~~~~~~~~~~~~~~~~~~~~~~~~~~~~~~~~~~
20201212 20:07:16.475 - INFO - +---- START KW: SeleniumLibrary.Page Should Contain [ Picture caption saved. ]
20201212 20:07:16.476 - DEBUG - Test timeout 2 minutes active. 114.333 seconds left.
20201212 20:07:16.500 - INFO - Current page contains text 'Picture caption saved.'.
20201212 20:07:16.500 - INFO - +---- END KW: SeleniumLibrary.Page Should Contain (25)
~~~~~~~~~~~~~~~~~~~~~~~~~~~~~~~~~~~~~~~~~~~~~~~~~~~~~~~~~~~~~~~~~~~~~~~~~~~~~~
20201212 20:07:16.501 - INFO - +---- START KW: FunctionsGlobal.Scroll Into View [ ${USER_PROFILE_FIRST_IMAGE} ]
20201212 20:07:16.501 - INFO - +----- START KW: SeleniumLibrary.Execute Javascript [ document.evaluate('${element}', document, null, XPathResult.FIRST_ORDERED_NODE_TYPE, null).singleNodeValue.scrollIntoView({ behavior: 'auto', block: 'center', inline: 'center' }); ]
20201212 20:07:16.501 - DEBUG - Test timeout 2 minutes active. 114.308 seconds left.
20201212 20:07:16.502 - INFO - Executing JavaScript:
document.evaluate('//*[@id="userPicturesList"]//div[@class="gallery"]/div[@class="gallery"][1]', document, null, XPathResult.FIRST_ORDERED_NODE_TYPE, null).singleNodeValue.scrollIntoView({ behavior: 'auto', block: 'center', inline: 'center' });
Without any arguments.
20201212 20:07:16.508 - INFO - +----- END KW: SeleniumLibrary.Execute Javascript (6)
20201212 20:07:16.508 - INFO - +---- END KW: FunctionsGlobal.Scroll Into View (7)
~~~~~~~~~~~~~~~~~~~~~~~~~~~~~~~~~~~~~~~~~~~~~~~~~~~~~~~~~~~~~~~~~~~~~~~~~~~~~~
20201212 20:07:16.508 - INFO - +---- START KW: SeleniumLibrary.Wait Until Element Is Visible [ ${USER_PROFILE_FIRST_IMAGE} ]
20201212 20:07:16.508 - DEBUG - Test timeout 2 minutes active. 114.301 seconds left.
20201212 20:07:16.541 - INFO - +---- END KW: SeleniumLibrary.Wait Until Element Is Visible (33)
~~~~~~~~~~~~~~~~~~~~~~~~~~~~~~~~~~~~~~~~~~~~~~~~~~~~~~~~~~~~~~~~~~~~~~~~~~~~~~
20201212 20:07:16.541 - INFO - +---- START KW: RobotEyes.Capture Element [ ${USER_PROFILE_FIRST_IMAGE} | name=img1 ]
20201212 20:07:16.542 - DEBUG - Test timeout 2 minutes active. 114.267 seconds left.
20201212 20:07:17.633 - INFO - +---- END KW: RobotEyes.Capture Element (1091)
~~~~~~~~~~~~~~~~~~~~~~~~~~~~~~~~~~~~~~~~~~~~~~~~~~~~~~~~~~~~~~~~~~~~~~~~~~~~~~
20201212 20:07:17.633 - INFO - +---- START KW: Images.Click Picture Action [ ${USER_PROFILE_FIRST_IMAGE} | ${PICTURE_PULLER_EDIT_BUTTON} ]
20201212 20:07:17.633 - INFO - +----- START KW: SeleniumLibrary.Wait Until Page Contains Element [ ${image}${PICTURE_PULLER} ]
20201212 20:07:17.634 - DEBUG - Test timeout 2 minutes active. 113.175 seconds left.
20201212 20:07:17.637 - INFO - +----- END KW: SeleniumLibrary.Wait Until Page Contains Element (4)
20201212 20:07:17.638 - INFO - +----- START KW: FunctionsGlobal.Scroll Into View [ ${image}${PICTURE_PULLER} ]
20201212 20:07:17.638 - INFO - +------ START KW: SeleniumLibrary.Execute Javascript [ document.evaluate('${element}', document, null, XPathResult.FIRST_ORDERED_NODE_TYPE, null).singleNodeValue.scrollIntoView({ behavior: 'auto', block: 'center', inline: 'center' }); ]
20201212 20:07:17.638 - DEBUG - Test timeout 2 minutes active. 113.171 seconds left.
20201212 20:07:17.638 - INFO - Executing JavaScript:
document.evaluate('//*[@id="userPicturesList"]//div[@class="gallery"]/div[@class="gallery"][1]//div[contains(@class, "pictures-actions-pull")]', document, null, XPathResult.FIRST_ORDERED_NODE_TYPE, null).singleNodeValue.scrollIntoView({ behavior: 'auto', block: 'center', inline: 'center' });
Without any arguments.
20201212 20:07:17.643 - INFO - +------ END KW: SeleniumLibrary.Execute Javascript (5)
20201212 20:07:17.644 - INFO - +----- END KW: FunctionsGlobal.Scroll Into View (5)
20201212 20:07:17.644 - INFO - +----- START KW: SeleniumLibrary.Mouse Over [ ${image}${PICTURE_PULLER} ]
20201212 20:07:17.644 - DEBUG - Test timeout 2 minutes active. 113.165 seconds left.
20201212 20:07:17.644 - INFO - Simulating Mouse Over on element '//*[@id="userPicturesList"]//div[@class="gallery"]/div[@class="gallery"][1]//div[contains(@class, "pictures-actions-pull")]'.
20201212 20:07:17.916 - INFO - +----- END KW: SeleniumLibrary.Mouse Over (272)
20201212 20:07:17.916 - INFO - +----- START KW: SeleniumLibrary.Mouse Over [ ${image}${button} ]
20201212 20:07:17.916 - DEBUG - Test timeout 2 minutes active. 112.893 seconds left.
20201212 20:07:17.916 - INFO - Simulating Mouse Over on element '//*[@id="userPicturesList"]//div[@class="gallery"]/div[@class="gallery"][1]//button[@data-type="picture-edit"]'.
20201212 20:07:18.188 - INFO - +----- END KW: SeleniumLibrary.Mouse Over (272)
20201212 20:07:18.188 - INFO - +----- START KW: SeleniumLibrary.Click Button [ ${image}${button} ]
20201212 20:07:18.188 - DEBUG - Test timeout 2 minutes active. 112.62 seconds left.
20201212 20:07:18.189 - INFO - Clicking button '//*[@id="userPicturesList"]//div[@class="gallery"]/div[@class="gallery"][1]//button[@data-type="picture-edit"]'.
20201212 20:07:18.527 - INFO - +----- END KW: SeleniumLibrary.Click Button (339)
20201212 20:07:18.527 - INFO - +---- END KW: Images.Click Picture Action (894)
~~~~~~~~~~~~~~~~~~~~~~~~~~~~~~~~~~~~~~~~~~~~~~~~~~~~~~~~~~~~~~~~~~~~~~~~~~~~~~
20201212 20:07:18.528 - INFO - +---- START KW: FunctionsGlobal.Scroll Into View [ ${MODAL_DIALOG} ]
20201212 20:07:18.528 - INFO - +----- START KW: SeleniumLibrary.Execute Javascript [ document.evaluate('${element}', document, null, XPathResult.FIRST_ORDERED_NODE_TYPE, null).singleNodeValue.scrollIntoView({ behavior: 'auto', block: 'center', inline: 'center' }); ]
20201212 20:07:18.529 - DEBUG - Test timeout 2 minutes active. 112.28 seconds left.
20201212 20:07:18.529 - INFO - Executing JavaScript:
document.evaluate('//div[@class="modal-dialog"]', document, null, XPathResult.FIRST_ORDERED_NODE_TYPE, null).singleNodeValue.scrollIntoView({ behavior: 'auto', block: 'center', inline: 'center' });
Without any arguments.
20201212 20:07:18.535 - INFO - +----- END KW: SeleniumLibrary.Execute Javascript (7)
20201212 20:07:18.535 - INFO - +---- END KW: FunctionsGlobal.Scroll Into View (7)
~~~~~~~~~~~~~~~~~~~~~~~~~~~~~~~~~~~~~~~~~~~~~~~~~~~~~~~~~~~~~~~~~~~~~~~~~~~~~~
20201212 20:07:18.535 - INFO - +---- START KW: SeleniumLibrary.Wait Until Element Is Visible [ ${MODAL_DIALOG} ]
20201212 20:07:18.536 - DEBUG - Test timeout 2 minutes active. 112.273 seconds left.
20201212 20:07:18.559 - INFO - +---- END KW: SeleniumLibrary.Wait Until Element Is Visible (24)
~~~~~~~~~~~~~~~~~~~~~~~~~~~~~~~~~~~~~~~~~~~~~~~~~~~~~~~~~~~~~~~~~~~~~~~~~~~~~~
20201212 20:07:18.560 - INFO - +---- START KW: RobotEyes.Capture Element [ ${MODAL_DIALOG} | name=img2 ]
20201212 20:07:18.560 - DEBUG - Test timeout 2 minutes active. 112.249 seconds left.
20201212 20:07:19.678 - INFO - +---- END KW: RobotEyes.Capture Element (1118)
~~~~~~~~~~~~~~~~~~~~~~~~~~~~~~~~~~~~~~~~~~~~~~~~~~~~~~~~~~~~~~~~~~~~~~~~~~~~~~
20201212 20:07:19.678 - INFO - +---- START KW: SeleniumLibrary.Input Text [ ${USER_PROFILE_AVATAR_CAPTION_INPUT} | ${EMPTY} ]
20201212 20:07:19.679 - DEBUG - Test timeout 2 minutes active. 111.13 seconds left.
20201212 20:07:19.679 - INFO - Typing text '' into text field '//*[@id="caption"]'.
20201212 20:07:19.703 - INFO - +---- END KW: SeleniumLibrary.Input Text (24)
~~~~~~~~~~~~~~~~~~~~~~~~~~~~~~~~~~~~~~~~~~~~~~~~~~~~~~~~~~~~~~~~~~~~~~~~~~~~~~
20201212 20:07:19.703 - INFO - +---- START KW: SeleniumLibrary.Click Button [ ${MODAL_DIALOG_SUBMIT_BUTTON} ]
20201212 20:07:19.703 - DEBUG - Test timeout 2 minutes active. 111.106 seconds left.
20201212 20:07:19.703 - INFO - Clicking button '//div[@class="modal-dialog"]//div[contains(@class, "modal-footer")]/button[@type="submit"]'.
20201212 20:07:20.534 - INFO - +---- END KW: SeleniumLibrary.Click Button (831)
~~~~~~~~~~~~~~~~~~~~~~~~~~~~~~~~~~~~~~~~~~~~~~~~~~~~~~~~~~~~~~~~~~~~~~~~~~~~~~
20201212 20:07:20.535 - INFO - +---- START KW: FunctionsGlobal.Scroll Into View [ ${USER_PROFILE_FIRST_IMAGE} ]
20201212 20:07:20.536 - INFO - +----- START KW: SeleniumLibrary.Execute Javascript [ document.evaluate('${element}', document, null, XPathResult.FIRST_ORDERED_NODE_TYPE, null).singleNodeValue.scrollIntoView({ behavior: 'auto', block: 'center', inline: 'center' }); ]
20201212 20:07:20.536 - DEBUG - Test timeout 2 minutes active. 110.273 seconds left.
20201212 20:07:20.537 - INFO - Executing JavaScript:
document.evaluate('//*[@id="userPicturesList"]//div[@class="gallery"]/div[@class="gallery"][1]', document, null, XPathResult.FIRST_ORDERED_NODE_TYPE, null).singleNodeValue.scrollIntoView({ behavior: 'auto', block: 'center', inline: 'center' });
Without any arguments.
20201212 20:07:20.555 - INFO - +----- END KW: SeleniumLibrary.Execute Javascript (19)
20201212 20:07:20.555 - INFO - +---- END KW: FunctionsGlobal.Scroll Into View (20)
~~~~~~~~~~~~~~~~~~~~~~~~~~~~~~~~~~~~~~~~~~~~~~~~~~~~~~~~~~~~~~~~~~~~~~~~~~~~~~
20201212 20:07:20.555 - INFO - +---- START KW: SeleniumLibrary.Wait Until Element Is Visible [ ${USER_PROFILE_FIRST_IMAGE} ]
20201212 20:07:20.556 - DEBUG - Test timeout 2 minutes active. 110.253 seconds left.
20201212 20:07:20.595 - INFO - +---- END KW: SeleniumLibrary.Wait Until Element Is Visible (40)
~~~~~~~~~~~~~~~~~~~~~~~~~~~~~~~~~~~~~~~~~~~~~~~~~~~~~~~~~~~~~~~~~~~~~~~~~~~~~~
20201212 20:07:20.596 - INFO - +---- START KW: RobotEyes.Capture Element [ ${USER_PROFILE_FIRST_IMAGE} | name=img3 ]
20201212 20:07:20.596 - DEBUG - Test timeout 2 minutes active. 110.213 seconds left.
20201212 20:07:21.684 - INFO - +---- END KW: RobotEyes.Capture Element (1089)
~~~~~~~~~~~~~~~~~~~~~~~~~~~~~~~~~~~~~~~~~~~~~~~~~~~~~~~~~~~~~~~~~~~~~~~~~~~~~~
20201212 20:07:21.685 - INFO - +---- START KW: RobotEyes.Compare Images [ ]
20201212 20:07:21.832 - INFO - +----- START KW: BuiltIn.Fail [ Image dissimilarity exceeds tolerance ]
20201212 20:07:21.833 - DEBUG - Test timeout 2 minutes active. 108.976 seconds left.
20201212 20:07:21.833 - INFO - +----- END KW: BuiltIn.Fail (1)
20201212 20:07:21.685 - DEBUG - Test timeout 2 minutes active. 109.124 seconds left.
20201212 20:07:21.833 - FAIL - Image dissimilarity exceeds tolerance
20201212 20:07:21.833 - DEBUG - Traceback (most recent call last):
  None
20201212 20:07:21.833 - INFO - Comparison output: b'3927.4 (0.0599282) @ 0,0'
Comparison output: b'247.139 (0.0037711) @ 0,0'
Comparison output: b'4360.88 (0.0665428) @ 0,0'
20201212 20:07:21.833 - INFO - +---- END KW: RobotEyes.Compare Images (149)
------------------------------------------------------------------------------
20201212 20:07:21.834 - INFO - +--- END TEST: Define Picture Caption (11024)
------------------------------------------------------------------------------
20201212 20:07:21.841 - INFO - +-- END SUITE: Acceptance.060 UserAvatar.robot.040 UpdateCaption (12268)
==============================================================================
20201212 20:07:21.868 - INFO - +-- START SUITE: Acceptance.060 UserAvatar.robot.060 ShowOnHomepage [ ]
==============================================================================
20201212 20:07:21.870 - INFO - +--- START TEST: Should be shown on Homepage [ ]
------------------------------------------------------------------------------
20201212 20:07:21.871 - INFO - +---- START SETUP: FunctionsGlobal.Clear DB And Seed 1 users [ ]
20201212 20:07:21.873 - INFO - +----- START KW: FunctionsGlobal.Clear Database [ ]
20201212 20:07:21.874 - INFO - +------ START KW: FunctionsGlobal.Go To Url [ ${PAGE_DEV_RESET_DB_URL} ]
20201212 20:07:21.876 - INFO - +------- START KW: FunctionsGlobal.Got To Url With Param [ ${url} | &{params} ]
20201212 20:07:21.877 - INFO - +-------- START KW: BuiltIn.Replace Variables [ ${url} ]
20201212 20:07:21.878 - DEBUG - Test timeout 2 minutes active. 119.991 seconds left.
20201212 20:07:21.878 - INFO - ${url_} = http://localhost:3001/devel/db/reset
20201212 20:07:21.878 - INFO - +-------- END KW: BuiltIn.Replace Variables (1)
20201212 20:07:21.878 - INFO - +-------- START KW: SeleniumLibrary.Go To [ ${url_} ]
20201212 20:07:21.878 - DEBUG - Test timeout 2 minutes active. 119.991 seconds left.
20201212 20:07:21.878 - INFO - Opening url 'http://localhost:3001/devel/db/reset'
20201212 20:07:22.140 - INFO - +-------- END KW: SeleniumLibrary.Go To (262)
20201212 20:07:22.140 - INFO - +------- END KW: FunctionsGlobal.Got To Url With Param (264)
20201212 20:07:22.140 - INFO - +------- START KW: FunctionsGlobal.Page WithoutWarningOrFailure [ ]
20201212 20:07:22.141 - INFO - +-------- START KW: SeleniumLibrary.Page Should Not Contain [ Warning: ]
20201212 20:07:22.141 - DEBUG - Test timeout 2 minutes active. 119.728 seconds left.
20201212 20:07:22.164 - DEBUG - Current frame has 0 subframes.
20201212 20:07:22.164 - INFO - Current page does not contain text 'Warning:'.
20201212 20:07:22.164 - INFO - +-------- END KW: SeleniumLibrary.Page Should Not Contain (23)
20201212 20:07:22.164 - INFO - +-------- START KW: SeleniumLibrary.Page Should Not Contain [ Failed ]
20201212 20:07:22.165 - DEBUG - Test timeout 2 minutes active. 119.704 seconds left.
20201212 20:07:22.172 - DEBUG - Current frame has 0 subframes.
20201212 20:07:22.172 - INFO - Current page does not contain text 'Failed'.
20201212 20:07:22.172 - INFO - +-------- END KW: SeleniumLibrary.Page Should Not Contain (8)
20201212 20:07:22.173 - INFO - +-------- START KW: SeleniumLibrary.Page Should Not Contain [ Internal Server Error ]
20201212 20:07:22.173 - DEBUG - Test timeout 2 minutes active. 119.696 seconds left.
20201212 20:07:22.181 - DEBUG - Current frame has 0 subframes.
20201212 20:07:22.181 - INFO - Current page does not contain text 'Internal Server Error'.
20201212 20:07:22.181 - INFO - +-------- END KW: SeleniumLibrary.Page Should Not Contain (8)
20201212 20:07:22.181 - INFO - +------- END KW: FunctionsGlobal.Page WithoutWarningOrFailure (41)
20201212 20:07:22.181 - INFO - +------ END KW: FunctionsGlobal.Go To Url (307)
20201212 20:07:22.182 - INFO - +------ START KW: SeleniumLibrary.Page Should Contain [ OK ]
20201212 20:07:22.182 - DEBUG - Test timeout 2 minutes active. 119.687 seconds left.
20201212 20:07:22.187 - INFO - Current page contains text 'OK'.
20201212 20:07:22.187 - INFO - +------ END KW: SeleniumLibrary.Page Should Contain (5)
20201212 20:07:22.188 - INFO - +----- END KW: FunctionsGlobal.Clear Database (315)
20201212 20:07:22.188 - INFO - +----- START KW: FunctionsGlobal.Go To Url [ ${PAGE_SEED_USER}/${count} ]
20201212 20:07:22.188 - INFO - +------ START KW: FunctionsGlobal.Got To Url With Param [ ${url} | &{params} ]
20201212 20:07:22.189 - INFO - +------- START KW: BuiltIn.Replace Variables [ ${url} ]
20201212 20:07:22.189 - DEBUG - Test timeout 2 minutes active. 119.679 seconds left.
20201212 20:07:22.190 - INFO - ${url_} = http://localhost:3001/devel/db/users/seed/1
20201212 20:07:22.190 - INFO - +------- END KW: BuiltIn.Replace Variables (1)
20201212 20:07:22.190 - INFO - +------- START KW: SeleniumLibrary.Go To [ ${url_} ]
20201212 20:07:22.190 - DEBUG - Test timeout 2 minutes active. 119.679 seconds left.
20201212 20:07:22.190 - INFO - Opening url 'http://localhost:3001/devel/db/users/seed/1'
20201212 20:07:22.673 - INFO - +------- END KW: SeleniumLibrary.Go To (483)
20201212 20:07:22.673 - INFO - +------ END KW: FunctionsGlobal.Got To Url With Param (485)
20201212 20:07:22.673 - INFO - +------ START KW: FunctionsGlobal.Page WithoutWarningOrFailure [ ]
20201212 20:07:22.674 - INFO - +------- START KW: SeleniumLibrary.Page Should Not Contain [ Warning: ]
20201212 20:07:22.674 - DEBUG - Test timeout 2 minutes active. 119.195 seconds left.
20201212 20:07:22.692 - DEBUG - Current frame has 0 subframes.
20201212 20:07:22.692 - INFO - Current page does not contain text 'Warning:'.
20201212 20:07:22.692 - INFO - +------- END KW: SeleniumLibrary.Page Should Not Contain (18)
20201212 20:07:22.692 - INFO - +------- START KW: SeleniumLibrary.Page Should Not Contain [ Failed ]
20201212 20:07:22.693 - DEBUG - Test timeout 2 minutes active. 119.176 seconds left.
20201212 20:07:22.703 - DEBUG - Current frame has 0 subframes.
20201212 20:07:22.703 - INFO - Current page does not contain text 'Failed'.
20201212 20:07:22.703 - INFO - +------- END KW: SeleniumLibrary.Page Should Not Contain (11)
20201212 20:07:22.704 - INFO - +------- START KW: SeleniumLibrary.Page Should Not Contain [ Internal Server Error ]
20201212 20:07:22.704 - DEBUG - Test timeout 2 minutes active. 119.165 seconds left.
20201212 20:07:22.712 - DEBUG - Current frame has 0 subframes.
20201212 20:07:22.712 - INFO - Current page does not contain text 'Internal Server Error'.
20201212 20:07:22.712 - INFO - +------- END KW: SeleniumLibrary.Page Should Not Contain (9)
20201212 20:07:22.712 - INFO - +------ END KW: FunctionsGlobal.Page WithoutWarningOrFailure (39)
20201212 20:07:22.712 - INFO - +----- END KW: FunctionsGlobal.Go To Url (524)
20201212 20:07:22.712 - INFO - +----- START KW: FunctionsGlobal.Empty Dev Mailbox Fast [ ]
20201212 20:07:22.713 - INFO - +------ START KW: FunctionsGlobal.Go To Url [ ${PAGE_DEV_MAILBOX_CLEAR_URL} ]
20201212 20:07:22.713 - INFO - +------- START KW: FunctionsGlobal.Got To Url With Param [ ${url} | &{params} ]
20201212 20:07:22.713 - INFO - +-------- START KW: BuiltIn.Replace Variables [ ${url} ]
20201212 20:07:22.714 - DEBUG - Test timeout 2 minutes active. 119.155 seconds left.
20201212 20:07:22.714 - INFO - ${url_} = http://localhost:3001/devel/mail/delete/all
20201212 20:07:22.714 - INFO - +-------- END KW: BuiltIn.Replace Variables (1)
20201212 20:07:22.714 - INFO - +-------- START KW: SeleniumLibrary.Go To [ ${url_} ]
20201212 20:07:22.714 - DEBUG - Test timeout 2 minutes active. 119.155 seconds left.
20201212 20:07:22.714 - INFO - Opening url 'http://localhost:3001/devel/mail/delete/all'
20201212 20:07:23.034 - INFO - +-------- END KW: SeleniumLibrary.Go To (320)
20201212 20:07:23.034 - INFO - +------- END KW: FunctionsGlobal.Got To Url With Param (321)
20201212 20:07:23.034 - INFO - +------- START KW: FunctionsGlobal.Page WithoutWarningOrFailure [ ]
20201212 20:07:23.035 - INFO - +-------- START KW: SeleniumLibrary.Page Should Not Contain [ Warning: ]
20201212 20:07:23.036 - DEBUG - Test timeout 2 minutes active. 118.833 seconds left.
20201212 20:07:23.069 - DEBUG - Current frame has 0 subframes.
20201212 20:07:23.069 - INFO - Current page does not contain text 'Warning:'.
20201212 20:07:23.070 - INFO - +-------- END KW: SeleniumLibrary.Page Should Not Contain (35)
20201212 20:07:23.070 - INFO - +-------- START KW: SeleniumLibrary.Page Should Not Contain [ Failed ]
20201212 20:07:23.070 - DEBUG - Test timeout 2 minutes active. 118.799 seconds left.
20201212 20:07:23.080 - DEBUG - Current frame has 0 subframes.
20201212 20:07:23.080 - INFO - Current page does not contain text 'Failed'.
20201212 20:07:23.081 - INFO - +-------- END KW: SeleniumLibrary.Page Should Not Contain (11)
20201212 20:07:23.081 - INFO - +-------- START KW: SeleniumLibrary.Page Should Not Contain [ Internal Server Error ]
20201212 20:07:23.081 - DEBUG - Test timeout 2 minutes active. 118.788 seconds left.
20201212 20:07:23.096 - DEBUG - Current frame has 0 subframes.
20201212 20:07:23.096 - INFO - Current page does not contain text 'Internal Server Error'.
20201212 20:07:23.096 - INFO - +-------- END KW: SeleniumLibrary.Page Should Not Contain (15)
20201212 20:07:23.096 - INFO - +------- END KW: FunctionsGlobal.Page WithoutWarningOrFailure (62)
20201212 20:07:23.097 - INFO - +------ END KW: FunctionsGlobal.Go To Url (383)
20201212 20:07:23.097 - INFO - +----- END KW: FunctionsGlobal.Empty Dev Mailbox Fast (385)
20201212 20:07:23.097 - INFO - +---- END SETUP: FunctionsGlobal.Clear DB And Seed 1 users (1226)
~~~~~~~~~~~~~~~~~~~~~~~~~~~~~~~~~~~~~~~~~~~~~~~~~~~~~~~~~~~~~~~~~~~~~~~~~~~~~~
20201212 20:07:23.097 - INFO - +---- START KW: FunctionsGlobal.Sign In ${USER_1.name} Fast [ ]
20201212 20:07:23.098 - INFO - +----- START KW: FunctionsGlobal.Go To Url [ ${PAGE_LOGIN_USER} | username=${username} ]
20201212 20:07:23.098 - INFO - +------ START KW: FunctionsGlobal.Got To Url With Param [ ${url} | &{params} ]
20201212 20:07:23.099 - INFO - +------- START KW: BuiltIn.Replace Variables [ ${url} ]
20201212 20:07:23.099 - DEBUG - Test timeout 2 minutes active. 118.77 seconds left.
20201212 20:07:23.099 - INFO - ${url_} = http://localhost:3001/devel/users/username1/login
20201212 20:07:23.099 - INFO - +------- END KW: BuiltIn.Replace Variables (1)
20201212 20:07:23.099 - INFO - +------- START KW: SeleniumLibrary.Go To [ ${url_} ]
20201212 20:07:23.099 - DEBUG - Test timeout 2 minutes active. 118.769 seconds left.
20201212 20:07:23.099 - INFO - Opening url 'http://localhost:3001/devel/users/username1/login'
20201212 20:07:23.715 - INFO - +------- END KW: SeleniumLibrary.Go To (616)
20201212 20:07:23.716 - INFO - +------ END KW: FunctionsGlobal.Got To Url With Param (618)
20201212 20:07:23.716 - INFO - +------ START KW: FunctionsGlobal.Page WithoutWarningOrFailure [ ]
20201212 20:07:23.717 - INFO - +------- START KW: SeleniumLibrary.Page Should Not Contain [ Warning: ]
20201212 20:07:23.717 - DEBUG - Test timeout 2 minutes active. 118.152 seconds left.
20201212 20:07:23.751 - DEBUG - Current frame has 0 subframes.
20201212 20:07:23.751 - INFO - Current page does not contain text 'Warning:'.
20201212 20:07:23.751 - INFO - +------- END KW: SeleniumLibrary.Page Should Not Contain (34)
20201212 20:07:23.751 - INFO - +------- START KW: SeleniumLibrary.Page Should Not Contain [ Failed ]
20201212 20:07:23.752 - DEBUG - Test timeout 2 minutes active. 118.117 seconds left.
20201212 20:07:23.761 - DEBUG - Current frame has 0 subframes.
20201212 20:07:23.761 - INFO - Current page does not contain text 'Failed'.
20201212 20:07:23.761 - INFO - +------- END KW: SeleniumLibrary.Page Should Not Contain (10)
20201212 20:07:23.762 - INFO - +------- START KW: SeleniumLibrary.Page Should Not Contain [ Internal Server Error ]
20201212 20:07:23.762 - DEBUG - Test timeout 2 minutes active. 118.107 seconds left.
20201212 20:07:23.778 - DEBUG - Current frame has 0 subframes.
20201212 20:07:23.778 - INFO - Current page does not contain text 'Internal Server Error'.
20201212 20:07:23.778 - INFO - +------- END KW: SeleniumLibrary.Page Should Not Contain (16)
20201212 20:07:23.778 - INFO - +------ END KW: FunctionsGlobal.Page WithoutWarningOrFailure (62)
20201212 20:07:23.778 - INFO - +----- END KW: FunctionsGlobal.Go To Url (680)
20201212 20:07:23.778 - INFO - +----- START KW: SeleniumLibrary.Page Should Not Contain [ Error signing in user ]
20201212 20:07:23.779 - DEBUG - Test timeout 2 minutes active. 118.09 seconds left.
20201212 20:07:23.786 - DEBUG - Current frame has 0 subframes.
20201212 20:07:23.786 - INFO - Current page does not contain text 'Error signing in user'.
20201212 20:07:23.786 - INFO - +----- END KW: SeleniumLibrary.Page Should Not Contain (8)
20201212 20:07:23.786 - INFO - +---- END KW: FunctionsGlobal.Sign In ${USER_1.name} Fast (689)
~~~~~~~~~~~~~~~~~~~~~~~~~~~~~~~~~~~~~~~~~~~~~~~~~~~~~~~~~~~~~~~~~~~~~~~~~~~~~~
20201212 20:07:23.786 - INFO - +---- START KW: Images.Upload user avatar via button [ ${PAGE_USER_1_PROFILE_URL} | /home/travis/build/geokrety/geokrety-website/tests-qa/acceptance/060_UserAvatar.robot/sample-picture.png | count=1 ]
20201212 20:07:23.787 - INFO - +----- START KW: SeleniumLibrary.Go To [ ${user_profile_url} ]
20201212 20:07:23.787 - DEBUG - Test timeout 2 minutes active. 118.082 seconds left.
20201212 20:07:23.787 - INFO - Opening url 'http://localhost:3001/en/users/1'
20201212 20:07:24.300 - INFO - +----- END KW: SeleniumLibrary.Go To (512)
20201212 20:07:24.300 - INFO - +----- START KW: SeleniumLibrary.Wait Until Page Contains Element [ ${USER_PROFILE_DROPZONE_PICTURE_UPLOAD_BUTTON} | timeout=30 ]
20201212 20:07:24.300 - DEBUG - Test timeout 2 minutes active. 117.569 seconds left.
20201212 20:07:24.330 - INFO - +----- END KW: SeleniumLibrary.Wait Until Page Contains Element (29)
20201212 20:07:24.330 - INFO - +----- START KW: SeleniumLibrary.Choose File [ //*[@type="file"] | ${file} ]
20201212 20:07:24.330 - DEBUG - Test timeout 2 minutes active. 117.539 seconds left.
20201212 20:07:24.330 - INFO - Sending /home/travis/build/geokrety/geokrety-website/tests-qa/acceptance/060_UserAvatar.robot/sample-picture.png to browser.
20201212 20:07:24.359 - INFO - +----- END KW: SeleniumLibrary.Choose File (29)
20201212 20:07:24.359 - INFO - +----- START KW: BuiltIn.Run Keyword And Continue On Failure [ Wait Until Page Contains Element | ${USER_PROFILE_DROPZONE_IMAGE}\[${count}]${DROPZONE_PROCESSING_SUFFIX} | timeout=30 ]
20201212 20:07:24.367 - INFO - +------ START KW: SeleniumLibrary.Wait Until Page Contains Element [ ${USER_PROFILE_DROPZONE_IMAGE}\[${count}]${DROPZONE_PROCESSING_SUFFIX} | timeout=30 ]
20201212 20:07:24.367 - DEBUG - Test timeout 2 minutes active. 117.501 seconds left.
20201212 20:07:24.795 - INFO - +------ END KW: SeleniumLibrary.Wait Until Page Contains Element (428)
20201212 20:07:24.795 - INFO - +----- END KW: BuiltIn.Run Keyword And Continue On Failure (436)
20201212 20:07:24.796 - INFO - +----- START KW: SeleniumLibrary.Wait Until Page Contains Element [ ${USER_PROFILE_DROPZONE_IMAGE}\[${count}]${DROPZONE_PROCESSED_SUFFIX} | timeout=30 ]
20201212 20:07:24.796 - DEBUG - Test timeout 2 minutes active. 117.073 seconds left.
20201212 20:07:26.841 - INFO - +----- END KW: SeleniumLibrary.Wait Until Page Contains Element (2045)
20201212 20:07:26.841 - INFO - +---- END KW: Images.Upload user avatar via button (3055)
~~~~~~~~~~~~~~~~~~~~~~~~~~~~~~~~~~~~~~~~~~~~~~~~~~~~~~~~~~~~~~~~~~~~~~~~~~~~~~
20201212 20:07:26.841 - INFO - +---- START KW: Images.Upload user avatar via button [ ${PAGE_USER_1_PROFILE_URL} | /home/travis/build/geokrety/geokrety-website/tests-qa/acceptance/060_UserAvatar.robot/sample-picture2.png | count=2 ]
20201212 20:07:26.842 - INFO - +----- START KW: SeleniumLibrary.Go To [ ${user_profile_url} ]
20201212 20:07:26.842 - DEBUG - Test timeout 2 minutes active. 115.027 seconds left.
20201212 20:07:26.842 - INFO - Opening url 'http://localhost:3001/en/users/1'
20201212 20:07:27.564 - INFO - +----- END KW: SeleniumLibrary.Go To (722)
20201212 20:07:27.564 - INFO - +----- START KW: SeleniumLibrary.Wait Until Page Contains Element [ ${USER_PROFILE_DROPZONE_PICTURE_UPLOAD_BUTTON} | timeout=30 ]
20201212 20:07:27.565 - DEBUG - Test timeout 2 minutes active. 114.304 seconds left.
20201212 20:07:27.597 - INFO - +----- END KW: SeleniumLibrary.Wait Until Page Contains Element (33)
20201212 20:07:27.598 - INFO - +----- START KW: SeleniumLibrary.Choose File [ //*[@type="file"] | ${file} ]
20201212 20:07:27.598 - DEBUG - Test timeout 2 minutes active. 114.271 seconds left.
20201212 20:07:27.598 - INFO - Sending /home/travis/build/geokrety/geokrety-website/tests-qa/acceptance/060_UserAvatar.robot/sample-picture2.png to browser.
20201212 20:07:27.631 - INFO - +----- END KW: SeleniumLibrary.Choose File (32)
20201212 20:07:27.631 - INFO - +----- START KW: BuiltIn.Run Keyword And Continue On Failure [ Wait Until Page Contains Element | ${USER_PROFILE_DROPZONE_IMAGE}\[${count}]${DROPZONE_PROCESSING_SUFFIX} | timeout=30 ]
20201212 20:07:27.631 - INFO - +------ START KW: SeleniumLibrary.Wait Until Page Contains Element [ ${USER_PROFILE_DROPZONE_IMAGE}\[${count}]${DROPZONE_PROCESSING_SUFFIX} | timeout=30 ]
20201212 20:07:27.632 - DEBUG - Test timeout 2 minutes active. 114.237 seconds left.
20201212 20:07:28.271 - INFO - +------ END KW: SeleniumLibrary.Wait Until Page Contains Element (639)
20201212 20:07:28.271 - INFO - +----- END KW: BuiltIn.Run Keyword And Continue On Failure (640)
20201212 20:07:28.271 - INFO - +----- START KW: SeleniumLibrary.Wait Until Page Contains Element [ ${USER_PROFILE_DROPZONE_IMAGE}\[${count}]${DROPZONE_PROCESSED_SUFFIX} | timeout=30 ]
20201212 20:07:28.271 - DEBUG - Test timeout 2 minutes active. 113.598 seconds left.
20201212 20:07:30.318 - INFO - +----- END KW: SeleniumLibrary.Wait Until Page Contains Element (2047)
20201212 20:07:30.318 - INFO - +---- END KW: Images.Upload user avatar via button (3477)
~~~~~~~~~~~~~~~~~~~~~~~~~~~~~~~~~~~~~~~~~~~~~~~~~~~~~~~~~~~~~~~~~~~~~~~~~~~~~~
20201212 20:07:30.318 - INFO - +---- START KW: FunctionsGlobal.Go To Url [ ${PAGE_HOME_URL} ]
20201212 20:07:30.319 - INFO - +----- START KW: FunctionsGlobal.Got To Url With Param [ ${url} | &{params} ]
20201212 20:07:30.320 - INFO - +------ START KW: BuiltIn.Replace Variables [ ${url} ]
20201212 20:07:30.320 - DEBUG - Test timeout 2 minutes active. 111.549 seconds left.
20201212 20:07:30.320 - INFO - ${url_} = http://localhost:3001/en
20201212 20:07:30.320 - INFO - +------ END KW: BuiltIn.Replace Variables (0)
20201212 20:07:30.320 - INFO - +------ START KW: SeleniumLibrary.Go To [ ${url_} ]
20201212 20:07:30.320 - DEBUG - Test timeout 2 minutes active. 111.549 seconds left.
20201212 20:07:30.320 - INFO - Opening url 'http://localhost:3001/en'
20201212 20:07:30.652 - INFO - +------ END KW: SeleniumLibrary.Go To (332)
20201212 20:07:30.652 - INFO - +----- END KW: FunctionsGlobal.Got To Url With Param (333)
20201212 20:07:30.652 - INFO - +----- START KW: FunctionsGlobal.Page WithoutWarningOrFailure [ ]
20201212 20:07:30.653 - INFO - +------ START KW: SeleniumLibrary.Page Should Not Contain [ Warning: ]
20201212 20:07:30.653 - DEBUG - Test timeout 2 minutes active. 111.216 seconds left.
20201212 20:07:30.676 - DEBUG - Current frame has 0 subframes.
20201212 20:07:30.676 - INFO - Current page does not contain text 'Warning:'.
20201212 20:07:30.677 - INFO - +------ END KW: SeleniumLibrary.Page Should Not Contain (24)
20201212 20:07:30.677 - INFO - +------ START KW: SeleniumLibrary.Page Should Not Contain [ Failed ]
20201212 20:07:30.677 - DEBUG - Test timeout 2 minutes active. 111.191 seconds left.
20201212 20:07:30.695 - DEBUG - Current frame has 0 subframes.
20201212 20:07:30.695 - INFO - Current page does not contain text 'Failed'.
20201212 20:07:30.698 - INFO - +------ END KW: SeleniumLibrary.Page Should Not Contain (21)
20201212 20:07:30.698 - INFO - +------ START KW: SeleniumLibrary.Page Should Not Contain [ Internal Server Error ]
20201212 20:07:30.698 - DEBUG - Test timeout 2 minutes active. 111.171 seconds left.
20201212 20:07:30.707 - DEBUG - Current frame has 0 subframes.
20201212 20:07:30.707 - INFO - Current page does not contain text 'Internal Server Error'.
20201212 20:07:30.707 - INFO - +------ END KW: SeleniumLibrary.Page Should Not Contain (9)
20201212 20:07:30.708 - INFO - +----- END KW: FunctionsGlobal.Page WithoutWarningOrFailure (56)
20201212 20:07:30.708 - INFO - +---- END KW: FunctionsGlobal.Go To Url (390)
~~~~~~~~~~~~~~~~~~~~~~~~~~~~~~~~~~~~~~~~~~~~~~~~~~~~~~~~~~~~~~~~~~~~~~~~~~~~~~
20201212 20:07:30.708 - INFO - +---- START KW: SeleniumLibrary.Page Should Contain Element [ ${HOME_PICTURE_LIST_PANEL} ]
20201212 20:07:30.708 - DEBUG - Test timeout 2 minutes active. 111.161 seconds left.
20201212 20:07:30.712 - INFO - Current page contains element '//*[@id="recentPicturesPanel"]'.
20201212 20:07:30.712 - INFO - +---- END KW: SeleniumLibrary.Page Should Contain Element (4)
~~~~~~~~~~~~~~~~~~~~~~~~~~~~~~~~~~~~~~~~~~~~~~~~~~~~~~~~~~~~~~~~~~~~~~~~~~~~~~
20201212 20:07:30.712 - INFO - +---- START KW: FunctionsGlobal.Element Count Should Be [ ${HOME_PICTURE_LIST_PICTURES} | 2 ]
20201212 20:07:30.713 - INFO - +----- START KW: SeleniumLibrary.Page Should Contain Element [ ${element} | limit=${count} ]
20201212 20:07:30.713 - DEBUG - Test timeout 2 minutes active. 111.156 seconds left.
20201212 20:07:30.717 - INFO - Current page contains 2 element(s).
20201212 20:07:30.717 - INFO - +----- END KW: SeleniumLibrary.Page Should Contain Element (4)
20201212 20:07:30.717 - INFO - +---- END KW: FunctionsGlobal.Element Count Should Be (5)
~~~~~~~~~~~~~~~~~~~~~~~~~~~~~~~~~~~~~~~~~~~~~~~~~~~~~~~~~~~~~~~~~~~~~~~~~~~~~~
20201212 20:07:30.717 - INFO - +---- START KW: FunctionsGlobal.Check Image [ ${HOME_PICTURE_LIST_GALERY} ]
20201212 20:07:30.718 - INFO - +----- START KW: RobotEyes.Open Eyes [ SeleniumLibrary | 5 ]
20201212 20:07:30.718 - DEBUG - Test timeout 2 minutes active. 111.151 seconds left.
20201212 20:07:30.723 - INFO - Should_be_shown_on_Homepage
20201212 20:07:30.723 - INFO - +----- END KW: RobotEyes.Open Eyes (5)
20201212 20:07:30.723 - INFO - +----- START KW: FunctionsGlobal.Scroll Into View [ ${GK_LOGO_LINK} ]
20201212 20:07:30.724 - INFO - +------ START KW: SeleniumLibrary.Execute Javascript [ document.evaluate('${element}', document, null, XPathResult.FIRST_ORDERED_NODE_TYPE, null).singleNodeValue.scrollIntoView({ behavior: 'auto', block: 'center', inline: 'center' }); ]
20201212 20:07:30.724 - DEBUG - Test timeout 2 minutes active. 111.145 seconds left.
20201212 20:07:30.724 - INFO - Executing JavaScript:
document.evaluate('//*[@id="home-logo"]', document, null, XPathResult.FIRST_ORDERED_NODE_TYPE, null).singleNodeValue.scrollIntoView({ behavior: 'auto', block: 'center', inline: 'center' });
Without any arguments.
20201212 20:07:30.729 - INFO - +------ END KW: SeleniumLibrary.Execute Javascript (5)
20201212 20:07:30.729 - INFO - +----- END KW: FunctionsGlobal.Scroll Into View (6)
20201212 20:07:30.729 - INFO - +----- START KW: FunctionsGlobal.Scroll Into View [ ${element} ]
20201212 20:07:30.730 - INFO - +------ START KW: SeleniumLibrary.Execute Javascript [ document.evaluate('${element}', document, null, XPathResult.FIRST_ORDERED_NODE_TYPE, null).singleNodeValue.scrollIntoView({ behavior: 'auto', block: 'center', inline: 'center' }); ]
20201212 20:07:30.730 - DEBUG - Test timeout 2 minutes active. 111.139 seconds left.
20201212 20:07:30.730 - INFO - Executing JavaScript:
document.evaluate('//*[@id="recentPicturesPanel"]//div[contains(@class, "gallery")]', document, null, XPathResult.FIRST_ORDERED_NODE_TYPE, null).singleNodeValue.scrollIntoView({ behavior: 'auto', block: 'center', inline: 'center' });
Without any arguments.
20201212 20:07:30.734 - INFO - +------ END KW: SeleniumLibrary.Execute Javascript (4)
20201212 20:07:30.735 - INFO - +----- END KW: FunctionsGlobal.Scroll Into View (6)
20201212 20:07:30.735 - INFO - +----- START KW: SeleniumLibrary.Wait Until Element Is Visible [ ${element} ]
20201212 20:07:30.735 - DEBUG - Test timeout 2 minutes active. 111.134 seconds left.
20201212 20:07:30.755 - INFO - +----- END KW: SeleniumLibrary.Wait Until Element Is Visible (20)
20201212 20:07:30.755 - INFO - +----- START KW: RobotEyes.Capture Element [ ${element} | name=${name} ]
20201212 20:07:30.757 - DEBUG - Test timeout 2 minutes active. 111.112 seconds left.
20201212 20:07:31.883 - INFO - +----- END KW: RobotEyes.Capture Element (1127)
20201212 20:07:31.883 - INFO - +----- START KW: RobotEyes.Compare Images [ ]
20201212 20:07:31.912 - INFO - +------ START KW: BuiltIn.Fail [ Image dissimilarity exceeds tolerance ]
20201212 20:07:31.913 - DEBUG - Test timeout 2 minutes active. 109.956 seconds left.
20201212 20:07:31.913 - INFO - +------ END KW: BuiltIn.Fail (1)
20201212 20:07:31.883 - DEBUG - Test timeout 2 minutes active. 109.986 seconds left.
20201212 20:07:31.913 - FAIL - Image dissimilarity exceeds tolerance
20201212 20:07:31.913 - DEBUG - Traceback (most recent call last):
  None
20201212 20:07:31.913 - INFO - Comparison output: b'4665.16 (0.0711858) @ 0,0'
20201212 20:07:31.913 - INFO - +----- END KW: RobotEyes.Compare Images (30)
20201212 20:07:31.914 - INFO - +---- END KW: FunctionsGlobal.Check Image (1196)
------------------------------------------------------------------------------
20201212 20:07:31.914 - INFO - +--- END TEST: Should be shown on Homepage (10045)
------------------------------------------------------------------------------
20201212 20:07:31.919 - INFO - +-- END SUITE: Acceptance.060 UserAvatar.robot.060 ShowOnHomepage (10074)
==============================================================================
20201212 20:07:31.920 - INFO - +-- START TEARDOWN: FunctionsGlobal.Global TearDown [ ]
20201212 20:07:31.921 - INFO - +--- START KW: SeleniumLibrary.Close Browser [ ]
20201212 20:07:31.922 - DEBUG - Closing browser with session id e0a8d3a5-7e03-41d6-8455-c1ff205d3cf5.
20201212 20:07:32.425 - INFO - +--- END KW: SeleniumLibrary.Close Browser (504)
20201212 20:07:32.425 - INFO - +-- END TEARDOWN: FunctionsGlobal.Global TearDown (505)
==============================================================================
20201212 20:07:32.428 - INFO - +- END SUITE: Acceptance.060 UserAvatar.robot (36803)
==============================================================================
20201212 20:07:32.432 - INFO - + END SUITE: Acceptance (10849665)
==============================================================================
