==============================================================================
20201114 15:50:05.690 - INFO - + START SUITE: Acceptance [ ]
==============================================================================
20201114 15:50:05.850 - INFO - +- START SUITE: Acceptance.010 UserRegistration [ ]
==============================================================================
20201114 15:50:05.852 - INFO - +-- START SETUP: FunctionsGlobal.Global Setup [ ]
20201114 15:50:05.853 - INFO - +--- START KW: FunctionsGlobal.!Open GeoKrety Browser [ ${browser} ]
20201114 15:50:05.854 - INFO - +---- START KW: BuiltIn.Run Keyword If [ "${BS_ENABLED}" != "false" | !Open GeoKrety BrowserStack | ${browser} | ELSE | !Open GeoKrety Browser Local | ${browser} ]
20201114 15:50:05.855 - INFO - +----- START KW: FunctionsGlobal.!Open GeoKrety Browser Local [ ${browser} ]
20201114 15:50:05.856 - INFO - +------ START KW: BuiltIn.Run Keyword If [ "${browser}"=="Firefox" | !Open GeoKrety Browser Firefox ]
20201114 15:50:05.856 - INFO - +------- START KW: FunctionsGlobal.!Open GeoKrety Browser Firefox [ ]
20201114 15:50:05.857 - INFO - +-------- START KW: BuiltIn.Log [ Open Browser Firefox ]
20201114 15:50:05.857 - INFO - Open Browser Firefox
20201114 15:50:05.858 - INFO - +-------- END KW: BuiltIn.Log (0)
20201114 15:50:05.858 - INFO - +-------- START KW: BuiltIn.Evaluate [ sys.modules['selenium.webdriver'].firefox.webdriver.Options() | sys, selenium.webdriver ]
20201114 15:50:05.858 - INFO - ${firefox_options} = <selenium.webdriver.firefox.options.Options object at 0x7f9a17d3bd90>
20201114 15:50:05.858 - INFO - +-------- END KW: BuiltIn.Evaluate (0)
20201114 15:50:05.858 - INFO - +-------- START KW: BuiltIn.Run Keyword If [ ${HEADLESS} | Call Method | ${firefox_options} | add_argument | -headless ]
20201114 15:50:05.859 - INFO - +--------- START KW: BuiltIn.Call Method [ ${firefox_options} | add_argument | -headless ]
20201114 15:50:05.859 - INFO - +--------- END KW: BuiltIn.Call Method (0)
20201114 15:50:05.859 - INFO - +-------- END KW: BuiltIn.Run Keyword If (1)
20201114 15:50:05.859 - INFO - +-------- START KW: BuiltIn.Evaluate [ sys.modules['selenium.webdriver'].DesiredCapabilities.FIREFOX | sys, selenium.webdriver ]
20201114 15:50:05.859 - INFO - ${dc} = {'acceptInsecureCerts': True, 'browserName': 'firefox', 'marionette': True}
20201114 15:50:05.859 - INFO - +-------- END KW: BuiltIn.Evaluate (0)
20201114 15:50:05.860 - INFO - +-------- START KW: Collections.Set To Dictionary [ ${dc} | strictFileInteractability=${FALSE} ]
20201114 15:50:05.860 - INFO - +-------- END KW: Collections.Set To Dictionary (0)
20201114 15:50:05.860 - INFO - +-------- START KW: Collections.Set To Dictionary [ ${dc} | timezone=UTC-05:00 ]
20201114 15:50:05.860 - INFO - +-------- END KW: Collections.Set To Dictionary (0)
20201114 15:50:05.860 - INFO - +-------- START KW: SeleniumLibrary.Create Webdriver [ Firefox | firefox_options=${firefox options} | desired_capabilities=${dc} ]
20201114 15:50:05.861 - INFO - Creating an instance of the Firefox WebDriver.
20201114 18:50:07.841 - DEBUG - Created Firefox WebDriver instance with session id bf8a244e-f4f5-42f6-96e6-93cf783aa0a9.
20201114 18:50:07.842 - INFO - +-------- END KW: SeleniumLibrary.Create Webdriver (10801982)
20201114 18:50:07.845 - INFO - +------- END KW: FunctionsGlobal.!Open GeoKrety Browser Firefox (10801989)
20201114 18:50:07.845 - INFO - +------ END KW: BuiltIn.Run Keyword If (10801989)
20201114 18:50:07.846 - INFO - +------ START KW: BuiltIn.Run Keyword If [ "${browser}"=="Chrome" | !Open GeoKrety Browser Chrome ]
20201114 18:50:07.846 - INFO - +------ END KW: BuiltIn.Run Keyword If (0)
20201114 18:50:07.846 - INFO - +----- END KW: FunctionsGlobal.!Open GeoKrety Browser Local (10801991)
20201114 18:50:07.846 - INFO - +---- END KW: BuiltIn.Run Keyword If (10801992)
20201114 18:50:07.846 - INFO - +---- START KW: SeleniumLibrary.Set Window Size [ 1280 | 1024 ]
20201114 18:50:07.871 - INFO - +---- END KW: SeleniumLibrary.Set Window Size (25)
20201114 18:50:07.872 - INFO - +--- END KW: FunctionsGlobal.!Open GeoKrety Browser (10802019)
20201114 18:50:07.872 - INFO - +-- END SETUP: FunctionsGlobal.Global Setup (10802020)
==============================================================================
20201114 18:50:07.917 - INFO - +-- START SUITE: Acceptance.010 UserRegistration.000 Create Account [ ]
==============================================================================
20201114 18:50:07.920 - INFO - +--- START SETUP: FunctionsGlobal.Clear Database [ ]
20201114 18:50:07.921 - INFO - +---- START KW: FunctionsGlobal.Go To Url [ ${PAGE_DEV_RESET_DB_URL} ]
20201114 18:50:07.921 - INFO - +----- START KW: FunctionsGlobal.Got To Url With Param [ ${url} | &{params} ]
20201114 18:50:07.922 - INFO - +------ START KW: BuiltIn.Replace Variables [ ${url} ]
20201114 18:50:07.923 - INFO - ${url_} = http://localhost:3001/devel/db/reset
20201114 18:50:07.923 - INFO - +------ END KW: BuiltIn.Replace Variables (1)
20201114 18:50:07.923 - INFO - +------ START KW: SeleniumLibrary.Go To [ ${url_} ]
20201114 18:50:07.923 - INFO - Opening url 'http://localhost:3001/devel/db/reset'
20201114 18:50:08.289 - INFO - +------ END KW: SeleniumLibrary.Go To (366)
20201114 18:50:08.289 - INFO - +----- END KW: FunctionsGlobal.Got To Url With Param (368)
20201114 18:50:08.290 - INFO - +----- START KW: FunctionsGlobal.Page WithoutWarningOrFailure [ ]
20201114 18:50:08.290 - INFO - +------ START KW: SeleniumLibrary.Page Should Not Contain [ Warning: ]
20201114 18:50:08.327 - DEBUG - Current frame has 0 subframes.
20201114 18:50:08.327 - INFO - Current page does not contain text 'Warning:'.
20201114 18:50:08.327 - INFO - +------ END KW: SeleniumLibrary.Page Should Not Contain (37)
20201114 18:50:08.327 - INFO - +------ START KW: SeleniumLibrary.Page Should Not Contain [ Failed ]
20201114 18:50:08.339 - DEBUG - Current frame has 0 subframes.
20201114 18:50:08.339 - INFO - Current page does not contain text 'Failed'.
20201114 18:50:08.339 - INFO - +------ END KW: SeleniumLibrary.Page Should Not Contain (12)
20201114 18:50:08.339 - INFO - +------ START KW: SeleniumLibrary.Page Should Not Contain [ Internal Server Error ]
20201114 18:50:08.350 - DEBUG - Current frame has 0 subframes.
20201114 18:50:08.350 - INFO - Current page does not contain text 'Internal Server Error'.
20201114 18:50:08.353 - INFO - +------ END KW: SeleniumLibrary.Page Should Not Contain (14)
20201114 18:50:08.354 - INFO - +----- END KW: FunctionsGlobal.Page WithoutWarningOrFailure (64)
20201114 18:50:08.354 - INFO - +---- END KW: FunctionsGlobal.Go To Url (434)
20201114 18:50:08.354 - INFO - +---- START KW: SeleniumLibrary.Page Should Contain [ OK ]
20201114 18:50:08.360 - INFO - Current page contains text 'OK'.
20201114 18:50:08.360 - INFO - +---- END KW: SeleniumLibrary.Page Should Contain (6)
20201114 18:50:08.361 - INFO - +--- END SETUP: FunctionsGlobal.Clear Database (441)
------------------------------------------------------------------------------
20201114 18:50:08.361 - INFO - +--- START TEST: Sign In user [ ]
------------------------------------------------------------------------------
20201114 18:50:08.363 - INFO - +---- START KW: DependencyLibrary.Depends On Test [ Email activation confirmation received ]
20201114 18:50:08.364 - DEBUG - Test timeout 2 minutes active. 119.997 seconds left.
20201114 18:50:08.364 - FAIL - Dependency not met: test case u'Email activation confirmation received' not found, wanted 'PASS'
20201114 18:50:08.364 - DEBUG - Traceback (most recent call last):
  File "/home/travis/.local/lib/python2.7/site-packages/DependencyLibrary.py", line 59, in depends_on_test
    return self._depends_on_test(name)
  File "/home/travis/.local/lib/python2.7/site-packages/DependencyLibrary.py", line 53, in _depends_on_test
    _depends_on(self._test_status_map, 'test case', name, status)
  File "/home/travis/.local/lib/python2.7/site-packages/DependencyLibrary.py", line 22, in _depends_on
    % (dependency_type, name, status))
20201114 18:50:08.364 - INFO - +---- END KW: DependencyLibrary.Depends On Test (1)
------------------------------------------------------------------------------
20201114 18:50:08.366 - INFO - +--- END TEST: Sign In user (3)
------------------------------------------------------------------------------
20201114 18:50:08.367 - INFO - +--- START TEST: Sign Out user [ ]
------------------------------------------------------------------------------
20201114 18:50:08.369 - INFO - +---- START KW: DependencyLibrary.Depends On Test [ Sign In user ]
20201114 18:50:08.369 - DEBUG - Test timeout 2 minutes active. 119.998 seconds left.
20201114 18:50:08.370 - FAIL - Dependency not met: test case u'Sign In user' state is 'FAIL', wanted 'PASS'
20201114 18:50:08.370 - DEBUG - Traceback (most recent call last):
  File "/home/travis/.local/lib/python2.7/site-packages/DependencyLibrary.py", line 59, in depends_on_test
    return self._depends_on_test(name)
  File "/home/travis/.local/lib/python2.7/site-packages/DependencyLibrary.py", line 53, in _depends_on_test
    _depends_on(self._test_status_map, 'test case', name, status)
  File "/home/travis/.local/lib/python2.7/site-packages/DependencyLibrary.py", line 28, in _depends_on
    % (dependency_type, name, _status, status))
20201114 18:50:08.371 - INFO - +---- END KW: DependencyLibrary.Depends On Test (1)
------------------------------------------------------------------------------
20201114 18:50:08.372 - INFO - +--- END TEST: Sign Out user (5)
------------------------------------------------------------------------------
20201114 18:50:08.378 - INFO - +-- END SUITE: Acceptance.010 UserRegistration.000 Create Account (501)
==============================================================================
20201114 18:50:08.379 - INFO - +-- START TEARDOWN: FunctionsGlobal.Global TearDown [ ]
20201114 18:50:08.381 - INFO - +--- START KW: SeleniumLibrary.Close Browser [ ]
20201114 18:50:08.381 - DEBUG - Closing browser with session id bf8a244e-f4f5-42f6-96e6-93cf783aa0a9.
20201114 18:50:08.886 - INFO - +--- END KW: SeleniumLibrary.Close Browser (505)
20201114 18:50:08.886 - INFO - +-- END TEARDOWN: FunctionsGlobal.Global TearDown (507)
==============================================================================
20201114 18:50:08.888 - INFO - +- END SUITE: Acceptance.010 UserRegistration (10803196)
==============================================================================
20201114 18:50:08.918 - INFO - +- START SUITE: Acceptance.020 SignIn.robot [ ]
==============================================================================
20201114 18:50:08.918 - INFO - +-- START SETUP: FunctionsGlobal.Global Setup [ ]
20201114 18:50:08.919 - INFO - +--- START KW: FunctionsGlobal.!Open GeoKrety Browser [ ${browser} ]
20201114 18:50:08.919 - INFO - +---- START KW: BuiltIn.Run Keyword If [ "${BS_ENABLED}" != "false" | !Open GeoKrety BrowserStack | ${browser} | ELSE | !Open GeoKrety Browser Local | ${browser} ]
20201114 18:50:08.920 - INFO - +----- START KW: FunctionsGlobal.!Open GeoKrety Browser Local [ ${browser} ]
20201114 18:50:08.921 - INFO - +------ START KW: BuiltIn.Run Keyword If [ "${browser}"=="Firefox" | !Open GeoKrety Browser Firefox ]
20201114 18:50:08.921 - INFO - +------- START KW: FunctionsGlobal.!Open GeoKrety Browser Firefox [ ]
20201114 18:50:08.922 - INFO - +-------- START KW: BuiltIn.Log [ Open Browser Firefox ]
20201114 18:50:08.922 - INFO - Open Browser Firefox
20201114 18:50:08.922 - INFO - +-------- END KW: BuiltIn.Log (0)
20201114 18:50:08.922 - INFO - +-------- START KW: BuiltIn.Evaluate [ sys.modules['selenium.webdriver'].firefox.webdriver.Options() | sys, selenium.webdriver ]
20201114 18:50:08.923 - INFO - ${firefox_options} = <selenium.webdriver.firefox.options.Options object at 0x7f9a16fae7d0>
20201114 18:50:08.923 - INFO - +-------- END KW: BuiltIn.Evaluate (1)
20201114 18:50:08.923 - INFO - +-------- START KW: BuiltIn.Run Keyword If [ ${HEADLESS} | Call Method | ${firefox_options} | add_argument | -headless ]
20201114 18:50:08.924 - INFO - +--------- START KW: BuiltIn.Call Method [ ${firefox_options} | add_argument | -headless ]
20201114 18:50:08.924 - INFO - +--------- END KW: BuiltIn.Call Method (0)
20201114 18:50:08.924 - INFO - +-------- END KW: BuiltIn.Run Keyword If (1)
20201114 18:50:08.925 - INFO - +-------- START KW: BuiltIn.Evaluate [ sys.modules['selenium.webdriver'].DesiredCapabilities.FIREFOX | sys, selenium.webdriver ]
20201114 18:50:08.925 - INFO - ${dc} = {'acceptInsecureCerts': True, u'timezone': u'UTC-05:00', 'browserName': 'firefox', u'strictFileInteractability': False, 'marionette': True}
20201114 18:50:08.925 - INFO - +-------- END KW: BuiltIn.Evaluate (0)
20201114 18:50:08.925 - INFO - +-------- START KW: Collections.Set To Dictionary [ ${dc} | strictFileInteractability=${FALSE} ]
20201114 18:50:08.926 - INFO - +-------- END KW: Collections.Set To Dictionary (1)
20201114 18:50:08.926 - INFO - +-------- START KW: Collections.Set To Dictionary [ ${dc} | timezone=UTC-05:00 ]
20201114 18:50:08.927 - INFO - +-------- END KW: Collections.Set To Dictionary (1)
20201114 18:50:08.927 - INFO - +-------- START KW: SeleniumLibrary.Create Webdriver [ Firefox | firefox_options=${firefox options} | desired_capabilities=${dc} ]
20201114 18:50:08.928 - INFO - Creating an instance of the Firefox WebDriver.
20201114 18:50:10.901 - DEBUG - Created Firefox WebDriver instance with session id 99c036b8-6fb2-471b-8430-96bd0c9c4814.
20201114 18:50:10.902 - INFO - +-------- END KW: SeleniumLibrary.Create Webdriver (1974)
20201114 18:50:10.902 - INFO - +------- END KW: FunctionsGlobal.!Open GeoKrety Browser Firefox (1981)
20201114 18:50:10.902 - INFO - +------ END KW: BuiltIn.Run Keyword If (1981)
20201114 18:50:10.903 - INFO - +------ START KW: BuiltIn.Run Keyword If [ "${browser}"=="Chrome" | !Open GeoKrety Browser Chrome ]
20201114 18:50:10.904 - INFO - +------ END KW: BuiltIn.Run Keyword If (1)
20201114 18:50:10.904 - INFO - +----- END KW: FunctionsGlobal.!Open GeoKrety Browser Local (1984)
20201114 18:50:10.904 - INFO - +---- END KW: BuiltIn.Run Keyword If (1985)
20201114 18:50:10.904 - INFO - +---- START KW: SeleniumLibrary.Set Window Size [ 1280 | 1024 ]
20201114 18:50:10.935 - INFO - +---- END KW: SeleniumLibrary.Set Window Size (31)
20201114 18:50:10.935 - INFO - +--- END KW: FunctionsGlobal.!Open GeoKrety Browser (2016)
20201114 18:50:10.936 - INFO - +-- END SETUP: FunctionsGlobal.Global Setup (2018)
==============================================================================
20201114 18:50:10.979 - INFO - +-- START SUITE: Acceptance.020 SignIn.robot.010 AccountMustBeActivatedFirst [ ]
==============================================================================
20201114 18:50:10.982 - INFO - +--- START TEST: Account not active [ ]
------------------------------------------------------------------------------
20201114 18:50:10.986 - INFO - +---- START KW: DependencyLibrary.Depends On Test [ Create an account ]
20201114 18:50:10.986 - DEBUG - Test timeout 2 minutes active. 119.995 seconds left.
20201114 18:50:10.988 - FAIL - Dependency not met: test case u'Create an account' not found, wanted 'PASS'
20201114 18:50:10.988 - DEBUG - Traceback (most recent call last):
  File "/home/travis/.local/lib/python2.7/site-packages/DependencyLibrary.py", line 59, in depends_on_test
    return self._depends_on_test(name)
  File "/home/travis/.local/lib/python2.7/site-packages/DependencyLibrary.py", line 53, in _depends_on_test
    _depends_on(self._test_status_map, 'test case', name, status)
  File "/home/travis/.local/lib/python2.7/site-packages/DependencyLibrary.py", line 22, in _depends_on
    % (dependency_type, name, status))
20201114 18:50:10.988 - INFO - +---- END KW: DependencyLibrary.Depends On Test (2)
------------------------------------------------------------------------------
20201114 18:50:10.989 - INFO - +--- END TEST: Account not active (6)
------------------------------------------------------------------------------
20201114 18:50:10.993 - INFO - +--- START TEST: Confirmation mail sent again [ ]
------------------------------------------------------------------------------
20201114 18:50:10.994 - INFO - +---- START KW: DependencyLibrary.Depends On Test [ Account not active ]
20201114 18:50:10.994 - DEBUG - Test timeout 2 minutes active. 119.999 seconds left.
20201114 18:50:10.994 - FAIL - Dependency not met: test case u'Account not active' state is 'FAIL', wanted 'PASS'
20201114 18:50:10.995 - DEBUG - Traceback (most recent call last):
  File "/home/travis/.local/lib/python2.7/site-packages/DependencyLibrary.py", line 59, in depends_on_test
    return self._depends_on_test(name)
  File "/home/travis/.local/lib/python2.7/site-packages/DependencyLibrary.py", line 53, in _depends_on_test
    _depends_on(self._test_status_map, 'test case', name, status)
  File "/home/travis/.local/lib/python2.7/site-packages/DependencyLibrary.py", line 28, in _depends_on
    % (dependency_type, name, _status, status))
20201114 18:50:10.995 - INFO - +---- END KW: DependencyLibrary.Depends On Test (1)
------------------------------------------------------------------------------
20201114 18:50:10.996 - INFO - +--- END TEST: Confirmation mail sent again (2)
------------------------------------------------------------------------------
20201114 18:50:10.996 - INFO - +--- START TEST: Validated account can login [ ]
------------------------------------------------------------------------------
20201114 18:50:10.997 - INFO - +---- START KW: DependencyLibrary.Depends On Test [ Confirmation mail sent again ]
20201114 18:50:10.997 - DEBUG - Test timeout 2 minutes active. 119.999 seconds left.
20201114 18:50:10.998 - FAIL - Dependency not met: test case u'Confirmation mail sent again' state is 'FAIL', wanted 'PASS'
20201114 18:50:10.998 - DEBUG - Traceback (most recent call last):
  File "/home/travis/.local/lib/python2.7/site-packages/DependencyLibrary.py", line 59, in depends_on_test
    return self._depends_on_test(name)
  File "/home/travis/.local/lib/python2.7/site-packages/DependencyLibrary.py", line 53, in _depends_on_test
    _depends_on(self._test_status_map, 'test case', name, status)
  File "/home/travis/.local/lib/python2.7/site-packages/DependencyLibrary.py", line 28, in _depends_on
    % (dependency_type, name, _status, status))
20201114 18:50:10.998 - INFO - +---- END KW: DependencyLibrary.Depends On Test (1)
------------------------------------------------------------------------------
20201114 18:50:10.999 - INFO - +--- END TEST: Validated account can login (2)
------------------------------------------------------------------------------
20201114 18:50:11.011 - INFO - +-- END SUITE: Acceptance.020 SignIn.robot.010 AccountMustBeActivatedFirst (63)
==============================================================================
20201114 18:50:11.082 - INFO - +-- START SUITE: Acceptance.020 SignIn.robot.020 GoodBadPassword [ ]
==============================================================================
20201114 18:50:11.083 - INFO - +--- START SETUP: Seed [ ]
20201114 18:50:11.083 - INFO - +---- START KW: FunctionsGlobal.Clear Database [ ]
20201114 18:50:11.084 - INFO - +----- START KW: FunctionsGlobal.Go To Url [ ${PAGE_DEV_RESET_DB_URL} ]
20201114 18:50:11.085 - INFO - +------ START KW: FunctionsGlobal.Got To Url With Param [ ${url} | &{params} ]
20201114 18:50:11.086 - INFO - +------- START KW: BuiltIn.Replace Variables [ ${url} ]
20201114 18:50:11.086 - INFO - ${url_} = http://localhost:3001/devel/db/reset
20201114 18:50:11.086 - INFO - +------- END KW: BuiltIn.Replace Variables (0)
20201114 18:50:11.086 - INFO - +------- START KW: SeleniumLibrary.Go To [ ${url_} ]
20201114 18:50:11.087 - INFO - Opening url 'http://localhost:3001/devel/db/reset'
20201114 18:50:11.408 - INFO - +------- END KW: SeleniumLibrary.Go To (322)
20201114 18:50:11.408 - INFO - +------ END KW: FunctionsGlobal.Got To Url With Param (323)
20201114 18:50:11.408 - INFO - +------ START KW: FunctionsGlobal.Page WithoutWarningOrFailure [ ]
20201114 18:50:11.409 - INFO - +------- START KW: SeleniumLibrary.Page Should Not Contain [ Warning: ]
20201114 18:50:11.441 - DEBUG - Current frame has 0 subframes.
20201114 18:50:11.441 - INFO - Current page does not contain text 'Warning:'.
20201114 18:50:11.441 - INFO - +------- END KW: SeleniumLibrary.Page Should Not Contain (32)
20201114 18:50:11.442 - INFO - +------- START KW: SeleniumLibrary.Page Should Not Contain [ Failed ]
20201114 18:50:11.448 - DEBUG - Current frame has 0 subframes.
20201114 18:50:11.448 - INFO - Current page does not contain text 'Failed'.
20201114 18:50:11.448 - INFO - +------- END KW: SeleniumLibrary.Page Should Not Contain (6)
20201114 18:50:11.448 - INFO - +------- START KW: SeleniumLibrary.Page Should Not Contain [ Internal Server Error ]
20201114 18:50:11.460 - DEBUG - Current frame has 0 subframes.
20201114 18:50:11.460 - INFO - Current page does not contain text 'Internal Server Error'.
20201114 18:50:11.460 - INFO - +------- END KW: SeleniumLibrary.Page Should Not Contain (12)
20201114 18:50:11.460 - INFO - +------ END KW: FunctionsGlobal.Page WithoutWarningOrFailure (52)
20201114 18:50:11.460 - INFO - +----- END KW: FunctionsGlobal.Go To Url (376)
20201114 18:50:11.460 - INFO - +----- START KW: SeleniumLibrary.Page Should Contain [ OK ]
20201114 18:50:11.466 - INFO - Current page contains text 'OK'.
20201114 18:50:11.466 - INFO - +----- END KW: SeleniumLibrary.Page Should Contain (6)
20201114 18:50:11.466 - INFO - +---- END KW: FunctionsGlobal.Clear Database (383)
20201114 18:50:11.466 - INFO - +---- START KW: FunctionsGlobal.Seed 1 users [ ]
20201114 18:50:11.467 - INFO - +----- START KW: FunctionsGlobal.Go To Url [ ${PAGE_SEED_USER}/${count} ]
20201114 18:50:11.467 - INFO - +------ START KW: FunctionsGlobal.Got To Url With Param [ ${url} | &{params} ]
20201114 18:50:11.468 - INFO - +------- START KW: BuiltIn.Replace Variables [ ${url} ]
20201114 18:50:11.468 - INFO - ${url_} = http://localhost:3001/devel/db/users/seed/1
20201114 18:50:11.468 - INFO - +------- END KW: BuiltIn.Replace Variables (0)
20201114 18:50:11.468 - INFO - +------- START KW: SeleniumLibrary.Go To [ ${url_} ]
20201114 18:50:11.469 - INFO - Opening url 'http://localhost:3001/devel/db/users/seed/1'
20201114 18:50:11.995 - INFO - +------- END KW: SeleniumLibrary.Go To (527)
20201114 18:50:11.996 - INFO - +------ END KW: FunctionsGlobal.Got To Url With Param (528)
20201114 18:50:11.996 - INFO - +------ START KW: FunctionsGlobal.Page WithoutWarningOrFailure [ ]
20201114 18:50:11.996 - INFO - +------- START KW: SeleniumLibrary.Page Should Not Contain [ Warning: ]
20201114 18:50:12.013 - DEBUG - Current frame has 0 subframes.
20201114 18:50:12.013 - INFO - Current page does not contain text 'Warning:'.
20201114 18:50:12.014 - INFO - +------- END KW: SeleniumLibrary.Page Should Not Contain (18)
20201114 18:50:12.014 - INFO - +------- START KW: SeleniumLibrary.Page Should Not Contain [ Failed ]
20201114 18:50:12.022 - DEBUG - Current frame has 0 subframes.
20201114 18:50:12.022 - INFO - Current page does not contain text 'Failed'.
20201114 18:50:12.023 - INFO - +------- END KW: SeleniumLibrary.Page Should Not Contain (9)
20201114 18:50:12.023 - INFO - +------- START KW: SeleniumLibrary.Page Should Not Contain [ Internal Server Error ]
20201114 18:50:12.029 - DEBUG - Current frame has 0 subframes.
20201114 18:50:12.029 - INFO - Current page does not contain text 'Internal Server Error'.
20201114 18:50:12.030 - INFO - +------- END KW: SeleniumLibrary.Page Should Not Contain (6)
20201114 18:50:12.030 - INFO - +------ END KW: FunctionsGlobal.Page WithoutWarningOrFailure (34)
20201114 18:50:12.030 - INFO - +----- END KW: FunctionsGlobal.Go To Url (563)
20201114 18:50:12.030 - INFO - +----- START KW: FunctionsGlobal.Empty Dev Mailbox Fast [ ]
20201114 18:50:12.030 - INFO - +------ START KW: FunctionsGlobal.Go To Url [ ${PAGE_DEV_MAILBOX_CLEAR_URL} ]
20201114 18:50:12.031 - INFO - +------- START KW: FunctionsGlobal.Got To Url With Param [ ${url} | &{params} ]
20201114 18:50:12.031 - INFO - +-------- START KW: BuiltIn.Replace Variables [ ${url} ]
20201114 18:50:12.032 - INFO - ${url_} = http://localhost:3001/devel/mail/delete/all
20201114 18:50:12.032 - INFO - +-------- END KW: BuiltIn.Replace Variables (1)
20201114 18:50:12.032 - INFO - +-------- START KW: SeleniumLibrary.Go To [ ${url_} ]
20201114 18:50:12.032 - INFO - Opening url 'http://localhost:3001/devel/mail/delete/all'
20201114 18:50:12.425 - INFO - +-------- END KW: SeleniumLibrary.Go To (392)
20201114 18:50:12.425 - INFO - +------- END KW: FunctionsGlobal.Got To Url With Param (394)
20201114 18:50:12.426 - INFO - +------- START KW: FunctionsGlobal.Page WithoutWarningOrFailure [ ]
20201114 18:50:12.426 - INFO - +-------- START KW: SeleniumLibrary.Page Should Not Contain [ Warning: ]
20201114 18:50:12.439 - DEBUG - Current frame has 0 subframes.
20201114 18:50:12.439 - INFO - Current page does not contain text 'Warning:'.
20201114 18:50:12.439 - INFO - +-------- END KW: SeleniumLibrary.Page Should Not Contain (13)
20201114 18:50:12.439 - INFO - +-------- START KW: SeleniumLibrary.Page Should Not Contain [ Failed ]
20201114 18:50:12.445 - DEBUG - Current frame has 0 subframes.
20201114 18:50:12.445 - INFO - Current page does not contain text 'Failed'.
20201114 18:50:12.446 - INFO - +-------- END KW: SeleniumLibrary.Page Should Not Contain (7)
20201114 18:50:12.446 - INFO - +-------- START KW: SeleniumLibrary.Page Should Not Contain [ Internal Server Error ]
20201114 18:50:12.452 - DEBUG - Current frame has 0 subframes.
20201114 18:50:12.452 - INFO - Current page does not contain text 'Internal Server Error'.
20201114 18:50:12.453 - INFO - +-------- END KW: SeleniumLibrary.Page Should Not Contain (6)
20201114 18:50:12.453 - INFO - +------- END KW: FunctionsGlobal.Page WithoutWarningOrFailure (27)
20201114 18:50:12.453 - INFO - +------ END KW: FunctionsGlobal.Go To Url (423)
20201114 18:50:12.453 - INFO - +----- END KW: FunctionsGlobal.Empty Dev Mailbox Fast (423)
20201114 18:50:12.453 - INFO - +---- END KW: FunctionsGlobal.Seed 1 users (987)
20201114 18:50:12.453 - INFO - +--- END SETUP: Seed (1370)
------------------------------------------------------------------------------
20201114 18:50:12.454 - INFO - +--- START TEST: Sign In user [ ]
------------------------------------------------------------------------------
20201114 18:50:12.457 - INFO - +---- START KW: FunctionsGlobal.Go To Url [ ${PAGE_HOME_URL} ]
20201114 18:50:12.457 - INFO - +----- START KW: FunctionsGlobal.Got To Url With Param [ ${url} | &{params} ]
20201114 18:50:12.458 - INFO - +------ START KW: BuiltIn.Replace Variables [ ${url} ]
20201114 18:50:12.458 - DEBUG - Test timeout 2 minutes active. 119.995 seconds left.
20201114 18:50:12.458 - INFO - ${url_} = http://localhost:3001/en
20201114 18:50:12.459 - INFO - +------ END KW: BuiltIn.Replace Variables (1)
20201114 18:50:12.459 - INFO - +------ START KW: SeleniumLibrary.Go To [ ${url_} ]
20201114 18:50:12.459 - DEBUG - Test timeout 2 minutes active. 119.995 seconds left.
20201114 18:50:12.459 - INFO - Opening url 'http://localhost:3001/en'
20201114 18:50:12.732 - INFO - +------ END KW: SeleniumLibrary.Go To (273)
20201114 18:50:12.732 - INFO - +----- END KW: FunctionsGlobal.Got To Url With Param (275)
20201114 18:50:12.732 - INFO - +----- START KW: FunctionsGlobal.Page WithoutWarningOrFailure [ ]
20201114 18:50:12.733 - INFO - +------ START KW: SeleniumLibrary.Page Should Not Contain [ Warning: ]
20201114 18:50:12.733 - DEBUG - Test timeout 2 minutes active. 119.72 seconds left.
20201114 18:50:12.757 - DEBUG - Current frame has 0 subframes.
20201114 18:50:12.757 - INFO - Current page does not contain text 'Warning:'.
20201114 18:50:12.757 - INFO - +------ END KW: SeleniumLibrary.Page Should Not Contain (24)
20201114 18:50:12.757 - INFO - +------ START KW: SeleniumLibrary.Page Should Not Contain [ Failed ]
20201114 18:50:12.758 - DEBUG - Test timeout 2 minutes active. 119.696 seconds left.
20201114 18:50:12.764 - DEBUG - Current frame has 0 subframes.
20201114 18:50:12.764 - INFO - Current page does not contain text 'Failed'.
20201114 18:50:12.764 - INFO - +------ END KW: SeleniumLibrary.Page Should Not Contain (7)
20201114 18:50:12.764 - INFO - +------ START KW: SeleniumLibrary.Page Should Not Contain [ Internal Server Error ]
20201114 18:50:12.764 - DEBUG - Test timeout 2 minutes active. 119.689 seconds left.
20201114 18:50:12.773 - DEBUG - Current frame has 0 subframes.
20201114 18:50:12.773 - INFO - Current page does not contain text 'Internal Server Error'.
20201114 18:50:12.774 - INFO - +------ END KW: SeleniumLibrary.Page Should Not Contain (9)
20201114 18:50:12.774 - INFO - +----- END KW: FunctionsGlobal.Page WithoutWarningOrFailure (42)
20201114 18:50:12.774 - INFO - +---- END KW: FunctionsGlobal.Go To Url (317)
~~~~~~~~~~~~~~~~~~~~~~~~~~~~~~~~~~~~~~~~~~~~~~~~~~~~~~~~~~~~~~~~~~~~~~~~~~~~~~
20201114 18:50:12.774 - INFO - +---- START KW: FunctionsGlobal.Sign In User [ ${USER_1.name} ]
20201114 18:50:12.775 - INFO - +----- START KW: SeleniumLibrary.Click Element [ ${NAVBAR_SIGN_IN_LINK} ]
20201114 18:50:12.785 - INFO - +------ START KW: SeleniumLibrary.Capture Page Screenshot [ ]
20201114 18:50:12.785 - DEBUG - Test timeout 2 minutes active. 119.668 seconds left.
20201114 18:50:12.884 - INFO - </td></tr><tr><td colspan="3"><a href="selenium-screenshot-28.png"><img src="selenium-screenshot-28.png" width="800px"></a>
20201114 18:50:12.884 - INFO - +------ END KW: SeleniumLibrary.Capture Page Screenshot (99)
20201114 18:50:12.775 - DEBUG - Test timeout 2 minutes active. 119.679 seconds left.
20201114 18:50:12.775 - INFO - Clicking element '//*[@id="navbar-profile-login"]'.
20201114 18:50:12.886 - FAIL - ElementNotInteractableException: Message: Element <a id="navbar-profile-login" class="btn btn-info" href="http://localhost:3001/en/login?goto=home&params=YToxOntpOjA7czozOiIvZW4iO30%253D&query=YTowOnt9"> could not be scrolled into view
20201114 18:50:12.886 - DEBUG - Traceback (most recent call last):
  File "/home/travis/.local/lib/python2.7/site-packages/SeleniumLibrary/__init__.py", line 471, in run_keyword
    return DynamicCore.run_keyword(self, name, args, kwargs)
  File "/home/travis/.local/lib/python2.7/site-packages/robotlibcore.py", line 103, in run_keyword
    return self.keywords[name](*args, **(kwargs or {}))
  File "/home/travis/.local/lib/python2.7/site-packages/SeleniumLibrary/keywords/element.py", line 610, in click_element
    self.find_element(locator).click()
  File "/home/travis/.local/lib/python2.7/site-packages/selenium/webdriver/remote/webelement.py", line 80, in click
    self._execute(Command.CLICK_ELEMENT)
  File "/home/travis/.local/lib/python2.7/site-packages/selenium/webdriver/remote/webelement.py", line 633, in _execute
    return self._parent.execute(command, params)
  File "/home/travis/.local/lib/python2.7/site-packages/selenium/webdriver/remote/webdriver.py", line 321, in execute
    self.error_handler.check_response(response)
  File "/home/travis/.local/lib/python2.7/site-packages/selenium/webdriver/remote/errorhandler.py", line 242, in check_response
    raise exception_class(message, screen, stacktrace)
20201114 18:50:12.886 - INFO - +----- END KW: SeleniumLibrary.Click Element (111)
20201114 18:50:12.886 - INFO - +---- END KW: FunctionsGlobal.Sign In User (112)
------------------------------------------------------------------------------
20201114 18:50:12.887 - INFO - +--- END TEST: Sign In user (433)
------------------------------------------------------------------------------
20201114 18:50:12.890 - INFO - +--- START TEST: Sign In user with wrong password [ ]
------------------------------------------------------------------------------
20201114 18:50:12.892 - INFO - +---- START KW: FunctionsGlobal.Go To Url [ ${PAGE_HOME_URL} ]
20201114 18:50:12.896 - INFO - +----- START KW: FunctionsGlobal.Got To Url With Param [ ${url} | &{params} ]
20201114 18:50:12.900 - INFO - +------ START KW: BuiltIn.Replace Variables [ ${url} ]
20201114 18:50:12.901 - DEBUG - Test timeout 2 minutes active. 119.987 seconds left.
20201114 18:50:12.902 - INFO - ${url_} = http://localhost:3001/en
20201114 18:50:12.903 - INFO - +------ END KW: BuiltIn.Replace Variables (3)
20201114 18:50:12.903 - INFO - +------ START KW: SeleniumLibrary.Go To [ ${url_} ]
20201114 18:50:12.904 - DEBUG - Test timeout 2 minutes active. 119.985 seconds left.
20201114 18:50:12.904 - INFO - Opening url 'http://localhost:3001/en'
20201114 18:50:13.154 - INFO - +------ END KW: SeleniumLibrary.Go To (251)
20201114 18:50:13.154 - INFO - +----- END KW: FunctionsGlobal.Got To Url With Param (258)
20201114 18:50:13.155 - INFO - +----- START KW: FunctionsGlobal.Page WithoutWarningOrFailure [ ]
20201114 18:50:13.155 - INFO - +------ START KW: SeleniumLibrary.Page Should Not Contain [ Warning: ]
20201114 18:50:13.155 - DEBUG - Test timeout 2 minutes active. 119.733 seconds left.
20201114 18:50:13.176 - DEBUG - Current frame has 0 subframes.
20201114 18:50:13.176 - INFO - Current page does not contain text 'Warning:'.
20201114 18:50:13.176 - INFO - +------ END KW: SeleniumLibrary.Page Should Not Contain (21)
20201114 18:50:13.176 - INFO - +------ START KW: SeleniumLibrary.Page Should Not Contain [ Failed ]
20201114 18:50:13.176 - DEBUG - Test timeout 2 minutes active. 119.712 seconds left.
20201114 18:50:13.183 - DEBUG - Current frame has 0 subframes.
20201114 18:50:13.183 - INFO - Current page does not contain text 'Failed'.
20201114 18:50:13.183 - INFO - +------ END KW: SeleniumLibrary.Page Should Not Contain (7)
20201114 18:50:13.183 - INFO - +------ START KW: SeleniumLibrary.Page Should Not Contain [ Internal Server Error ]
20201114 18:50:13.183 - DEBUG - Test timeout 2 minutes active. 119.705 seconds left.
20201114 18:50:13.192 - DEBUG - Current frame has 0 subframes.
20201114 18:50:13.192 - INFO - Current page does not contain text 'Internal Server Error'.
20201114 18:50:13.192 - INFO - +------ END KW: SeleniumLibrary.Page Should Not Contain (9)
20201114 18:50:13.192 - INFO - +----- END KW: FunctionsGlobal.Page WithoutWarningOrFailure (37)
20201114 18:50:13.192 - INFO - +---- END KW: FunctionsGlobal.Go To Url (300)
~~~~~~~~~~~~~~~~~~~~~~~~~~~~~~~~~~~~~~~~~~~~~~~~~~~~~~~~~~~~~~~~~~~~~~~~~~~~~~
20201114 18:50:13.193 - INFO - +---- START KW: FunctionsGlobal.Sign In User [ ${USER_1.name} | bad password ]
20201114 18:50:13.193 - INFO - +----- START KW: SeleniumLibrary.Click Element [ ${NAVBAR_SIGN_IN_LINK} ]
20201114 18:50:13.201 - INFO - +------ START KW: SeleniumLibrary.Capture Page Screenshot [ ]
20201114 18:50:13.201 - DEBUG - Test timeout 2 minutes active. 119.687 seconds left.
20201114 18:50:13.325 - INFO - </td></tr><tr><td colspan="3"><a href="selenium-screenshot-29.png"><img src="selenium-screenshot-29.png" width="800px"></a>
20201114 18:50:13.325 - INFO - +------ END KW: SeleniumLibrary.Capture Page Screenshot (124)
20201114 18:50:13.193 - DEBUG - Test timeout 2 minutes active. 119.695 seconds left.
20201114 18:50:13.194 - INFO - Clicking element '//*[@id="navbar-profile-login"]'.
20201114 18:50:13.326 - FAIL - ElementNotInteractableException: Message: Element <a id="navbar-profile-login" class="btn btn-info" href="http://localhost:3001/en/login?goto=home&params=YToxOntpOjA7czozOiIvZW4iO30%253D&query=YTowOnt9"> could not be scrolled into view
20201114 18:50:13.326 - DEBUG - Traceback (most recent call last):
  File "/home/travis/.local/lib/python2.7/site-packages/SeleniumLibrary/__init__.py", line 471, in run_keyword
    return DynamicCore.run_keyword(self, name, args, kwargs)
  File "/home/travis/.local/lib/python2.7/site-packages/robotlibcore.py", line 103, in run_keyword
    return self.keywords[name](*args, **(kwargs or {}))
  File "/home/travis/.local/lib/python2.7/site-packages/SeleniumLibrary/keywords/element.py", line 610, in click_element
    self.find_element(locator).click()
  File "/home/travis/.local/lib/python2.7/site-packages/selenium/webdriver/remote/webelement.py", line 80, in click
    self._execute(Command.CLICK_ELEMENT)
  File "/home/travis/.local/lib/python2.7/site-packages/selenium/webdriver/remote/webelement.py", line 633, in _execute
    return self._parent.execute(command, params)
  File "/home/travis/.local/lib/python2.7/site-packages/selenium/webdriver/remote/webdriver.py", line 321, in execute
    self.error_handler.check_response(response)
  File "/home/travis/.local/lib/python2.7/site-packages/selenium/webdriver/remote/errorhandler.py", line 242, in check_response
    raise exception_class(message, screen, stacktrace)
20201114 18:50:13.326 - INFO - +----- END KW: SeleniumLibrary.Click Element (133)
20201114 18:50:13.326 - INFO - +---- END KW: FunctionsGlobal.Sign In User (133)
------------------------------------------------------------------------------
20201114 18:50:13.327 - INFO - +--- END TEST: Sign In user with wrong password (438)
------------------------------------------------------------------------------
20201114 18:50:13.330 - INFO - +--- START TEST: Sign In user with non existent username [ ]
------------------------------------------------------------------------------
20201114 18:50:13.333 - INFO - +---- START KW: FunctionsGlobal.Go To Url [ ${PAGE_HOME_URL} ]
20201114 18:50:13.336 - INFO - +----- START KW: FunctionsGlobal.Got To Url With Param [ ${url} | &{params} ]
20201114 18:50:13.339 - INFO - +------ START KW: BuiltIn.Replace Variables [ ${url} ]
20201114 18:50:13.340 - DEBUG - Test timeout 2 minutes active. 119.989 seconds left.
20201114 18:50:13.340 - INFO - ${url_} = http://localhost:3001/en
20201114 18:50:13.340 - INFO - +------ END KW: BuiltIn.Replace Variables (1)
20201114 18:50:13.340 - INFO - +------ START KW: SeleniumLibrary.Go To [ ${url_} ]
20201114 18:50:13.340 - DEBUG - Test timeout 2 minutes active. 119.989 seconds left.
20201114 18:50:13.340 - INFO - Opening url 'http://localhost:3001/en'
20201114 18:50:13.590 - INFO - +------ END KW: SeleniumLibrary.Go To (250)
20201114 18:50:13.591 - INFO - +----- END KW: FunctionsGlobal.Got To Url With Param (255)
20201114 18:50:13.591 - INFO - +----- START KW: FunctionsGlobal.Page WithoutWarningOrFailure [ ]
20201114 18:50:13.591 - INFO - +------ START KW: SeleniumLibrary.Page Should Not Contain [ Warning: ]
20201114 18:50:13.592 - DEBUG - Test timeout 2 minutes active. 119.737 seconds left.
20201114 18:50:13.627 - DEBUG - Current frame has 0 subframes.
20201114 18:50:13.627 - INFO - Current page does not contain text 'Warning:'.
20201114 18:50:13.627 - INFO - +------ END KW: SeleniumLibrary.Page Should Not Contain (36)
20201114 18:50:13.627 - INFO - +------ START KW: SeleniumLibrary.Page Should Not Contain [ Failed ]
20201114 18:50:13.627 - DEBUG - Test timeout 2 minutes active. 119.702 seconds left.
20201114 18:50:13.633 - DEBUG - Current frame has 0 subframes.
20201114 18:50:13.633 - INFO - Current page does not contain text 'Failed'.
20201114 18:50:13.633 - INFO - +------ END KW: SeleniumLibrary.Page Should Not Contain (6)
20201114 18:50:13.633 - INFO - +------ START KW: SeleniumLibrary.Page Should Not Contain [ Internal Server Error ]
20201114 18:50:13.634 - DEBUG - Test timeout 2 minutes active. 119.695 seconds left.
20201114 18:50:13.643 - DEBUG - Current frame has 0 subframes.
20201114 18:50:13.643 - INFO - Current page does not contain text 'Internal Server Error'.
20201114 18:50:13.643 - INFO - +------ END KW: SeleniumLibrary.Page Should Not Contain (10)
20201114 18:50:13.644 - INFO - +----- END KW: FunctionsGlobal.Page WithoutWarningOrFailure (52)
20201114 18:50:13.644 - INFO - +---- END KW: FunctionsGlobal.Go To Url (311)
~~~~~~~~~~~~~~~~~~~~~~~~~~~~~~~~~~~~~~~~~~~~~~~~~~~~~~~~~~~~~~~~~~~~~~~~~~~~~~
20201114 18:50:13.644 - INFO - +---- START KW: FunctionsGlobal.Sign In User [ someone innexistent | password ]
20201114 18:50:13.644 - INFO - +----- START KW: SeleniumLibrary.Click Element [ ${NAVBAR_SIGN_IN_LINK} ]
20201114 18:50:13.651 - INFO - +------ START KW: SeleniumLibrary.Capture Page Screenshot [ ]
20201114 18:50:13.651 - DEBUG - Test timeout 2 minutes active. 119.678 seconds left.
20201114 18:50:13.773 - INFO - </td></tr><tr><td colspan="3"><a href="selenium-screenshot-30.png"><img src="selenium-screenshot-30.png" width="800px"></a>
20201114 18:50:13.773 - INFO - +------ END KW: SeleniumLibrary.Capture Page Screenshot (122)
20201114 18:50:13.644 - DEBUG - Test timeout 2 minutes active. 119.685 seconds left.
20201114 18:50:13.645 - INFO - Clicking element '//*[@id="navbar-profile-login"]'.
20201114 18:50:13.774 - FAIL - ElementNotInteractableException: Message: Element <a id="navbar-profile-login" class="btn btn-info" href="http://localhost:3001/en/login?goto=home&params=YToxOntpOjA7czozOiIvZW4iO30%253D&query=YTowOnt9"> could not be scrolled into view
20201114 18:50:13.774 - DEBUG - Traceback (most recent call last):
  File "/home/travis/.local/lib/python2.7/site-packages/SeleniumLibrary/__init__.py", line 471, in run_keyword
    return DynamicCore.run_keyword(self, name, args, kwargs)
  File "/home/travis/.local/lib/python2.7/site-packages/robotlibcore.py", line 103, in run_keyword
    return self.keywords[name](*args, **(kwargs or {}))
  File "/home/travis/.local/lib/python2.7/site-packages/SeleniumLibrary/keywords/element.py", line 610, in click_element
    self.find_element(locator).click()
  File "/home/travis/.local/lib/python2.7/site-packages/selenium/webdriver/remote/webelement.py", line 80, in click
    self._execute(Command.CLICK_ELEMENT)
  File "/home/travis/.local/lib/python2.7/site-packages/selenium/webdriver/remote/webelement.py", line 633, in _execute
    return self._parent.execute(command, params)
  File "/home/travis/.local/lib/python2.7/site-packages/selenium/webdriver/remote/webdriver.py", line 321, in execute
    self.error_handler.check_response(response)
  File "/home/travis/.local/lib/python2.7/site-packages/selenium/webdriver/remote/errorhandler.py", line 242, in check_response
    raise exception_class(message, screen, stacktrace)
20201114 18:50:13.774 - INFO - +----- END KW: SeleniumLibrary.Click Element (130)
20201114 18:50:13.774 - INFO - +---- END KW: FunctionsGlobal.Sign In User (130)
------------------------------------------------------------------------------
20201114 18:50:13.775 - INFO - +--- END TEST: Sign In user with non existent username (445)
------------------------------------------------------------------------------
20201114 18:50:13.787 - INFO - +-- END SUITE: Acceptance.020 SignIn.robot.020 GoodBadPassword (2769)
==============================================================================
20201114 18:50:13.819 - INFO - +-- START SUITE: Acceptance.020 SignIn.robot.030 MustAcceptTermOfUse [ ]
==============================================================================
20201114 18:50:13.821 - INFO - +--- START TEST: Seeded are fully valid [ ]
------------------------------------------------------------------------------
20201114 18:50:13.822 - INFO - +---- START SETUP: FunctionsGlobal.Clear Database [ ]
20201114 18:50:13.824 - INFO - +----- START KW: FunctionsGlobal.Go To Url [ ${PAGE_DEV_RESET_DB_URL} ]
20201114 18:50:13.826 - INFO - +------ START KW: FunctionsGlobal.Got To Url With Param [ ${url} | &{params} ]
20201114 18:50:13.828 - INFO - +------- START KW: BuiltIn.Replace Variables [ ${url} ]
20201114 18:50:13.829 - DEBUG - Test timeout 2 minutes active. 119.992 seconds left.
20201114 18:50:13.829 - INFO - ${url_} = http://localhost:3001/devel/db/reset
20201114 18:50:13.829 - INFO - +------- END KW: BuiltIn.Replace Variables (1)
20201114 18:50:13.829 - INFO - +------- START KW: SeleniumLibrary.Go To [ ${url_} ]
20201114 18:50:13.829 - DEBUG - Test timeout 2 minutes active. 119.991 seconds left.
20201114 18:50:13.829 - INFO - Opening url 'http://localhost:3001/devel/db/reset'
20201114 18:50:14.066 - INFO - +------- END KW: SeleniumLibrary.Go To (236)
20201114 18:50:14.066 - INFO - +------ END KW: FunctionsGlobal.Got To Url With Param (240)
20201114 18:50:14.067 - INFO - +------ START KW: FunctionsGlobal.Page WithoutWarningOrFailure [ ]
20201114 18:50:14.068 - INFO - +------- START KW: SeleniumLibrary.Page Should Not Contain [ Warning: ]
20201114 18:50:14.068 - DEBUG - Test timeout 2 minutes active. 119.752 seconds left.
20201114 18:50:14.086 - DEBUG - Current frame has 0 subframes.
20201114 18:50:14.087 - INFO - Current page does not contain text 'Warning:'.
20201114 18:50:14.087 - INFO - +------- END KW: SeleniumLibrary.Page Should Not Contain (20)
20201114 18:50:14.087 - INFO - +------- START KW: SeleniumLibrary.Page Should Not Contain [ Failed ]
20201114 18:50:14.087 - DEBUG - Test timeout 2 minutes active. 119.733 seconds left.
20201114 18:50:14.093 - DEBUG - Current frame has 0 subframes.
20201114 18:50:14.093 - INFO - Current page does not contain text 'Failed'.
20201114 18:50:14.094 - INFO - +------- END KW: SeleniumLibrary.Page Should Not Contain (7)
20201114 18:50:14.094 - INFO - +------- START KW: SeleniumLibrary.Page Should Not Contain [ Internal Server Error ]
20201114 18:50:14.094 - DEBUG - Test timeout 2 minutes active. 119.726 seconds left.
20201114 18:50:14.103 - DEBUG - Current frame has 0 subframes.
20201114 18:50:14.103 - INFO - Current page does not contain text 'Internal Server Error'.
20201114 18:50:14.103 - INFO - +------- END KW: SeleniumLibrary.Page Should Not Contain (9)
20201114 18:50:14.103 - INFO - +------ END KW: FunctionsGlobal.Page WithoutWarningOrFailure (37)
20201114 18:50:14.103 - INFO - +----- END KW: FunctionsGlobal.Go To Url (279)
20201114 18:50:14.104 - INFO - +----- START KW: SeleniumLibrary.Page Should Contain [ OK ]
20201114 18:50:14.104 - DEBUG - Test timeout 2 minutes active. 119.717 seconds left.
20201114 18:50:14.108 - INFO - Current page contains text 'OK'.
20201114 18:50:14.108 - INFO - +----- END KW: SeleniumLibrary.Page Should Contain (5)
20201114 18:50:14.109 - INFO - +---- END SETUP: FunctionsGlobal.Clear Database (287)
~~~~~~~~~~~~~~~~~~~~~~~~~~~~~~~~~~~~~~~~~~~~~~~~~~~~~~~~~~~~~~~~~~~~~~~~~~~~~~
20201114 18:50:14.109 - INFO - +---- START KW: FunctionsGlobal.Seed 1 users [ ]
20201114 18:50:14.109 - INFO - +----- START KW: FunctionsGlobal.Go To Url [ ${PAGE_SEED_USER}/${count} ]
20201114 18:50:14.110 - INFO - +------ START KW: FunctionsGlobal.Got To Url With Param [ ${url} | &{params} ]
20201114 18:50:14.110 - INFO - +------- START KW: BuiltIn.Replace Variables [ ${url} ]
20201114 18:50:14.111 - DEBUG - Test timeout 2 minutes active. 119.71 seconds left.
20201114 18:50:14.111 - INFO - ${url_} = http://localhost:3001/devel/db/users/seed/1
20201114 18:50:14.111 - INFO - +------- END KW: BuiltIn.Replace Variables (1)
20201114 18:50:14.111 - INFO - +------- START KW: SeleniumLibrary.Go To [ ${url_} ]
20201114 18:50:14.111 - DEBUG - Test timeout 2 minutes active. 119.709 seconds left.
20201114 18:50:14.111 - INFO - Opening url 'http://localhost:3001/devel/db/users/seed/1'
20201114 18:50:14.598 - INFO - +------- END KW: SeleniumLibrary.Go To (487)
20201114 18:50:14.598 - INFO - +------ END KW: FunctionsGlobal.Got To Url With Param (488)
20201114 18:50:14.598 - INFO - +------ START KW: FunctionsGlobal.Page WithoutWarningOrFailure [ ]
20201114 18:50:14.599 - INFO - +------- START KW: SeleniumLibrary.Page Should Not Contain [ Warning: ]
20201114 18:50:14.599 - DEBUG - Test timeout 2 minutes active. 119.221 seconds left.
20201114 18:50:14.613 - DEBUG - Current frame has 0 subframes.
20201114 18:50:14.613 - INFO - Current page does not contain text 'Warning:'.
20201114 18:50:14.613 - INFO - +------- END KW: SeleniumLibrary.Page Should Not Contain (14)
20201114 18:50:14.613 - INFO - +------- START KW: SeleniumLibrary.Page Should Not Contain [ Failed ]
20201114 18:50:14.613 - DEBUG - Test timeout 2 minutes active. 119.207 seconds left.
20201114 18:50:14.621 - DEBUG - Current frame has 0 subframes.
20201114 18:50:14.621 - INFO - Current page does not contain text 'Failed'.
20201114 18:50:14.621 - INFO - +------- END KW: SeleniumLibrary.Page Should Not Contain (8)
20201114 18:50:14.621 - INFO - +------- START KW: SeleniumLibrary.Page Should Not Contain [ Internal Server Error ]
20201114 18:50:14.622 - DEBUG - Test timeout 2 minutes active. 119.199 seconds left.
20201114 18:50:14.627 - DEBUG - Current frame has 0 subframes.
20201114 18:50:14.627 - INFO - Current page does not contain text 'Internal Server Error'.
20201114 18:50:14.627 - INFO - +------- END KW: SeleniumLibrary.Page Should Not Contain (6)
20201114 18:50:14.628 - INFO - +------ END KW: FunctionsGlobal.Page WithoutWarningOrFailure (30)
20201114 18:50:14.628 - INFO - +----- END KW: FunctionsGlobal.Go To Url (519)
20201114 18:50:14.628 - INFO - +----- START KW: FunctionsGlobal.Empty Dev Mailbox Fast [ ]
20201114 18:50:14.628 - INFO - +------ START KW: FunctionsGlobal.Go To Url [ ${PAGE_DEV_MAILBOX_CLEAR_URL} ]
20201114 18:50:14.629 - INFO - +------- START KW: FunctionsGlobal.Got To Url With Param [ ${url} | &{params} ]
20201114 18:50:14.629 - INFO - +-------- START KW: BuiltIn.Replace Variables [ ${url} ]
20201114 18:50:14.630 - DEBUG - Test timeout 2 minutes active. 119.191 seconds left.
20201114 18:50:14.630 - INFO - ${url_} = http://localhost:3001/devel/mail/delete/all
20201114 18:50:14.630 - INFO - +-------- END KW: BuiltIn.Replace Variables (1)
20201114 18:50:14.630 - INFO - +-------- START KW: SeleniumLibrary.Go To [ ${url_} ]
20201114 18:50:14.630 - DEBUG - Test timeout 2 minutes active. 119.19 seconds left.
20201114 18:50:14.630 - INFO - Opening url 'http://localhost:3001/devel/mail/delete/all'
20201114 18:50:14.922 - INFO - +-------- END KW: SeleniumLibrary.Go To (292)
20201114 18:50:14.923 - INFO - +------- END KW: FunctionsGlobal.Got To Url With Param (293)
20201114 18:50:14.923 - INFO - +------- START KW: FunctionsGlobal.Page WithoutWarningOrFailure [ ]
20201114 18:50:14.924 - INFO - +-------- START KW: SeleniumLibrary.Page Should Not Contain [ Warning: ]
20201114 18:50:14.924 - DEBUG - Test timeout 2 minutes active. 118.896 seconds left.
20201114 18:50:14.936 - DEBUG - Current frame has 0 subframes.
20201114 18:50:14.936 - INFO - Current page does not contain text 'Warning:'.
20201114 18:50:14.937 - INFO - +-------- END KW: SeleniumLibrary.Page Should Not Contain (13)
20201114 18:50:14.937 - INFO - +-------- START KW: SeleniumLibrary.Page Should Not Contain [ Failed ]
20201114 18:50:14.937 - DEBUG - Test timeout 2 minutes active. 118.883 seconds left.
20201114 18:50:14.945 - DEBUG - Current frame has 0 subframes.
20201114 18:50:14.945 - INFO - Current page does not contain text 'Failed'.
20201114 18:50:14.946 - INFO - +-------- END KW: SeleniumLibrary.Page Should Not Contain (8)
20201114 18:50:14.946 - INFO - +-------- START KW: SeleniumLibrary.Page Should Not Contain [ Internal Server Error ]
20201114 18:50:14.946 - DEBUG - Test timeout 2 minutes active. 118.874 seconds left.
20201114 18:50:14.954 - DEBUG - Current frame has 0 subframes.
20201114 18:50:14.954 - INFO - Current page does not contain text 'Internal Server Error'.
20201114 18:50:14.955 - INFO - +-------- END KW: SeleniumLibrary.Page Should Not Contain (9)
20201114 18:50:14.955 - INFO - +------- END KW: FunctionsGlobal.Page WithoutWarningOrFailure (32)
20201114 18:50:14.955 - INFO - +------ END KW: FunctionsGlobal.Go To Url (327)
20201114 18:50:14.955 - INFO - +----- END KW: FunctionsGlobal.Empty Dev Mailbox Fast (327)
20201114 18:50:14.955 - INFO - +---- END KW: FunctionsGlobal.Seed 1 users (846)
~~~~~~~~~~~~~~~~~~~~~~~~~~~~~~~~~~~~~~~~~~~~~~~~~~~~~~~~~~~~~~~~~~~~~~~~~~~~~~
20201114 18:50:14.955 - INFO - +---- START KW: FunctionsGlobal.Go To Url [ ${PAGE_HOME_URL} ]
20201114 18:50:14.956 - INFO - +----- START KW: FunctionsGlobal.Got To Url With Param [ ${url} | &{params} ]
20201114 18:50:14.957 - INFO - +------ START KW: BuiltIn.Replace Variables [ ${url} ]
20201114 18:50:14.957 - DEBUG - Test timeout 2 minutes active. 118.863 seconds left.
20201114 18:50:14.957 - INFO - ${url_} = http://localhost:3001/en
20201114 18:50:14.957 - INFO - +------ END KW: BuiltIn.Replace Variables (0)
20201114 18:50:14.957 - INFO - +------ START KW: SeleniumLibrary.Go To [ ${url_} ]
20201114 18:50:14.957 - DEBUG - Test timeout 2 minutes active. 118.863 seconds left.
20201114 18:50:14.958 - INFO - Opening url 'http://localhost:3001/en'
20201114 18:50:15.211 - INFO - +------ END KW: SeleniumLibrary.Go To (254)
20201114 18:50:15.211 - INFO - +----- END KW: FunctionsGlobal.Got To Url With Param (255)
20201114 18:50:15.211 - INFO - +----- START KW: FunctionsGlobal.Page WithoutWarningOrFailure [ ]
20201114 18:50:15.212 - INFO - +------ START KW: SeleniumLibrary.Page Should Not Contain [ Warning: ]
20201114 18:50:15.213 - DEBUG - Test timeout 2 minutes active. 118.608 seconds left.
20201114 18:50:15.230 - DEBUG - Current frame has 0 subframes.
20201114 18:50:15.230 - INFO - Current page does not contain text 'Warning:'.
20201114 18:50:15.231 - INFO - +------ END KW: SeleniumLibrary.Page Should Not Contain (19)
20201114 18:50:15.231 - INFO - +------ START KW: SeleniumLibrary.Page Should Not Contain [ Failed ]
20201114 18:50:15.231 - DEBUG - Test timeout 2 minutes active. 118.589 seconds left.
20201114 18:50:15.241 - DEBUG - Current frame has 0 subframes.
20201114 18:50:15.241 - INFO - Current page does not contain text 'Failed'.
20201114 18:50:15.242 - INFO - +------ END KW: SeleniumLibrary.Page Should Not Contain (11)
20201114 18:50:15.242 - INFO - +------ START KW: SeleniumLibrary.Page Should Not Contain [ Internal Server Error ]
20201114 18:50:15.242 - DEBUG - Test timeout 2 minutes active. 118.578 seconds left.
20201114 18:50:15.248 - DEBUG - Current frame has 0 subframes.
20201114 18:50:15.248 - INFO - Current page does not contain text 'Internal Server Error'.
20201114 18:50:15.248 - INFO - +------ END KW: SeleniumLibrary.Page Should Not Contain (6)
20201114 18:50:15.249 - INFO - +----- END KW: FunctionsGlobal.Page WithoutWarningOrFailure (38)
20201114 18:50:15.249 - INFO - +---- END KW: FunctionsGlobal.Go To Url (294)
~~~~~~~~~~~~~~~~~~~~~~~~~~~~~~~~~~~~~~~~~~~~~~~~~~~~~~~~~~~~~~~~~~~~~~~~~~~~~~
20201114 18:50:15.249 - INFO - +---- START KW: FunctionsGlobal.Sign In User [ ${USER_1.name} ]
20201114 18:50:15.250 - INFO - +----- START KW: SeleniumLibrary.Click Element [ ${NAVBAR_SIGN_IN_LINK} ]
20201114 18:50:15.258 - INFO - +------ START KW: SeleniumLibrary.Capture Page Screenshot [ ]
20201114 18:50:15.258 - DEBUG - Test timeout 2 minutes active. 118.562 seconds left.
20201114 18:50:15.393 - INFO - </td></tr><tr><td colspan="3"><a href="selenium-screenshot-31.png"><img src="selenium-screenshot-31.png" width="800px"></a>
20201114 18:50:15.394 - INFO - +------ END KW: SeleniumLibrary.Capture Page Screenshot (136)
20201114 18:50:15.250 - DEBUG - Test timeout 2 minutes active. 118.57 seconds left.
20201114 18:50:15.250 - INFO - Clicking element '//*[@id="navbar-profile-login"]'.
20201114 18:50:15.395 - FAIL - ElementNotInteractableException: Message: Element <a id="navbar-profile-login" class="btn btn-info" href="http://localhost:3001/en/login?goto=home&params=YToxOntpOjA7czozOiIvZW4iO30%253D&query=YTowOnt9"> could not be scrolled into view
20201114 18:50:15.395 - DEBUG - Traceback (most recent call last):
  File "/home/travis/.local/lib/python2.7/site-packages/SeleniumLibrary/__init__.py", line 471, in run_keyword
    return DynamicCore.run_keyword(self, name, args, kwargs)
  File "/home/travis/.local/lib/python2.7/site-packages/robotlibcore.py", line 103, in run_keyword
    return self.keywords[name](*args, **(kwargs or {}))
  File "/home/travis/.local/lib/python2.7/site-packages/SeleniumLibrary/keywords/element.py", line 610, in click_element
    self.find_element(locator).click()
  File "/home/travis/.local/lib/python2.7/site-packages/selenium/webdriver/remote/webelement.py", line 80, in click
    self._execute(Command.CLICK_ELEMENT)
  File "/home/travis/.local/lib/python2.7/site-packages/selenium/webdriver/remote/webelement.py", line 633, in _execute
    return self._parent.execute(command, params)
  File "/home/travis/.local/lib/python2.7/site-packages/selenium/webdriver/remote/webdriver.py", line 321, in execute
    self.error_handler.check_response(response)
  File "/home/travis/.local/lib/python2.7/site-packages/selenium/webdriver/remote/errorhandler.py", line 242, in check_response
    raise exception_class(message, screen, stacktrace)
20201114 18:50:15.395 - INFO - +----- END KW: SeleniumLibrary.Click Element (145)
20201114 18:50:15.395 - INFO - +---- END KW: FunctionsGlobal.Sign In User (146)
~~~~~~~~~~~~~~~~~~~~~~~~~~~~~~~~~~~~~~~~~~~~~~~~~~~~~~~~~~~~~~~~~~~~~~~~~~~~~~
20201114 18:50:15.396 - INFO - +---- START TEARDOWN: FunctionsGlobal.Sign Out User [ ]
20201114 18:50:15.396 - INFO - +----- START KW: SeleniumLibrary.Click Link [ ${NAVBAR_PROFILE_LINK} ]
20201114 18:50:15.397 - INFO - Clicking link '//*[@id="navbar-profile-user"]'.
20201114 18:50:15.401 - INFO - +------ START KW: SeleniumLibrary.Capture Page Screenshot [ ]
20201114 18:50:15.493 - INFO - </td></tr><tr><td colspan="3"><a href="selenium-screenshot-32.png"><img src="selenium-screenshot-32.png" width="800px"></a>
20201114 18:50:15.493 - INFO - +------ END KW: SeleniumLibrary.Capture Page Screenshot (92)
20201114 18:50:15.494 - FAIL - Link with locator '//*[@id="navbar-profile-user"]' not found.
20201114 18:50:15.494 - DEBUG - Traceback (most recent call last):
  File "/home/travis/.local/lib/python2.7/site-packages/SeleniumLibrary/__init__.py", line 471, in run_keyword
    return DynamicCore.run_keyword(self, name, args, kwargs)
  File "/home/travis/.local/lib/python2.7/site-packages/robotlibcore.py", line 103, in run_keyword
    return self.keywords[name](*args, **(kwargs or {}))
  File "/home/travis/.local/lib/python2.7/site-packages/SeleniumLibrary/keywords/element.py", line 569, in click_link
    self.find_element(locator, tag='link').click()
  File "/home/travis/.local/lib/python2.7/site-packages/SeleniumLibrary/base/context.py", line 74, in find_element
    return self.element_finder.find(locator, tag, True, required, parent)
  File "/home/travis/.local/lib/python2.7/site-packages/SeleniumLibrary/locators/elementfinder.py", line 77, in find
    % (element_type, locator))
20201114 18:50:15.494 - INFO - +----- END KW: SeleniumLibrary.Click Link (98)
20201114 18:50:15.494 - INFO - +----- START KW: SeleniumLibrary.Click Link [ ${NAVBAR_SIGN_OUT_LINK} ]
20201114 18:50:15.495 - INFO - Clicking link '//*[@id="navbar-profile-user-logout"]'.
20201114 18:50:15.498 - INFO - +------ START KW: SeleniumLibrary.Capture Page Screenshot [ ]
20201114 18:50:15.626 - INFO - </td></tr><tr><td colspan="3"><a href="selenium-screenshot-33.png"><img src="selenium-screenshot-33.png" width="800px"></a>
20201114 18:50:15.627 - INFO - +------ END KW: SeleniumLibrary.Capture Page Screenshot (129)
20201114 18:50:15.627 - FAIL - Link with locator '//*[@id="navbar-profile-user-logout"]' not found.
20201114 18:50:15.627 - DEBUG - Traceback (most recent call last):
  File "/home/travis/.local/lib/python2.7/site-packages/SeleniumLibrary/__init__.py", line 471, in run_keyword
    return DynamicCore.run_keyword(self, name, args, kwargs)
  File "/home/travis/.local/lib/python2.7/site-packages/robotlibcore.py", line 103, in run_keyword
    return self.keywords[name](*args, **(kwargs or {}))
  File "/home/travis/.local/lib/python2.7/site-packages/SeleniumLibrary/keywords/element.py", line 569, in click_link
    self.find_element(locator, tag='link').click()
  File "/home/travis/.local/lib/python2.7/site-packages/SeleniumLibrary/base/context.py", line 74, in find_element
    return self.element_finder.find(locator, tag, True, required, parent)
  File "/home/travis/.local/lib/python2.7/site-packages/SeleniumLibrary/locators/elementfinder.py", line 77, in find
    % (element_type, locator))
20201114 18:50:15.627 - INFO - +----- END KW: SeleniumLibrary.Click Link (133)
20201114 18:50:15.627 - INFO - +---- END TEARDOWN: FunctionsGlobal.Sign Out User (232)
------------------------------------------------------------------------------
20201114 18:50:15.628 - INFO - +--- END TEST: Seeded are fully valid (1807)
------------------------------------------------------------------------------
20201114 18:50:15.631 - INFO - +--- START TEST: Freshly created accounts are fully valid [ ]
------------------------------------------------------------------------------
20201114 18:50:15.633 - INFO - +---- START SETUP: FunctionsGlobal.Clear Database [ ]
20201114 18:50:15.635 - INFO - +----- START KW: FunctionsGlobal.Go To Url [ ${PAGE_DEV_RESET_DB_URL} ]
20201114 18:50:15.636 - INFO - +------ START KW: FunctionsGlobal.Got To Url With Param [ ${url} | &{params} ]
20201114 18:50:15.638 - INFO - +------- START KW: BuiltIn.Replace Variables [ ${url} ]
20201114 18:50:15.639 - DEBUG - Test timeout 2 minutes active. 119.991 seconds left.
20201114 18:50:15.639 - INFO - ${url_} = http://localhost:3001/devel/db/reset
20201114 18:50:15.640 - INFO - +------- END KW: BuiltIn.Replace Variables (1)
20201114 18:50:15.640 - INFO - +------- START KW: SeleniumLibrary.Go To [ ${url_} ]
20201114 18:50:15.641 - DEBUG - Test timeout 2 minutes active. 119.989 seconds left.
20201114 18:50:15.641 - INFO - Opening url 'http://localhost:3001/devel/db/reset'
20201114 18:50:15.911 - INFO - +------- END KW: SeleniumLibrary.Go To (271)
20201114 18:50:15.912 - INFO - +------ END KW: FunctionsGlobal.Got To Url With Param (276)
20201114 18:50:15.912 - INFO - +------ START KW: FunctionsGlobal.Page WithoutWarningOrFailure [ ]
20201114 18:50:15.913 - INFO - +------- START KW: SeleniumLibrary.Page Should Not Contain [ Warning: ]
20201114 18:50:15.913 - DEBUG - Test timeout 2 minutes active. 119.716 seconds left.
20201114 18:50:15.928 - DEBUG - Current frame has 0 subframes.
20201114 18:50:15.928 - INFO - Current page does not contain text 'Warning:'.
20201114 18:50:15.928 - INFO - +------- END KW: SeleniumLibrary.Page Should Not Contain (15)
20201114 18:50:15.928 - INFO - +------- START KW: SeleniumLibrary.Page Should Not Contain [ Failed ]
20201114 18:50:15.928 - DEBUG - Test timeout 2 minutes active. 119.701 seconds left.
20201114 18:50:15.936 - DEBUG - Current frame has 0 subframes.
20201114 18:50:15.936 - INFO - Current page does not contain text 'Failed'.
20201114 18:50:15.936 - INFO - +------- END KW: SeleniumLibrary.Page Should Not Contain (8)
20201114 18:50:15.936 - INFO - +------- START KW: SeleniumLibrary.Page Should Not Contain [ Internal Server Error ]
20201114 18:50:15.937 - DEBUG - Test timeout 2 minutes active. 119.693 seconds left.
20201114 18:50:15.943 - DEBUG - Current frame has 0 subframes.
20201114 18:50:15.943 - INFO - Current page does not contain text 'Internal Server Error'.
20201114 18:50:15.943 - INFO - +------- END KW: SeleniumLibrary.Page Should Not Contain (7)
20201114 18:50:15.943 - INFO - +------ END KW: FunctionsGlobal.Page WithoutWarningOrFailure (31)
20201114 18:50:15.943 - INFO - +----- END KW: FunctionsGlobal.Go To Url (308)
20201114 18:50:15.943 - INFO - +----- START KW: SeleniumLibrary.Page Should Contain [ OK ]
20201114 18:50:15.943 - DEBUG - Test timeout 2 minutes active. 119.686 seconds left.
20201114 18:50:15.948 - INFO - Current page contains text 'OK'.
20201114 18:50:15.948 - INFO - +----- END KW: SeleniumLibrary.Page Should Contain (5)
20201114 18:50:15.948 - INFO - +---- END SETUP: FunctionsGlobal.Clear Database (315)
~~~~~~~~~~~~~~~~~~~~~~~~~~~~~~~~~~~~~~~~~~~~~~~~~~~~~~~~~~~~~~~~~~~~~~~~~~~~~~
20201114 18:50:15.948 - INFO - +---- START KW: PageRegistration.Create User [ ${USER_2.name} ]
20201114 18:50:15.949 - INFO - +----- START KW: FunctionsGlobal.Go To Url [ ${PAGE_REGISTER_URL} ]
20201114 18:50:15.950 - INFO - +------ START KW: FunctionsGlobal.Got To Url With Param [ ${url} | &{params} ]
20201114 18:50:15.951 - INFO - +------- START KW: BuiltIn.Replace Variables [ ${url} ]
20201114 18:50:15.951 - DEBUG - Test timeout 2 minutes active. 119.679 seconds left.
20201114 18:50:15.951 - INFO - ${url_} = http://localhost:3001/en/registration
20201114 18:50:15.951 - INFO - +------- END KW: BuiltIn.Replace Variables (0)
20201114 18:50:15.951 - INFO - +------- START KW: SeleniumLibrary.Go To [ ${url_} ]
20201114 18:50:15.951 - DEBUG - Test timeout 2 minutes active. 119.678 seconds left.
20201114 18:50:15.951 - INFO - Opening url 'http://localhost:3001/en/registration'
20201114 18:50:16.189 - INFO - +------- END KW: SeleniumLibrary.Go To (238)
20201114 18:50:16.189 - INFO - +------ END KW: FunctionsGlobal.Got To Url With Param (239)
20201114 18:50:16.190 - INFO - +------ START KW: FunctionsGlobal.Page WithoutWarningOrFailure [ ]
20201114 18:50:16.190 - INFO - +------- START KW: SeleniumLibrary.Page Should Not Contain [ Warning: ]
20201114 18:50:16.191 - DEBUG - Test timeout 2 minutes active. 119.439 seconds left.
20201114 18:50:16.386 - DEBUG - Current frame has 0 subframes.
20201114 18:50:16.386 - INFO - Current page does not contain text 'Warning:'.
20201114 18:50:16.386 - INFO - +------- END KW: SeleniumLibrary.Page Should Not Contain (196)
20201114 18:50:16.387 - INFO - +------- START KW: SeleniumLibrary.Page Should Not Contain [ Failed ]
20201114 18:50:16.387 - DEBUG - Test timeout 2 minutes active. 119.243 seconds left.
20201114 18:50:16.418 - DEBUG - Current frame has 0 subframes.
20201114 18:50:16.418 - INFO - Current page does not contain text 'Failed'.
20201114 18:50:16.419 - INFO - +------- END KW: SeleniumLibrary.Page Should Not Contain (31)
20201114 18:50:16.419 - INFO - +------- START KW: SeleniumLibrary.Page Should Not Contain [ Internal Server Error ]
20201114 18:50:16.419 - DEBUG - Test timeout 2 minutes active. 119.211 seconds left.
20201114 18:50:16.443 - DEBUG - Current frame has 0 subframes.
20201114 18:50:16.443 - INFO - Current page does not contain text 'Internal Server Error'.
20201114 18:50:16.443 - INFO - +------- END KW: SeleniumLibrary.Page Should Not Contain (24)
20201114 18:50:16.444 - INFO - +------ END KW: FunctionsGlobal.Page WithoutWarningOrFailure (254)
20201114 18:50:16.444 - INFO - +----- END KW: FunctionsGlobal.Go To Url (495)
20201114 18:50:16.444 - INFO - +----- START KW: PageRegistration.Fill Registration Form [ ${username} | ${email} | ${password} | ${language} | ${daily_mail} | ${terms_of_use} ]
20201114 18:50:16.445 - INFO - +------ START KW: SeleniumLibrary.Input Text [ ${REGISTRATION_USERNAME_INPUT} | ${username} ]
20201114 18:50:16.445 - DEBUG - Test timeout 2 minutes active. 119.184 seconds left.
20201114 18:50:16.446 - INFO - Typing text 'username2' into text field '//*[@id="usernameInput"]'.
20201114 18:50:16.508 - INFO - +------ END KW: SeleniumLibrary.Input Text (63)
20201114 18:50:16.508 - INFO - +------ START KW: SeleniumLibrary.Input Text [ ${REGISTRATION_EMAIL_INPUT} | ${email} ]
20201114 18:50:16.509 - DEBUG - Test timeout 2 minutes active. 119.121 seconds left.
20201114 18:50:16.509 - INFO - Typing text 'username2+qa@geokrety.org' into text field '//*[@id="emailInput"]'.
20201114 18:50:16.561 - INFO - +------ END KW: SeleniumLibrary.Input Text (53)
20201114 18:50:16.561 - INFO - +------ START KW: SeleniumLibrary.Input Text [ ${REGISTRATION_PASSWORD_INPUT} | ${password} ]
20201114 18:50:16.562 - DEBUG - Test timeout 2 minutes active. 119.068 seconds left.
20201114 18:50:16.562 - INFO - Typing text 'password' into text field '//*[@id="passwordInput"]'.
20201114 18:50:16.614 - INFO - +------ END KW: SeleniumLibrary.Input Text (53)
20201114 18:50:16.614 - INFO - +------ START KW: SeleniumLibrary.Input Text [ ${REGISTRATION_PASSWORD_CONFIRM_INPUT} | ${password} ]
20201114 18:50:16.615 - DEBUG - Test timeout 2 minutes active. 119.015 seconds left.
20201114 18:50:16.615 - INFO - Typing text 'password' into text field '//*[@id="passwordConfirmInput"]'.
20201114 18:50:16.637 - INFO - +------ END KW: SeleniumLibrary.Input Text (22)
20201114 18:50:16.637 - INFO - +------ START KW: SeleniumLibrary.Select From List By Value [ ${REGISTRATION_PREFERRED_LANGUAGE_SELECT} | ${language} ]
20201114 18:50:16.637 - DEBUG - Test timeout 2 minutes active. 118.992 seconds left.
20201114 18:50:16.637 - INFO - Selecting options from selection list '//*[@id="preferredLanguageInput"]' by value en.
20201114 18:50:16.680 - INFO - +------ END KW: SeleniumLibrary.Select From List By Value (43)
20201114 18:50:16.680 - INFO - +------ START KW: BuiltIn.Run Keyword If [ ${daily_mail} | Select Checkbox | ${REGISTRATION_DAILY_MAIL_CHECKBOX} ]
20201114 18:50:16.681 - INFO - +------ END KW: BuiltIn.Run Keyword If (1)
20201114 18:50:16.681 - INFO - +------ START KW: BuiltIn.Run Keyword If [ ${terms_of_use} | Select Checkbox | ${REGISTRATION_TERMS_OF_USE_CHECKBOX} ]
20201114 18:50:16.681 - INFO - +------- START KW: SeleniumLibrary.Select Checkbox [ ${REGISTRATION_TERMS_OF_USE_CHECKBOX} ]
20201114 18:50:16.681 - DEBUG - Test timeout 2 minutes active. 118.948 seconds left.
20201114 18:50:16.682 - INFO - Selecting checkbox '//*[@id="termsOfUseInput"]'.
20201114 18:50:16.912 - INFO - +------- END KW: SeleniumLibrary.Select Checkbox (231)
20201114 18:50:16.913 - INFO - +------ END KW: BuiltIn.Run Keyword If (231)
20201114 18:50:16.913 - INFO - +----- END KW: PageRegistration.Fill Registration Form (469)
20201114 18:50:16.913 - INFO - +----- START KW: SeleniumLibrary.Click Button [ ${REGISTRATION_REGISTER_BUTTON} ]
20201114 18:50:16.913 - DEBUG - Test timeout 2 minutes active. 118.716 seconds left.
20201114 18:50:16.913 - INFO - Clicking button '//*[@id="registerButton"]'.
20201114 18:50:18.132 - INFO - +----- END KW: SeleniumLibrary.Click Button (1219)
20201114 18:50:18.133 - INFO - +----- START KW: SeleniumLibrary.Location Should Contain [ ${GK_URL}/${language}/users/ ]
20201114 18:50:18.133 - DEBUG - Test timeout 2 minutes active. 117.496 seconds left.
20201114 18:50:18.164 - INFO - Current location contains 'http://localhost:3001/en/users/'.
20201114 18:50:18.165 - INFO - +----- END KW: SeleniumLibrary.Location Should Contain (33)
20201114 18:50:18.165 - INFO - +----- START KW: SeleniumLibrary.Page Should Not Contain [ No such item! ]
20201114 18:50:18.165 - DEBUG - Test timeout 2 minutes active. 117.464 seconds left.
20201114 18:50:18.182 - DEBUG - Current frame has 0 subframes.
20201114 18:50:18.182 - INFO - Current page does not contain text 'No such item!'.
20201114 18:50:18.182 - INFO - +----- END KW: SeleniumLibrary.Page Should Not Contain (17)
20201114 18:50:18.182 - INFO - +---- END KW: PageRegistration.Create User (2234)
~~~~~~~~~~~~~~~~~~~~~~~~~~~~~~~~~~~~~~~~~~~~~~~~~~~~~~~~~~~~~~~~~~~~~~~~~~~~~~
20201114 18:50:18.182 - INFO - +---- START KW: PageRegistration.Activate user account [ ]
20201114 18:50:18.183 - INFO - +----- START KW: FunctionsGlobal.Go To Url [ ${PAGE_DEV_MAILBOX_URL} ]
20201114 18:50:18.184 - INFO - +------ START KW: FunctionsGlobal.Got To Url With Param [ ${url} | &{params} ]
20201114 18:50:18.184 - INFO - +------- START KW: BuiltIn.Replace Variables [ ${url} ]
20201114 18:50:18.184 - DEBUG - Test timeout 2 minutes active. 117.445 seconds left.
20201114 18:50:18.185 - INFO - ${url_} = http://localhost:3001/devel/mail
20201114 18:50:18.185 - INFO - +------- END KW: BuiltIn.Replace Variables (1)
20201114 18:50:18.185 - INFO - +------- START KW: SeleniumLibrary.Go To [ ${url_} ]
20201114 18:50:18.185 - DEBUG - Test timeout 2 minutes active. 117.444 seconds left.
20201114 18:50:18.185 - INFO - Opening url 'http://localhost:3001/devel/mail'
20201114 18:50:18.412 - INFO - +------- END KW: SeleniumLibrary.Go To (227)
20201114 18:50:18.412 - INFO - +------ END KW: FunctionsGlobal.Got To Url With Param (229)
20201114 18:50:18.412 - INFO - +------ START KW: FunctionsGlobal.Page WithoutWarningOrFailure [ ]
20201114 18:50:18.413 - INFO - +------- START KW: SeleniumLibrary.Page Should Not Contain [ Warning: ]
20201114 18:50:18.413 - DEBUG - Test timeout 2 minutes active. 117.217 seconds left.
20201114 18:50:18.433 - DEBUG - Current frame has 0 subframes.
20201114 18:50:18.433 - INFO - Current page does not contain text 'Warning:'.
20201114 18:50:18.433 - INFO - +------- END KW: SeleniumLibrary.Page Should Not Contain (20)
20201114 18:50:18.433 - INFO - +------- START KW: SeleniumLibrary.Page Should Not Contain [ Failed ]
20201114 18:50:18.434 - DEBUG - Test timeout 2 minutes active. 117.196 seconds left.
20201114 18:50:18.446 - DEBUG - Current frame has 0 subframes.
20201114 18:50:18.446 - INFO - Current page does not contain text 'Failed'.
20201114 18:50:18.446 - INFO - +------- END KW: SeleniumLibrary.Page Should Not Contain (13)
20201114 18:50:18.446 - INFO - +------- START KW: SeleniumLibrary.Page Should Not Contain [ Internal Server Error ]
20201114 18:50:18.447 - DEBUG - Test timeout 2 minutes active. 117.183 seconds left.
20201114 18:50:18.455 - DEBUG - Current frame has 0 subframes.
20201114 18:50:18.455 - INFO - Current page does not contain text 'Internal Server Error'.
20201114 18:50:18.455 - INFO - +------- END KW: SeleniumLibrary.Page Should Not Contain (9)
20201114 18:50:18.455 - INFO - +------ END KW: FunctionsGlobal.Page WithoutWarningOrFailure (43)
20201114 18:50:18.455 - INFO - +----- END KW: FunctionsGlobal.Go To Url (272)
20201114 18:50:18.455 - INFO - +----- START KW: SeleniumLibrary.Click Link [ ${DEV_MAILBOX_FIRST_MAIL_LINK} ]
20201114 18:50:18.456 - DEBUG - Test timeout 2 minutes active. 117.174 seconds left.
20201114 18:50:18.456 - INFO - Clicking link '//*[@id="mailsTable"]/tbody/tr/td[@class="mail_id" and text()="0"]/parent::tr//a[contains(@class, "displayMailLink")]'.
20201114 18:50:18.614 - INFO - +----- END KW: SeleniumLibrary.Click Link (159)
20201114 18:50:18.614 - INFO - +----- START KW: SeleniumLibrary.Location Should Be [ ${PAGE_DEV_MAILBOX_FIRST_MAIL_URL} ]
20201114 18:50:18.615 - DEBUG - Test timeout 2 minutes active. 117.015 seconds left.
20201114 18:50:18.627 - INFO - Current location is 'http://localhost:3001/devel/mail/0'.
20201114 18:50:18.627 - INFO - +----- END KW: SeleniumLibrary.Location Should Be (13)
20201114 18:50:18.628 - INFO - +----- START KW: SeleniumLibrary.Page Should Contain [ Welcome to GeoKrety.org ]
20201114 18:50:18.628 - DEBUG - Test timeout 2 minutes active. 117.002 seconds left.
20201114 18:50:18.639 - INFO - Current page contains text 'Welcome to GeoKrety.org'.
20201114 18:50:18.640 - INFO - +----- END KW: SeleniumLibrary.Page Should Contain (12)
20201114 18:50:18.640 - INFO - +----- START KW: SeleniumLibrary.Page Should Contain [ Activate your account ]
20201114 18:50:18.640 - DEBUG - Test timeout 2 minutes active. 116.99 seconds left.
20201114 18:50:18.653 - INFO - Current page contains text 'Activate your account'.
20201114 18:50:18.653 - INFO - +----- END KW: SeleniumLibrary.Page Should Contain (13)
20201114 18:50:18.653 - INFO - +----- START KW: FunctionsGlobal.Click Link With Text [ Activate your account ]
20201114 18:50:18.654 - INFO - +------ START KW: SeleniumLibrary.Click Link [ //a[contains(text(),"${text}")] ]
20201114 18:50:18.654 - DEBUG - Test timeout 2 minutes active. 116.976 seconds left.
20201114 18:50:18.654 - INFO - Clicking link '//a[contains(text(),"Activate your account")]'.
20201114 18:50:20.509 - INFO - +------ END KW: SeleniumLibrary.Click Link (1855)
20201114 18:50:20.510 - INFO - +----- END KW: FunctionsGlobal.Click Link With Text (1857)
20201114 18:50:20.510 - INFO - +----- START KW: SeleniumLibrary.Wait Until Page Contains [ Welcome to the GeoKrety.org community! ]
20201114 18:50:20.510 - DEBUG - Test timeout 2 minutes active. 115.119 seconds left.
20201114 18:50:20.523 - INFO - +----- END KW: SeleniumLibrary.Wait Until Page Contains (13)
20201114 18:50:20.524 - INFO - +----- START KW: FunctionsGlobal.Delete First Mail in Mailbox [ ]
20201114 18:50:20.524 - INFO - +------ START KW: FunctionsGlobal.Go To Url [ ${PAGE_DEV_MAILBOX_URL} ]
20201114 18:50:20.525 - INFO - +------- START KW: FunctionsGlobal.Got To Url With Param [ ${url} | &{params} ]
20201114 18:50:20.525 - INFO - +-------- START KW: BuiltIn.Replace Variables [ ${url} ]
20201114 18:50:20.526 - DEBUG - Test timeout 2 minutes active. 115.104 seconds left.
20201114 18:50:20.526 - INFO - ${url_} = http://localhost:3001/devel/mail
20201114 18:50:20.526 - INFO - +-------- END KW: BuiltIn.Replace Variables (1)
20201114 18:50:20.526 - INFO - +-------- START KW: SeleniumLibrary.Go To [ ${url_} ]
20201114 18:50:20.526 - DEBUG - Test timeout 2 minutes active. 115.104 seconds left.
20201114 18:50:20.526 - INFO - Opening url 'http://localhost:3001/devel/mail'
20201114 18:50:20.754 - INFO - +-------- END KW: SeleniumLibrary.Go To (228)
20201114 18:50:20.754 - INFO - +------- END KW: FunctionsGlobal.Got To Url With Param (229)
20201114 18:50:20.755 - INFO - +------- START KW: FunctionsGlobal.Page WithoutWarningOrFailure [ ]
20201114 18:50:20.755 - INFO - +-------- START KW: SeleniumLibrary.Page Should Not Contain [ Warning: ]
20201114 18:50:20.755 - DEBUG - Test timeout 2 minutes active. 114.874 seconds left.
20201114 18:50:20.792 - DEBUG - Current frame has 0 subframes.
20201114 18:50:20.792 - INFO - Current page does not contain text 'Warning:'.
20201114 18:50:20.792 - INFO - +-------- END KW: SeleniumLibrary.Page Should Not Contain (37)
20201114 18:50:20.793 - INFO - +-------- START KW: SeleniumLibrary.Page Should Not Contain [ Failed ]
20201114 18:50:20.793 - DEBUG - Test timeout 2 minutes active. 114.837 seconds left.
20201114 18:50:20.825 - DEBUG - Current frame has 0 subframes.
20201114 18:50:20.825 - INFO - Current page does not contain text 'Failed'.
20201114 18:50:20.825 - INFO - +-------- END KW: SeleniumLibrary.Page Should Not Contain (32)
20201114 18:50:20.826 - INFO - +-------- START KW: SeleniumLibrary.Page Should Not Contain [ Internal Server Error ]
20201114 18:50:20.826 - DEBUG - Test timeout 2 minutes active. 114.804 seconds left.
20201114 18:50:20.837 - DEBUG - Current frame has 0 subframes.
20201114 18:50:20.837 - INFO - Current page does not contain text 'Internal Server Error'.
20201114 18:50:20.837 - INFO - +-------- END KW: SeleniumLibrary.Page Should Not Contain (11)
20201114 18:50:20.838 - INFO - +------- END KW: FunctionsGlobal.Page WithoutWarningOrFailure (83)
20201114 18:50:20.838 - INFO - +------ END KW: FunctionsGlobal.Go To Url (314)
20201114 18:50:20.838 - INFO - +------ START KW: SeleniumLibrary.Click Element [ ${DEV_MAILBOX_FIRST_MAIL_DELETE_LINK} ]
20201114 18:50:20.838 - DEBUG - Test timeout 2 minutes active. 114.791 seconds left.
20201114 18:50:20.838 - INFO - Clicking element '//*[@id="mailsTable"]/tbody/tr/td[@class="mail_id" and text()="0"]/parent::tr//a[contains(@class, "deleteMailLink")]'.
20201114 18:50:21.270 - INFO - +------ END KW: SeleniumLibrary.Click Element (432)
20201114 18:50:21.270 - INFO - +----- END KW: FunctionsGlobal.Delete First Mail in Mailbox (746)
20201114 18:50:21.271 - INFO - +---- END KW: PageRegistration.Activate user account (3088)
~~~~~~~~~~~~~~~~~~~~~~~~~~~~~~~~~~~~~~~~~~~~~~~~~~~~~~~~~~~~~~~~~~~~~~~~~~~~~~
20201114 18:50:21.271 - INFO - +---- START KW: FunctionsGlobal.Sign Out Fast [ ]
20201114 18:50:21.271 - INFO - +----- START KW: FunctionsGlobal.Go To Url [ ${GK_URL}/devel/users/logout ]
20201114 18:50:21.272 - INFO - +------ START KW: FunctionsGlobal.Got To Url With Param [ ${url} | &{params} ]
20201114 18:50:21.272 - INFO - +------- START KW: BuiltIn.Replace Variables [ ${url} ]
20201114 18:50:21.273 - DEBUG - Test timeout 2 minutes active. 114.357 seconds left.
20201114 18:50:21.273 - INFO - ${url_} = http://localhost:3001/devel/users/logout
20201114 18:50:21.273 - INFO - +------- END KW: BuiltIn.Replace Variables (1)
20201114 18:50:21.273 - INFO - +------- START KW: SeleniumLibrary.Go To [ ${url_} ]
20201114 18:50:21.274 - DEBUG - Test timeout 2 minutes active. 114.356 seconds left.
20201114 18:50:21.274 - INFO - Opening url 'http://localhost:3001/devel/users/logout'
20201114 18:50:21.442 - INFO - +------- END KW: SeleniumLibrary.Go To (169)
20201114 18:50:21.442 - INFO - +------ END KW: FunctionsGlobal.Got To Url With Param (170)
20201114 18:50:21.443 - INFO - +------ START KW: FunctionsGlobal.Page WithoutWarningOrFailure [ ]
20201114 18:50:21.443 - INFO - +------- START KW: SeleniumLibrary.Page Should Not Contain [ Warning: ]
20201114 18:50:21.443 - DEBUG - Test timeout 2 minutes active. 114.186 seconds left.
20201114 18:50:21.455 - DEBUG - Current frame has 0 subframes.
20201114 18:50:21.455 - INFO - Current page does not contain text 'Warning:'.
20201114 18:50:21.456 - INFO - +------- END KW: SeleniumLibrary.Page Should Not Contain (13)
20201114 18:50:21.456 - INFO - +------- START KW: SeleniumLibrary.Page Should Not Contain [ Failed ]
20201114 18:50:21.456 - DEBUG - Test timeout 2 minutes active. 114.174 seconds left.
20201114 18:50:21.463 - DEBUG - Current frame has 0 subframes.
20201114 18:50:21.463 - INFO - Current page does not contain text 'Failed'.
20201114 18:50:21.463 - INFO - +------- END KW: SeleniumLibrary.Page Should Not Contain (7)
20201114 18:50:21.463 - INFO - +------- START KW: SeleniumLibrary.Page Should Not Contain [ Internal Server Error ]
20201114 18:50:21.463 - DEBUG - Test timeout 2 minutes active. 114.166 seconds left.
20201114 18:50:21.471 - DEBUG - Current frame has 0 subframes.
20201114 18:50:21.471 - INFO - Current page does not contain text 'Internal Server Error'.
20201114 18:50:21.471 - INFO - +------- END KW: SeleniumLibrary.Page Should Not Contain (8)
20201114 18:50:21.471 - INFO - +------ END KW: FunctionsGlobal.Page WithoutWarningOrFailure (28)
20201114 18:50:21.472 - INFO - +----- END KW: FunctionsGlobal.Go To Url (201)
20201114 18:50:21.472 - INFO - +---- END KW: FunctionsGlobal.Sign Out Fast (201)
~~~~~~~~~~~~~~~~~~~~~~~~~~~~~~~~~~~~~~~~~~~~~~~~~~~~~~~~~~~~~~~~~~~~~~~~~~~~~~
20201114 18:50:21.472 - INFO - +---- START KW: FunctionsGlobal.Go To Url [ ${PAGE_HOME_URL} ]
20201114 18:50:21.472 - INFO - +----- START KW: FunctionsGlobal.Got To Url With Param [ ${url} | &{params} ]
20201114 18:50:21.473 - INFO - +------ START KW: BuiltIn.Replace Variables [ ${url} ]
20201114 18:50:21.473 - DEBUG - Test timeout 2 minutes active. 114.156 seconds left.
20201114 18:50:21.474 - INFO - ${url_} = http://localhost:3001/en
20201114 18:50:21.474 - INFO - +------ END KW: BuiltIn.Replace Variables (1)
20201114 18:50:21.474 - INFO - +------ START KW: SeleniumLibrary.Go To [ ${url_} ]
20201114 18:50:21.474 - DEBUG - Test timeout 2 minutes active. 114.156 seconds left.
20201114 18:50:21.474 - INFO - Opening url 'http://localhost:3001/en'
20201114 18:50:21.698 - INFO - +------ END KW: SeleniumLibrary.Go To (224)
20201114 18:50:21.699 - INFO - +----- END KW: FunctionsGlobal.Got To Url With Param (226)
20201114 18:50:21.699 - INFO - +----- START KW: FunctionsGlobal.Page WithoutWarningOrFailure [ ]
20201114 18:50:21.699 - INFO - +------ START KW: SeleniumLibrary.Page Should Not Contain [ Warning: ]
20201114 18:50:21.699 - DEBUG - Test timeout 2 minutes active. 113.93 seconds left.
20201114 18:50:21.723 - DEBUG - Current frame has 0 subframes.
20201114 18:50:21.723 - INFO - Current page does not contain text 'Warning:'.
20201114 18:50:21.723 - INFO - +------ END KW: SeleniumLibrary.Page Should Not Contain (24)
20201114 18:50:21.724 - INFO - +------ START KW: SeleniumLibrary.Page Should Not Contain [ Failed ]
20201114 18:50:21.724 - DEBUG - Test timeout 2 minutes active. 113.906 seconds left.
20201114 18:50:21.730 - DEBUG - Current frame has 0 subframes.
20201114 18:50:21.730 - INFO - Current page does not contain text 'Failed'.
20201114 18:50:21.731 - INFO - +------ END KW: SeleniumLibrary.Page Should Not Contain (7)
20201114 18:50:21.731 - INFO - +------ START KW: SeleniumLibrary.Page Should Not Contain [ Internal Server Error ]
20201114 18:50:21.731 - DEBUG - Test timeout 2 minutes active. 113.899 seconds left.
20201114 18:50:21.740 - DEBUG - Current frame has 0 subframes.
20201114 18:50:21.740 - INFO - Current page does not contain text 'Internal Server Error'.
20201114 18:50:21.740 - INFO - +------ END KW: SeleniumLibrary.Page Should Not Contain (9)
20201114 18:50:21.741 - INFO - +----- END KW: FunctionsGlobal.Page WithoutWarningOrFailure (42)
20201114 18:50:21.741 - INFO - +---- END KW: FunctionsGlobal.Go To Url (269)
~~~~~~~~~~~~~~~~~~~~~~~~~~~~~~~~~~~~~~~~~~~~~~~~~~~~~~~~~~~~~~~~~~~~~~~~~~~~~~
20201114 18:50:21.741 - INFO - +---- START KW: FunctionsGlobal.Sign In User [ ${USER_2.name} ]
20201114 18:50:21.742 - INFO - +----- START KW: SeleniumLibrary.Click Element [ ${NAVBAR_SIGN_IN_LINK} ]
20201114 18:50:21.749 - INFO - +------ START KW: SeleniumLibrary.Capture Page Screenshot [ ]
20201114 18:50:21.749 - DEBUG - Test timeout 2 minutes active. 113.881 seconds left.
20201114 18:50:21.831 - INFO - </td></tr><tr><td colspan="3"><a href="selenium-screenshot-34.png"><img src="selenium-screenshot-34.png" width="800px"></a>
20201114 18:50:21.832 - INFO - +------ END KW: SeleniumLibrary.Capture Page Screenshot (83)
20201114 18:50:21.742 - DEBUG - Test timeout 2 minutes active. 113.888 seconds left.
20201114 18:50:21.742 - INFO - Clicking element '//*[@id="navbar-profile-login"]'.
20201114 18:50:21.832 - FAIL - ElementNotInteractableException: Message: Element <a id="navbar-profile-login" class="btn btn-info" href="http://localhost:3001/en/login?goto=home&params=YToxOntpOjA7czozOiIvZW4iO30%253D&query=YTowOnt9"> could not be scrolled into view
20201114 18:50:21.832 - DEBUG - Traceback (most recent call last):
  File "/home/travis/.local/lib/python2.7/site-packages/SeleniumLibrary/__init__.py", line 471, in run_keyword
    return DynamicCore.run_keyword(self, name, args, kwargs)
  File "/home/travis/.local/lib/python2.7/site-packages/robotlibcore.py", line 103, in run_keyword
    return self.keywords[name](*args, **(kwargs or {}))
  File "/home/travis/.local/lib/python2.7/site-packages/SeleniumLibrary/keywords/element.py", line 610, in click_element
    self.find_element(locator).click()
  File "/home/travis/.local/lib/python2.7/site-packages/selenium/webdriver/remote/webelement.py", line 80, in click
    self._execute(Command.CLICK_ELEMENT)
  File "/home/travis/.local/lib/python2.7/site-packages/selenium/webdriver/remote/webelement.py", line 633, in _execute
    return self._parent.execute(command, params)
  File "/home/travis/.local/lib/python2.7/site-packages/selenium/webdriver/remote/webdriver.py", line 321, in execute
    self.error_handler.check_response(response)
  File "/home/travis/.local/lib/python2.7/site-packages/selenium/webdriver/remote/errorhandler.py", line 242, in check_response
    raise exception_class(message, screen, stacktrace)
20201114 18:50:21.832 - INFO - +----- END KW: SeleniumLibrary.Click Element (90)
20201114 18:50:21.832 - INFO - +---- END KW: FunctionsGlobal.Sign In User (91)
~~~~~~~~~~~~~~~~~~~~~~~~~~~~~~~~~~~~~~~~~~~~~~~~~~~~~~~~~~~~~~~~~~~~~~~~~~~~~~
20201114 18:50:21.833 - INFO - +---- START TEARDOWN: FunctionsGlobal.Sign Out User [ ]
20201114 18:50:21.833 - INFO - +----- START KW: SeleniumLibrary.Click Link [ ${NAVBAR_PROFILE_LINK} ]
20201114 18:50:21.834 - INFO - Clicking link '//*[@id="navbar-profile-user"]'.
20201114 18:50:21.837 - INFO - +------ START KW: SeleniumLibrary.Capture Page Screenshot [ ]
20201114 18:50:21.918 - INFO - </td></tr><tr><td colspan="3"><a href="selenium-screenshot-35.png"><img src="selenium-screenshot-35.png" width="800px"></a>
20201114 18:50:21.918 - INFO - +------ END KW: SeleniumLibrary.Capture Page Screenshot (81)
20201114 18:50:21.918 - FAIL - Link with locator '//*[@id="navbar-profile-user"]' not found.
20201114 18:50:21.918 - DEBUG - Traceback (most recent call last):
  File "/home/travis/.local/lib/python2.7/site-packages/SeleniumLibrary/__init__.py", line 471, in run_keyword
    return DynamicCore.run_keyword(self, name, args, kwargs)
  File "/home/travis/.local/lib/python2.7/site-packages/robotlibcore.py", line 103, in run_keyword
    return self.keywords[name](*args, **(kwargs or {}))
  File "/home/travis/.local/lib/python2.7/site-packages/SeleniumLibrary/keywords/element.py", line 569, in click_link
    self.find_element(locator, tag='link').click()
  File "/home/travis/.local/lib/python2.7/site-packages/SeleniumLibrary/base/context.py", line 74, in find_element
    return self.element_finder.find(locator, tag, True, required, parent)
  File "/home/travis/.local/lib/python2.7/site-packages/SeleniumLibrary/locators/elementfinder.py", line 77, in find
    % (element_type, locator))
20201114 18:50:21.918 - INFO - +----- END KW: SeleniumLibrary.Click Link (85)
20201114 18:50:21.919 - INFO - +----- START KW: SeleniumLibrary.Click Link [ ${NAVBAR_SIGN_OUT_LINK} ]
20201114 18:50:21.919 - INFO - Clicking link '//*[@id="navbar-profile-user-logout"]'.
20201114 18:50:21.922 - INFO - +------ START KW: SeleniumLibrary.Capture Page Screenshot [ ]
20201114 18:50:22.003 - INFO - </td></tr><tr><td colspan="3"><a href="selenium-screenshot-36.png"><img src="selenium-screenshot-36.png" width="800px"></a>
20201114 18:50:22.003 - INFO - +------ END KW: SeleniumLibrary.Capture Page Screenshot (81)
20201114 18:50:22.003 - FAIL - Link with locator '//*[@id="navbar-profile-user-logout"]' not found.
20201114 18:50:22.003 - DEBUG - Traceback (most recent call last):
  File "/home/travis/.local/lib/python2.7/site-packages/SeleniumLibrary/__init__.py", line 471, in run_keyword
    return DynamicCore.run_keyword(self, name, args, kwargs)
  File "/home/travis/.local/lib/python2.7/site-packages/robotlibcore.py", line 103, in run_keyword
    return self.keywords[name](*args, **(kwargs or {}))
  File "/home/travis/.local/lib/python2.7/site-packages/SeleniumLibrary/keywords/element.py", line 569, in click_link
    self.find_element(locator, tag='link').click()
  File "/home/travis/.local/lib/python2.7/site-packages/SeleniumLibrary/base/context.py", line 74, in find_element
    return self.element_finder.find(locator, tag, True, required, parent)
  File "/home/travis/.local/lib/python2.7/site-packages/SeleniumLibrary/locators/elementfinder.py", line 77, in find
    % (element_type, locator))
20201114 18:50:22.004 - INFO - +----- END KW: SeleniumLibrary.Click Link (84)
20201114 18:50:22.004 - INFO - +---- END TEARDOWN: FunctionsGlobal.Sign Out User (171)
------------------------------------------------------------------------------
20201114 18:50:22.004 - INFO - +--- END TEST: Freshly created accounts are fully valid (6375)
------------------------------------------------------------------------------
20201114 18:50:22.005 - INFO - +--- START TEST: Legacy accounts are asked for terms of use [ ]
------------------------------------------------------------------------------
20201114 18:50:22.007 - INFO - +---- START SETUP: FunctionsGlobal.Clear Database [ ]
20201114 18:50:22.008 - INFO - +----- START KW: FunctionsGlobal.Go To Url [ ${PAGE_DEV_RESET_DB_URL} ]
20201114 18:50:22.009 - INFO - +------ START KW: FunctionsGlobal.Got To Url With Param [ ${url} | &{params} ]
20201114 18:50:22.010 - INFO - +------- START KW: BuiltIn.Replace Variables [ ${url} ]
20201114 18:50:22.011 - DEBUG - Test timeout 2 minutes active. 119.994 seconds left.
20201114 18:50:22.011 - INFO - ${url_} = http://localhost:3001/devel/db/reset
20201114 18:50:22.012 - INFO - +------- END KW: BuiltIn.Replace Variables (1)
20201114 18:50:22.012 - INFO - +------- START KW: SeleniumLibrary.Go To [ ${url_} ]
20201114 18:50:22.012 - DEBUG - Test timeout 2 minutes active. 119.993 seconds left.
20201114 18:50:22.012 - INFO - Opening url 'http://localhost:3001/devel/db/reset'
20201114 18:50:22.267 - INFO - +------- END KW: SeleniumLibrary.Go To (255)
20201114 18:50:22.267 - INFO - +------ END KW: FunctionsGlobal.Got To Url With Param (258)
20201114 18:50:22.267 - INFO - +------ START KW: FunctionsGlobal.Page WithoutWarningOrFailure [ ]
20201114 18:50:22.268 - INFO - +------- START KW: SeleniumLibrary.Page Should Not Contain [ Warning: ]
20201114 18:50:22.268 - DEBUG - Test timeout 2 minutes active. 119.737 seconds left.
20201114 18:50:22.280 - DEBUG - Current frame has 0 subframes.
20201114 18:50:22.280 - INFO - Current page does not contain text 'Warning:'.
20201114 18:50:22.280 - INFO - +------- END KW: SeleniumLibrary.Page Should Not Contain (12)
20201114 18:50:22.280 - INFO - +------- START KW: SeleniumLibrary.Page Should Not Contain [ Failed ]
20201114 18:50:22.281 - DEBUG - Test timeout 2 minutes active. 119.724 seconds left.
20201114 18:50:22.288 - DEBUG - Current frame has 0 subframes.
20201114 18:50:22.288 - INFO - Current page does not contain text 'Failed'.
20201114 18:50:22.289 - INFO - +------- END KW: SeleniumLibrary.Page Should Not Contain (9)
20201114 18:50:22.289 - INFO - +------- START KW: SeleniumLibrary.Page Should Not Contain [ Internal Server Error ]
20201114 18:50:22.289 - DEBUG - Test timeout 2 minutes active. 119.716 seconds left.
20201114 18:50:22.295 - DEBUG - Current frame has 0 subframes.
20201114 18:50:22.295 - INFO - Current page does not contain text 'Internal Server Error'.
20201114 18:50:22.295 - INFO - +------- END KW: SeleniumLibrary.Page Should Not Contain (6)
20201114 18:50:22.295 - INFO - +------ END KW: FunctionsGlobal.Page WithoutWarningOrFailure (28)
20201114 18:50:22.295 - INFO - +----- END KW: FunctionsGlobal.Go To Url (288)
20201114 18:50:22.295 - INFO - +----- START KW: SeleniumLibrary.Page Should Contain [ OK ]
20201114 18:50:22.295 - DEBUG - Test timeout 2 minutes active. 119.709 seconds left.
20201114 18:50:22.301 - INFO - Current page contains text 'OK'.
20201114 18:50:22.301 - INFO - +----- END KW: SeleniumLibrary.Page Should Contain (6)
20201114 18:50:22.302 - INFO - +---- END SETUP: FunctionsGlobal.Clear Database (295)
~~~~~~~~~~~~~~~~~~~~~~~~~~~~~~~~~~~~~~~~~~~~~~~~~~~~~~~~~~~~~~~~~~~~~~~~~~~~~~
20201114 18:50:22.302 - INFO - +---- START KW: FunctionsGlobal.Seed 1 users without terms of use [ ]
20201114 18:50:22.302 - INFO - +----- START KW: FunctionsGlobal.Go To Url [ ${PAGE_SEED_USER}/${count}/no-terms-of-use ]
20201114 18:50:22.303 - INFO - +------ START KW: FunctionsGlobal.Got To Url With Param [ ${url} | &{params} ]
20201114 18:50:22.303 - INFO - +------- START KW: BuiltIn.Replace Variables [ ${url} ]
20201114 18:50:22.303 - DEBUG - Test timeout 2 minutes active. 119.702 seconds left.
20201114 18:50:22.304 - INFO - ${url_} = http://localhost:3001/devel/db/users/seed/1/no-terms-of-use
20201114 18:50:22.304 - INFO - +------- END KW: BuiltIn.Replace Variables (1)
20201114 18:50:22.304 - INFO - +------- START KW: SeleniumLibrary.Go To [ ${url_} ]
20201114 18:50:22.304 - DEBUG - Test timeout 2 minutes active. 119.701 seconds left.
20201114 18:50:22.304 - INFO - Opening url 'http://localhost:3001/devel/db/users/seed/1/no-terms-of-use'
20201114 18:50:22.777 - INFO - +------- END KW: SeleniumLibrary.Go To (473)
20201114 18:50:22.777 - INFO - +------ END KW: FunctionsGlobal.Got To Url With Param (474)
20201114 18:50:22.777 - INFO - +------ START KW: FunctionsGlobal.Page WithoutWarningOrFailure [ ]
20201114 18:50:22.778 - INFO - +------- START KW: SeleniumLibrary.Page Should Not Contain [ Warning: ]
20201114 18:50:22.778 - DEBUG - Test timeout 2 minutes active. 119.227 seconds left.
20201114 18:50:22.793 - DEBUG - Current frame has 0 subframes.
20201114 18:50:22.793 - INFO - Current page does not contain text 'Warning:'.
20201114 18:50:22.793 - INFO - +------- END KW: SeleniumLibrary.Page Should Not Contain (15)
20201114 18:50:22.794 - INFO - +------- START KW: SeleniumLibrary.Page Should Not Contain [ Failed ]
20201114 18:50:22.794 - DEBUG - Test timeout 2 minutes active. 119.211 seconds left.
20201114 18:50:22.800 - DEBUG - Current frame has 0 subframes.
20201114 18:50:22.800 - INFO - Current page does not contain text 'Failed'.
20201114 18:50:22.800 - INFO - +------- END KW: SeleniumLibrary.Page Should Not Contain (6)
20201114 18:50:22.800 - INFO - +------- START KW: SeleniumLibrary.Page Should Not Contain [ Internal Server Error ]
20201114 18:50:22.800 - DEBUG - Test timeout 2 minutes active. 119.204 seconds left.
20201114 18:50:22.807 - DEBUG - Current frame has 0 subframes.
20201114 18:50:22.807 - INFO - Current page does not contain text 'Internal Server Error'.
20201114 18:50:22.808 - INFO - +------- END KW: SeleniumLibrary.Page Should Not Contain (8)
20201114 18:50:22.808 - INFO - +------ END KW: FunctionsGlobal.Page WithoutWarningOrFailure (31)
20201114 18:50:22.808 - INFO - +----- END KW: FunctionsGlobal.Go To Url (506)
20201114 18:50:22.808 - INFO - +----- START KW: FunctionsGlobal.Empty Dev Mailbox Fast [ ]
20201114 18:50:22.808 - INFO - +------ START KW: FunctionsGlobal.Go To Url [ ${PAGE_DEV_MAILBOX_CLEAR_URL} ]
20201114 18:50:22.809 - INFO - +------- START KW: FunctionsGlobal.Got To Url With Param [ ${url} | &{params} ]
20201114 18:50:22.810 - INFO - +-------- START KW: BuiltIn.Replace Variables [ ${url} ]
20201114 18:50:22.810 - DEBUG - Test timeout 2 minutes active. 119.195 seconds left.
20201114 18:50:22.810 - INFO - ${url_} = http://localhost:3001/devel/mail/delete/all
20201114 18:50:22.810 - INFO - +-------- END KW: BuiltIn.Replace Variables (0)
20201114 18:50:22.810 - INFO - +-------- START KW: SeleniumLibrary.Go To [ ${url_} ]
20201114 18:50:22.810 - DEBUG - Test timeout 2 minutes active. 119.195 seconds left.
20201114 18:50:22.810 - INFO - Opening url 'http://localhost:3001/devel/mail/delete/all'
20201114 18:50:23.111 - INFO - +-------- END KW: SeleniumLibrary.Go To (301)
20201114 18:50:23.111 - INFO - +------- END KW: FunctionsGlobal.Got To Url With Param (302)
20201114 18:50:23.111 - INFO - +------- START KW: FunctionsGlobal.Page WithoutWarningOrFailure [ ]
20201114 18:50:23.112 - INFO - +-------- START KW: SeleniumLibrary.Page Should Not Contain [ Warning: ]
20201114 18:50:23.112 - DEBUG - Test timeout 2 minutes active. 118.893 seconds left.
20201114 18:50:23.129 - DEBUG - Current frame has 0 subframes.
20201114 18:50:23.129 - INFO - Current page does not contain text 'Warning:'.
20201114 18:50:23.129 - INFO - +-------- END KW: SeleniumLibrary.Page Should Not Contain (17)
20201114 18:50:23.129 - INFO - +-------- START KW: SeleniumLibrary.Page Should Not Contain [ Failed ]
20201114 18:50:23.130 - DEBUG - Test timeout 2 minutes active. 118.875 seconds left.
20201114 18:50:23.140 - DEBUG - Current frame has 0 subframes.
20201114 18:50:23.140 - INFO - Current page does not contain text 'Failed'.
20201114 18:50:23.140 - INFO - +-------- END KW: SeleniumLibrary.Page Should Not Contain (11)
20201114 18:50:23.140 - INFO - +-------- START KW: SeleniumLibrary.Page Should Not Contain [ Internal Server Error ]
20201114 18:50:23.140 - DEBUG - Test timeout 2 minutes active. 118.865 seconds left.
20201114 18:50:23.147 - DEBUG - Current frame has 0 subframes.
20201114 18:50:23.147 - INFO - Current page does not contain text 'Internal Server Error'.
20201114 18:50:23.147 - INFO - +-------- END KW: SeleniumLibrary.Page Should Not Contain (7)
20201114 18:50:23.147 - INFO - +------- END KW: FunctionsGlobal.Page WithoutWarningOrFailure (36)
20201114 18:50:23.147 - INFO - +------ END KW: FunctionsGlobal.Go To Url (339)
20201114 18:50:23.147 - INFO - +----- END KW: FunctionsGlobal.Empty Dev Mailbox Fast (339)
20201114 18:50:23.147 - INFO - +---- END KW: FunctionsGlobal.Seed 1 users without terms of use (845)
~~~~~~~~~~~~~~~~~~~~~~~~~~~~~~~~~~~~~~~~~~~~~~~~~~~~~~~~~~~~~~~~~~~~~~~~~~~~~~
20201114 18:50:23.148 - INFO - +---- START KW: FunctionsGlobal.Go To Url [ ${PAGE_HOME_URL} ]
20201114 18:50:23.148 - INFO - +----- START KW: FunctionsGlobal.Got To Url With Param [ ${url} | &{params} ]
20201114 18:50:23.149 - INFO - +------ START KW: BuiltIn.Replace Variables [ ${url} ]
20201114 18:50:23.149 - DEBUG - Test timeout 2 minutes active. 118.856 seconds left.
20201114 18:50:23.149 - INFO - ${url_} = http://localhost:3001/en
20201114 18:50:23.149 - INFO - +------ END KW: BuiltIn.Replace Variables (0)
20201114 18:50:23.149 - INFO - +------ START KW: SeleniumLibrary.Go To [ ${url_} ]
20201114 18:50:23.150 - DEBUG - Test timeout 2 minutes active. 118.855 seconds left.
20201114 18:50:23.150 - INFO - Opening url 'http://localhost:3001/en'
20201114 18:50:23.407 - INFO - +------ END KW: SeleniumLibrary.Go To (258)
20201114 18:50:23.407 - INFO - +----- END KW: FunctionsGlobal.Got To Url With Param (259)
20201114 18:50:23.408 - INFO - +----- START KW: FunctionsGlobal.Page WithoutWarningOrFailure [ ]
20201114 18:50:23.408 - INFO - +------ START KW: SeleniumLibrary.Page Should Not Contain [ Warning: ]
20201114 18:50:23.409 - DEBUG - Test timeout 2 minutes active. 118.596 seconds left.
20201114 18:50:23.422 - DEBUG - Current frame has 0 subframes.
20201114 18:50:23.422 - INFO - Current page does not contain text 'Warning:'.
20201114 18:50:23.422 - INFO - +------ END KW: SeleniumLibrary.Page Should Not Contain (14)
20201114 18:50:23.422 - INFO - +------ START KW: SeleniumLibrary.Page Should Not Contain [ Failed ]
20201114 18:50:23.422 - DEBUG - Test timeout 2 minutes active. 118.583 seconds left.
20201114 18:50:23.428 - DEBUG - Current frame has 0 subframes.
20201114 18:50:23.428 - INFO - Current page does not contain text 'Failed'.
20201114 18:50:23.429 - INFO - +------ END KW: SeleniumLibrary.Page Should Not Contain (7)
20201114 18:50:23.429 - INFO - +------ START KW: SeleniumLibrary.Page Should Not Contain [ Internal Server Error ]
20201114 18:50:23.429 - DEBUG - Test timeout 2 minutes active. 118.576 seconds left.
20201114 18:50:23.440 - DEBUG - Current frame has 0 subframes.
20201114 18:50:23.440 - INFO - Current page does not contain text 'Internal Server Error'.
20201114 18:50:23.440 - INFO - +------ END KW: SeleniumLibrary.Page Should Not Contain (11)
20201114 18:50:23.440 - INFO - +----- END KW: FunctionsGlobal.Page WithoutWarningOrFailure (32)
20201114 18:50:23.440 - INFO - +---- END KW: FunctionsGlobal.Go To Url (292)
~~~~~~~~~~~~~~~~~~~~~~~~~~~~~~~~~~~~~~~~~~~~~~~~~~~~~~~~~~~~~~~~~~~~~~~~~~~~~~
20201114 18:50:23.440 - INFO - +---- START KW: FunctionsGlobal.Sign In User [ ${USER_1.name} ]
20201114 18:50:23.441 - INFO - +----- START KW: SeleniumLibrary.Click Element [ ${NAVBAR_SIGN_IN_LINK} ]
20201114 18:50:23.450 - INFO - +------ START KW: SeleniumLibrary.Capture Page Screenshot [ ]
20201114 18:50:23.450 - DEBUG - Test timeout 2 minutes active. 118.555 seconds left.
20201114 18:50:23.532 - INFO - </td></tr><tr><td colspan="3"><a href="selenium-screenshot-37.png"><img src="selenium-screenshot-37.png" width="800px"></a>
20201114 18:50:23.533 - INFO - +------ END KW: SeleniumLibrary.Capture Page Screenshot (83)
20201114 18:50:23.441 - DEBUG - Test timeout 2 minutes active. 118.564 seconds left.
20201114 18:50:23.441 - INFO - Clicking element '//*[@id="navbar-profile-login"]'.
20201114 18:50:23.533 - FAIL - ElementNotInteractableException: Message: Element <a id="navbar-profile-login" class="btn btn-info" href="http://localhost:3001/en/login?goto=home&params=YToxOntpOjA7czozOiIvZW4iO30%253D&query=YTowOnt9"> could not be scrolled into view
20201114 18:50:23.533 - DEBUG - Traceback (most recent call last):
  File "/home/travis/.local/lib/python2.7/site-packages/SeleniumLibrary/__init__.py", line 471, in run_keyword
    return DynamicCore.run_keyword(self, name, args, kwargs)
  File "/home/travis/.local/lib/python2.7/site-packages/robotlibcore.py", line 103, in run_keyword
    return self.keywords[name](*args, **(kwargs or {}))
  File "/home/travis/.local/lib/python2.7/site-packages/SeleniumLibrary/keywords/element.py", line 610, in click_element
    self.find_element(locator).click()
  File "/home/travis/.local/lib/python2.7/site-packages/selenium/webdriver/remote/webelement.py", line 80, in click
    self._execute(Command.CLICK_ELEMENT)
  File "/home/travis/.local/lib/python2.7/site-packages/selenium/webdriver/remote/webelement.py", line 633, in _execute
    return self._parent.execute(command, params)
  File "/home/travis/.local/lib/python2.7/site-packages/selenium/webdriver/remote/webdriver.py", line 321, in execute
    self.error_handler.check_response(response)
  File "/home/travis/.local/lib/python2.7/site-packages/selenium/webdriver/remote/errorhandler.py", line 242, in check_response
    raise exception_class(message, screen, stacktrace)
20201114 18:50:23.533 - INFO - +----- END KW: SeleniumLibrary.Click Element (92)
20201114 18:50:23.534 - INFO - +---- END KW: FunctionsGlobal.Sign In User (94)
~~~~~~~~~~~~~~~~~~~~~~~~~~~~~~~~~~~~~~~~~~~~~~~~~~~~~~~~~~~~~~~~~~~~~~~~~~~~~~
20201114 18:50:23.534 - INFO - +---- START TEARDOWN: FunctionsGlobal.Sign Out User [ ]
20201114 18:50:23.535 - INFO - +----- START KW: SeleniumLibrary.Click Link [ ${NAVBAR_PROFILE_LINK} ]
20201114 18:50:23.535 - INFO - Clicking link '//*[@id="navbar-profile-user"]'.
20201114 18:50:23.538 - INFO - +------ START KW: SeleniumLibrary.Capture Page Screenshot [ ]
20201114 18:50:23.665 - INFO - </td></tr><tr><td colspan="3"><a href="selenium-screenshot-38.png"><img src="selenium-screenshot-38.png" width="800px"></a>
20201114 18:50:23.665 - INFO - +------ END KW: SeleniumLibrary.Capture Page Screenshot (127)
20201114 18:50:23.666 - FAIL - Link with locator '//*[@id="navbar-profile-user"]' not found.
20201114 18:50:23.666 - DEBUG - Traceback (most recent call last):
  File "/home/travis/.local/lib/python2.7/site-packages/SeleniumLibrary/__init__.py", line 471, in run_keyword
    return DynamicCore.run_keyword(self, name, args, kwargs)
  File "/home/travis/.local/lib/python2.7/site-packages/robotlibcore.py", line 103, in run_keyword
    return self.keywords[name](*args, **(kwargs or {}))
  File "/home/travis/.local/lib/python2.7/site-packages/SeleniumLibrary/keywords/element.py", line 569, in click_link
    self.find_element(locator, tag='link').click()
  File "/home/travis/.local/lib/python2.7/site-packages/SeleniumLibrary/base/context.py", line 74, in find_element
    return self.element_finder.find(locator, tag, True, required, parent)
  File "/home/travis/.local/lib/python2.7/site-packages/SeleniumLibrary/locators/elementfinder.py", line 77, in find
    % (element_type, locator))
20201114 18:50:23.666 - INFO - +----- END KW: SeleniumLibrary.Click Link (131)
20201114 18:50:23.666 - INFO - +----- START KW: SeleniumLibrary.Click Link [ ${NAVBAR_SIGN_OUT_LINK} ]
20201114 18:50:23.666 - INFO - Clicking link '//*[@id="navbar-profile-user-logout"]'.
20201114 18:50:23.670 - INFO - +------ START KW: SeleniumLibrary.Capture Page Screenshot [ ]
20201114 18:50:23.752 - INFO - </td></tr><tr><td colspan="3"><a href="selenium-screenshot-39.png"><img src="selenium-screenshot-39.png" width="800px"></a>
20201114 18:50:23.752 - INFO - +------ END KW: SeleniumLibrary.Capture Page Screenshot (82)
20201114 18:50:23.753 - FAIL - Link with locator '//*[@id="navbar-profile-user-logout"]' not found.
20201114 18:50:23.753 - DEBUG - Traceback (most recent call last):
  File "/home/travis/.local/lib/python2.7/site-packages/SeleniumLibrary/__init__.py", line 471, in run_keyword
    return DynamicCore.run_keyword(self, name, args, kwargs)
  File "/home/travis/.local/lib/python2.7/site-packages/robotlibcore.py", line 103, in run_keyword
    return self.keywords[name](*args, **(kwargs or {}))
  File "/home/travis/.local/lib/python2.7/site-packages/SeleniumLibrary/keywords/element.py", line 569, in click_link
    self.find_element(locator, tag='link').click()
  File "/home/travis/.local/lib/python2.7/site-packages/SeleniumLibrary/base/context.py", line 74, in find_element
    return self.element_finder.find(locator, tag, True, required, parent)
  File "/home/travis/.local/lib/python2.7/site-packages/SeleniumLibrary/locators/elementfinder.py", line 77, in find
    % (element_type, locator))
20201114 18:50:23.753 - INFO - +----- END KW: SeleniumLibrary.Click Link (87)
20201114 18:50:23.753 - INFO - +---- END TEARDOWN: FunctionsGlobal.Sign Out User (219)
------------------------------------------------------------------------------
20201114 18:50:23.756 - INFO - +--- END TEST: Legacy accounts are asked for terms of use (1748)
------------------------------------------------------------------------------
20201114 18:50:23.770 - INFO - +-- END SUITE: Acceptance.020 SignIn.robot.030 MustAcceptTermOfUse (9972)
==============================================================================
20201114 18:50:23.813 - INFO - +-- START SUITE: Acceptance.020 SignIn.robot.040 RedirectToPageAfterLogin [ ]
==============================================================================
20201114 18:50:23.814 - INFO - +--- START SETUP: Seed [ ]
20201114 18:50:23.816 - INFO - +---- START KW: FunctionsGlobal.Clear Database [ ]
20201114 18:50:23.817 - INFO - +----- START KW: FunctionsGlobal.Go To Url [ ${PAGE_DEV_RESET_DB_URL} ]
20201114 18:50:23.820 - INFO - +------ START KW: FunctionsGlobal.Got To Url With Param [ ${url} | &{params} ]
20201114 18:50:23.820 - INFO - +------- START KW: BuiltIn.Replace Variables [ ${url} ]
20201114 18:50:23.821 - INFO - ${url_} = http://localhost:3001/devel/db/reset
20201114 18:50:23.821 - INFO - +------- END KW: BuiltIn.Replace Variables (1)
20201114 18:50:23.821 - INFO - +------- START KW: SeleniumLibrary.Go To [ ${url_} ]
20201114 18:50:23.821 - INFO - Opening url 'http://localhost:3001/devel/db/reset'
20201114 18:50:24.110 - INFO - +------- END KW: SeleniumLibrary.Go To (289)
20201114 18:50:24.111 - INFO - +------ END KW: FunctionsGlobal.Got To Url With Param (291)
20201114 18:50:24.111 - INFO - +------ START KW: FunctionsGlobal.Page WithoutWarningOrFailure [ ]
20201114 18:50:24.112 - INFO - +------- START KW: SeleniumLibrary.Page Should Not Contain [ Warning: ]
20201114 18:50:24.123 - DEBUG - Current frame has 0 subframes.
20201114 18:50:24.123 - INFO - Current page does not contain text 'Warning:'.
20201114 18:50:24.123 - INFO - +------- END KW: SeleniumLibrary.Page Should Not Contain (11)
20201114 18:50:24.124 - INFO - +------- START KW: SeleniumLibrary.Page Should Not Contain [ Failed ]
20201114 18:50:24.130 - DEBUG - Current frame has 0 subframes.
20201114 18:50:24.130 - INFO - Current page does not contain text 'Failed'.
20201114 18:50:24.130 - INFO - +------- END KW: SeleniumLibrary.Page Should Not Contain (6)
20201114 18:50:24.130 - INFO - +------- START KW: SeleniumLibrary.Page Should Not Contain [ Internal Server Error ]
20201114 18:50:24.139 - DEBUG - Current frame has 0 subframes.
20201114 18:50:24.139 - INFO - Current page does not contain text 'Internal Server Error'.
20201114 18:50:24.139 - INFO - +------- END KW: SeleniumLibrary.Page Should Not Contain (9)
20201114 18:50:24.139 - INFO - +------ END KW: FunctionsGlobal.Page WithoutWarningOrFailure (28)
20201114 18:50:24.139 - INFO - +----- END KW: FunctionsGlobal.Go To Url (322)
20201114 18:50:24.139 - INFO - +----- START KW: SeleniumLibrary.Page Should Contain [ OK ]
20201114 18:50:24.146 - INFO - Current page contains text 'OK'.
20201114 18:50:24.146 - INFO - +----- END KW: SeleniumLibrary.Page Should Contain (7)
20201114 18:50:24.146 - INFO - +---- END KW: FunctionsGlobal.Clear Database (331)
20201114 18:50:24.146 - INFO - +---- START KW: FunctionsGlobal.Seed 1 users [ ]
20201114 18:50:24.147 - INFO - +----- START KW: FunctionsGlobal.Go To Url [ ${PAGE_SEED_USER}/${count} ]
20201114 18:50:24.147 - INFO - +------ START KW: FunctionsGlobal.Got To Url With Param [ ${url} | &{params} ]
20201114 18:50:24.148 - INFO - +------- START KW: BuiltIn.Replace Variables [ ${url} ]
20201114 18:50:24.148 - INFO - ${url_} = http://localhost:3001/devel/db/users/seed/1
20201114 18:50:24.148 - INFO - +------- END KW: BuiltIn.Replace Variables (0)
20201114 18:50:24.148 - INFO - +------- START KW: SeleniumLibrary.Go To [ ${url_} ]
20201114 18:50:24.148 - INFO - Opening url 'http://localhost:3001/devel/db/users/seed/1'
20201114 18:50:24.632 - INFO - +------- END KW: SeleniumLibrary.Go To (484)
20201114 18:50:24.632 - INFO - +------ END KW: FunctionsGlobal.Got To Url With Param (485)
20201114 18:50:24.632 - INFO - +------ START KW: FunctionsGlobal.Page WithoutWarningOrFailure [ ]
20201114 18:50:24.633 - INFO - +------- START KW: SeleniumLibrary.Page Should Not Contain [ Warning: ]
20201114 18:50:24.647 - DEBUG - Current frame has 0 subframes.
20201114 18:50:24.647 - INFO - Current page does not contain text 'Warning:'.
20201114 18:50:24.647 - INFO - +------- END KW: SeleniumLibrary.Page Should Not Contain (14)
20201114 18:50:24.647 - INFO - +------- START KW: SeleniumLibrary.Page Should Not Contain [ Failed ]
20201114 18:50:24.655 - DEBUG - Current frame has 0 subframes.
20201114 18:50:24.655 - INFO - Current page does not contain text 'Failed'.
20201114 18:50:24.655 - INFO - +------- END KW: SeleniumLibrary.Page Should Not Contain (8)
20201114 18:50:24.656 - INFO - +------- START KW: SeleniumLibrary.Page Should Not Contain [ Internal Server Error ]
20201114 18:50:24.661 - DEBUG - Current frame has 0 subframes.
20201114 18:50:24.661 - INFO - Current page does not contain text 'Internal Server Error'.
20201114 18:50:24.661 - INFO - +------- END KW: SeleniumLibrary.Page Should Not Contain (5)
20201114 18:50:24.661 - INFO - +------ END KW: FunctionsGlobal.Page WithoutWarningOrFailure (29)
20201114 18:50:24.662 - INFO - +----- END KW: FunctionsGlobal.Go To Url (515)
20201114 18:50:24.662 - INFO - +----- START KW: FunctionsGlobal.Empty Dev Mailbox Fast [ ]
20201114 18:50:24.662 - INFO - +------ START KW: FunctionsGlobal.Go To Url [ ${PAGE_DEV_MAILBOX_CLEAR_URL} ]
20201114 18:50:24.662 - INFO - +------- START KW: FunctionsGlobal.Got To Url With Param [ ${url} | &{params} ]
20201114 18:50:24.663 - INFO - +-------- START KW: BuiltIn.Replace Variables [ ${url} ]
20201114 18:50:24.663 - INFO - ${url_} = http://localhost:3001/devel/mail/delete/all
20201114 18:50:24.663 - INFO - +-------- END KW: BuiltIn.Replace Variables (0)
20201114 18:50:24.663 - INFO - +-------- START KW: SeleniumLibrary.Go To [ ${url_} ]
20201114 18:50:24.664 - INFO - Opening url 'http://localhost:3001/devel/mail/delete/all'
20201114 18:50:24.932 - INFO - +-------- END KW: SeleniumLibrary.Go To (269)
20201114 18:50:24.932 - INFO - +------- END KW: FunctionsGlobal.Got To Url With Param (270)
20201114 18:50:24.932 - INFO - +------- START KW: FunctionsGlobal.Page WithoutWarningOrFailure [ ]
20201114 18:50:24.932 - INFO - +-------- START KW: SeleniumLibrary.Page Should Not Contain [ Warning: ]
20201114 18:50:24.958 - DEBUG - Current frame has 0 subframes.
20201114 18:50:24.958 - INFO - Current page does not contain text 'Warning:'.
20201114 18:50:24.958 - INFO - +-------- END KW: SeleniumLibrary.Page Should Not Contain (26)
20201114 18:50:24.958 - INFO - +-------- START KW: SeleniumLibrary.Page Should Not Contain [ Failed ]
20201114 18:50:24.965 - DEBUG - Current frame has 0 subframes.
20201114 18:50:24.965 - INFO - Current page does not contain text 'Failed'.
20201114 18:50:24.965 - INFO - +-------- END KW: SeleniumLibrary.Page Should Not Contain (7)
20201114 18:50:24.965 - INFO - +-------- START KW: SeleniumLibrary.Page Should Not Contain [ Internal Server Error ]
20201114 18:50:24.974 - DEBUG - Current frame has 0 subframes.
20201114 18:50:24.974 - INFO - Current page does not contain text 'Internal Server Error'.
20201114 18:50:24.974 - INFO - +-------- END KW: SeleniumLibrary.Page Should Not Contain (9)
20201114 18:50:24.974 - INFO - +------- END KW: FunctionsGlobal.Page WithoutWarningOrFailure (42)
20201114 18:50:24.975 - INFO - +------ END KW: FunctionsGlobal.Go To Url (313)
20201114 18:50:24.975 - INFO - +----- END KW: FunctionsGlobal.Empty Dev Mailbox Fast (313)
20201114 18:50:24.975 - INFO - +---- END KW: FunctionsGlobal.Seed 1 users (829)
20201114 18:50:24.975 - INFO - +--- END SETUP: Seed (1161)
------------------------------------------------------------------------------
20201114 18:50:24.975 - INFO - +--- START TEST: Redirects to last page [ ]
------------------------------------------------------------------------------
20201114 18:50:24.976 - INFO - +---- START KW: FunctionsGlobal.Go To Url [ ${PAGE_NEWS_LIST_URL} ]
20201114 18:50:24.977 - INFO - +----- START KW: FunctionsGlobal.Got To Url With Param [ ${url} | &{params} ]
20201114 18:50:24.978 - INFO - +------ START KW: BuiltIn.Replace Variables [ ${url} ]
20201114 18:50:24.978 - DEBUG - Test timeout 2 minutes active. 119.997 seconds left.
20201114 18:50:24.978 - INFO - ${url_} = http://localhost:3001/en/news
20201114 18:50:24.978 - INFO - +------ END KW: BuiltIn.Replace Variables (0)
20201114 18:50:24.978 - INFO - +------ START KW: SeleniumLibrary.Go To [ ${url_} ]
20201114 18:50:24.978 - DEBUG - Test timeout 2 minutes active. 119.997 seconds left.
20201114 18:50:24.978 - INFO - Opening url 'http://localhost:3001/en/news'
20201114 18:50:25.183 - INFO - +------ END KW: SeleniumLibrary.Go To (205)
20201114 18:50:25.183 - INFO - +----- END KW: FunctionsGlobal.Got To Url With Param (206)
20201114 18:50:25.183 - INFO - +----- START KW: FunctionsGlobal.Page WithoutWarningOrFailure [ ]
20201114 18:50:25.184 - INFO - +------ START KW: SeleniumLibrary.Page Should Not Contain [ Warning: ]
20201114 18:50:25.184 - DEBUG - Test timeout 2 minutes active. 119.791 seconds left.
20201114 18:50:25.208 - DEBUG - Current frame has 0 subframes.
20201114 18:50:25.208 - INFO - Current page does not contain text 'Warning:'.
20201114 18:50:25.208 - INFO - +------ END KW: SeleniumLibrary.Page Should Not Contain (24)
20201114 18:50:25.208 - INFO - +------ START KW: SeleniumLibrary.Page Should Not Contain [ Failed ]
20201114 18:50:25.208 - DEBUG - Test timeout 2 minutes active. 119.767 seconds left.
20201114 18:50:25.214 - DEBUG - Current frame has 0 subframes.
20201114 18:50:25.214 - INFO - Current page does not contain text 'Failed'.
20201114 18:50:25.214 - INFO - +------ END KW: SeleniumLibrary.Page Should Not Contain (6)
20201114 18:50:25.215 - INFO - +------ START KW: SeleniumLibrary.Page Should Not Contain [ Internal Server Error ]
20201114 18:50:25.215 - DEBUG - Test timeout 2 minutes active. 119.76 seconds left.
20201114 18:50:25.224 - DEBUG - Current frame has 0 subframes.
20201114 18:50:25.224 - INFO - Current page does not contain text 'Internal Server Error'.
20201114 18:50:25.224 - INFO - +------ END KW: SeleniumLibrary.Page Should Not Contain (9)
20201114 18:50:25.224 - INFO - +----- END KW: FunctionsGlobal.Page WithoutWarningOrFailure (41)
20201114 18:50:25.224 - INFO - +---- END KW: FunctionsGlobal.Go To Url (248)
~~~~~~~~~~~~~~~~~~~~~~~~~~~~~~~~~~~~~~~~~~~~~~~~~~~~~~~~~~~~~~~~~~~~~~~~~~~~~~
20201114 18:50:25.224 - INFO - +---- START KW: FunctionsGlobal.Sign In User [ ${USER_1.name} ]
20201114 18:50:25.225 - INFO - +----- START KW: SeleniumLibrary.Click Element [ ${NAVBAR_SIGN_IN_LINK} ]
20201114 18:50:25.232 - INFO - +------ START KW: SeleniumLibrary.Capture Page Screenshot [ ]
20201114 18:50:25.232 - DEBUG - Test timeout 2 minutes active. 119.743 seconds left.
20201114 18:50:25.348 - INFO - </td></tr><tr><td colspan="3"><a href="selenium-screenshot-40.png"><img src="selenium-screenshot-40.png" width="800px"></a>
20201114 18:50:25.348 - INFO - +------ END KW: SeleniumLibrary.Capture Page Screenshot (116)
20201114 18:50:25.225 - DEBUG - Test timeout 2 minutes active. 119.75 seconds left.
20201114 18:50:25.225 - INFO - Clicking element '//*[@id="navbar-profile-login"]'.
20201114 18:50:25.349 - FAIL - ElementNotInteractableException: Message: Element <a id="navbar-profile-login" class="btn btn-info" href="http://localhost:3001/en/login?goto=news_list&params=YToxOntpOjA7czo4OiIvZW4vbmV3cyI7fQ%253D%253D&query=YTowOnt9"> could not be scrolled into view
20201114 18:50:25.349 - DEBUG - Traceback (most recent call last):
  File "/home/travis/.local/lib/python2.7/site-packages/SeleniumLibrary/__init__.py", line 471, in run_keyword
    return DynamicCore.run_keyword(self, name, args, kwargs)
  File "/home/travis/.local/lib/python2.7/site-packages/robotlibcore.py", line 103, in run_keyword
    return self.keywords[name](*args, **(kwargs or {}))
  File "/home/travis/.local/lib/python2.7/site-packages/SeleniumLibrary/keywords/element.py", line 610, in click_element
    self.find_element(locator).click()
  File "/home/travis/.local/lib/python2.7/site-packages/selenium/webdriver/remote/webelement.py", line 80, in click
    self._execute(Command.CLICK_ELEMENT)
  File "/home/travis/.local/lib/python2.7/site-packages/selenium/webdriver/remote/webelement.py", line 633, in _execute
    return self._parent.execute(command, params)
  File "/home/travis/.local/lib/python2.7/site-packages/selenium/webdriver/remote/webdriver.py", line 321, in execute
    self.error_handler.check_response(response)
  File "/home/travis/.local/lib/python2.7/site-packages/selenium/webdriver/remote/errorhandler.py", line 242, in check_response
    raise exception_class(message, screen, stacktrace)
20201114 18:50:25.349 - INFO - +----- END KW: SeleniumLibrary.Click Element (124)
20201114 18:50:25.349 - INFO - +---- END KW: FunctionsGlobal.Sign In User (125)
------------------------------------------------------------------------------
20201114 18:50:25.350 - INFO - +--- END TEST: Redirects to last page (374)
------------------------------------------------------------------------------
20201114 18:50:25.354 - INFO - +--- START TEST: No redirect urls [ ]
------------------------------------------------------------------------------
20201114 18:50:25.358 - INFO - +---- START KW: Redirect to [ ${PAGE_SIGN_IN_URL} | ${PAGE_USER_1_PROFILE_URL} ]
20201114 18:50:25.359 - INFO - +----- START KW: FunctionsGlobal.Go To Url [ ${url} ]
20201114 18:50:25.361 - INFO - +------ START KW: FunctionsGlobal.Got To Url With Param [ ${url} | &{params} ]
20201114 18:50:25.363 - INFO - +------- START KW: BuiltIn.Replace Variables [ ${url} ]
20201114 18:50:25.363 - DEBUG - Test timeout 2 minutes active. 119.989 seconds left.
20201114 18:50:25.363 - INFO - ${url_} = http://localhost:3001/en/login
20201114 18:50:25.363 - INFO - +------- END KW: BuiltIn.Replace Variables (0)
20201114 18:50:25.363 - INFO - +------- START KW: SeleniumLibrary.Go To [ ${url_} ]
20201114 18:50:25.364 - DEBUG - Test timeout 2 minutes active. 119.988 seconds left.
20201114 18:50:25.364 - INFO - Opening url 'http://localhost:3001/en/login'
20201114 18:50:25.624 - INFO - +------- END KW: SeleniumLibrary.Go To (260)
20201114 18:50:25.624 - INFO - +------ END KW: FunctionsGlobal.Got To Url With Param (263)
20201114 18:50:25.624 - INFO - +------ START KW: FunctionsGlobal.Page WithoutWarningOrFailure [ ]
20201114 18:50:25.625 - INFO - +------- START KW: SeleniumLibrary.Page Should Not Contain [ Warning: ]
20201114 18:50:25.625 - DEBUG - Test timeout 2 minutes active. 119.727 seconds left.
20201114 18:50:25.669 - DEBUG - Current frame has 0 subframes.
20201114 18:50:25.669 - INFO - Current page does not contain text 'Warning:'.
20201114 18:50:25.670 - INFO - +------- END KW: SeleniumLibrary.Page Should Not Contain (45)
20201114 18:50:25.670 - INFO - +------- START KW: SeleniumLibrary.Page Should Not Contain [ Failed ]
20201114 18:50:25.670 - DEBUG - Test timeout 2 minutes active. 119.682 seconds left.
20201114 18:50:25.700 - DEBUG - Current frame has 0 subframes.
20201114 18:50:25.700 - INFO - Current page does not contain text 'Failed'.
20201114 18:50:25.701 - INFO - +------- END KW: SeleniumLibrary.Page Should Not Contain (31)
20201114 18:50:25.701 - INFO - +------- START KW: SeleniumLibrary.Page Should Not Contain [ Internal Server Error ]
20201114 18:50:25.701 - DEBUG - Test timeout 2 minutes active. 119.651 seconds left.
20201114 18:50:25.722 - DEBUG - Current frame has 0 subframes.
20201114 18:50:25.722 - INFO - Current page does not contain text 'Internal Server Error'.
20201114 18:50:25.722 - INFO - +------- END KW: SeleniumLibrary.Page Should Not Contain (21)
20201114 18:50:25.722 - INFO - +------ END KW: FunctionsGlobal.Page WithoutWarningOrFailure (98)
20201114 18:50:25.723 - INFO - +----- END KW: FunctionsGlobal.Go To Url (364)
20201114 18:50:25.723 - INFO - +----- START KW: FunctionsGlobal.Sign In User [ ${USER_1.name} ]
20201114 18:50:25.723 - INFO - +------ START KW: SeleniumLibrary.Click Element [ ${NAVBAR_SIGN_IN_LINK} ]
20201114 18:50:25.761 - INFO - +------- START KW: SeleniumLibrary.Capture Page Screenshot [ ]
20201114 18:50:25.762 - DEBUG - Test timeout 2 minutes active. 119.591 seconds left.
20201114 18:50:25.845 - INFO - </td></tr><tr><td colspan="3"><a href="selenium-screenshot-41.png"><img src="selenium-screenshot-41.png" width="800px"></a>
20201114 18:50:25.845 - INFO - +------- END KW: SeleniumLibrary.Capture Page Screenshot (84)
20201114 18:50:25.724 - DEBUG - Test timeout 2 minutes active. 119.628 seconds left.
20201114 18:50:25.724 - INFO - Clicking element '//*[@id="navbar-profile-login"]'.
20201114 18:50:25.846 - FAIL - ElementNotInteractableException: Message: Element <a id="navbar-profile-login" class="btn btn-info" href="http://localhost:3001/en/login?goto=login&params=YToxOntpOjA7czo5OiIvZW4vbG9naW4iO30%253D&query=YTowOnt9"> could not be scrolled into view
20201114 18:50:25.846 - DEBUG - Traceback (most recent call last):
  File "/home/travis/.local/lib/python2.7/site-packages/SeleniumLibrary/__init__.py", line 471, in run_keyword
    return DynamicCore.run_keyword(self, name, args, kwargs)
  File "/home/travis/.local/lib/python2.7/site-packages/robotlibcore.py", line 103, in run_keyword
    return self.keywords[name](*args, **(kwargs or {}))
  File "/home/travis/.local/lib/python2.7/site-packages/SeleniumLibrary/keywords/element.py", line 610, in click_element
    self.find_element(locator).click()
  File "/home/travis/.local/lib/python2.7/site-packages/selenium/webdriver/remote/webelement.py", line 80, in click
    self._execute(Command.CLICK_ELEMENT)
  File "/home/travis/.local/lib/python2.7/site-packages/selenium/webdriver/remote/webelement.py", line 633, in _execute
    return self._parent.execute(command, params)
  File "/home/travis/.local/lib/python2.7/site-packages/selenium/webdriver/remote/webdriver.py", line 321, in execute
    self.error_handler.check_response(response)
  File "/home/travis/.local/lib/python2.7/site-packages/selenium/webdriver/remote/errorhandler.py", line 242, in check_response
    raise exception_class(message, screen, stacktrace)
20201114 18:50:25.846 - INFO - +------ END KW: SeleniumLibrary.Click Element (123)
20201114 18:50:25.846 - INFO - +----- END KW: FunctionsGlobal.Sign In User (123)
20201114 18:50:25.846 - INFO - +---- END KW: Redirect to (488)
~~~~~~~~~~~~~~~~~~~~~~~~~~~~~~~~~~~~~~~~~~~~~~~~~~~~~~~~~~~~~~~~~~~~~~~~~~~~~~
20201114 18:50:25.846 - INFO - +---- START KW: Redirect to [ ${PAGE_REGISTER_URL} | ${PAGE_USER_1_PROFILE_URL} ]
20201114 18:50:25.847 - INFO - +----- START KW: FunctionsGlobal.Go To Url [ ${url} ]
20201114 18:50:25.847 - INFO - +------ START KW: FunctionsGlobal.Got To Url With Param [ ${url} | &{params} ]
20201114 18:50:25.848 - INFO - +------- START KW: BuiltIn.Replace Variables [ ${url} ]
20201114 18:50:25.848 - DEBUG - Test timeout 2 minutes active. 119.504 seconds left.
20201114 18:50:25.848 - INFO - ${url_} = http://localhost:3001/en/registration
20201114 18:50:25.848 - INFO - +------- END KW: BuiltIn.Replace Variables (0)
20201114 18:50:25.848 - INFO - +------- START KW: SeleniumLibrary.Go To [ ${url_} ]
20201114 18:50:25.849 - DEBUG - Test timeout 2 minutes active. 119.504 seconds left.
20201114 18:50:25.849 - INFO - Opening url 'http://localhost:3001/en/registration'
20201114 18:50:26.088 - INFO - +------- END KW: SeleniumLibrary.Go To (240)
20201114 18:50:26.088 - INFO - +------ END KW: FunctionsGlobal.Got To Url With Param (241)
20201114 18:50:26.088 - INFO - +------ START KW: FunctionsGlobal.Page WithoutWarningOrFailure [ ]
20201114 18:50:26.089 - INFO - +------- START KW: SeleniumLibrary.Page Should Not Contain [ Warning: ]
20201114 18:50:26.089 - DEBUG - Test timeout 2 minutes active. 119.263 seconds left.
20201114 18:50:26.150 - DEBUG - Current frame has 0 subframes.
20201114 18:50:26.150 - INFO - Current page does not contain text 'Warning:'.
20201114 18:50:26.150 - INFO - +------- END KW: SeleniumLibrary.Page Should Not Contain (61)
20201114 18:50:26.151 - INFO - +------- START KW: SeleniumLibrary.Page Should Not Contain [ Failed ]
20201114 18:50:26.151 - DEBUG - Test timeout 2 minutes active. 119.201 seconds left.
20201114 18:50:26.232 - DEBUG - Current frame has 0 subframes.
20201114 18:50:26.232 - INFO - Current page does not contain text 'Failed'.
20201114 18:50:26.232 - INFO - +------- END KW: SeleniumLibrary.Page Should Not Contain (81)
20201114 18:50:26.233 - INFO - +------- START KW: SeleniumLibrary.Page Should Not Contain [ Internal Server Error ]
20201114 18:50:26.233 - DEBUG - Test timeout 2 minutes active. 119.119 seconds left.
20201114 18:50:26.245 - DEBUG - Current frame has 0 subframes.
20201114 18:50:26.245 - INFO - Current page does not contain text 'Internal Server Error'.
20201114 18:50:26.245 - INFO - +------- END KW: SeleniumLibrary.Page Should Not Contain (12)
20201114 18:50:26.245 - INFO - +------ END KW: FunctionsGlobal.Page WithoutWarningOrFailure (157)
20201114 18:50:26.246 - INFO - +----- END KW: FunctionsGlobal.Go To Url (398)
20201114 18:50:26.246 - INFO - +----- START KW: FunctionsGlobal.Sign In User [ ${USER_1.name} ]
20201114 18:50:26.246 - INFO - +------ START KW: SeleniumLibrary.Click Element [ ${NAVBAR_SIGN_IN_LINK} ]
20201114 18:50:26.256 - INFO - +------- START KW: SeleniumLibrary.Capture Page Screenshot [ ]
20201114 18:50:26.257 - DEBUG - Test timeout 2 minutes active. 119.095 seconds left.
20201114 18:50:26.376 - INFO - </td></tr><tr><td colspan="3"><a href="selenium-screenshot-42.png"><img src="selenium-screenshot-42.png" width="800px"></a>
20201114 18:50:26.377 - INFO - +------- END KW: SeleniumLibrary.Capture Page Screenshot (121)
20201114 18:50:26.247 - DEBUG - Test timeout 2 minutes active. 119.106 seconds left.
20201114 18:50:26.247 - INFO - Clicking element '//*[@id="navbar-profile-login"]'.
20201114 18:50:26.377 - FAIL - ElementNotInteractableException: Message: Element <a id="navbar-profile-login" class="btn btn-info" href="http://localhost:3001/en/login?goto=registration&params=YToxOntpOjA7czoxNjoiL2VuL3JlZ2lzdHJhdGlvbiI7fQ%253D%253D&query=YTowOnt9"> could not be scrolled into view
20201114 18:50:26.377 - DEBUG - Traceback (most recent call last):
  File "/home/travis/.local/lib/python2.7/site-packages/SeleniumLibrary/__init__.py", line 471, in run_keyword
    return DynamicCore.run_keyword(self, name, args, kwargs)
  File "/home/travis/.local/lib/python2.7/site-packages/robotlibcore.py", line 103, in run_keyword
    return self.keywords[name](*args, **(kwargs or {}))
  File "/home/travis/.local/lib/python2.7/site-packages/SeleniumLibrary/keywords/element.py", line 610, in click_element
    self.find_element(locator).click()
  File "/home/travis/.local/lib/python2.7/site-packages/selenium/webdriver/remote/webelement.py", line 80, in click
    self._execute(Command.CLICK_ELEMENT)
  File "/home/travis/.local/lib/python2.7/site-packages/selenium/webdriver/remote/webelement.py", line 633, in _execute
    return self._parent.execute(command, params)
  File "/home/travis/.local/lib/python2.7/site-packages/selenium/webdriver/remote/webdriver.py", line 321, in execute
    self.error_handler.check_response(response)
  File "/home/travis/.local/lib/python2.7/site-packages/selenium/webdriver/remote/errorhandler.py", line 242, in check_response
    raise exception_class(message, screen, stacktrace)
20201114 18:50:26.377 - INFO - +------ END KW: SeleniumLibrary.Click Element (131)
20201114 18:50:26.378 - INFO - +----- END KW: FunctionsGlobal.Sign In User (132)
20201114 18:50:26.378 - INFO - +---- END KW: Redirect to (532)
~~~~~~~~~~~~~~~~~~~~~~~~~~~~~~~~~~~~~~~~~~~~~~~~~~~~~~~~~~~~~~~~~~~~~~~~~~~~~~
20201114 18:50:26.378 - INFO - +---- START KW: Redirect to [ ${GK_URL}/en/registration/fake_token/activate | ${PAGE_HOME_URL} ]
20201114 18:50:26.379 - INFO - +----- START KW: FunctionsGlobal.Go To Url [ ${url} ]
20201114 18:50:26.379 - INFO - +------ START KW: FunctionsGlobal.Got To Url With Param [ ${url} | &{params} ]
20201114 18:50:26.380 - INFO - +------- START KW: BuiltIn.Replace Variables [ ${url} ]
20201114 18:50:26.380 - DEBUG - Test timeout 2 minutes active. 118.972 seconds left.
20201114 18:50:26.380 - INFO - ${url_} = http://localhost:3001/en/registration/fake_token/activate
20201114 18:50:26.380 - INFO - +------- END KW: BuiltIn.Replace Variables (0)
20201114 18:50:26.380 - INFO - +------- START KW: SeleniumLibrary.Go To [ ${url_} ]
20201114 18:50:26.380 - DEBUG - Test timeout 2 minutes active. 118.972 seconds left.
20201114 18:50:26.380 - INFO - Opening url 'http://localhost:3001/en/registration/fake_token/activate'
20201114 18:50:26.683 - INFO - +------- END KW: SeleniumLibrary.Go To (303)
20201114 18:50:26.684 - INFO - +------ END KW: FunctionsGlobal.Got To Url With Param (305)
20201114 18:50:26.684 - INFO - +------ START KW: FunctionsGlobal.Page WithoutWarningOrFailure [ ]
20201114 18:50:26.685 - INFO - +------- START KW: SeleniumLibrary.Page Should Not Contain [ Warning: ]
20201114 18:50:26.685 - DEBUG - Test timeout 2 minutes active. 118.667 seconds left.
20201114 18:50:26.709 - DEBUG - Current frame has 0 subframes.
20201114 18:50:26.709 - INFO - Current page does not contain text 'Warning:'.
20201114 18:50:26.710 - INFO - +------- END KW: SeleniumLibrary.Page Should Not Contain (25)
20201114 18:50:26.710 - INFO - +------- START KW: SeleniumLibrary.Page Should Not Contain [ Failed ]
20201114 18:50:26.710 - DEBUG - Test timeout 2 minutes active. 118.642 seconds left.
20201114 18:50:26.718 - DEBUG - Current frame has 0 subframes.
20201114 18:50:26.718 - INFO - Current page does not contain text 'Failed'.
20201114 18:50:26.718 - INFO - +------- END KW: SeleniumLibrary.Page Should Not Contain (8)
20201114 18:50:26.719 - INFO - +------- START KW: SeleniumLibrary.Page Should Not Contain [ Internal Server Error ]
20201114 18:50:26.719 - DEBUG - Test timeout 2 minutes active. 118.633 seconds left.
20201114 18:50:26.727 - DEBUG - Current frame has 0 subframes.
20201114 18:50:26.727 - INFO - Current page does not contain text 'Internal Server Error'.
20201114 18:50:26.727 - INFO - +------- END KW: SeleniumLibrary.Page Should Not Contain (8)
20201114 18:50:26.727 - INFO - +------ END KW: FunctionsGlobal.Page WithoutWarningOrFailure (43)
20201114 18:50:26.727 - INFO - +----- END KW: FunctionsGlobal.Go To Url (348)
20201114 18:50:26.727 - INFO - +----- START KW: FunctionsGlobal.Sign In User [ ${USER_1.name} ]
20201114 18:50:26.728 - INFO - +------ START KW: SeleniumLibrary.Click Element [ ${NAVBAR_SIGN_IN_LINK} ]
20201114 18:50:26.736 - INFO - +------- START KW: SeleniumLibrary.Capture Page Screenshot [ ]
20201114 18:50:26.736 - DEBUG - Test timeout 2 minutes active. 118.616 seconds left.
20201114 18:50:26.825 - INFO - </td></tr><tr><td colspan="3"><a href="selenium-screenshot-43.png"><img src="selenium-screenshot-43.png" width="800px"></a>
20201114 18:50:26.825 - INFO - +------- END KW: SeleniumLibrary.Capture Page Screenshot (89)
20201114 18:50:26.728 - DEBUG - Test timeout 2 minutes active. 118.624 seconds left.
20201114 18:50:26.728 - INFO - Clicking element '//*[@id="navbar-profile-login"]'.
20201114 18:50:26.826 - FAIL - ElementNotInteractableException: Message: Element <a id="navbar-profile-login" class="btn btn-info" href="http://localhost:3001/en/login?goto=home&params=YToxOntpOjA7czozOiIvZW4iO30%253D&query=YTowOnt9"> could not be scrolled into view
20201114 18:50:26.826 - DEBUG - Traceback (most recent call last):
  File "/home/travis/.local/lib/python2.7/site-packages/SeleniumLibrary/__init__.py", line 471, in run_keyword
    return DynamicCore.run_keyword(self, name, args, kwargs)
  File "/home/travis/.local/lib/python2.7/site-packages/robotlibcore.py", line 103, in run_keyword
    return self.keywords[name](*args, **(kwargs or {}))
  File "/home/travis/.local/lib/python2.7/site-packages/SeleniumLibrary/keywords/element.py", line 610, in click_element
    self.find_element(locator).click()
  File "/home/travis/.local/lib/python2.7/site-packages/selenium/webdriver/remote/webelement.py", line 80, in click
    self._execute(Command.CLICK_ELEMENT)
  File "/home/travis/.local/lib/python2.7/site-packages/selenium/webdriver/remote/webelement.py", line 633, in _execute
    return self._parent.execute(command, params)
  File "/home/travis/.local/lib/python2.7/site-packages/selenium/webdriver/remote/webdriver.py", line 321, in execute
    self.error_handler.check_response(response)
  File "/home/travis/.local/lib/python2.7/site-packages/selenium/webdriver/remote/errorhandler.py", line 242, in check_response
    raise exception_class(message, screen, stacktrace)
20201114 18:50:26.826 - INFO - +------ END KW: SeleniumLibrary.Click Element (98)
20201114 18:50:26.826 - INFO - +----- END KW: FunctionsGlobal.Sign In User (99)
20201114 18:50:26.826 - INFO - +---- END KW: Redirect to (448)
------------------------------------------------------------------------------
20201114 18:50:26.827 - INFO - +--- END TEST: No redirect urls (1475)
------------------------------------------------------------------------------
20201114 18:50:26.830 - INFO - +-- END SUITE: Acceptance.020 SignIn.robot.040 RedirectToPageAfterLogin (3057)
==============================================================================
20201114 18:50:26.832 - INFO - +-- START TEARDOWN: FunctionsGlobal.Global TearDown [ ]
20201114 18:50:26.832 - INFO - +--- START KW: SeleniumLibrary.Close Browser [ ]
20201114 18:50:26.832 - DEBUG - Closing browser with session id 99c036b8-6fb2-471b-8430-96bd0c9c4814.
20201114 18:50:27.368 - INFO - +--- END KW: SeleniumLibrary.Close Browser (536)
20201114 18:50:27.368 - INFO - +-- END TEARDOWN: FunctionsGlobal.Global TearDown (537)
==============================================================================
20201114 18:50:27.373 - INFO - +- END SUITE: Acceptance.020 SignIn.robot (18480)
==============================================================================
20201114 18:50:27.378 - INFO - + END SUITE: Acceptance (10821716)
==============================================================================
