==============================================================================
20200809 13:28:23.878 - INFO - + START SUITE: TestGeoKrety [ ]
==============================================================================
20200809 13:28:24.021 - INFO - +- START SUITE: TestGeoKrety.00 GK welcome [ ]
==============================================================================
20200809 13:28:24.023 - INFO - +-- START TEST: Welcome: (EN) [ ]
------------------------------------------------------------------------------
20200809 13:28:24.025 - INFO - +--- START KW: FunctionsGlobal.!Go To GeoKrety [ ]
20200809 13:28:24.026 - INFO - +---- START KW: SeleniumLibrary.Location Should Contain [ ${GK_URL} ]
20200809 13:28:24.027 - INFO - +----- START KW: SeleniumLibrary.Capture Page Screenshot [ ]
20200809 13:28:24.028 - DEBUG - Test timeout 2 minutes active. 119.995 seconds left.
20200809 13:28:24.028 - INFO - Cannot capture screenshot because no browser is open.
20200809 13:28:24.028 - INFO - +----- END KW: SeleniumLibrary.Capture Page Screenshot (1)
20200809 13:28:24.027 - DEBUG - Test timeout 2 minutes active. 119.996 seconds left.
20200809 13:28:24.029 - FAIL - No browser is open.
20200809 13:28:24.029 - DEBUG - Traceback (most recent call last):
  File "/home/travis/virtualenv/python2.7.15/lib/python2.7/site-packages/SeleniumLibrary/__init__.py", line 471, in run_keyword
    return DynamicCore.run_keyword(self, name, args, kwargs)
  File "/home/travis/virtualenv/python2.7.15/lib/python2.7/site-packages/robotlibcore.py", line 103, in run_keyword
    return self.keywords[name](*args, **(kwargs or {}))
  File "/home/travis/virtualenv/python2.7.15/lib/python2.7/site-packages/SeleniumLibrary/keywords/browsermanagement.py", line 494, in location_should_contain
    actual = self.get_location()
  File "/home/travis/virtualenv/python2.7.15/lib/python2.7/site-packages/SeleniumLibrary/keywords/browsermanagement.py", line 462, in get_location
    return self.driver.current_url
  File "/home/travis/virtualenv/python2.7.15/lib/python2.7/site-packages/SeleniumLibrary/base/context.py", line 32, in driver
    return self.ctx.driver
  File "/home/travis/virtualenv/python2.7.15/lib/python2.7/site-packages/SeleniumLibrary/__init__.py", line 547, in driver
    raise NoOpenBrowser('No browser is open.')
20200809 13:28:24.029 - INFO - +---- END KW: SeleniumLibrary.Location Should Contain (3)
20200809 13:28:24.029 - INFO - +--- END KW: FunctionsGlobal.!Go To GeoKrety (4)
~~~~~~~~~~~~~~~~~~~~~~~~~~~~~~~~~~~~~~~~~~~~~~~~~~~~~~~~~~~~~~~~~~~~~~~~~~~~~~
20200809 13:28:24.030 - INFO - +--- START TEARDOWN: SeleniumLibrary.Close All Browsers [ ]
20200809 13:28:24.030 - DEBUG - Closing all browsers.
20200809 13:28:24.030 - INFO - +--- END TEARDOWN: SeleniumLibrary.Close All Browsers (0)
------------------------------------------------------------------------------
20200809 13:28:24.030 - INFO - +-- END TEST: Welcome: (EN) (8)
------------------------------------------------------------------------------
20200809 13:28:24.031 - INFO - +-- START TEST: Welcome: (FR) [ ]
------------------------------------------------------------------------------
20200809 13:28:24.032 - INFO - +--- START KW: FunctionsGlobal.!Go To GeoKrety [ ]
20200809 13:28:24.033 - INFO - +---- START KW: SeleniumLibrary.Location Should Contain [ ${GK_URL} ]
20200809 13:28:24.034 - INFO - +----- START KW: SeleniumLibrary.Capture Page Screenshot [ ]
20200809 13:28:24.034 - DEBUG - Test timeout 2 minutes active. 119.997 seconds left.
20200809 13:28:24.034 - INFO - Cannot capture screenshot because no browser is open.
20200809 13:28:24.035 - INFO - +----- END KW: SeleniumLibrary.Capture Page Screenshot (1)
20200809 13:28:24.033 - DEBUG - Test timeout 2 minutes active. 119.998 seconds left.
20200809 13:28:24.035 - FAIL - No browser is open.
20200809 13:28:24.035 - DEBUG - Traceback (most recent call last):
  File "/home/travis/virtualenv/python2.7.15/lib/python2.7/site-packages/SeleniumLibrary/__init__.py", line 471, in run_keyword
    return DynamicCore.run_keyword(self, name, args, kwargs)
  File "/home/travis/virtualenv/python2.7.15/lib/python2.7/site-packages/robotlibcore.py", line 103, in run_keyword
    return self.keywords[name](*args, **(kwargs or {}))
  File "/home/travis/virtualenv/python2.7.15/lib/python2.7/site-packages/SeleniumLibrary/keywords/browsermanagement.py", line 494, in location_should_contain
    actual = self.get_location()
  File "/home/travis/virtualenv/python2.7.15/lib/python2.7/site-packages/SeleniumLibrary/keywords/browsermanagement.py", line 462, in get_location
    return self.driver.current_url
  File "/home/travis/virtualenv/python2.7.15/lib/python2.7/site-packages/SeleniumLibrary/base/context.py", line 32, in driver
    return self.ctx.driver
  File "/home/travis/virtualenv/python2.7.15/lib/python2.7/site-packages/SeleniumLibrary/__init__.py", line 547, in driver
    raise NoOpenBrowser('No browser is open.')
20200809 13:28:24.036 - INFO - +---- END KW: SeleniumLibrary.Location Should Contain (3)
20200809 13:28:24.036 - INFO - +--- END KW: FunctionsGlobal.!Go To GeoKrety (4)
~~~~~~~~~~~~~~~~~~~~~~~~~~~~~~~~~~~~~~~~~~~~~~~~~~~~~~~~~~~~~~~~~~~~~~~~~~~~~~
20200809 13:28:24.037 - INFO - +--- START TEARDOWN: SeleniumLibrary.Close All Browsers [ ]
20200809 13:28:24.040 - DEBUG - Closing all browsers.
20200809 13:28:24.040 - INFO - +--- END TEARDOWN: SeleniumLibrary.Close All Browsers (3)
------------------------------------------------------------------------------
20200809 13:28:24.043 - INFO - +-- END TEST: Welcome: (FR) (9)
------------------------------------------------------------------------------
20200809 13:28:24.044 - INFO - +-- START TEST: Welcome: input geokret code [ ]
------------------------------------------------------------------------------
20200809 13:28:24.045 - INFO - +--- START KW: FunctionsGlobal.!Go To GeoKrety [ ]
20200809 13:28:24.045 - INFO - +---- START KW: SeleniumLibrary.Location Should Contain [ ${GK_URL} ]
20200809 13:28:24.046 - INFO - +----- START KW: SeleniumLibrary.Capture Page Screenshot [ ]
20200809 13:28:24.046 - DEBUG - Test timeout 2 minutes active. 119.998 seconds left.
20200809 13:28:24.046 - INFO - Cannot capture screenshot because no browser is open.
20200809 13:28:24.046 - INFO - +----- END KW: SeleniumLibrary.Capture Page Screenshot (0)
20200809 13:28:24.046 - DEBUG - Test timeout 2 minutes active. 119.998 seconds left.
20200809 13:28:24.046 - FAIL - No browser is open.
20200809 13:28:24.046 - DEBUG - Traceback (most recent call last):
  File "/home/travis/virtualenv/python2.7.15/lib/python2.7/site-packages/SeleniumLibrary/__init__.py", line 471, in run_keyword
    return DynamicCore.run_keyword(self, name, args, kwargs)
  File "/home/travis/virtualenv/python2.7.15/lib/python2.7/site-packages/robotlibcore.py", line 103, in run_keyword
    return self.keywords[name](*args, **(kwargs or {}))
  File "/home/travis/virtualenv/python2.7.15/lib/python2.7/site-packages/SeleniumLibrary/keywords/browsermanagement.py", line 494, in location_should_contain
    actual = self.get_location()
  File "/home/travis/virtualenv/python2.7.15/lib/python2.7/site-packages/SeleniumLibrary/keywords/browsermanagement.py", line 462, in get_location
    return self.driver.current_url
  File "/home/travis/virtualenv/python2.7.15/lib/python2.7/site-packages/SeleniumLibrary/base/context.py", line 32, in driver
    return self.ctx.driver
  File "/home/travis/virtualenv/python2.7.15/lib/python2.7/site-packages/SeleniumLibrary/__init__.py", line 547, in driver
    raise NoOpenBrowser('No browser is open.')
20200809 13:28:24.047 - INFO - +---- END KW: SeleniumLibrary.Location Should Contain (1)
20200809 13:28:24.047 - INFO - +--- END KW: FunctionsGlobal.!Go To GeoKrety (2)
~~~~~~~~~~~~~~~~~~~~~~~~~~~~~~~~~~~~~~~~~~~~~~~~~~~~~~~~~~~~~~~~~~~~~~~~~~~~~~
20200809 13:28:24.047 - INFO - +--- START TEARDOWN: SeleniumLibrary.Close All Browsers [ ]
20200809 13:28:24.047 - DEBUG - Closing all browsers.
20200809 13:28:24.047 - INFO - +--- END TEARDOWN: SeleniumLibrary.Close All Browsers (0)
------------------------------------------------------------------------------
20200809 13:28:24.048 - INFO - +-- END TEST: Welcome: input geokret code (4)
------------------------------------------------------------------------------
20200809 13:28:24.052 - INFO - +- END SUITE: TestGeoKrety.00 GK welcome (170)
==============================================================================
20200809 13:28:24.067 - INFO - +- START SUITE: TestGeoKrety.01 GK ruchy [ ]
==============================================================================
20200809 13:28:24.070 - INFO - +-- START TEST: Ruchy: start [ ]
------------------------------------------------------------------------------
20200809 13:28:24.070 - INFO - +--- START KW: PageRuchy.!Open browser onto ruchy [ ]
20200809 13:28:24.071 - INFO - +---- START KW: FunctionsGlobal.!Go To GeoKrety [ ]
20200809 13:28:24.072 - INFO - +----- START KW: SeleniumLibrary.Location Should Contain [ ${GK_URL} ]
20200809 13:28:24.074 - INFO - +------ START KW: SeleniumLibrary.Capture Page Screenshot [ ]
20200809 13:28:24.074 - DEBUG - Test timeout 2 minutes active. 119.994 seconds left.
20200809 13:28:24.074 - INFO - Cannot capture screenshot because no browser is open.
20200809 13:28:24.075 - INFO - +------ END KW: SeleniumLibrary.Capture Page Screenshot (2)
20200809 13:28:24.073 - DEBUG - Test timeout 2 minutes active. 119.995 seconds left.
20200809 13:28:24.075 - FAIL - No browser is open.
20200809 13:28:24.075 - DEBUG - Traceback (most recent call last):
  File "/home/travis/virtualenv/python2.7.15/lib/python2.7/site-packages/SeleniumLibrary/__init__.py", line 471, in run_keyword
    return DynamicCore.run_keyword(self, name, args, kwargs)
  File "/home/travis/virtualenv/python2.7.15/lib/python2.7/site-packages/robotlibcore.py", line 103, in run_keyword
    return self.keywords[name](*args, **(kwargs or {}))
  File "/home/travis/virtualenv/python2.7.15/lib/python2.7/site-packages/SeleniumLibrary/keywords/browsermanagement.py", line 494, in location_should_contain
    actual = self.get_location()
  File "/home/travis/virtualenv/python2.7.15/lib/python2.7/site-packages/SeleniumLibrary/keywords/browsermanagement.py", line 462, in get_location
    return self.driver.current_url
  File "/home/travis/virtualenv/python2.7.15/lib/python2.7/site-packages/SeleniumLibrary/base/context.py", line 32, in driver
    return self.ctx.driver
  File "/home/travis/virtualenv/python2.7.15/lib/python2.7/site-packages/SeleniumLibrary/__init__.py", line 547, in driver
    raise NoOpenBrowser('No browser is open.')
20200809 13:28:24.075 - INFO - +----- END KW: SeleniumLibrary.Location Should Contain (3)
20200809 13:28:24.075 - INFO - +---- END KW: FunctionsGlobal.!Go To GeoKrety (4)
20200809 13:28:24.075 - INFO - +--- END KW: PageRuchy.!Open browser onto ruchy (5)
------------------------------------------------------------------------------
20200809 13:28:24.076 - INFO - +-- END TEST: Ruchy: start (8)
------------------------------------------------------------------------------
20200809 13:28:24.077 - INFO - +-- START TEST: Ruchy: (EN) [ ]
------------------------------------------------------------------------------
20200809 13:28:24.078 - INFO - +--- START KW: PageRuchy.!Go To Ruchy [ ]
20200809 13:28:24.079 - INFO - +---- START KW: SeleniumLibrary.Go To [ ${GK_URL}ruchy.php ]
20200809 13:28:24.080 - INFO - +----- START KW: SeleniumLibrary.Capture Page Screenshot [ ]
20200809 13:28:24.081 - DEBUG - Test timeout 2 minutes active. 119.996 seconds left.
20200809 13:28:24.081 - INFO - Cannot capture screenshot because no browser is open.
20200809 13:28:24.082 - INFO - +----- END KW: SeleniumLibrary.Capture Page Screenshot (1)
20200809 13:28:24.080 - DEBUG - Test timeout 2 minutes active. 119.997 seconds left.
20200809 13:28:24.080 - INFO - Opening url 'https://staging.geokrety.org/ruchy.php'
20200809 13:28:24.083 - FAIL - No browser is open.
20200809 13:28:24.083 - DEBUG - Traceback (most recent call last):
  File "/home/travis/virtualenv/python2.7.15/lib/python2.7/site-packages/SeleniumLibrary/__init__.py", line 471, in run_keyword
    return DynamicCore.run_keyword(self, name, args, kwargs)
  File "/home/travis/virtualenv/python2.7.15/lib/python2.7/site-packages/robotlibcore.py", line 103, in run_keyword
    return self.keywords[name](*args, **(kwargs or {}))
  File "/home/travis/virtualenv/python2.7.15/lib/python2.7/site-packages/SeleniumLibrary/keywords/browsermanagement.py", line 553, in go_to
    self.driver.get(url)
  File "/home/travis/virtualenv/python2.7.15/lib/python2.7/site-packages/SeleniumLibrary/base/context.py", line 32, in driver
    return self.ctx.driver
  File "/home/travis/virtualenv/python2.7.15/lib/python2.7/site-packages/SeleniumLibrary/__init__.py", line 547, in driver
    raise NoOpenBrowser('No browser is open.')
20200809 13:28:24.083 - INFO - +---- END KW: SeleniumLibrary.Go To (4)
20200809 13:28:24.084 - INFO - +--- END KW: PageRuchy.!Go To Ruchy (5)
------------------------------------------------------------------------------
20200809 13:28:24.085 - INFO - +-- END TEST: Ruchy: (EN) (7)
------------------------------------------------------------------------------
20200809 13:28:24.088 - INFO - +-- START TEST: Ruchy: search waypoint by GC code [ ]
------------------------------------------------------------------------------
20200809 13:28:24.089 - INFO - +--- START KW: PageRuchy.!Go To Ruchy [ ]
20200809 13:28:24.090 - INFO - +---- START KW: SeleniumLibrary.Go To [ ${GK_URL}ruchy.php ]
20200809 13:28:24.090 - INFO - +----- START KW: SeleniumLibrary.Capture Page Screenshot [ ]
20200809 13:28:24.090 - DEBUG - Test timeout 2 minutes active. 119.998 seconds left.
20200809 13:28:24.090 - INFO - Cannot capture screenshot because no browser is open.
20200809 13:28:24.091 - INFO - +----- END KW: SeleniumLibrary.Capture Page Screenshot (1)
20200809 13:28:24.090 - DEBUG - Test timeout 2 minutes active. 119.998 seconds left.
20200809 13:28:24.090 - INFO - Opening url 'https://staging.geokrety.org/ruchy.php'
20200809 13:28:24.091 - FAIL - No browser is open.
20200809 13:28:24.091 - DEBUG - Traceback (most recent call last):
  File "/home/travis/virtualenv/python2.7.15/lib/python2.7/site-packages/SeleniumLibrary/__init__.py", line 471, in run_keyword
    return DynamicCore.run_keyword(self, name, args, kwargs)
  File "/home/travis/virtualenv/python2.7.15/lib/python2.7/site-packages/robotlibcore.py", line 103, in run_keyword
    return self.keywords[name](*args, **(kwargs or {}))
  File "/home/travis/virtualenv/python2.7.15/lib/python2.7/site-packages/SeleniumLibrary/keywords/browsermanagement.py", line 553, in go_to
    self.driver.get(url)
  File "/home/travis/virtualenv/python2.7.15/lib/python2.7/site-packages/SeleniumLibrary/base/context.py", line 32, in driver
    return self.ctx.driver
  File "/home/travis/virtualenv/python2.7.15/lib/python2.7/site-packages/SeleniumLibrary/__init__.py", line 547, in driver
    raise NoOpenBrowser('No browser is open.')
20200809 13:28:24.091 - INFO - +---- END KW: SeleniumLibrary.Go To (1)
20200809 13:28:24.091 - INFO - +--- END KW: PageRuchy.!Go To Ruchy (2)
------------------------------------------------------------------------------
20200809 13:28:24.092 - INFO - +-- END TEST: Ruchy: search waypoint by GC code (3)
------------------------------------------------------------------------------
20200809 13:28:24.094 - INFO - +-- START TEST: Ruchy: search waypoint by name with more than 1 result [ ]
------------------------------------------------------------------------------
20200809 13:28:24.095 - INFO - +--- START KW: PageRuchy.!Go To Ruchy [ ]
20200809 13:28:24.096 - INFO - +---- START KW: SeleniumLibrary.Go To [ ${GK_URL}ruchy.php ]
20200809 13:28:24.096 - INFO - +----- START KW: SeleniumLibrary.Capture Page Screenshot [ ]
20200809 13:28:24.096 - DEBUG - Test timeout 2 minutes active. 119.997 seconds left.
20200809 13:28:24.096 - INFO - Cannot capture screenshot because no browser is open.
20200809 13:28:24.097 - INFO - +----- END KW: SeleniumLibrary.Capture Page Screenshot (1)
20200809 13:28:24.096 - DEBUG - Test timeout 2 minutes active. 119.997 seconds left.
20200809 13:28:24.096 - INFO - Opening url 'https://staging.geokrety.org/ruchy.php'
20200809 13:28:24.097 - FAIL - No browser is open.
20200809 13:28:24.097 - DEBUG - Traceback (most recent call last):
  File "/home/travis/virtualenv/python2.7.15/lib/python2.7/site-packages/SeleniumLibrary/__init__.py", line 471, in run_keyword
    return DynamicCore.run_keyword(self, name, args, kwargs)
  File "/home/travis/virtualenv/python2.7.15/lib/python2.7/site-packages/robotlibcore.py", line 103, in run_keyword
    return self.keywords[name](*args, **(kwargs or {}))
  File "/home/travis/virtualenv/python2.7.15/lib/python2.7/site-packages/SeleniumLibrary/keywords/browsermanagement.py", line 553, in go_to
    self.driver.get(url)
  File "/home/travis/virtualenv/python2.7.15/lib/python2.7/site-packages/SeleniumLibrary/base/context.py", line 32, in driver
    return self.ctx.driver
  File "/home/travis/virtualenv/python2.7.15/lib/python2.7/site-packages/SeleniumLibrary/__init__.py", line 547, in driver
    raise NoOpenBrowser('No browser is open.')
20200809 13:28:24.097 - INFO - +---- END KW: SeleniumLibrary.Go To (1)
20200809 13:28:24.097 - INFO - +--- END KW: PageRuchy.!Go To Ruchy (2)
------------------------------------------------------------------------------
20200809 13:28:24.098 - INFO - +-- END TEST: Ruchy: search waypoint by name with more than 1 result (5)
------------------------------------------------------------------------------
20200809 13:28:24.099 - INFO - +-- START TEST: Ruchy: search waypoint by name with exactly 1 result [ ]
------------------------------------------------------------------------------
20200809 13:28:24.100 - INFO - +--- START KW: PageRuchy.!Go To Ruchy [ ]
20200809 13:28:24.101 - INFO - +---- START KW: SeleniumLibrary.Go To [ ${GK_URL}ruchy.php ]
20200809 13:28:24.101 - INFO - +----- START KW: SeleniumLibrary.Capture Page Screenshot [ ]
20200809 13:28:24.101 - DEBUG - Test timeout 2 minutes active. 119.998 seconds left.
20200809 13:28:24.101 - INFO - Cannot capture screenshot because no browser is open.
20200809 13:28:24.101 - INFO - +----- END KW: SeleniumLibrary.Capture Page Screenshot (0)
20200809 13:28:24.101 - DEBUG - Test timeout 2 minutes active. 119.998 seconds left.
20200809 13:28:24.101 - INFO - Opening url 'https://staging.geokrety.org/ruchy.php'
20200809 13:28:24.102 - FAIL - No browser is open.
20200809 13:28:24.102 - DEBUG - Traceback (most recent call last):
  File "/home/travis/virtualenv/python2.7.15/lib/python2.7/site-packages/SeleniumLibrary/__init__.py", line 471, in run_keyword
    return DynamicCore.run_keyword(self, name, args, kwargs)
  File "/home/travis/virtualenv/python2.7.15/lib/python2.7/site-packages/robotlibcore.py", line 103, in run_keyword
    return self.keywords[name](*args, **(kwargs or {}))
  File "/home/travis/virtualenv/python2.7.15/lib/python2.7/site-packages/SeleniumLibrary/keywords/browsermanagement.py", line 553, in go_to
    self.driver.get(url)
  File "/home/travis/virtualenv/python2.7.15/lib/python2.7/site-packages/SeleniumLibrary/base/context.py", line 32, in driver
    return self.ctx.driver
  File "/home/travis/virtualenv/python2.7.15/lib/python2.7/site-packages/SeleniumLibrary/__init__.py", line 547, in driver
    raise NoOpenBrowser('No browser is open.')
20200809 13:28:24.102 - INFO - +---- END KW: SeleniumLibrary.Go To (1)
20200809 13:28:24.102 - INFO - +--- END KW: PageRuchy.!Go To Ruchy (2)
------------------------------------------------------------------------------
20200809 13:28:24.102 - INFO - +-- END TEST: Ruchy: search waypoint by name with exactly 1 result (3)
------------------------------------------------------------------------------
20200809 13:28:24.104 - INFO - +-- START TEST: Ruchy: search waypoint by name with no result [ ]
------------------------------------------------------------------------------
20200809 13:28:24.105 - INFO - +--- START KW: PageRuchy.!Go To Ruchy [ ]
20200809 13:28:24.106 - INFO - +---- START KW: SeleniumLibrary.Go To [ ${GK_URL}ruchy.php ]
20200809 13:28:24.106 - INFO - +----- START KW: SeleniumLibrary.Capture Page Screenshot [ ]
20200809 13:28:24.106 - DEBUG - Test timeout 2 minutes active. 119.998 seconds left.
20200809 13:28:24.106 - INFO - Cannot capture screenshot because no browser is open.
20200809 13:28:24.106 - INFO - +----- END KW: SeleniumLibrary.Capture Page Screenshot (0)
20200809 13:28:24.106 - DEBUG - Test timeout 2 minutes active. 119.998 seconds left.
20200809 13:28:24.106 - INFO - Opening url 'https://staging.geokrety.org/ruchy.php'
20200809 13:28:24.107 - FAIL - No browser is open.
20200809 13:28:24.107 - DEBUG - Traceback (most recent call last):
  File "/home/travis/virtualenv/python2.7.15/lib/python2.7/site-packages/SeleniumLibrary/__init__.py", line 471, in run_keyword
    return DynamicCore.run_keyword(self, name, args, kwargs)
  File "/home/travis/virtualenv/python2.7.15/lib/python2.7/site-packages/robotlibcore.py", line 103, in run_keyword
    return self.keywords[name](*args, **(kwargs or {}))
  File "/home/travis/virtualenv/python2.7.15/lib/python2.7/site-packages/SeleniumLibrary/keywords/browsermanagement.py", line 553, in go_to
    self.driver.get(url)
  File "/home/travis/virtualenv/python2.7.15/lib/python2.7/site-packages/SeleniumLibrary/base/context.py", line 32, in driver
    return self.ctx.driver
  File "/home/travis/virtualenv/python2.7.15/lib/python2.7/site-packages/SeleniumLibrary/__init__.py", line 547, in driver
    raise NoOpenBrowser('No browser is open.')
20200809 13:28:24.107 - INFO - +---- END KW: SeleniumLibrary.Go To (1)
20200809 13:28:24.107 - INFO - +--- END KW: PageRuchy.!Go To Ruchy (2)
------------------------------------------------------------------------------
20200809 13:28:24.108 - INFO - +-- END TEST: Ruchy: search waypoint by name with no result (3)
------------------------------------------------------------------------------
20200809 13:28:24.109 - INFO - +-- START TEST: Ruchy: search waypoint by code with invalid prefix [ ]
------------------------------------------------------------------------------
20200809 13:28:24.110 - INFO - +--- START KW: PageRuchy.!Go To Ruchy [ ]
20200809 13:28:24.110 - INFO - +---- START KW: SeleniumLibrary.Go To [ ${GK_URL}ruchy.php ]
20200809 13:28:24.111 - INFO - +----- START KW: SeleniumLibrary.Capture Page Screenshot [ ]
20200809 13:28:24.111 - DEBUG - Test timeout 2 minutes active. 119.998 seconds left.
20200809 13:28:24.111 - INFO - Cannot capture screenshot because no browser is open.
20200809 13:28:24.112 - INFO - +----- END KW: SeleniumLibrary.Capture Page Screenshot (0)
20200809 13:28:24.111 - DEBUG - Test timeout 2 minutes active. 119.998 seconds left.
20200809 13:28:24.111 - INFO - Opening url 'https://staging.geokrety.org/ruchy.php'
20200809 13:28:24.113 - FAIL - No browser is open.
20200809 13:28:24.113 - DEBUG - Traceback (most recent call last):
  File "/home/travis/virtualenv/python2.7.15/lib/python2.7/site-packages/SeleniumLibrary/__init__.py", line 471, in run_keyword
    return DynamicCore.run_keyword(self, name, args, kwargs)
  File "/home/travis/virtualenv/python2.7.15/lib/python2.7/site-packages/robotlibcore.py", line 103, in run_keyword
    return self.keywords[name](*args, **(kwargs or {}))
  File "/home/travis/virtualenv/python2.7.15/lib/python2.7/site-packages/SeleniumLibrary/keywords/browsermanagement.py", line 553, in go_to
    self.driver.get(url)
  File "/home/travis/virtualenv/python2.7.15/lib/python2.7/site-packages/SeleniumLibrary/base/context.py", line 32, in driver
    return self.ctx.driver
  File "/home/travis/virtualenv/python2.7.15/lib/python2.7/site-packages/SeleniumLibrary/__init__.py", line 547, in driver
    raise NoOpenBrowser('No browser is open.')
20200809 13:28:24.113 - INFO - +---- END KW: SeleniumLibrary.Go To (3)
20200809 13:28:24.113 - INFO - +--- END KW: PageRuchy.!Go To Ruchy (3)
------------------------------------------------------------------------------
20200809 13:28:24.114 - INFO - +-- END TEST: Ruchy: search waypoint by code with invalid prefix (4)
------------------------------------------------------------------------------
20200809 13:28:24.115 - INFO - +-- START TEST: Ruchy: search waypoint by code with unknown GC [ ]
------------------------------------------------------------------------------
20200809 13:28:24.117 - INFO - +--- START KW: PageRuchy.!Go To Ruchy [ ]
20200809 13:28:24.117 - INFO - +---- START KW: SeleniumLibrary.Go To [ ${GK_URL}ruchy.php ]
20200809 13:28:24.118 - INFO - +----- START KW: SeleniumLibrary.Capture Page Screenshot [ ]
20200809 13:28:24.118 - DEBUG - Test timeout 2 minutes active. 119.997 seconds left.
20200809 13:28:24.118 - INFO - Cannot capture screenshot because no browser is open.
20200809 13:28:24.118 - INFO - +----- END KW: SeleniumLibrary.Capture Page Screenshot (0)
20200809 13:28:24.117 - DEBUG - Test timeout 2 minutes active. 119.998 seconds left.
20200809 13:28:24.118 - INFO - Opening url 'https://staging.geokrety.org/ruchy.php'
20200809 13:28:24.118 - FAIL - No browser is open.
20200809 13:28:24.118 - DEBUG - Traceback (most recent call last):
  File "/home/travis/virtualenv/python2.7.15/lib/python2.7/site-packages/SeleniumLibrary/__init__.py", line 471, in run_keyword
    return DynamicCore.run_keyword(self, name, args, kwargs)
  File "/home/travis/virtualenv/python2.7.15/lib/python2.7/site-packages/robotlibcore.py", line 103, in run_keyword
    return self.keywords[name](*args, **(kwargs or {}))
  File "/home/travis/virtualenv/python2.7.15/lib/python2.7/site-packages/SeleniumLibrary/keywords/browsermanagement.py", line 553, in go_to
    self.driver.get(url)
  File "/home/travis/virtualenv/python2.7.15/lib/python2.7/site-packages/SeleniumLibrary/base/context.py", line 32, in driver
    return self.ctx.driver
  File "/home/travis/virtualenv/python2.7.15/lib/python2.7/site-packages/SeleniumLibrary/__init__.py", line 547, in driver
    raise NoOpenBrowser('No browser is open.')
20200809 13:28:24.118 - INFO - +---- END KW: SeleniumLibrary.Go To (1)
20200809 13:28:24.119 - INFO - +--- END KW: PageRuchy.!Go To Ruchy (2)
------------------------------------------------------------------------------
20200809 13:28:24.119 - INFO - +-- END TEST: Ruchy: search waypoint by code with unknown GC (4)
------------------------------------------------------------------------------
20200809 13:28:24.121 - INFO - +-- START TEST: Ruchy: end [ ]
------------------------------------------------------------------------------
20200809 13:28:24.122 - INFO - +--- START KW: SeleniumLibrary.Close All Browsers [ ]
20200809 13:28:24.122 - DEBUG - Test timeout 2 minutes active. 119.999 seconds left.
20200809 13:28:24.122 - DEBUG - Closing all browsers.
20200809 13:28:24.122 - INFO - +--- END KW: SeleniumLibrary.Close All Browsers (0)
------------------------------------------------------------------------------
20200809 13:28:24.123 - INFO - +-- END TEST: Ruchy: end (2)
------------------------------------------------------------------------------
20200809 13:28:24.128 - INFO - +- END SUITE: TestGeoKrety.01 GK ruchy (72)
==============================================================================
20200809 13:28:24.138 - INFO - +- START SUITE: TestGeoKrety.02 GK konkret [ ]
==============================================================================
20200809 13:28:24.140 - INFO - +-- START TEST: Konkret: (EN) [ ]
------------------------------------------------------------------------------
20200809 13:28:24.142 - INFO - +--- START KW: PageKonkret.!Go To Konkret [ ]
20200809 13:28:24.142 - INFO - +---- START KW: FunctionsGlobal.!Go To GeoKrety [ ]
20200809 13:28:24.142 - INFO - +----- START KW: SeleniumLibrary.Location Should Contain [ ${GK_URL} ]
20200809 13:28:24.143 - INFO - +------ START KW: SeleniumLibrary.Capture Page Screenshot [ ]
20200809 13:28:24.143 - DEBUG - Test timeout 2 minutes active. 119.997 seconds left.
20200809 13:28:24.143 - INFO - Cannot capture screenshot because no browser is open.
20200809 13:28:24.143 - INFO - +------ END KW: SeleniumLibrary.Capture Page Screenshot (0)
20200809 13:28:24.143 - DEBUG - Test timeout 2 minutes active. 119.998 seconds left.
20200809 13:28:24.143 - FAIL - No browser is open.
20200809 13:28:24.144 - DEBUG - Traceback (most recent call last):
  File "/home/travis/virtualenv/python2.7.15/lib/python2.7/site-packages/SeleniumLibrary/__init__.py", line 471, in run_keyword
    return DynamicCore.run_keyword(self, name, args, kwargs)
  File "/home/travis/virtualenv/python2.7.15/lib/python2.7/site-packages/robotlibcore.py", line 103, in run_keyword
    return self.keywords[name](*args, **(kwargs or {}))
  File "/home/travis/virtualenv/python2.7.15/lib/python2.7/site-packages/SeleniumLibrary/keywords/browsermanagement.py", line 494, in location_should_contain
    actual = self.get_location()
  File "/home/travis/virtualenv/python2.7.15/lib/python2.7/site-packages/SeleniumLibrary/keywords/browsermanagement.py", line 462, in get_location
    return self.driver.current_url
  File "/home/travis/virtualenv/python2.7.15/lib/python2.7/site-packages/SeleniumLibrary/base/context.py", line 32, in driver
    return self.ctx.driver
  File "/home/travis/virtualenv/python2.7.15/lib/python2.7/site-packages/SeleniumLibrary/__init__.py", line 547, in driver
    raise NoOpenBrowser('No browser is open.')
20200809 13:28:24.144 - INFO - +----- END KW: SeleniumLibrary.Location Should Contain (2)
20200809 13:28:24.144 - INFO - +---- END KW: FunctionsGlobal.!Go To GeoKrety (2)
20200809 13:28:24.144 - INFO - +--- END KW: PageKonkret.!Go To Konkret (2)
~~~~~~~~~~~~~~~~~~~~~~~~~~~~~~~~~~~~~~~~~~~~~~~~~~~~~~~~~~~~~~~~~~~~~~~~~~~~~~
20200809 13:28:24.144 - INFO - +--- START TEARDOWN: SeleniumLibrary.Close All Browsers [ ]
20200809 13:28:24.144 - DEBUG - Closing all browsers.
20200809 13:28:24.145 - INFO - +--- END TEARDOWN: SeleniumLibrary.Close All Browsers (1)
------------------------------------------------------------------------------
20200809 13:28:24.146 - INFO - +-- END TEST: Konkret: (EN) (5)
------------------------------------------------------------------------------
20200809 13:28:24.150 - INFO - +- END SUITE: TestGeoKrety.02 GK konkret (17)
==============================================================================
20200809 13:28:24.155 - INFO - + END SUITE: TestGeoKrety (288)
==============================================================================
