<?xml version="1.0" encoding="UTF-8"?>
<robot rpa="false" generated="20200809 13:12:35.607" generator="Robot 3.2.1 (Python 2.7.15 on linux2)">
<suite source="/home/travis/build/geokrety/geokrety-website-qa/acceptance/TestGeoKrety" id="s1" name="TestGeoKrety">
<suite source="/home/travis/build/geokrety/geokrety-website-qa/acceptance/TestGeoKrety/00_GK_welcome.robot" id="s1-s1" name="00 GK welcome">
<test id="s1-s1-t1" name="Welcome: (EN)">
<kw name="!Go To GeoKrety" library="FunctionsGlobal">
<kw name="Location Should Contain" library="SeleniumLibrary">
<doc>Verifies that the current URL contains ``expected``.</doc>
<arguments>
<arg>${GK_URL}</arg>
</arguments>
<kw name="Capture Page Screenshot" library="SeleniumLibrary">
<doc>Takes a screenshot of the current page and embeds it into a log file.</doc>
<msg timestamp="20200809 13:12:35.778" level="DEBUG">Test timeout 2 minutes active. 119.996 seconds left.</msg>
<msg timestamp="20200809 13:12:35.778" level="INFO">Cannot capture screenshot because no browser is open.</msg>
<status status="PASS" endtime="20200809 13:12:35.778" starttime="20200809 13:12:35.778"></status>
</kw>
<msg timestamp="20200809 13:12:35.778" level="DEBUG">Test timeout 2 minutes active. 119.996 seconds left.</msg>
<msg timestamp="20200809 13:12:35.779" level="FAIL">No browser is open.</msg>
<msg timestamp="20200809 13:12:35.779" level="DEBUG">Traceback (most recent call last):
  File "/home/travis/virtualenv/python2.7.15/lib/python2.7/site-packages/SeleniumLibrary/__init__.py", line 471, in run_keyword
    return DynamicCore.run_keyword(self, name, args, kwargs)
  File "/home/travis/virtualenv/python2.7.15/lib/python2.7/site-packages/robotlibcore.py", line 103, in run_keyword
    return self.keywords[name](*args, **(kwargs or {}))
  File "/home/travis/virtualenv/python2.7.15/lib/python2.7/site-packages/SeleniumLibrary/keywords/browsermanagement.py", line 494, in location_should_contain
    actual = self.get_location()
  File "/home/travis/virtualenv/python2.7.15/lib/python2.7/site-packages/SeleniumLibrary/keywords/browsermanagement.py", line 462, in get_location
    return self.driver.current_url
  File "/home/travis/virtualenv/python2.7.15/lib/python2.7/site-packages/SeleniumLibrary/base/context.py", line 32, in driver
    return self.ctx.driver
  File "/home/travis/virtualenv/python2.7.15/lib/python2.7/site-packages/SeleniumLibrary/__init__.py", line 547, in driver
    raise NoOpenBrowser('No browser is open.')</msg>
<status status="FAIL" endtime="20200809 13:12:35.779" starttime="20200809 13:12:35.778"></status>
</kw>
<status status="FAIL" endtime="20200809 13:12:35.780" starttime="20200809 13:12:35.777"></status>
</kw>
<kw type="teardown" name="Close All Browsers" library="SeleniumLibrary">
<doc>Closes all open browsers and resets the browser cache.</doc>
<msg timestamp="20200809 13:12:35.780" level="DEBUG">Closing all browsers.</msg>
<status status="PASS" endtime="20200809 13:12:35.780" starttime="20200809 13:12:35.780"></status>
</kw>
<doc>Default english welcome page</doc>
<tags>
<tag>EN</tag>
<tag>Welcome</tag>
</tags>
<timeout value="2 minutes"></timeout>
<status status="FAIL" endtime="20200809 13:12:35.780" critical="yes" starttime="20200809 13:12:35.774">No browser is open.</status>
</test>
<test id="s1-s1-t2" name="Welcome: (FR)">
<kw name="!Go To GeoKrety" library="FunctionsGlobal">
<kw name="Location Should Contain" library="SeleniumLibrary">
<doc>Verifies that the current URL contains ``expected``.</doc>
<arguments>
<arg>${GK_URL}</arg>
</arguments>
<kw name="Capture Page Screenshot" library="SeleniumLibrary">
<doc>Takes a screenshot of the current page and embeds it into a log file.</doc>
<msg timestamp="20200809 13:12:35.784" level="DEBUG">Test timeout 2 minutes active. 119.998 seconds left.</msg>
<msg timestamp="20200809 13:12:35.784" level="INFO">Cannot capture screenshot because no browser is open.</msg>
<status status="PASS" endtime="20200809 13:12:35.784" starttime="20200809 13:12:35.784"></status>
</kw>
<msg timestamp="20200809 13:12:35.783" level="DEBUG">Test timeout 2 minutes active. 119.998 seconds left.</msg>
<msg timestamp="20200809 13:12:35.784" level="FAIL">No browser is open.</msg>
<msg timestamp="20200809 13:12:35.784" level="DEBUG">Traceback (most recent call last):
  File "/home/travis/virtualenv/python2.7.15/lib/python2.7/site-packages/SeleniumLibrary/__init__.py", line 471, in run_keyword
    return DynamicCore.run_keyword(self, name, args, kwargs)
  File "/home/travis/virtualenv/python2.7.15/lib/python2.7/site-packages/robotlibcore.py", line 103, in run_keyword
    return self.keywords[name](*args, **(kwargs or {}))
  File "/home/travis/virtualenv/python2.7.15/lib/python2.7/site-packages/SeleniumLibrary/keywords/browsermanagement.py", line 494, in location_should_contain
    actual = self.get_location()
  File "/home/travis/virtualenv/python2.7.15/lib/python2.7/site-packages/SeleniumLibrary/keywords/browsermanagement.py", line 462, in get_location
    return self.driver.current_url
  File "/home/travis/virtualenv/python2.7.15/lib/python2.7/site-packages/SeleniumLibrary/base/context.py", line 32, in driver
    return self.ctx.driver
  File "/home/travis/virtualenv/python2.7.15/lib/python2.7/site-packages/SeleniumLibrary/__init__.py", line 547, in driver
    raise NoOpenBrowser('No browser is open.')</msg>
<status status="FAIL" endtime="20200809 13:12:35.784" starttime="20200809 13:12:35.783"></status>
</kw>
<status status="FAIL" endtime="20200809 13:12:35.785" starttime="20200809 13:12:35.783"></status>
</kw>
<kw type="teardown" name="Close All Browsers" library="SeleniumLibrary">
<doc>Closes all open browsers and resets the browser cache.</doc>
<msg timestamp="20200809 13:12:35.785" level="DEBUG">Closing all browsers.</msg>
<status status="PASS" endtime="20200809 13:12:35.785" starttime="20200809 13:12:35.785"></status>
</kw>
<doc>Welcome page in french</doc>
<tags>
<tag>FR</tag>
<tag>Welcome</tag>
</tags>
<timeout value="2 minutes"></timeout>
<status status="FAIL" endtime="20200809 13:12:35.785" critical="yes" starttime="20200809 13:12:35.782">No browser is open.</status>
</test>
<test id="s1-s1-t3" name="Welcome: input geokret code">
<kw name="!Go To GeoKrety" library="FunctionsGlobal">
<kw name="Location Should Contain" library="SeleniumLibrary">
<doc>Verifies that the current URL contains ``expected``.</doc>
<arguments>
<arg>${GK_URL}</arg>
</arguments>
<kw name="Capture Page Screenshot" library="SeleniumLibrary">
<doc>Takes a screenshot of the current page and embeds it into a log file.</doc>
<msg timestamp="20200809 13:12:35.788" level="DEBUG">Test timeout 2 minutes active. 119.998 seconds left.</msg>
<msg timestamp="20200809 13:12:35.789" level="INFO">Cannot capture screenshot because no browser is open.</msg>
<status status="PASS" endtime="20200809 13:12:35.789" starttime="20200809 13:12:35.788"></status>
</kw>
<msg timestamp="20200809 13:12:35.788" level="DEBUG">Test timeout 2 minutes active. 119.998 seconds left.</msg>
<msg timestamp="20200809 13:12:35.789" level="FAIL">No browser is open.</msg>
<msg timestamp="20200809 13:12:35.789" level="DEBUG">Traceback (most recent call last):
  File "/home/travis/virtualenv/python2.7.15/lib/python2.7/site-packages/SeleniumLibrary/__init__.py", line 471, in run_keyword
    return DynamicCore.run_keyword(self, name, args, kwargs)
  File "/home/travis/virtualenv/python2.7.15/lib/python2.7/site-packages/robotlibcore.py", line 103, in run_keyword
    return self.keywords[name](*args, **(kwargs or {}))
  File "/home/travis/virtualenv/python2.7.15/lib/python2.7/site-packages/SeleniumLibrary/keywords/browsermanagement.py", line 494, in location_should_contain
    actual = self.get_location()
  File "/home/travis/virtualenv/python2.7.15/lib/python2.7/site-packages/SeleniumLibrary/keywords/browsermanagement.py", line 462, in get_location
    return self.driver.current_url
  File "/home/travis/virtualenv/python2.7.15/lib/python2.7/site-packages/SeleniumLibrary/base/context.py", line 32, in driver
    return self.ctx.driver
  File "/home/travis/virtualenv/python2.7.15/lib/python2.7/site-packages/SeleniumLibrary/__init__.py", line 547, in driver
    raise NoOpenBrowser('No browser is open.')</msg>
<status status="FAIL" endtime="20200809 13:12:35.789" starttime="20200809 13:12:35.788"></status>
</kw>
<status status="FAIL" endtime="20200809 13:12:35.789" starttime="20200809 13:12:35.788"></status>
</kw>
<kw type="teardown" name="Close All Browsers" library="SeleniumLibrary">
<doc>Closes all open browsers and resets the browser cache.</doc>
<msg timestamp="20200809 13:12:35.790" level="DEBUG">Closing all browsers.</msg>
<status status="PASS" endtime="20200809 13:12:35.790" starttime="20200809 13:12:35.790"></status>
</kw>
<doc>Tracking code should redirect to ruchy</doc>
<tags>
<tag>RUCHY</tag>
<tag>Welcome</tag>
</tags>
<timeout value="2 minutes"></timeout>
<status status="FAIL" endtime="20200809 13:12:35.790" critical="yes" starttime="20200809 13:12:35.786">No browser is open.</status>
</test>
<status status="FAIL" endtime="20200809 13:12:35.791" starttime="20200809 13:12:35.625"></status>
</suite>
<suite source="/home/travis/build/geokrety/geokrety-website-qa/acceptance/TestGeoKrety/01_GK_ruchy.robot" id="s1-s2" name="01 GK ruchy">
<test id="s1-s2-t1" name="Ruchy: start">
<kw name="!Open browser onto ruchy" library="PageRuchy">
<kw name="!Go To GeoKrety" library="FunctionsGlobal">
<kw name="Location Should Contain" library="SeleniumLibrary">
<doc>Verifies that the current URL contains ``expected``.</doc>
<arguments>
<arg>${GK_URL}</arg>
</arguments>
<kw name="Capture Page Screenshot" library="SeleniumLibrary">
<doc>Takes a screenshot of the current page and embeds it into a log file.</doc>
<msg timestamp="20200809 13:12:35.815" level="DEBUG">Test timeout 2 minutes active. 119.997 seconds left.</msg>
<msg timestamp="20200809 13:12:35.815" level="INFO">Cannot capture screenshot because no browser is open.</msg>
<status status="PASS" endtime="20200809 13:12:35.816" starttime="20200809 13:12:35.815"></status>
</kw>
<msg timestamp="20200809 13:12:35.814" level="DEBUG">Test timeout 2 minutes active. 119.997 seconds left.</msg>
<msg timestamp="20200809 13:12:35.816" level="FAIL">No browser is open.</msg>
<msg timestamp="20200809 13:12:35.816" level="DEBUG">Traceback (most recent call last):
  File "/home/travis/virtualenv/python2.7.15/lib/python2.7/site-packages/SeleniumLibrary/__init__.py", line 471, in run_keyword
    return DynamicCore.run_keyword(self, name, args, kwargs)
  File "/home/travis/virtualenv/python2.7.15/lib/python2.7/site-packages/robotlibcore.py", line 103, in run_keyword
    return self.keywords[name](*args, **(kwargs or {}))
  File "/home/travis/virtualenv/python2.7.15/lib/python2.7/site-packages/SeleniumLibrary/keywords/browsermanagement.py", line 494, in location_should_contain
    actual = self.get_location()
  File "/home/travis/virtualenv/python2.7.15/lib/python2.7/site-packages/SeleniumLibrary/keywords/browsermanagement.py", line 462, in get_location
    return self.driver.current_url
  File "/home/travis/virtualenv/python2.7.15/lib/python2.7/site-packages/SeleniumLibrary/base/context.py", line 32, in driver
    return self.ctx.driver
  File "/home/travis/virtualenv/python2.7.15/lib/python2.7/site-packages/SeleniumLibrary/__init__.py", line 547, in driver
    raise NoOpenBrowser('No browser is open.')</msg>
<status status="FAIL" endtime="20200809 13:12:35.816" starttime="20200809 13:12:35.814"></status>
</kw>
<status status="FAIL" endtime="20200809 13:12:35.816" starttime="20200809 13:12:35.813"></status>
</kw>
<status status="FAIL" endtime="20200809 13:12:35.816" starttime="20200809 13:12:35.813"></status>
</kw>
<tags>
<tag>Ruchy</tag>
</tags>
<timeout value="2 minutes"></timeout>
<status status="FAIL" endtime="20200809 13:12:35.817" critical="yes" starttime="20200809 13:12:35.812">No browser is open.</status>
</test>
<test id="s1-s2-t2" name="Ruchy: (EN)">
<kw name="!Go To Ruchy" library="PageRuchy">
<kw name="Go To" library="SeleniumLibrary">
<doc>Navigates the current browser window to the provided ``url``.</doc>
<arguments>
<arg>${GK_URL}ruchy.php</arg>
</arguments>
<kw name="Capture Page Screenshot" library="SeleniumLibrary">
<doc>Takes a screenshot of the current page and embeds it into a log file.</doc>
<msg timestamp="20200809 13:12:35.819" level="DEBUG">Test timeout 2 minutes active. 119.998 seconds left.</msg>
<msg timestamp="20200809 13:12:35.819" level="INFO">Cannot capture screenshot because no browser is open.</msg>
<status status="PASS" endtime="20200809 13:12:35.820" starttime="20200809 13:12:35.819"></status>
</kw>
<msg timestamp="20200809 13:12:35.819" level="DEBUG">Test timeout 2 minutes active. 119.998 seconds left.</msg>
<msg timestamp="20200809 13:12:35.819" level="INFO">Opening url 'https://staging.geokrety.org/ruchy.php'</msg>
<msg timestamp="20200809 13:12:35.822" level="FAIL">No browser is open.</msg>
<msg timestamp="20200809 13:12:35.822" level="DEBUG">Traceback (most recent call last):
  File "/home/travis/virtualenv/python2.7.15/lib/python2.7/site-packages/SeleniumLibrary/__init__.py", line 471, in run_keyword
    return DynamicCore.run_keyword(self, name, args, kwargs)
  File "/home/travis/virtualenv/python2.7.15/lib/python2.7/site-packages/robotlibcore.py", line 103, in run_keyword
    return self.keywords[name](*args, **(kwargs or {}))
  File "/home/travis/virtualenv/python2.7.15/lib/python2.7/site-packages/SeleniumLibrary/keywords/browsermanagement.py", line 553, in go_to
    self.driver.get(url)
  File "/home/travis/virtualenv/python2.7.15/lib/python2.7/site-packages/SeleniumLibrary/base/context.py", line 32, in driver
    return self.ctx.driver
  File "/home/travis/virtualenv/python2.7.15/lib/python2.7/site-packages/SeleniumLibrary/__init__.py", line 547, in driver
    raise NoOpenBrowser('No browser is open.')</msg>
<status status="FAIL" endtime="20200809 13:12:35.822" starttime="20200809 13:12:35.818"></status>
</kw>
<status status="FAIL" endtime="20200809 13:12:35.822" starttime="20200809 13:12:35.818"></status>
</kw>
<doc>default page</doc>
<tags>
<tag>EN</tag>
<tag>Ruchy</tag>
</tags>
<timeout value="2 minutes"></timeout>
<status status="FAIL" endtime="20200809 13:12:35.823" critical="yes" starttime="20200809 13:12:35.817">No browser is open.</status>
</test>
<test id="s1-s2-t3" name="Ruchy: search waypoint by GC code">
<kw name="!Go To Ruchy" library="PageRuchy">
<kw name="Go To" library="SeleniumLibrary">
<doc>Navigates the current browser window to the provided ``url``.</doc>
<arguments>
<arg>${GK_URL}ruchy.php</arg>
</arguments>
<kw name="Capture Page Screenshot" library="SeleniumLibrary">
<doc>Takes a screenshot of the current page and embeds it into a log file.</doc>
<msg timestamp="20200809 13:12:35.827" level="DEBUG">Test timeout 2 minutes active. 119.998 seconds left.</msg>
<msg timestamp="20200809 13:12:35.827" level="INFO">Cannot capture screenshot because no browser is open.</msg>
<status status="PASS" endtime="20200809 13:12:35.827" starttime="20200809 13:12:35.827"></status>
</kw>
<msg timestamp="20200809 13:12:35.827" level="DEBUG">Test timeout 2 minutes active. 119.998 seconds left.</msg>
<msg timestamp="20200809 13:12:35.827" level="INFO">Opening url 'https://staging.geokrety.org/ruchy.php'</msg>
<msg timestamp="20200809 13:12:35.828" level="FAIL">No browser is open.</msg>
<msg timestamp="20200809 13:12:35.828" level="DEBUG">Traceback (most recent call last):
  File "/home/travis/virtualenv/python2.7.15/lib/python2.7/site-packages/SeleniumLibrary/__init__.py", line 471, in run_keyword
    return DynamicCore.run_keyword(self, name, args, kwargs)
  File "/home/travis/virtualenv/python2.7.15/lib/python2.7/site-packages/robotlibcore.py", line 103, in run_keyword
    return self.keywords[name](*args, **(kwargs or {}))
  File "/home/travis/virtualenv/python2.7.15/lib/python2.7/site-packages/SeleniumLibrary/keywords/browsermanagement.py", line 553, in go_to
    self.driver.get(url)
  File "/home/travis/virtualenv/python2.7.15/lib/python2.7/site-packages/SeleniumLibrary/base/context.py", line 32, in driver
    return self.ctx.driver
  File "/home/travis/virtualenv/python2.7.15/lib/python2.7/site-packages/SeleniumLibrary/__init__.py", line 547, in driver
    raise NoOpenBrowser('No browser is open.')</msg>
<status status="FAIL" endtime="20200809 13:12:35.828" starttime="20200809 13:12:35.827"></status>
</kw>
<status status="FAIL" endtime="20200809 13:12:35.828" starttime="20200809 13:12:35.826"></status>
</kw>
<tags>
<tag>EN</tag>
<tag>Ruchy</tag>
<tag>search</tag>
<tag>waypoint</tag>
</tags>
<timeout value="2 minutes"></timeout>
<status status="FAIL" endtime="20200809 13:12:35.828" critical="yes" starttime="20200809 13:12:35.825">No browser is open.</status>
</test>
<test id="s1-s2-t4" name="Ruchy: search waypoint by name with more than 1 result">
<kw name="!Go To Ruchy" library="PageRuchy">
<kw name="Go To" library="SeleniumLibrary">
<doc>Navigates the current browser window to the provided ``url``.</doc>
<arguments>
<arg>${GK_URL}ruchy.php</arg>
</arguments>
<kw name="Capture Page Screenshot" library="SeleniumLibrary">
<doc>Takes a screenshot of the current page and embeds it into a log file.</doc>
<msg timestamp="20200809 13:12:35.833" level="DEBUG">Test timeout 2 minutes active. 119.998 seconds left.</msg>
<msg timestamp="20200809 13:12:35.833" level="INFO">Cannot capture screenshot because no browser is open.</msg>
<status status="PASS" endtime="20200809 13:12:35.833" starttime="20200809 13:12:35.833"></status>
</kw>
<msg timestamp="20200809 13:12:35.833" level="DEBUG">Test timeout 2 minutes active. 119.998 seconds left.</msg>
<msg timestamp="20200809 13:12:35.833" level="INFO">Opening url 'https://staging.geokrety.org/ruchy.php'</msg>
<msg timestamp="20200809 13:12:35.834" level="FAIL">No browser is open.</msg>
<msg timestamp="20200809 13:12:35.834" level="DEBUG">Traceback (most recent call last):
  File "/home/travis/virtualenv/python2.7.15/lib/python2.7/site-packages/SeleniumLibrary/__init__.py", line 471, in run_keyword
    return DynamicCore.run_keyword(self, name, args, kwargs)
  File "/home/travis/virtualenv/python2.7.15/lib/python2.7/site-packages/robotlibcore.py", line 103, in run_keyword
    return self.keywords[name](*args, **(kwargs or {}))
  File "/home/travis/virtualenv/python2.7.15/lib/python2.7/site-packages/SeleniumLibrary/keywords/browsermanagement.py", line 553, in go_to
    self.driver.get(url)
  File "/home/travis/virtualenv/python2.7.15/lib/python2.7/site-packages/SeleniumLibrary/base/context.py", line 32, in driver
    return self.ctx.driver
  File "/home/travis/virtualenv/python2.7.15/lib/python2.7/site-packages/SeleniumLibrary/__init__.py", line 547, in driver
    raise NoOpenBrowser('No browser is open.')</msg>
<status status="FAIL" endtime="20200809 13:12:35.834" starttime="20200809 13:12:35.833"></status>
</kw>
<status status="FAIL" endtime="20200809 13:12:35.834" starttime="20200809 13:12:35.832"></status>
</kw>
<tags>
<tag>EN</tag>
<tag>Ruchy</tag>
<tag>search</tag>
<tag>waypoint</tag>
</tags>
<timeout value="2 minutes"></timeout>
<status status="FAIL" endtime="20200809 13:12:35.834" critical="yes" starttime="20200809 13:12:35.831">No browser is open.</status>
</test>
<test id="s1-s2-t5" name="Ruchy: search waypoint by name with exactly 1 result">
<kw name="!Go To Ruchy" library="PageRuchy">
<kw name="Go To" library="SeleniumLibrary">
<doc>Navigates the current browser window to the provided ``url``.</doc>
<arguments>
<arg>${GK_URL}ruchy.php</arg>
</arguments>
<kw name="Capture Page Screenshot" library="SeleniumLibrary">
<doc>Takes a screenshot of the current page and embeds it into a log file.</doc>
<msg timestamp="20200809 13:12:35.839" level="DEBUG">Test timeout 2 minutes active. 119.997 seconds left.</msg>
<msg timestamp="20200809 13:12:35.839" level="INFO">Cannot capture screenshot because no browser is open.</msg>
<status status="PASS" endtime="20200809 13:12:35.840" starttime="20200809 13:12:35.839"></status>
</kw>
<msg timestamp="20200809 13:12:35.839" level="DEBUG">Test timeout 2 minutes active. 119.997 seconds left.</msg>
<msg timestamp="20200809 13:12:35.839" level="INFO">Opening url 'https://staging.geokrety.org/ruchy.php'</msg>
<msg timestamp="20200809 13:12:35.840" level="FAIL">No browser is open.</msg>
<msg timestamp="20200809 13:12:35.840" level="DEBUG">Traceback (most recent call last):
  File "/home/travis/virtualenv/python2.7.15/lib/python2.7/site-packages/SeleniumLibrary/__init__.py", line 471, in run_keyword
    return DynamicCore.run_keyword(self, name, args, kwargs)
  File "/home/travis/virtualenv/python2.7.15/lib/python2.7/site-packages/robotlibcore.py", line 103, in run_keyword
    return self.keywords[name](*args, **(kwargs or {}))
  File "/home/travis/virtualenv/python2.7.15/lib/python2.7/site-packages/SeleniumLibrary/keywords/browsermanagement.py", line 553, in go_to
    self.driver.get(url)
  File "/home/travis/virtualenv/python2.7.15/lib/python2.7/site-packages/SeleniumLibrary/base/context.py", line 32, in driver
    return self.ctx.driver
  File "/home/travis/virtualenv/python2.7.15/lib/python2.7/site-packages/SeleniumLibrary/__init__.py", line 547, in driver
    raise NoOpenBrowser('No browser is open.')</msg>
<status status="FAIL" endtime="20200809 13:12:35.840" starttime="20200809 13:12:35.839"></status>
</kw>
<status status="FAIL" endtime="20200809 13:12:35.841" starttime="20200809 13:12:35.838"></status>
</kw>
<tags>
<tag>EN</tag>
<tag>Ruchy</tag>
<tag>search</tag>
<tag>waypoint</tag>
</tags>
<timeout value="2 minutes"></timeout>
<status status="FAIL" endtime="20200809 13:12:35.841" critical="yes" starttime="20200809 13:12:35.836">No browser is open.</status>
</test>
<test id="s1-s2-t6" name="Ruchy: search waypoint by name with no result">
<kw name="!Go To Ruchy" library="PageRuchy">
<kw name="Go To" library="SeleniumLibrary">
<doc>Navigates the current browser window to the provided ``url``.</doc>
<arguments>
<arg>${GK_URL}ruchy.php</arg>
</arguments>
<kw name="Capture Page Screenshot" library="SeleniumLibrary">
<doc>Takes a screenshot of the current page and embeds it into a log file.</doc>
<msg timestamp="20200809 13:12:35.845" level="DEBUG">Test timeout 2 minutes active. 119.997 seconds left.</msg>
<msg timestamp="20200809 13:12:35.845" level="INFO">Cannot capture screenshot because no browser is open.</msg>
<status status="PASS" endtime="20200809 13:12:35.845" starttime="20200809 13:12:35.845"></status>
</kw>
<msg timestamp="20200809 13:12:35.844" level="DEBUG">Test timeout 2 minutes active. 119.997 seconds left.</msg>
<msg timestamp="20200809 13:12:35.844" level="INFO">Opening url 'https://staging.geokrety.org/ruchy.php'</msg>
<msg timestamp="20200809 13:12:35.845" level="FAIL">No browser is open.</msg>
<msg timestamp="20200809 13:12:35.846" level="DEBUG">Traceback (most recent call last):
  File "/home/travis/virtualenv/python2.7.15/lib/python2.7/site-packages/SeleniumLibrary/__init__.py", line 471, in run_keyword
    return DynamicCore.run_keyword(self, name, args, kwargs)
  File "/home/travis/virtualenv/python2.7.15/lib/python2.7/site-packages/robotlibcore.py", line 103, in run_keyword
    return self.keywords[name](*args, **(kwargs or {}))
  File "/home/travis/virtualenv/python2.7.15/lib/python2.7/site-packages/SeleniumLibrary/keywords/browsermanagement.py", line 553, in go_to
    self.driver.get(url)
  File "/home/travis/virtualenv/python2.7.15/lib/python2.7/site-packages/SeleniumLibrary/base/context.py", line 32, in driver
    return self.ctx.driver
  File "/home/travis/virtualenv/python2.7.15/lib/python2.7/site-packages/SeleniumLibrary/__init__.py", line 547, in driver
    raise NoOpenBrowser('No browser is open.')</msg>
<status status="FAIL" endtime="20200809 13:12:35.846" starttime="20200809 13:12:35.844"></status>
</kw>
<status status="FAIL" endtime="20200809 13:12:35.848" starttime="20200809 13:12:35.843"></status>
</kw>
<tags>
<tag>EN</tag>
<tag>Ruchy</tag>
<tag>search</tag>
<tag>waypoint</tag>
</tags>
<timeout value="2 minutes"></timeout>
<status status="FAIL" endtime="20200809 13:12:35.848" critical="yes" starttime="20200809 13:12:35.841">No browser is open.</status>
</test>
<test id="s1-s2-t7" name="Ruchy: search waypoint by code with invalid prefix">
<kw name="!Go To Ruchy" library="PageRuchy">
<kw name="Go To" library="SeleniumLibrary">
<doc>Navigates the current browser window to the provided ``url``.</doc>
<arguments>
<arg>${GK_URL}ruchy.php</arg>
</arguments>
<kw name="Capture Page Screenshot" library="SeleniumLibrary">
<doc>Takes a screenshot of the current page and embeds it into a log file.</doc>
<msg timestamp="20200809 13:12:35.853" level="DEBUG">Test timeout 2 minutes active. 119.996 seconds left.</msg>
<msg timestamp="20200809 13:12:35.854" level="INFO">Cannot capture screenshot because no browser is open.</msg>
<status status="PASS" endtime="20200809 13:12:35.854" starttime="20200809 13:12:35.853"></status>
</kw>
<msg timestamp="20200809 13:12:35.853" level="DEBUG">Test timeout 2 minutes active. 119.997 seconds left.</msg>
<msg timestamp="20200809 13:12:35.853" level="INFO">Opening url 'https://staging.geokrety.org/ruchy.php'</msg>
<msg timestamp="20200809 13:12:35.854" level="FAIL">No browser is open.</msg>
<msg timestamp="20200809 13:12:35.854" level="DEBUG">Traceback (most recent call last):
  File "/home/travis/virtualenv/python2.7.15/lib/python2.7/site-packages/SeleniumLibrary/__init__.py", line 471, in run_keyword
    return DynamicCore.run_keyword(self, name, args, kwargs)
  File "/home/travis/virtualenv/python2.7.15/lib/python2.7/site-packages/robotlibcore.py", line 103, in run_keyword
    return self.keywords[name](*args, **(kwargs or {}))
  File "/home/travis/virtualenv/python2.7.15/lib/python2.7/site-packages/SeleniumLibrary/keywords/browsermanagement.py", line 553, in go_to
    self.driver.get(url)
  File "/home/travis/virtualenv/python2.7.15/lib/python2.7/site-packages/SeleniumLibrary/base/context.py", line 32, in driver
    return self.ctx.driver
  File "/home/travis/virtualenv/python2.7.15/lib/python2.7/site-packages/SeleniumLibrary/__init__.py", line 547, in driver
    raise NoOpenBrowser('No browser is open.')</msg>
<status status="FAIL" endtime="20200809 13:12:35.854" starttime="20200809 13:12:35.853"></status>
</kw>
<status status="FAIL" endtime="20200809 13:12:35.854" starttime="20200809 13:12:35.852"></status>
</kw>
<tags>
<tag>EN</tag>
<tag>Ruchy</tag>
<tag>search</tag>
<tag>waypoint</tag>
</tags>
<timeout value="2 minutes"></timeout>
<status status="FAIL" endtime="20200809 13:12:35.854" critical="yes" starttime="20200809 13:12:35.849">No browser is open.</status>
</test>
<test id="s1-s2-t8" name="Ruchy: search waypoint by code with unknown GC">
<kw name="!Go To Ruchy" library="PageRuchy">
<kw name="Go To" library="SeleniumLibrary">
<doc>Navigates the current browser window to the provided ``url``.</doc>
<arguments>
<arg>${GK_URL}ruchy.php</arg>
</arguments>
<kw name="Capture Page Screenshot" library="SeleniumLibrary">
<doc>Takes a screenshot of the current page and embeds it into a log file.</doc>
<msg timestamp="20200809 13:12:35.859" level="DEBUG">Test timeout 2 minutes active. 119.997 seconds left.</msg>
<msg timestamp="20200809 13:12:35.859" level="INFO">Cannot capture screenshot because no browser is open.</msg>
<status status="PASS" endtime="20200809 13:12:35.859" starttime="20200809 13:12:35.859"></status>
</kw>
<msg timestamp="20200809 13:12:35.859" level="DEBUG">Test timeout 2 minutes active. 119.998 seconds left.</msg>
<msg timestamp="20200809 13:12:35.859" level="INFO">Opening url 'https://staging.geokrety.org/ruchy.php'</msg>
<msg timestamp="20200809 13:12:35.860" level="FAIL">No browser is open.</msg>
<msg timestamp="20200809 13:12:35.860" level="DEBUG">Traceback (most recent call last):
  File "/home/travis/virtualenv/python2.7.15/lib/python2.7/site-packages/SeleniumLibrary/__init__.py", line 471, in run_keyword
    return DynamicCore.run_keyword(self, name, args, kwargs)
  File "/home/travis/virtualenv/python2.7.15/lib/python2.7/site-packages/robotlibcore.py", line 103, in run_keyword
    return self.keywords[name](*args, **(kwargs or {}))
  File "/home/travis/virtualenv/python2.7.15/lib/python2.7/site-packages/SeleniumLibrary/keywords/browsermanagement.py", line 553, in go_to
    self.driver.get(url)
  File "/home/travis/virtualenv/python2.7.15/lib/python2.7/site-packages/SeleniumLibrary/base/context.py", line 32, in driver
    return self.ctx.driver
  File "/home/travis/virtualenv/python2.7.15/lib/python2.7/site-packages/SeleniumLibrary/__init__.py", line 547, in driver
    raise NoOpenBrowser('No browser is open.')</msg>
<status status="FAIL" endtime="20200809 13:12:35.860" starttime="20200809 13:12:35.859"></status>
</kw>
<status status="FAIL" endtime="20200809 13:12:35.860" starttime="20200809 13:12:35.858"></status>
</kw>
<tags>
<tag>EN</tag>
<tag>Ruchy</tag>
<tag>search</tag>
<tag>waypoint</tag>
</tags>
<timeout value="2 minutes"></timeout>
<status status="FAIL" endtime="20200809 13:12:35.860" critical="yes" starttime="20200809 13:12:35.855">No browser is open.</status>
</test>
<test id="s1-s2-t9" name="Ruchy: end">
<kw name="Close All Browsers" library="SeleniumLibrary">
<doc>Closes all open browsers and resets the browser cache.</doc>
<msg timestamp="20200809 13:12:35.864" level="DEBUG">Test timeout 2 minutes active. 119.997 seconds left.</msg>
<msg timestamp="20200809 13:12:35.865" level="DEBUG">Closing all browsers.</msg>
<status status="PASS" endtime="20200809 13:12:35.865" starttime="20200809 13:12:35.864"></status>
</kw>
<tags>
<tag>Ruchy</tag>
</tags>
<timeout value="2 minutes"></timeout>
<status status="PASS" endtime="20200809 13:12:35.865" critical="yes" starttime="20200809 13:12:35.861"></status>
</test>
<status status="FAIL" endtime="20200809 13:12:35.866" starttime="20200809 13:12:35.797"></status>
</suite>
<suite source="/home/travis/build/geokrety/geokrety-website-qa/acceptance/TestGeoKrety/02_GK_konkret.robot" id="s1-s3" name="02 GK konkret">
<test id="s1-s3-t1" name="Konkret: (EN)">
<kw name="!Go To Konkret" library="PageKonkret">
<kw name="!Go To GeoKrety" library="FunctionsGlobal">
<kw name="Location Should Contain" library="SeleniumLibrary">
<doc>Verifies that the current URL contains ``expected``.</doc>
<arguments>
<arg>${GK_URL}</arg>
</arguments>
<kw name="Capture Page Screenshot" library="SeleniumLibrary">
<doc>Takes a screenshot of the current page and embeds it into a log file.</doc>
<msg timestamp="20200809 13:12:35.888" level="DEBUG">Test timeout 2 minutes active. 119.996 seconds left.</msg>
<msg timestamp="20200809 13:12:35.888" level="INFO">Cannot capture screenshot because no browser is open.</msg>
<status status="PASS" endtime="20200809 13:12:35.888" starttime="20200809 13:12:35.888"></status>
</kw>
<msg timestamp="20200809 13:12:35.888" level="DEBUG">Test timeout 2 minutes active. 119.996 seconds left.</msg>
<msg timestamp="20200809 13:12:35.889" level="FAIL">No browser is open.</msg>
<msg timestamp="20200809 13:12:35.889" level="DEBUG">Traceback (most recent call last):
  File "/home/travis/virtualenv/python2.7.15/lib/python2.7/site-packages/SeleniumLibrary/__init__.py", line 471, in run_keyword
    return DynamicCore.run_keyword(self, name, args, kwargs)
  File "/home/travis/virtualenv/python2.7.15/lib/python2.7/site-packages/robotlibcore.py", line 103, in run_keyword
    return self.keywords[name](*args, **(kwargs or {}))
  File "/home/travis/virtualenv/python2.7.15/lib/python2.7/site-packages/SeleniumLibrary/keywords/browsermanagement.py", line 494, in location_should_contain
    actual = self.get_location()
  File "/home/travis/virtualenv/python2.7.15/lib/python2.7/site-packages/SeleniumLibrary/keywords/browsermanagement.py", line 462, in get_location
    return self.driver.current_url
  File "/home/travis/virtualenv/python2.7.15/lib/python2.7/site-packages/SeleniumLibrary/base/context.py", line 32, in driver
    return self.ctx.driver
  File "/home/travis/virtualenv/python2.7.15/lib/python2.7/site-packages/SeleniumLibrary/__init__.py", line 547, in driver
    raise NoOpenBrowser('No browser is open.')</msg>
<status status="FAIL" endtime="20200809 13:12:35.889" starttime="20200809 13:12:35.887"></status>
</kw>
<status status="FAIL" endtime="20200809 13:12:35.889" starttime="20200809 13:12:35.887"></status>
</kw>
<status status="FAIL" endtime="20200809 13:12:35.889" starttime="20200809 13:12:35.886"></status>
</kw>
<kw type="teardown" name="Close All Browsers" library="SeleniumLibrary">
<doc>Closes all open browsers and resets the browser cache.</doc>
<msg timestamp="20200809 13:12:35.889" level="DEBUG">Closing all browsers.</msg>
<status status="PASS" endtime="20200809 13:12:35.889" starttime="20200809 13:12:35.889"></status>
</kw>
<doc>default page</doc>
<tags>
<tag>EN</tag>
<tag>Konkret</tag>
</tags>
<timeout value="2 minutes"></timeout>
<status status="FAIL" endtime="20200809 13:12:35.890" critical="yes" starttime="20200809 13:12:35.883">No browser is open.</status>
</test>
<status status="FAIL" endtime="20200809 13:12:35.891" starttime="20200809 13:12:35.869"></status>
</suite>
<status status="FAIL" endtime="20200809 13:12:35.894" starttime="20200809 13:12:35.609"></status>
</suite>
<statistics>
<total>
<stat fail="12" pass="1">Critical Tests</stat>
<stat fail="12" pass="1">All Tests</stat>
</total>
<tag>
<stat fail="9" pass="0">EN</stat>
<stat fail="1" pass="0">FR</stat>
<stat fail="1" pass="0">Konkret</stat>
<stat fail="9" pass="1">RUCHY</stat>
<stat fail="6" pass="0">search</stat>
<stat fail="6" pass="0">waypoint</stat>
<stat fail="3" pass="0">Welcome</stat>
</tag>
<suite>
<stat fail="12" id="s1" name="TestGeoKrety" pass="1">TestGeoKrety</stat>
<stat fail="3" id="s1-s1" name="00 GK welcome" pass="0">TestGeoKrety.00 GK welcome</stat>
<stat fail="8" id="s1-s2" name="01 GK ruchy" pass="1">TestGeoKrety.01 GK ruchy</stat>
<stat fail="1" id="s1-s3" name="02 GK konkret" pass="0">TestGeoKrety.02 GK konkret</stat>
</suite>
</statistics>
<errors>
</errors>
</robot>
