==============================================================================
20201114 14:55:16.935 - INFO - + START SUITE: Acceptance [ ]
==============================================================================
20201114 17:55:17.093 - INFO - +- START SUITE: Acceptance.010 UserRegistration [ ]
==============================================================================
20201114 17:55:17.094 - INFO - +-- START SETUP: FunctionsGlobal.Global Setup [ ]
20201114 17:55:17.094 - INFO - +--- START KW: FunctionsGlobal.!Open GeoKrety Browser [ ${browser} ]
20201114 17:55:17.095 - INFO - +---- START KW: BuiltIn.Run Keyword If [ "${BS_ENABLED}" != "false" | !Open GeoKrety BrowserStack | ${browser} | ELSE | !Open GeoKrety Browser Local | ${browser} ]
20201114 17:55:17.095 - INFO - +----- START KW: FunctionsGlobal.!Open GeoKrety Browser Local [ ${browser} ]
20201114 17:55:17.096 - INFO - +------ START KW: BuiltIn.Run Keyword If [ "${browser}"=="Firefox" | !Open GeoKrety Browser Firefox ]
20201114 17:55:17.097 - INFO - +------- START KW: FunctionsGlobal.!Open GeoKrety Browser Firefox [ ]
20201114 17:55:17.097 - INFO - +-------- START KW: BuiltIn.Log [ Open Browser Firefox ]
20201114 17:55:17.098 - INFO - Open Browser Firefox
20201114 17:55:17.098 - INFO - +-------- END KW: BuiltIn.Log (1)
20201114 17:55:17.098 - INFO - +-------- START KW: BuiltIn.Evaluate [ sys.modules['selenium.webdriver'].firefox.webdriver.Options() | sys, selenium.webdriver ]
20201114 17:55:17.099 - INFO - ${firefox_options} = <selenium.webdriver.firefox.options.Options object at 0x7feeca181d90>
20201114 17:55:17.099 - INFO - +-------- END KW: BuiltIn.Evaluate (1)
20201114 17:55:17.099 - INFO - +-------- START KW: BuiltIn.Run Keyword If [ ${HEADLESS} | Call Method | ${firefox_options} | add_argument | -headless ]
20201114 17:55:17.100 - INFO - +--------- START KW: BuiltIn.Call Method [ ${firefox_options} | add_argument | -headless ]
20201114 17:55:17.100 - INFO - +--------- END KW: BuiltIn.Call Method (0)
20201114 17:55:17.100 - INFO - +-------- END KW: BuiltIn.Run Keyword If (1)
20201114 17:55:17.101 - INFO - +-------- START KW: BuiltIn.Evaluate [ sys.modules['selenium.webdriver'].DesiredCapabilities.FIREFOX | sys, selenium.webdriver ]
20201114 17:55:17.101 - INFO - ${dc} = {'acceptInsecureCerts': True, 'browserName': 'firefox', 'marionette': True}
20201114 17:55:17.101 - INFO - +-------- END KW: BuiltIn.Evaluate (0)
20201114 17:55:17.101 - INFO - +-------- START KW: Collections.Set To Dictionary [ ${dc} | strictFileInteractability=${FALSE} ]
20201114 17:55:17.102 - INFO - +-------- END KW: Collections.Set To Dictionary (1)
20201114 17:55:17.102 - INFO - +-------- START KW: Collections.Set To Dictionary [ ${dc} | timezone=UTC-05:00 ]
20201114 17:55:17.103 - INFO - +-------- END KW: Collections.Set To Dictionary (1)
20201114 17:55:17.103 - INFO - +-------- START KW: SeleniumLibrary.Create Webdriver [ Firefox | firefox_options=${firefox options} | desired_capabilities=${dc} ]
20201114 17:55:17.104 - INFO - Creating an instance of the Firefox WebDriver.
20201114 17:55:18.983 - DEBUG - Created Firefox WebDriver instance with session id c2d6fbff-5f40-4a4e-96b0-6133ac7092ea.
20201114 17:55:18.984 - INFO - +-------- END KW: SeleniumLibrary.Create Webdriver (1881)
20201114 17:55:18.985 - INFO - +------- END KW: FunctionsGlobal.!Open GeoKrety Browser Firefox (1887)
20201114 17:55:18.985 - INFO - +------ END KW: BuiltIn.Run Keyword If (1889)
20201114 17:55:18.985 - INFO - +------ START KW: BuiltIn.Run Keyword If [ "${browser}"=="Chrome" | !Open GeoKrety Browser Chrome ]
20201114 17:55:18.987 - INFO - +------ END KW: BuiltIn.Run Keyword If (2)
20201114 17:55:18.988 - INFO - +----- END KW: FunctionsGlobal.!Open GeoKrety Browser Local (1893)
20201114 17:55:18.988 - INFO - +---- END KW: BuiltIn.Run Keyword If (1893)
20201114 17:55:18.988 - INFO - +---- START KW: SeleniumLibrary.Set Window Size [ 1280 | 1024 ]
20201114 17:55:19.016 - INFO - +---- END KW: SeleniumLibrary.Set Window Size (28)
20201114 17:55:19.016 - INFO - +--- END KW: FunctionsGlobal.!Open GeoKrety Browser (1922)
20201114 17:55:19.016 - INFO - +-- END SETUP: FunctionsGlobal.Global Setup (1922)
==============================================================================
20201114 17:55:19.055 - INFO - +-- START SUITE: Acceptance.010 UserRegistration.000 Create Account [ ]
==============================================================================
20201114 17:55:19.056 - INFO - +--- START SETUP: FunctionsGlobal.Clear Database [ ]
20201114 17:55:19.056 - INFO - +---- START KW: FunctionsGlobal.Go To Url [ ${PAGE_DEV_RESET_DB_URL} ]
20201114 17:55:19.058 - INFO - +----- START KW: FunctionsGlobal.Got To Url With Param [ ${url} | &{params} ]
20201114 17:55:19.059 - INFO - +------ START KW: BuiltIn.Replace Variables [ ${url} ]
20201114 17:55:19.059 - INFO - ${url_} = http://localhost:3001/devel/db/reset
20201114 17:55:19.059 - INFO - +------ END KW: BuiltIn.Replace Variables (0)
20201114 17:55:19.059 - INFO - +------ START KW: SeleniumLibrary.Go To [ ${url_} ]
20201114 17:55:19.060 - INFO - Opening url 'http://localhost:3001/devel/db/reset'
20201114 17:55:19.405 - INFO - +------ END KW: SeleniumLibrary.Go To (346)
20201114 17:55:19.405 - INFO - +----- END KW: FunctionsGlobal.Got To Url With Param (347)
20201114 17:55:19.406 - INFO - +----- START KW: FunctionsGlobal.Page WithoutWarningOrFailure [ ]
20201114 17:55:19.406 - INFO - +------ START KW: SeleniumLibrary.Page Should Not Contain [ Warning: ]
20201114 17:55:19.431 - DEBUG - Current frame has 0 subframes.
20201114 17:55:19.431 - INFO - Current page does not contain text 'Warning:'.
20201114 17:55:19.431 - INFO - +------ END KW: SeleniumLibrary.Page Should Not Contain (25)
20201114 17:55:19.432 - INFO - +------ START KW: SeleniumLibrary.Page Should Not Contain [ Failed ]
20201114 17:55:19.446 - DEBUG - Current frame has 0 subframes.
20201114 17:55:19.446 - INFO - Current page does not contain text 'Failed'.
20201114 17:55:19.446 - INFO - +------ END KW: SeleniumLibrary.Page Should Not Contain (15)
20201114 17:55:19.446 - INFO - +------ START KW: SeleniumLibrary.Page Should Not Contain [ Internal Server Error ]
20201114 17:55:19.457 - DEBUG - Current frame has 0 subframes.
20201114 17:55:19.457 - INFO - Current page does not contain text 'Internal Server Error'.
20201114 17:55:19.458 - INFO - +------ END KW: SeleniumLibrary.Page Should Not Contain (12)
20201114 17:55:19.458 - INFO - +----- END KW: FunctionsGlobal.Page WithoutWarningOrFailure (52)
20201114 17:55:19.458 - INFO - +---- END KW: FunctionsGlobal.Go To Url (402)
20201114 17:55:19.458 - INFO - +---- START KW: SeleniumLibrary.Page Should Contain [ OK ]
20201114 17:55:19.469 - INFO - Current page contains text 'OK'.
20201114 17:55:19.469 - INFO - +---- END KW: SeleniumLibrary.Page Should Contain (11)
20201114 17:55:19.469 - INFO - +--- END SETUP: FunctionsGlobal.Clear Database (413)
------------------------------------------------------------------------------
20201114 17:55:19.469 - INFO - +--- START TEST: Sign In user [ ]
------------------------------------------------------------------------------
20201114 17:55:19.471 - INFO - +---- START KW: DependencyLibrary.Depends On Test [ Email activation confirmation received ]
20201114 17:55:19.471 - DEBUG - Test timeout 2 minutes active. 119.998 seconds left.
20201114 17:55:19.471 - FAIL - Dependency not met: test case u'Email activation confirmation received' not found, wanted 'PASS'
20201114 17:55:19.471 - DEBUG - Traceback (most recent call last):
  File "/home/travis/.local/lib/python2.7/site-packages/DependencyLibrary.py", line 59, in depends_on_test
    return self._depends_on_test(name)
  File "/home/travis/.local/lib/python2.7/site-packages/DependencyLibrary.py", line 53, in _depends_on_test
    _depends_on(self._test_status_map, 'test case', name, status)
  File "/home/travis/.local/lib/python2.7/site-packages/DependencyLibrary.py", line 22, in _depends_on
    % (dependency_type, name, status))
20201114 17:55:19.471 - INFO - +---- END KW: DependencyLibrary.Depends On Test (0)
------------------------------------------------------------------------------
20201114 17:55:19.472 - INFO - +--- END TEST: Sign In user (3)
------------------------------------------------------------------------------
20201114 17:55:19.473 - INFO - +--- START TEST: Sign Out user [ ]
------------------------------------------------------------------------------
20201114 17:55:19.474 - INFO - +---- START KW: DependencyLibrary.Depends On Test [ Sign In user ]
20201114 17:55:19.474 - DEBUG - Test timeout 2 minutes active. 119.998 seconds left.
20201114 17:55:19.475 - FAIL - Dependency not met: test case u'Sign In user' state is 'FAIL', wanted 'PASS'
20201114 17:55:19.475 - DEBUG - Traceback (most recent call last):
  File "/home/travis/.local/lib/python2.7/site-packages/DependencyLibrary.py", line 59, in depends_on_test
    return self._depends_on_test(name)
  File "/home/travis/.local/lib/python2.7/site-packages/DependencyLibrary.py", line 53, in _depends_on_test
    _depends_on(self._test_status_map, 'test case', name, status)
  File "/home/travis/.local/lib/python2.7/site-packages/DependencyLibrary.py", line 28, in _depends_on
    % (dependency_type, name, _status, status))
20201114 17:55:19.475 - INFO - +---- END KW: DependencyLibrary.Depends On Test (1)
------------------------------------------------------------------------------
20201114 17:55:19.476 - INFO - +--- END TEST: Sign Out user (2)
------------------------------------------------------------------------------
20201114 17:55:19.478 - INFO - +-- END SUITE: Acceptance.010 UserRegistration.000 Create Account (460)
==============================================================================
20201114 17:55:19.479 - INFO - +-- START TEARDOWN: FunctionsGlobal.Global TearDown [ ]
20201114 17:55:19.479 - INFO - +--- START KW: SeleniumLibrary.Close Browser [ ]
20201114 17:55:19.479 - DEBUG - Closing browser with session id c2d6fbff-5f40-4a4e-96b0-6133ac7092ea.
20201114 17:55:19.958 - INFO - +--- END KW: SeleniumLibrary.Close Browser (479)
20201114 17:55:19.959 - INFO - +-- END TEARDOWN: FunctionsGlobal.Global TearDown (480)
==============================================================================
20201114 17:55:19.960 - INFO - +- END SUITE: Acceptance.010 UserRegistration (10803024)
==============================================================================
20201114 17:55:19.989 - INFO - +- START SUITE: Acceptance.020 SignIn.robot [ ]
==============================================================================
20201114 17:55:19.990 - INFO - +-- START SETUP: FunctionsGlobal.Global Setup [ ]
20201114 17:55:19.992 - INFO - +--- START KW: FunctionsGlobal.!Open GeoKrety Browser [ ${browser} ]
20201114 17:55:19.994 - INFO - +---- START KW: BuiltIn.Run Keyword If [ "${BS_ENABLED}" != "false" | !Open GeoKrety BrowserStack | ${browser} | ELSE | !Open GeoKrety Browser Local | ${browser} ]
20201114 17:55:19.997 - INFO - +----- START KW: FunctionsGlobal.!Open GeoKrety Browser Local [ ${browser} ]
20201114 17:55:19.998 - INFO - +------ START KW: BuiltIn.Run Keyword If [ "${browser}"=="Firefox" | !Open GeoKrety Browser Firefox ]
20201114 17:55:19.999 - INFO - +------- START KW: FunctionsGlobal.!Open GeoKrety Browser Firefox [ ]
20201114 17:55:20.000 - INFO - +-------- START KW: BuiltIn.Log [ Open Browser Firefox ]
20201114 17:55:20.001 - INFO - Open Browser Firefox
20201114 17:55:20.001 - INFO - +-------- END KW: BuiltIn.Log (1)
20201114 17:55:20.001 - INFO - +-------- START KW: BuiltIn.Evaluate [ sys.modules['selenium.webdriver'].firefox.webdriver.Options() | sys, selenium.webdriver ]
20201114 17:55:20.001 - INFO - ${firefox_options} = <selenium.webdriver.firefox.options.Options object at 0x7feec9024e90>
20201114 17:55:20.001 - INFO - +-------- END KW: BuiltIn.Evaluate (0)
20201114 17:55:20.001 - INFO - +-------- START KW: BuiltIn.Run Keyword If [ ${HEADLESS} | Call Method | ${firefox_options} | add_argument | -headless ]
20201114 17:55:20.002 - INFO - +--------- START KW: BuiltIn.Call Method [ ${firefox_options} | add_argument | -headless ]
20201114 17:55:20.002 - INFO - +--------- END KW: BuiltIn.Call Method (0)
20201114 17:55:20.002 - INFO - +-------- END KW: BuiltIn.Run Keyword If (1)
20201114 17:55:20.002 - INFO - +-------- START KW: BuiltIn.Evaluate [ sys.modules['selenium.webdriver'].DesiredCapabilities.FIREFOX | sys, selenium.webdriver ]
20201114 17:55:20.002 - INFO - ${dc} = {'acceptInsecureCerts': True, u'timezone': u'UTC-05:00', 'browserName': 'firefox', u'strictFileInteractability': False, 'marionette': True}
20201114 17:55:20.002 - INFO - +-------- END KW: BuiltIn.Evaluate (0)
20201114 17:55:20.003 - INFO - +-------- START KW: Collections.Set To Dictionary [ ${dc} | strictFileInteractability=${FALSE} ]
20201114 17:55:20.003 - INFO - +-------- END KW: Collections.Set To Dictionary (0)
20201114 17:55:20.003 - INFO - +-------- START KW: Collections.Set To Dictionary [ ${dc} | timezone=UTC-05:00 ]
20201114 17:55:20.003 - INFO - +-------- END KW: Collections.Set To Dictionary (0)
20201114 17:55:20.003 - INFO - +-------- START KW: SeleniumLibrary.Create Webdriver [ Firefox | firefox_options=${firefox options} | desired_capabilities=${dc} ]
20201114 17:55:20.004 - INFO - Creating an instance of the Firefox WebDriver.
20201114 17:55:21.979 - DEBUG - Created Firefox WebDriver instance with session id 35bb3058-9bc3-4944-802e-07a375511154.
20201114 17:55:21.980 - INFO - +-------- END KW: SeleniumLibrary.Create Webdriver (1976)
20201114 17:55:21.980 - INFO - +------- END KW: FunctionsGlobal.!Open GeoKrety Browser Firefox (1981)
20201114 17:55:21.980 - INFO - +------ END KW: BuiltIn.Run Keyword If (1982)
20201114 17:55:21.981 - INFO - +------ START KW: BuiltIn.Run Keyword If [ "${browser}"=="Chrome" | !Open GeoKrety Browser Chrome ]
20201114 17:55:21.982 - INFO - +------ END KW: BuiltIn.Run Keyword If (1)
20201114 17:55:21.982 - INFO - +----- END KW: FunctionsGlobal.!Open GeoKrety Browser Local (1985)
20201114 17:55:21.982 - INFO - +---- END KW: BuiltIn.Run Keyword If (1988)
20201114 17:55:21.983 - INFO - +---- START KW: SeleniumLibrary.Set Window Size [ 1280 | 1024 ]
20201114 17:55:22.019 - INFO - +---- END KW: SeleniumLibrary.Set Window Size (35)
20201114 17:55:22.019 - INFO - +--- END KW: FunctionsGlobal.!Open GeoKrety Browser (2028)
20201114 17:55:22.019 - INFO - +-- END SETUP: FunctionsGlobal.Global Setup (2029)
==============================================================================
20201114 17:55:22.057 - INFO - +-- START SUITE: Acceptance.020 SignIn.robot.010 AccountMustBeActivatedFirst [ ]
==============================================================================
20201114 17:55:22.061 - INFO - +--- START TEST: Account not active [ ]
------------------------------------------------------------------------------
20201114 17:55:22.064 - INFO - +---- START KW: DependencyLibrary.Depends On Test [ Create an account ]
20201114 17:55:22.065 - DEBUG - Test timeout 2 minutes active. 119.995 seconds left.
20201114 17:55:22.065 - FAIL - Dependency not met: test case u'Create an account' not found, wanted 'PASS'
20201114 17:55:22.065 - DEBUG - Traceback (most recent call last):
  File "/home/travis/.local/lib/python2.7/site-packages/DependencyLibrary.py", line 59, in depends_on_test
    return self._depends_on_test(name)
  File "/home/travis/.local/lib/python2.7/site-packages/DependencyLibrary.py", line 53, in _depends_on_test
    _depends_on(self._test_status_map, 'test case', name, status)
  File "/home/travis/.local/lib/python2.7/site-packages/DependencyLibrary.py", line 22, in _depends_on
    % (dependency_type, name, status))
20201114 17:55:22.065 - INFO - +---- END KW: DependencyLibrary.Depends On Test (1)
------------------------------------------------------------------------------
20201114 17:55:22.066 - INFO - +--- END TEST: Account not active (8)
------------------------------------------------------------------------------
20201114 17:55:22.068 - INFO - +--- START TEST: Confirmation mail sent again [ ]
------------------------------------------------------------------------------
20201114 17:55:22.070 - INFO - +---- START KW: DependencyLibrary.Depends On Test [ Account not active ]
20201114 17:55:22.070 - DEBUG - Test timeout 2 minutes active. 119.996 seconds left.
20201114 17:55:22.072 - FAIL - Dependency not met: test case u'Account not active' state is 'FAIL', wanted 'PASS'
20201114 17:55:22.072 - DEBUG - Traceback (most recent call last):
  File "/home/travis/.local/lib/python2.7/site-packages/DependencyLibrary.py", line 59, in depends_on_test
    return self._depends_on_test(name)
  File "/home/travis/.local/lib/python2.7/site-packages/DependencyLibrary.py", line 53, in _depends_on_test
    _depends_on(self._test_status_map, 'test case', name, status)
  File "/home/travis/.local/lib/python2.7/site-packages/DependencyLibrary.py", line 28, in _depends_on
    % (dependency_type, name, _status, status))
20201114 17:55:22.073 - INFO - +---- END KW: DependencyLibrary.Depends On Test (3)
------------------------------------------------------------------------------
20201114 17:55:22.075 - INFO - +--- END TEST: Confirmation mail sent again (8)
------------------------------------------------------------------------------
20201114 17:55:22.076 - INFO - +--- START TEST: Validated account can login [ ]
------------------------------------------------------------------------------
20201114 17:55:22.077 - INFO - +---- START KW: DependencyLibrary.Depends On Test [ Confirmation mail sent again ]
20201114 17:55:22.078 - DEBUG - Test timeout 2 minutes active. 119.998 seconds left.
20201114 17:55:22.078 - FAIL - Dependency not met: test case u'Confirmation mail sent again' state is 'FAIL', wanted 'PASS'
20201114 17:55:22.078 - DEBUG - Traceback (most recent call last):
  File "/home/travis/.local/lib/python2.7/site-packages/DependencyLibrary.py", line 59, in depends_on_test
    return self._depends_on_test(name)
  File "/home/travis/.local/lib/python2.7/site-packages/DependencyLibrary.py", line 53, in _depends_on_test
    _depends_on(self._test_status_map, 'test case', name, status)
  File "/home/travis/.local/lib/python2.7/site-packages/DependencyLibrary.py", line 28, in _depends_on
    % (dependency_type, name, _status, status))
20201114 17:55:22.078 - INFO - +---- END KW: DependencyLibrary.Depends On Test (1)
------------------------------------------------------------------------------
20201114 17:55:22.079 - INFO - +--- END TEST: Validated account can login (4)
------------------------------------------------------------------------------
20201114 17:55:22.083 - INFO - +-- END SUITE: Acceptance.020 SignIn.robot.010 AccountMustBeActivatedFirst (61)
==============================================================================
20201114 17:55:22.137 - INFO - +-- START SUITE: Acceptance.020 SignIn.robot.020 GoodBadPassword [ ]
==============================================================================
20201114 17:55:22.138 - INFO - +--- START SETUP: Seed [ ]
20201114 17:55:22.140 - INFO - +---- START KW: FunctionsGlobal.Clear Database [ ]
20201114 17:55:22.141 - INFO - +----- START KW: FunctionsGlobal.Go To Url [ ${PAGE_DEV_RESET_DB_URL} ]
20201114 17:55:22.143 - INFO - +------ START KW: FunctionsGlobal.Got To Url With Param [ ${url} | &{params} ]
20201114 17:55:22.144 - INFO - +------- START KW: BuiltIn.Replace Variables [ ${url} ]
20201114 17:55:22.144 - INFO - ${url_} = http://localhost:3001/devel/db/reset
20201114 17:55:22.144 - INFO - +------- END KW: BuiltIn.Replace Variables (0)
20201114 17:55:22.144 - INFO - +------- START KW: SeleniumLibrary.Go To [ ${url_} ]
20201114 17:55:22.145 - INFO - Opening url 'http://localhost:3001/devel/db/reset'
20201114 17:55:22.451 - INFO - +------- END KW: SeleniumLibrary.Go To (307)
20201114 17:55:22.452 - INFO - +------ END KW: FunctionsGlobal.Got To Url With Param (309)
20201114 17:55:22.452 - INFO - +------ START KW: FunctionsGlobal.Page WithoutWarningOrFailure [ ]
20201114 17:55:22.453 - INFO - +------- START KW: SeleniumLibrary.Page Should Not Contain [ Warning: ]
20201114 17:55:22.477 - DEBUG - Current frame has 0 subframes.
20201114 17:55:22.477 - INFO - Current page does not contain text 'Warning:'.
20201114 17:55:22.477 - INFO - +------- END KW: SeleniumLibrary.Page Should Not Contain (24)
20201114 17:55:22.477 - INFO - +------- START KW: SeleniumLibrary.Page Should Not Contain [ Failed ]
20201114 17:55:22.489 - DEBUG - Current frame has 0 subframes.
20201114 17:55:22.489 - INFO - Current page does not contain text 'Failed'.
20201114 17:55:22.489 - INFO - +------- END KW: SeleniumLibrary.Page Should Not Contain (12)
20201114 17:55:22.489 - INFO - +------- START KW: SeleniumLibrary.Page Should Not Contain [ Internal Server Error ]
20201114 17:55:22.499 - DEBUG - Current frame has 0 subframes.
20201114 17:55:22.499 - INFO - Current page does not contain text 'Internal Server Error'.
20201114 17:55:22.499 - INFO - +------- END KW: SeleniumLibrary.Page Should Not Contain (10)
20201114 17:55:22.500 - INFO - +------ END KW: FunctionsGlobal.Page WithoutWarningOrFailure (48)
20201114 17:55:22.500 - INFO - +----- END KW: FunctionsGlobal.Go To Url (359)
20201114 17:55:22.500 - INFO - +----- START KW: SeleniumLibrary.Page Should Contain [ OK ]
20201114 17:55:22.506 - INFO - Current page contains text 'OK'.
20201114 17:55:22.506 - INFO - +----- END KW: SeleniumLibrary.Page Should Contain (6)
20201114 17:55:22.506 - INFO - +---- END KW: FunctionsGlobal.Clear Database (366)
20201114 17:55:22.506 - INFO - +---- START KW: FunctionsGlobal.Seed 1 users [ ]
20201114 17:55:22.506 - INFO - +----- START KW: FunctionsGlobal.Go To Url [ ${PAGE_SEED_USER}/${count} ]
20201114 17:55:22.507 - INFO - +------ START KW: FunctionsGlobal.Got To Url With Param [ ${url} | &{params} ]
20201114 17:55:22.508 - INFO - +------- START KW: BuiltIn.Replace Variables [ ${url} ]
20201114 17:55:22.508 - INFO - ${url_} = http://localhost:3001/devel/db/users/seed/1
20201114 17:55:22.508 - INFO - +------- END KW: BuiltIn.Replace Variables (0)
20201114 17:55:22.508 - INFO - +------- START KW: SeleniumLibrary.Go To [ ${url_} ]
20201114 17:55:22.508 - INFO - Opening url 'http://localhost:3001/devel/db/users/seed/1'
20201114 17:55:23.073 - INFO - +------- END KW: SeleniumLibrary.Go To (565)
20201114 17:55:23.073 - INFO - +------ END KW: FunctionsGlobal.Got To Url With Param (566)
20201114 17:55:23.074 - INFO - +------ START KW: FunctionsGlobal.Page WithoutWarningOrFailure [ ]
20201114 17:55:23.074 - INFO - +------- START KW: SeleniumLibrary.Page Should Not Contain [ Warning: ]
20201114 17:55:23.092 - DEBUG - Current frame has 0 subframes.
20201114 17:55:23.092 - INFO - Current page does not contain text 'Warning:'.
20201114 17:55:23.092 - INFO - +------- END KW: SeleniumLibrary.Page Should Not Contain (18)
20201114 17:55:23.092 - INFO - +------- START KW: SeleniumLibrary.Page Should Not Contain [ Failed ]
20201114 17:55:23.101 - DEBUG - Current frame has 0 subframes.
20201114 17:55:23.101 - INFO - Current page does not contain text 'Failed'.
20201114 17:55:23.101 - INFO - +------- END KW: SeleniumLibrary.Page Should Not Contain (9)
20201114 17:55:23.101 - INFO - +------- START KW: SeleniumLibrary.Page Should Not Contain [ Internal Server Error ]
20201114 17:55:23.107 - DEBUG - Current frame has 0 subframes.
20201114 17:55:23.107 - INFO - Current page does not contain text 'Internal Server Error'.
20201114 17:55:23.107 - INFO - +------- END KW: SeleniumLibrary.Page Should Not Contain (6)
20201114 17:55:23.107 - INFO - +------ END KW: FunctionsGlobal.Page WithoutWarningOrFailure (33)
20201114 17:55:23.108 - INFO - +----- END KW: FunctionsGlobal.Go To Url (602)
20201114 17:55:23.108 - INFO - +----- START KW: FunctionsGlobal.Empty Dev Mailbox Fast [ ]
20201114 17:55:23.108 - INFO - +------ START KW: FunctionsGlobal.Go To Url [ ${PAGE_DEV_MAILBOX_CLEAR_URL} ]
20201114 17:55:23.109 - INFO - +------- START KW: FunctionsGlobal.Got To Url With Param [ ${url} | &{params} ]
20201114 17:55:23.109 - INFO - +-------- START KW: BuiltIn.Replace Variables [ ${url} ]
20201114 17:55:23.109 - INFO - ${url_} = http://localhost:3001/devel/mail/delete/all
20201114 17:55:23.109 - INFO - +-------- END KW: BuiltIn.Replace Variables (0)
20201114 17:55:23.110 - INFO - +-------- START KW: SeleniumLibrary.Go To [ ${url_} ]
20201114 17:55:23.110 - INFO - Opening url 'http://localhost:3001/devel/mail/delete/all'
20201114 17:55:23.479 - INFO - +-------- END KW: SeleniumLibrary.Go To (369)
20201114 17:55:23.479 - INFO - +------- END KW: FunctionsGlobal.Got To Url With Param (370)
20201114 17:55:23.480 - INFO - +------- START KW: FunctionsGlobal.Page WithoutWarningOrFailure [ ]
20201114 17:55:23.480 - INFO - +-------- START KW: SeleniumLibrary.Page Should Not Contain [ Warning: ]
20201114 17:55:23.504 - DEBUG - Current frame has 0 subframes.
20201114 17:55:23.504 - INFO - Current page does not contain text 'Warning:'.
20201114 17:55:23.504 - INFO - +-------- END KW: SeleniumLibrary.Page Should Not Contain (24)
20201114 17:55:23.504 - INFO - +-------- START KW: SeleniumLibrary.Page Should Not Contain [ Failed ]
20201114 17:55:23.510 - DEBUG - Current frame has 0 subframes.
20201114 17:55:23.511 - INFO - Current page does not contain text 'Failed'.
20201114 17:55:23.511 - INFO - +-------- END KW: SeleniumLibrary.Page Should Not Contain (7)
20201114 17:55:23.511 - INFO - +-------- START KW: SeleniumLibrary.Page Should Not Contain [ Internal Server Error ]
20201114 17:55:23.519 - DEBUG - Current frame has 0 subframes.
20201114 17:55:23.519 - INFO - Current page does not contain text 'Internal Server Error'.
20201114 17:55:23.519 - INFO - +-------- END KW: SeleniumLibrary.Page Should Not Contain (8)
20201114 17:55:23.519 - INFO - +------- END KW: FunctionsGlobal.Page WithoutWarningOrFailure (39)
20201114 17:55:23.519 - INFO - +------ END KW: FunctionsGlobal.Go To Url (411)
20201114 17:55:23.519 - INFO - +----- END KW: FunctionsGlobal.Empty Dev Mailbox Fast (411)
20201114 17:55:23.519 - INFO - +---- END KW: FunctionsGlobal.Seed 1 users (1013)
20201114 17:55:23.520 - INFO - +--- END SETUP: Seed (1382)
------------------------------------------------------------------------------
20201114 17:55:23.520 - INFO - +--- START TEST: Sign In user [ ]
------------------------------------------------------------------------------
20201114 17:55:23.521 - INFO - +---- START KW: FunctionsGlobal.Go To Url [ ${PAGE_HOME_URL} ]
20201114 17:55:23.522 - INFO - +----- START KW: FunctionsGlobal.Got To Url With Param [ ${url} | &{params} ]
20201114 17:55:23.523 - INFO - +------ START KW: BuiltIn.Replace Variables [ ${url} ]
20201114 17:55:23.523 - DEBUG - Test timeout 2 minutes active. 119.997 seconds left.
20201114 17:55:23.523 - INFO - ${url_} = http://localhost:3001/en
20201114 17:55:23.523 - INFO - +------ END KW: BuiltIn.Replace Variables (0)
20201114 17:55:23.523 - INFO - +------ START KW: SeleniumLibrary.Go To [ ${url_} ]
20201114 17:55:23.524 - DEBUG - Test timeout 2 minutes active. 119.996 seconds left.
20201114 17:55:23.524 - INFO - Opening url 'http://localhost:3001/en'
20201114 17:55:23.805 - INFO - +------ END KW: SeleniumLibrary.Go To (282)
20201114 17:55:23.805 - INFO - +----- END KW: FunctionsGlobal.Got To Url With Param (283)
20201114 17:55:23.805 - INFO - +----- START KW: FunctionsGlobal.Page WithoutWarningOrFailure [ ]
20201114 17:55:23.806 - INFO - +------ START KW: SeleniumLibrary.Page Should Not Contain [ Warning: ]
20201114 17:55:23.806 - DEBUG - Test timeout 2 minutes active. 119.714 seconds left.
20201114 17:55:23.821 - DEBUG - Current frame has 0 subframes.
20201114 17:55:23.821 - INFO - Current page does not contain text 'Warning:'.
20201114 17:55:23.821 - INFO - +------ END KW: SeleniumLibrary.Page Should Not Contain (15)
20201114 17:55:23.821 - INFO - +------ START KW: SeleniumLibrary.Page Should Not Contain [ Failed ]
20201114 17:55:23.822 - DEBUG - Test timeout 2 minutes active. 119.698 seconds left.
20201114 17:55:23.827 - DEBUG - Current frame has 0 subframes.
20201114 17:55:23.827 - INFO - Current page does not contain text 'Failed'.
20201114 17:55:23.828 - INFO - +------ END KW: SeleniumLibrary.Page Should Not Contain (7)
20201114 17:55:23.828 - INFO - +------ START KW: SeleniumLibrary.Page Should Not Contain [ Internal Server Error ]
20201114 17:55:23.828 - DEBUG - Test timeout 2 minutes active. 119.692 seconds left.
20201114 17:55:23.836 - DEBUG - Current frame has 0 subframes.
20201114 17:55:23.836 - INFO - Current page does not contain text 'Internal Server Error'.
20201114 17:55:23.836 - INFO - +------ END KW: SeleniumLibrary.Page Should Not Contain (8)
20201114 17:55:23.836 - INFO - +----- END KW: FunctionsGlobal.Page WithoutWarningOrFailure (31)
20201114 17:55:23.836 - INFO - +---- END KW: FunctionsGlobal.Go To Url (315)
~~~~~~~~~~~~~~~~~~~~~~~~~~~~~~~~~~~~~~~~~~~~~~~~~~~~~~~~~~~~~~~~~~~~~~~~~~~~~~
20201114 17:55:23.836 - INFO - +---- START KW: FunctionsGlobal.Sign In User [ ${USER_1.name} ]
20201114 17:55:23.837 - INFO - +----- START KW: SeleniumLibrary.Click Element [ ${NAVBAR_SIGN_IN_LINK} ]
20201114 17:55:23.847 - INFO - +------ START KW: SeleniumLibrary.Capture Page Screenshot [ ]
20201114 17:55:23.847 - DEBUG - Test timeout 2 minutes active. 119.673 seconds left.
20201114 17:55:23.931 - INFO - </td></tr><tr><td colspan="3"><a href="selenium-screenshot-27.png"><img src="selenium-screenshot-27.png" width="800px"></a>
20201114 17:55:23.931 - INFO - +------ END KW: SeleniumLibrary.Capture Page Screenshot (84)
20201114 17:55:23.837 - DEBUG - Test timeout 2 minutes active. 119.683 seconds left.
20201114 17:55:23.837 - INFO - Clicking element '//*[@id="navbar-profile-login"]'.
20201114 17:55:23.932 - FAIL - ElementNotInteractableException: Message: Element <a id="navbar-profile-login" class="btn btn-info" href="http://localhost:3001/en/login?goto=home&params=YToxOntpOjA7czozOiIvZW4iO30%253D&query=YTowOnt9"> could not be scrolled into view
20201114 17:55:23.932 - DEBUG - Traceback (most recent call last):
  File "/home/travis/.local/lib/python2.7/site-packages/SeleniumLibrary/__init__.py", line 471, in run_keyword
    return DynamicCore.run_keyword(self, name, args, kwargs)
  File "/home/travis/.local/lib/python2.7/site-packages/robotlibcore.py", line 103, in run_keyword
    return self.keywords[name](*args, **(kwargs or {}))
  File "/home/travis/.local/lib/python2.7/site-packages/SeleniumLibrary/keywords/element.py", line 610, in click_element
    self.find_element(locator).click()
  File "/home/travis/.local/lib/python2.7/site-packages/selenium/webdriver/remote/webelement.py", line 80, in click
    self._execute(Command.CLICK_ELEMENT)
  File "/home/travis/.local/lib/python2.7/site-packages/selenium/webdriver/remote/webelement.py", line 633, in _execute
    return self._parent.execute(command, params)
  File "/home/travis/.local/lib/python2.7/site-packages/selenium/webdriver/remote/webdriver.py", line 321, in execute
    self.error_handler.check_response(response)
  File "/home/travis/.local/lib/python2.7/site-packages/selenium/webdriver/remote/errorhandler.py", line 242, in check_response
    raise exception_class(message, screen, stacktrace)
20201114 17:55:23.932 - INFO - +----- END KW: SeleniumLibrary.Click Element (95)
20201114 17:55:23.933 - INFO - +---- END KW: FunctionsGlobal.Sign In User (97)
------------------------------------------------------------------------------
20201114 17:55:23.937 - INFO - +--- END TEST: Sign In user (413)
------------------------------------------------------------------------------
20201114 17:55:23.938 - INFO - +--- START TEST: Sign In user with wrong password [ ]
------------------------------------------------------------------------------
20201114 17:55:23.938 - INFO - +---- START KW: FunctionsGlobal.Go To Url [ ${PAGE_HOME_URL} ]
20201114 17:55:23.939 - INFO - +----- START KW: FunctionsGlobal.Got To Url With Param [ ${url} | &{params} ]
20201114 17:55:23.940 - INFO - +------ START KW: BuiltIn.Replace Variables [ ${url} ]
20201114 17:55:23.940 - DEBUG - Test timeout 2 minutes active. 119.997 seconds left.
20201114 17:55:23.940 - INFO - ${url_} = http://localhost:3001/en
20201114 17:55:23.941 - INFO - +------ END KW: BuiltIn.Replace Variables (1)
20201114 17:55:23.941 - INFO - +------ START KW: SeleniumLibrary.Go To [ ${url_} ]
20201114 17:55:23.941 - DEBUG - Test timeout 2 minutes active. 119.996 seconds left.
20201114 17:55:23.941 - INFO - Opening url 'http://localhost:3001/en'
20201114 17:55:24.186 - INFO - +------ END KW: SeleniumLibrary.Go To (245)
20201114 17:55:24.187 - INFO - +----- END KW: FunctionsGlobal.Got To Url With Param (247)
20201114 17:55:24.187 - INFO - +----- START KW: FunctionsGlobal.Page WithoutWarningOrFailure [ ]
20201114 17:55:24.188 - INFO - +------ START KW: SeleniumLibrary.Page Should Not Contain [ Warning: ]
20201114 17:55:24.188 - DEBUG - Test timeout 2 minutes active. 119.749 seconds left.
20201114 17:55:24.206 - DEBUG - Current frame has 0 subframes.
20201114 17:55:24.206 - INFO - Current page does not contain text 'Warning:'.
20201114 17:55:24.206 - INFO - +------ END KW: SeleniumLibrary.Page Should Not Contain (18)
20201114 17:55:24.206 - INFO - +------ START KW: SeleniumLibrary.Page Should Not Contain [ Failed ]
20201114 17:55:24.206 - DEBUG - Test timeout 2 minutes active. 119.731 seconds left.
20201114 17:55:24.212 - DEBUG - Current frame has 0 subframes.
20201114 17:55:24.212 - INFO - Current page does not contain text 'Failed'.
20201114 17:55:24.213 - INFO - +------ END KW: SeleniumLibrary.Page Should Not Contain (7)
20201114 17:55:24.213 - INFO - +------ START KW: SeleniumLibrary.Page Should Not Contain [ Internal Server Error ]
20201114 17:55:24.213 - DEBUG - Test timeout 2 minutes active. 119.724 seconds left.
20201114 17:55:24.221 - DEBUG - Current frame has 0 subframes.
20201114 17:55:24.221 - INFO - Current page does not contain text 'Internal Server Error'.
20201114 17:55:24.221 - INFO - +------ END KW: SeleniumLibrary.Page Should Not Contain (8)
20201114 17:55:24.221 - INFO - +----- END KW: FunctionsGlobal.Page WithoutWarningOrFailure (34)
20201114 17:55:24.221 - INFO - +---- END KW: FunctionsGlobal.Go To Url (283)
~~~~~~~~~~~~~~~~~~~~~~~~~~~~~~~~~~~~~~~~~~~~~~~~~~~~~~~~~~~~~~~~~~~~~~~~~~~~~~
20201114 17:55:24.221 - INFO - +---- START KW: FunctionsGlobal.Sign In User [ ${USER_1.name} | bad password ]
20201114 17:55:24.222 - INFO - +----- START KW: SeleniumLibrary.Click Element [ ${NAVBAR_SIGN_IN_LINK} ]
20201114 17:55:24.230 - INFO - +------ START KW: SeleniumLibrary.Capture Page Screenshot [ ]
20201114 17:55:24.230 - DEBUG - Test timeout 2 minutes active. 119.707 seconds left.
20201114 17:55:24.352 - INFO - </td></tr><tr><td colspan="3"><a href="selenium-screenshot-28.png"><img src="selenium-screenshot-28.png" width="800px"></a>
20201114 17:55:24.352 - INFO - +------ END KW: SeleniumLibrary.Capture Page Screenshot (122)
20201114 17:55:24.222 - DEBUG - Test timeout 2 minutes active. 119.715 seconds left.
20201114 17:55:24.222 - INFO - Clicking element '//*[@id="navbar-profile-login"]'.
20201114 17:55:24.353 - FAIL - ElementNotInteractableException: Message: Element <a id="navbar-profile-login" class="btn btn-info" href="http://localhost:3001/en/login?goto=home&params=YToxOntpOjA7czozOiIvZW4iO30%253D&query=YTowOnt9"> could not be scrolled into view
20201114 17:55:24.353 - DEBUG - Traceback (most recent call last):
  File "/home/travis/.local/lib/python2.7/site-packages/SeleniumLibrary/__init__.py", line 471, in run_keyword
    return DynamicCore.run_keyword(self, name, args, kwargs)
  File "/home/travis/.local/lib/python2.7/site-packages/robotlibcore.py", line 103, in run_keyword
    return self.keywords[name](*args, **(kwargs or {}))
  File "/home/travis/.local/lib/python2.7/site-packages/SeleniumLibrary/keywords/element.py", line 610, in click_element
    self.find_element(locator).click()
  File "/home/travis/.local/lib/python2.7/site-packages/selenium/webdriver/remote/webelement.py", line 80, in click
    self._execute(Command.CLICK_ELEMENT)
  File "/home/travis/.local/lib/python2.7/site-packages/selenium/webdriver/remote/webelement.py", line 633, in _execute
    return self._parent.execute(command, params)
  File "/home/travis/.local/lib/python2.7/site-packages/selenium/webdriver/remote/webdriver.py", line 321, in execute
    self.error_handler.check_response(response)
  File "/home/travis/.local/lib/python2.7/site-packages/selenium/webdriver/remote/errorhandler.py", line 242, in check_response
    raise exception_class(message, screen, stacktrace)
20201114 17:55:24.353 - INFO - +----- END KW: SeleniumLibrary.Click Element (131)
20201114 17:55:24.353 - INFO - +---- END KW: FunctionsGlobal.Sign In User (132)
------------------------------------------------------------------------------
20201114 17:55:24.354 - INFO - +--- END TEST: Sign In user with wrong password (416)
------------------------------------------------------------------------------
20201114 17:55:24.355 - INFO - +--- START TEST: Sign In user with non existent username [ ]
------------------------------------------------------------------------------
20201114 17:55:24.355 - INFO - +---- START KW: FunctionsGlobal.Go To Url [ ${PAGE_HOME_URL} ]
20201114 17:55:24.356 - INFO - +----- START KW: FunctionsGlobal.Got To Url With Param [ ${url} | &{params} ]
20201114 17:55:24.357 - INFO - +------ START KW: BuiltIn.Replace Variables [ ${url} ]
20201114 17:55:24.358 - DEBUG - Test timeout 2 minutes active. 119.996 seconds left.
20201114 17:55:24.358 - INFO - ${url_} = http://localhost:3001/en
20201114 17:55:24.358 - INFO - +------ END KW: BuiltIn.Replace Variables (1)
20201114 17:55:24.358 - INFO - +------ START KW: SeleniumLibrary.Go To [ ${url_} ]
20201114 17:55:24.359 - DEBUG - Test timeout 2 minutes active. 119.996 seconds left.
20201114 17:55:24.359 - INFO - Opening url 'http://localhost:3001/en'
20201114 17:55:24.605 - INFO - +------ END KW: SeleniumLibrary.Go To (247)
20201114 17:55:24.605 - INFO - +----- END KW: FunctionsGlobal.Got To Url With Param (249)
20201114 17:55:24.605 - INFO - +----- START KW: FunctionsGlobal.Page WithoutWarningOrFailure [ ]
20201114 17:55:24.605 - INFO - +------ START KW: SeleniumLibrary.Page Should Not Contain [ Warning: ]
20201114 17:55:24.606 - DEBUG - Test timeout 2 minutes active. 119.749 seconds left.
20201114 17:55:24.638 - DEBUG - Current frame has 0 subframes.
20201114 17:55:24.638 - INFO - Current page does not contain text 'Warning:'.
20201114 17:55:24.638 - INFO - +------ END KW: SeleniumLibrary.Page Should Not Contain (33)
20201114 17:55:24.638 - INFO - +------ START KW: SeleniumLibrary.Page Should Not Contain [ Failed ]
20201114 17:55:24.638 - DEBUG - Test timeout 2 minutes active. 119.716 seconds left.
20201114 17:55:24.653 - DEBUG - Current frame has 0 subframes.
20201114 17:55:24.653 - INFO - Current page does not contain text 'Failed'.
20201114 17:55:24.653 - INFO - +------ END KW: SeleniumLibrary.Page Should Not Contain (15)
20201114 17:55:24.653 - INFO - +------ START KW: SeleniumLibrary.Page Should Not Contain [ Internal Server Error ]
20201114 17:55:24.654 - DEBUG - Test timeout 2 minutes active. 119.701 seconds left.
20201114 17:55:24.660 - DEBUG - Current frame has 0 subframes.
20201114 17:55:24.660 - INFO - Current page does not contain text 'Internal Server Error'.
20201114 17:55:24.660 - INFO - +------ END KW: SeleniumLibrary.Page Should Not Contain (7)
20201114 17:55:24.660 - INFO - +----- END KW: FunctionsGlobal.Page WithoutWarningOrFailure (55)
20201114 17:55:24.661 - INFO - +---- END KW: FunctionsGlobal.Go To Url (306)
~~~~~~~~~~~~~~~~~~~~~~~~~~~~~~~~~~~~~~~~~~~~~~~~~~~~~~~~~~~~~~~~~~~~~~~~~~~~~~
20201114 17:55:24.661 - INFO - +---- START KW: FunctionsGlobal.Sign In User [ someone innexistent | password ]
20201114 17:55:24.661 - INFO - +----- START KW: SeleniumLibrary.Click Element [ ${NAVBAR_SIGN_IN_LINK} ]
20201114 17:55:24.670 - INFO - +------ START KW: SeleniumLibrary.Capture Page Screenshot [ ]
20201114 17:55:24.670 - DEBUG - Test timeout 2 minutes active. 119.685 seconds left.
20201114 17:55:24.792 - INFO - </td></tr><tr><td colspan="3"><a href="selenium-screenshot-29.png"><img src="selenium-screenshot-29.png" width="800px"></a>
20201114 17:55:24.792 - INFO - +------ END KW: SeleniumLibrary.Capture Page Screenshot (122)
20201114 17:55:24.661 - DEBUG - Test timeout 2 minutes active. 119.693 seconds left.
20201114 17:55:24.661 - INFO - Clicking element '//*[@id="navbar-profile-login"]'.
20201114 17:55:24.793 - FAIL - ElementNotInteractableException: Message: Element <a id="navbar-profile-login" class="btn btn-info" href="http://localhost:3001/en/login?goto=home&params=YToxOntpOjA7czozOiIvZW4iO30%253D&query=YTowOnt9"> could not be scrolled into view
20201114 17:55:24.793 - DEBUG - Traceback (most recent call last):
  File "/home/travis/.local/lib/python2.7/site-packages/SeleniumLibrary/__init__.py", line 471, in run_keyword
    return DynamicCore.run_keyword(self, name, args, kwargs)
  File "/home/travis/.local/lib/python2.7/site-packages/robotlibcore.py", line 103, in run_keyword
    return self.keywords[name](*args, **(kwargs or {}))
  File "/home/travis/.local/lib/python2.7/site-packages/SeleniumLibrary/keywords/element.py", line 610, in click_element
    self.find_element(locator).click()
  File "/home/travis/.local/lib/python2.7/site-packages/selenium/webdriver/remote/webelement.py", line 80, in click
    self._execute(Command.CLICK_ELEMENT)
  File "/home/travis/.local/lib/python2.7/site-packages/selenium/webdriver/remote/webelement.py", line 633, in _execute
    return self._parent.execute(command, params)
  File "/home/travis/.local/lib/python2.7/site-packages/selenium/webdriver/remote/webdriver.py", line 321, in execute
    self.error_handler.check_response(response)
  File "/home/travis/.local/lib/python2.7/site-packages/selenium/webdriver/remote/errorhandler.py", line 242, in check_response
    raise exception_class(message, screen, stacktrace)
20201114 17:55:24.793 - INFO - +----- END KW: SeleniumLibrary.Click Element (132)
20201114 17:55:24.793 - INFO - +---- END KW: FunctionsGlobal.Sign In User (132)
------------------------------------------------------------------------------
20201114 17:55:24.794 - INFO - +--- END TEST: Sign In user with non existent username (439)
------------------------------------------------------------------------------
20201114 17:55:24.797 - INFO - +-- END SUITE: Acceptance.020 SignIn.robot.020 GoodBadPassword (2711)
==============================================================================
20201114 17:55:24.841 - INFO - +-- START SUITE: Acceptance.020 SignIn.robot.030 MustAcceptTermOfUse [ ]
==============================================================================
20201114 17:55:24.842 - INFO - +--- START TEST: Seeded are fully valid [ ]
------------------------------------------------------------------------------
20201114 17:55:24.842 - INFO - +---- START SETUP: FunctionsGlobal.Clear Database [ ]
20201114 17:55:24.843 - INFO - +----- START KW: FunctionsGlobal.Go To Url [ ${PAGE_DEV_RESET_DB_URL} ]
20201114 17:55:24.844 - INFO - +------ START KW: FunctionsGlobal.Got To Url With Param [ ${url} | &{params} ]
20201114 17:55:24.845 - INFO - +------- START KW: BuiltIn.Replace Variables [ ${url} ]
20201114 17:55:24.846 - DEBUG - Test timeout 2 minutes active. 119.996 seconds left.
20201114 17:55:24.846 - INFO - ${url_} = http://localhost:3001/devel/db/reset
20201114 17:55:24.846 - INFO - +------- END KW: BuiltIn.Replace Variables (1)
20201114 17:55:24.846 - INFO - +------- START KW: SeleniumLibrary.Go To [ ${url_} ]
20201114 17:55:24.847 - DEBUG - Test timeout 2 minutes active. 119.995 seconds left.
20201114 17:55:24.847 - INFO - Opening url 'http://localhost:3001/devel/db/reset'
20201114 17:55:25.088 - INFO - +------- END KW: SeleniumLibrary.Go To (242)
20201114 17:55:25.089 - INFO - +------ END KW: FunctionsGlobal.Got To Url With Param (244)
20201114 17:55:25.089 - INFO - +------ START KW: FunctionsGlobal.Page WithoutWarningOrFailure [ ]
20201114 17:55:25.089 - INFO - +------- START KW: SeleniumLibrary.Page Should Not Contain [ Warning: ]
20201114 17:55:25.090 - DEBUG - Test timeout 2 minutes active. 119.752 seconds left.
20201114 17:55:25.104 - DEBUG - Current frame has 0 subframes.
20201114 17:55:25.105 - INFO - Current page does not contain text 'Warning:'.
20201114 17:55:25.105 - INFO - +------- END KW: SeleniumLibrary.Page Should Not Contain (16)
20201114 17:55:25.105 - INFO - +------- START KW: SeleniumLibrary.Page Should Not Contain [ Failed ]
20201114 17:55:25.105 - DEBUG - Test timeout 2 minutes active. 119.737 seconds left.
20201114 17:55:25.111 - DEBUG - Current frame has 0 subframes.
20201114 17:55:25.111 - INFO - Current page does not contain text 'Failed'.
20201114 17:55:25.112 - INFO - +------- END KW: SeleniumLibrary.Page Should Not Contain (7)
20201114 17:55:25.112 - INFO - +------- START KW: SeleniumLibrary.Page Should Not Contain [ Internal Server Error ]
20201114 17:55:25.112 - DEBUG - Test timeout 2 minutes active. 119.73 seconds left.
20201114 17:55:25.121 - DEBUG - Current frame has 0 subframes.
20201114 17:55:25.121 - INFO - Current page does not contain text 'Internal Server Error'.
20201114 17:55:25.121 - INFO - +------- END KW: SeleniumLibrary.Page Should Not Contain (9)
20201114 17:55:25.121 - INFO - +------ END KW: FunctionsGlobal.Page WithoutWarningOrFailure (32)
20201114 17:55:25.121 - INFO - +----- END KW: FunctionsGlobal.Go To Url (278)
20201114 17:55:25.121 - INFO - +----- START KW: SeleniumLibrary.Page Should Contain [ OK ]
20201114 17:55:25.122 - DEBUG - Test timeout 2 minutes active. 119.72 seconds left.
20201114 17:55:25.126 - INFO - Current page contains text 'OK'.
20201114 17:55:25.126 - INFO - +----- END KW: SeleniumLibrary.Page Should Contain (5)
20201114 17:55:25.126 - INFO - +---- END SETUP: FunctionsGlobal.Clear Database (284)
~~~~~~~~~~~~~~~~~~~~~~~~~~~~~~~~~~~~~~~~~~~~~~~~~~~~~~~~~~~~~~~~~~~~~~~~~~~~~~
20201114 17:55:25.127 - INFO - +---- START KW: FunctionsGlobal.Seed 1 users [ ]
20201114 17:55:25.127 - INFO - +----- START KW: FunctionsGlobal.Go To Url [ ${PAGE_SEED_USER}/${count} ]
20201114 17:55:25.127 - INFO - +------ START KW: FunctionsGlobal.Got To Url With Param [ ${url} | &{params} ]
20201114 17:55:25.128 - INFO - +------- START KW: BuiltIn.Replace Variables [ ${url} ]
20201114 17:55:25.128 - DEBUG - Test timeout 2 minutes active. 119.713 seconds left.
20201114 17:55:25.128 - INFO - ${url_} = http://localhost:3001/devel/db/users/seed/1
20201114 17:55:25.129 - INFO - +------- END KW: BuiltIn.Replace Variables (0)
20201114 17:55:25.129 - INFO - +------- START KW: SeleniumLibrary.Go To [ ${url_} ]
20201114 17:55:25.129 - DEBUG - Test timeout 2 minutes active. 119.713 seconds left.
20201114 17:55:25.129 - INFO - Opening url 'http://localhost:3001/devel/db/users/seed/1'
20201114 17:55:25.591 - INFO - +------- END KW: SeleniumLibrary.Go To (462)
20201114 17:55:25.591 - INFO - +------ END KW: FunctionsGlobal.Got To Url With Param (464)
20201114 17:55:25.592 - INFO - +------ START KW: FunctionsGlobal.Page WithoutWarningOrFailure [ ]
20201114 17:55:25.592 - INFO - +------- START KW: SeleniumLibrary.Page Should Not Contain [ Warning: ]
20201114 17:55:25.592 - DEBUG - Test timeout 2 minutes active. 119.249 seconds left.
20201114 17:55:25.605 - DEBUG - Current frame has 0 subframes.
20201114 17:55:25.605 - INFO - Current page does not contain text 'Warning:'.
20201114 17:55:25.605 - INFO - +------- END KW: SeleniumLibrary.Page Should Not Contain (13)
20201114 17:55:25.605 - INFO - +------- START KW: SeleniumLibrary.Page Should Not Contain [ Failed ]
20201114 17:55:25.605 - DEBUG - Test timeout 2 minutes active. 119.236 seconds left.
20201114 17:55:25.613 - DEBUG - Current frame has 0 subframes.
20201114 17:55:25.613 - INFO - Current page does not contain text 'Failed'.
20201114 17:55:25.613 - INFO - +------- END KW: SeleniumLibrary.Page Should Not Contain (8)
20201114 17:55:25.614 - INFO - +------- START KW: SeleniumLibrary.Page Should Not Contain [ Internal Server Error ]
20201114 17:55:25.614 - DEBUG - Test timeout 2 minutes active. 119.228 seconds left.
20201114 17:55:25.619 - DEBUG - Current frame has 0 subframes.
20201114 17:55:25.619 - INFO - Current page does not contain text 'Internal Server Error'.
20201114 17:55:25.619 - INFO - +------- END KW: SeleniumLibrary.Page Should Not Contain (5)
20201114 17:55:25.620 - INFO - +------ END KW: FunctionsGlobal.Page WithoutWarningOrFailure (27)
20201114 17:55:25.620 - INFO - +----- END KW: FunctionsGlobal.Go To Url (493)
20201114 17:55:25.620 - INFO - +----- START KW: FunctionsGlobal.Empty Dev Mailbox Fast [ ]
20201114 17:55:25.620 - INFO - +------ START KW: FunctionsGlobal.Go To Url [ ${PAGE_DEV_MAILBOX_CLEAR_URL} ]
20201114 17:55:25.621 - INFO - +------- START KW: FunctionsGlobal.Got To Url With Param [ ${url} | &{params} ]
20201114 17:55:25.621 - INFO - +-------- START KW: BuiltIn.Replace Variables [ ${url} ]
20201114 17:55:25.622 - DEBUG - Test timeout 2 minutes active. 119.22 seconds left.
20201114 17:55:25.622 - INFO - ${url_} = http://localhost:3001/devel/mail/delete/all
20201114 17:55:25.622 - INFO - +-------- END KW: BuiltIn.Replace Variables (1)
20201114 17:55:25.622 - INFO - +-------- START KW: SeleniumLibrary.Go To [ ${url_} ]
20201114 17:55:25.622 - DEBUG - Test timeout 2 minutes active. 119.219 seconds left.
20201114 17:55:25.622 - INFO - Opening url 'http://localhost:3001/devel/mail/delete/all'
20201114 17:55:25.881 - INFO - +-------- END KW: SeleniumLibrary.Go To (259)
20201114 17:55:25.881 - INFO - +------- END KW: FunctionsGlobal.Got To Url With Param (260)
20201114 17:55:25.881 - INFO - +------- START KW: FunctionsGlobal.Page WithoutWarningOrFailure [ ]
20201114 17:55:25.882 - INFO - +-------- START KW: SeleniumLibrary.Page Should Not Contain [ Warning: ]
20201114 17:55:25.882 - DEBUG - Test timeout 2 minutes active. 118.96 seconds left.
20201114 17:55:25.906 - DEBUG - Current frame has 0 subframes.
20201114 17:55:25.906 - INFO - Current page does not contain text 'Warning:'.
20201114 17:55:25.906 - INFO - +-------- END KW: SeleniumLibrary.Page Should Not Contain (24)
20201114 17:55:25.906 - INFO - +-------- START KW: SeleniumLibrary.Page Should Not Contain [ Failed ]
20201114 17:55:25.907 - DEBUG - Test timeout 2 minutes active. 118.935 seconds left.
20201114 17:55:25.917 - DEBUG - Current frame has 0 subframes.
20201114 17:55:25.917 - INFO - Current page does not contain text 'Failed'.
20201114 17:55:25.917 - INFO - +-------- END KW: SeleniumLibrary.Page Should Not Contain (11)
20201114 17:55:25.917 - INFO - +-------- START KW: SeleniumLibrary.Page Should Not Contain [ Internal Server Error ]
20201114 17:55:25.917 - DEBUG - Test timeout 2 minutes active. 118.924 seconds left.
20201114 17:55:25.924 - DEBUG - Current frame has 0 subframes.
20201114 17:55:25.924 - INFO - Current page does not contain text 'Internal Server Error'.
20201114 17:55:25.924 - INFO - +-------- END KW: SeleniumLibrary.Page Should Not Contain (7)
20201114 17:55:25.924 - INFO - +------- END KW: FunctionsGlobal.Page WithoutWarningOrFailure (43)
20201114 17:55:25.924 - INFO - +------ END KW: FunctionsGlobal.Go To Url (304)
20201114 17:55:25.924 - INFO - +----- END KW: FunctionsGlobal.Empty Dev Mailbox Fast (304)
20201114 17:55:25.924 - INFO - +---- END KW: FunctionsGlobal.Seed 1 users (798)
~~~~~~~~~~~~~~~~~~~~~~~~~~~~~~~~~~~~~~~~~~~~~~~~~~~~~~~~~~~~~~~~~~~~~~~~~~~~~~
20201114 17:55:25.925 - INFO - +---- START KW: FunctionsGlobal.Go To Url [ ${PAGE_HOME_URL} ]
20201114 17:55:25.925 - INFO - +----- START KW: FunctionsGlobal.Got To Url With Param [ ${url} | &{params} ]
20201114 17:55:25.926 - INFO - +------ START KW: BuiltIn.Replace Variables [ ${url} ]
20201114 17:55:25.926 - DEBUG - Test timeout 2 minutes active. 118.916 seconds left.
20201114 17:55:25.926 - INFO - ${url_} = http://localhost:3001/en
20201114 17:55:25.926 - INFO - +------ END KW: BuiltIn.Replace Variables (0)
20201114 17:55:25.926 - INFO - +------ START KW: SeleniumLibrary.Go To [ ${url_} ]
20201114 17:55:25.926 - DEBUG - Test timeout 2 minutes active. 118.915 seconds left.
20201114 17:55:25.926 - INFO - Opening url 'http://localhost:3001/en'
20201114 17:55:26.184 - INFO - +------ END KW: SeleniumLibrary.Go To (258)
20201114 17:55:26.184 - INFO - +----- END KW: FunctionsGlobal.Got To Url With Param (259)
20201114 17:55:26.184 - INFO - +----- START KW: FunctionsGlobal.Page WithoutWarningOrFailure [ ]
20201114 17:55:26.185 - INFO - +------ START KW: SeleniumLibrary.Page Should Not Contain [ Warning: ]
20201114 17:55:26.185 - DEBUG - Test timeout 2 minutes active. 118.656 seconds left.
20201114 17:55:26.204 - DEBUG - Current frame has 0 subframes.
20201114 17:55:26.204 - INFO - Current page does not contain text 'Warning:'.
20201114 17:55:26.204 - INFO - +------ END KW: SeleniumLibrary.Page Should Not Contain (19)
20201114 17:55:26.205 - INFO - +------ START KW: SeleniumLibrary.Page Should Not Contain [ Failed ]
20201114 17:55:26.205 - DEBUG - Test timeout 2 minutes active. 118.637 seconds left.
20201114 17:55:26.211 - DEBUG - Current frame has 0 subframes.
20201114 17:55:26.211 - INFO - Current page does not contain text 'Failed'.
20201114 17:55:26.211 - INFO - +------ END KW: SeleniumLibrary.Page Should Not Contain (6)
20201114 17:55:26.211 - INFO - +------ START KW: SeleniumLibrary.Page Should Not Contain [ Internal Server Error ]
20201114 17:55:26.211 - DEBUG - Test timeout 2 minutes active. 118.63 seconds left.
20201114 17:55:26.219 - DEBUG - Current frame has 0 subframes.
20201114 17:55:26.219 - INFO - Current page does not contain text 'Internal Server Error'.
20201114 17:55:26.219 - INFO - +------ END KW: SeleniumLibrary.Page Should Not Contain (8)
20201114 17:55:26.219 - INFO - +----- END KW: FunctionsGlobal.Page WithoutWarningOrFailure (35)
20201114 17:55:26.219 - INFO - +---- END KW: FunctionsGlobal.Go To Url (295)
~~~~~~~~~~~~~~~~~~~~~~~~~~~~~~~~~~~~~~~~~~~~~~~~~~~~~~~~~~~~~~~~~~~~~~~~~~~~~~
20201114 17:55:26.219 - INFO - +---- START KW: FunctionsGlobal.Sign In User [ ${USER_1.name} ]
20201114 17:55:26.220 - INFO - +----- START KW: SeleniumLibrary.Click Element [ ${NAVBAR_SIGN_IN_LINK} ]
20201114 17:55:26.237 - INFO - +------ START KW: SeleniumLibrary.Capture Page Screenshot [ ]
20201114 17:55:26.237 - DEBUG - Test timeout 2 minutes active. 118.604 seconds left.
20201114 17:55:26.361 - INFO - </td></tr><tr><td colspan="3"><a href="selenium-screenshot-30.png"><img src="selenium-screenshot-30.png" width="800px"></a>
20201114 17:55:26.361 - INFO - +------ END KW: SeleniumLibrary.Capture Page Screenshot (124)
20201114 17:55:26.220 - DEBUG - Test timeout 2 minutes active. 118.621 seconds left.
20201114 17:55:26.220 - INFO - Clicking element '//*[@id="navbar-profile-login"]'.
20201114 17:55:26.361 - FAIL - ElementNotInteractableException: Message: Element <a id="navbar-profile-login" class="btn btn-info" href="http://localhost:3001/en/login?goto=home&params=YToxOntpOjA7czozOiIvZW4iO30%253D&query=YTowOnt9"> could not be scrolled into view
20201114 17:55:26.361 - DEBUG - Traceback (most recent call last):
  File "/home/travis/.local/lib/python2.7/site-packages/SeleniumLibrary/__init__.py", line 471, in run_keyword
    return DynamicCore.run_keyword(self, name, args, kwargs)
  File "/home/travis/.local/lib/python2.7/site-packages/robotlibcore.py", line 103, in run_keyword
    return self.keywords[name](*args, **(kwargs or {}))
  File "/home/travis/.local/lib/python2.7/site-packages/SeleniumLibrary/keywords/element.py", line 610, in click_element
    self.find_element(locator).click()
  File "/home/travis/.local/lib/python2.7/site-packages/selenium/webdriver/remote/webelement.py", line 80, in click
    self._execute(Command.CLICK_ELEMENT)
  File "/home/travis/.local/lib/python2.7/site-packages/selenium/webdriver/remote/webelement.py", line 633, in _execute
    return self._parent.execute(command, params)
  File "/home/travis/.local/lib/python2.7/site-packages/selenium/webdriver/remote/webdriver.py", line 321, in execute
    self.error_handler.check_response(response)
  File "/home/travis/.local/lib/python2.7/site-packages/selenium/webdriver/remote/errorhandler.py", line 242, in check_response
    raise exception_class(message, screen, stacktrace)
20201114 17:55:26.361 - INFO - +----- END KW: SeleniumLibrary.Click Element (141)
20201114 17:55:26.362 - INFO - +---- END KW: FunctionsGlobal.Sign In User (142)
~~~~~~~~~~~~~~~~~~~~~~~~~~~~~~~~~~~~~~~~~~~~~~~~~~~~~~~~~~~~~~~~~~~~~~~~~~~~~~
20201114 17:55:26.362 - INFO - +---- START TEARDOWN: FunctionsGlobal.Sign Out User [ ]
20201114 17:55:26.363 - INFO - +----- START KW: SeleniumLibrary.Click Link [ ${NAVBAR_PROFILE_LINK} ]
20201114 17:55:26.363 - INFO - Clicking link '//*[@id="navbar-profile-user"]'.
20201114 17:55:26.367 - INFO - +------ START KW: SeleniumLibrary.Capture Page Screenshot [ ]
20201114 17:55:26.457 - INFO - </td></tr><tr><td colspan="3"><a href="selenium-screenshot-31.png"><img src="selenium-screenshot-31.png" width="800px"></a>
20201114 17:55:26.457 - INFO - +------ END KW: SeleniumLibrary.Capture Page Screenshot (90)
20201114 17:55:26.458 - FAIL - Link with locator '//*[@id="navbar-profile-user"]' not found.
20201114 17:55:26.458 - DEBUG - Traceback (most recent call last):
  File "/home/travis/.local/lib/python2.7/site-packages/SeleniumLibrary/__init__.py", line 471, in run_keyword
    return DynamicCore.run_keyword(self, name, args, kwargs)
  File "/home/travis/.local/lib/python2.7/site-packages/robotlibcore.py", line 103, in run_keyword
    return self.keywords[name](*args, **(kwargs or {}))
  File "/home/travis/.local/lib/python2.7/site-packages/SeleniumLibrary/keywords/element.py", line 569, in click_link
    self.find_element(locator, tag='link').click()
  File "/home/travis/.local/lib/python2.7/site-packages/SeleniumLibrary/base/context.py", line 74, in find_element
    return self.element_finder.find(locator, tag, True, required, parent)
  File "/home/travis/.local/lib/python2.7/site-packages/SeleniumLibrary/locators/elementfinder.py", line 77, in find
    % (element_type, locator))
20201114 17:55:26.458 - INFO - +----- END KW: SeleniumLibrary.Click Link (95)
20201114 17:55:26.458 - INFO - +----- START KW: SeleniumLibrary.Click Link [ ${NAVBAR_SIGN_OUT_LINK} ]
20201114 17:55:26.459 - INFO - Clicking link '//*[@id="navbar-profile-user-logout"]'.
20201114 17:55:26.464 - INFO - +------ START KW: SeleniumLibrary.Capture Page Screenshot [ ]
20201114 17:55:26.544 - INFO - </td></tr><tr><td colspan="3"><a href="selenium-screenshot-32.png"><img src="selenium-screenshot-32.png" width="800px"></a>
20201114 17:55:26.545 - INFO - +------ END KW: SeleniumLibrary.Capture Page Screenshot (81)
20201114 17:55:26.545 - FAIL - Link with locator '//*[@id="navbar-profile-user-logout"]' not found.
20201114 17:55:26.545 - DEBUG - Traceback (most recent call last):
  File "/home/travis/.local/lib/python2.7/site-packages/SeleniumLibrary/__init__.py", line 471, in run_keyword
    return DynamicCore.run_keyword(self, name, args, kwargs)
  File "/home/travis/.local/lib/python2.7/site-packages/robotlibcore.py", line 103, in run_keyword
    return self.keywords[name](*args, **(kwargs or {}))
  File "/home/travis/.local/lib/python2.7/site-packages/SeleniumLibrary/keywords/element.py", line 569, in click_link
    self.find_element(locator, tag='link').click()
  File "/home/travis/.local/lib/python2.7/site-packages/SeleniumLibrary/base/context.py", line 74, in find_element
    return self.element_finder.find(locator, tag, True, required, parent)
  File "/home/travis/.local/lib/python2.7/site-packages/SeleniumLibrary/locators/elementfinder.py", line 77, in find
    % (element_type, locator))
20201114 17:55:26.545 - INFO - +----- END KW: SeleniumLibrary.Click Link (87)
20201114 17:55:26.546 - INFO - +---- END TEARDOWN: FunctionsGlobal.Sign Out User (184)
------------------------------------------------------------------------------
20201114 17:55:26.552 - INFO - +--- END TEST: Seeded are fully valid (1705)
------------------------------------------------------------------------------
20201114 17:55:26.552 - INFO - +--- START TEST: Freshly created accounts are fully valid [ ]
------------------------------------------------------------------------------
20201114 17:55:26.553 - INFO - +---- START SETUP: FunctionsGlobal.Clear Database [ ]
20201114 17:55:26.554 - INFO - +----- START KW: FunctionsGlobal.Go To Url [ ${PAGE_DEV_RESET_DB_URL} ]
20201114 17:55:26.555 - INFO - +------ START KW: FunctionsGlobal.Got To Url With Param [ ${url} | &{params} ]
20201114 17:55:26.556 - INFO - +------- START KW: BuiltIn.Replace Variables [ ${url} ]
20201114 17:55:26.556 - DEBUG - Test timeout 2 minutes active. 119.996 seconds left.
20201114 17:55:26.556 - INFO - ${url_} = http://localhost:3001/devel/db/reset
20201114 17:55:26.557 - INFO - +------- END KW: BuiltIn.Replace Variables (1)
20201114 17:55:26.557 - INFO - +------- START KW: SeleniumLibrary.Go To [ ${url_} ]
20201114 17:55:26.557 - DEBUG - Test timeout 2 minutes active. 119.995 seconds left.
20201114 17:55:26.557 - INFO - Opening url 'http://localhost:3001/devel/db/reset'
20201114 17:55:26.797 - INFO - +------- END KW: SeleniumLibrary.Go To (239)
20201114 17:55:26.797 - INFO - +------ END KW: FunctionsGlobal.Got To Url With Param (242)
20201114 17:55:26.797 - INFO - +------ START KW: FunctionsGlobal.Page WithoutWarningOrFailure [ ]
20201114 17:55:26.797 - INFO - +------- START KW: SeleniumLibrary.Page Should Not Contain [ Warning: ]
20201114 17:55:26.798 - DEBUG - Test timeout 2 minutes active. 119.755 seconds left.
20201114 17:55:26.817 - DEBUG - Current frame has 0 subframes.
20201114 17:55:26.817 - INFO - Current page does not contain text 'Warning:'.
20201114 17:55:26.817 - INFO - +------- END KW: SeleniumLibrary.Page Should Not Contain (20)
20201114 17:55:26.817 - INFO - +------- START KW: SeleniumLibrary.Page Should Not Contain [ Failed ]
20201114 17:55:26.818 - DEBUG - Test timeout 2 minutes active. 119.735 seconds left.
20201114 17:55:26.823 - DEBUG - Current frame has 0 subframes.
20201114 17:55:26.823 - INFO - Current page does not contain text 'Failed'.
20201114 17:55:26.823 - INFO - +------- END KW: SeleniumLibrary.Page Should Not Contain (6)
20201114 17:55:26.824 - INFO - +------- START KW: SeleniumLibrary.Page Should Not Contain [ Internal Server Error ]
20201114 17:55:26.824 - DEBUG - Test timeout 2 minutes active. 119.729 seconds left.
20201114 17:55:26.830 - DEBUG - Current frame has 0 subframes.
20201114 17:55:26.830 - INFO - Current page does not contain text 'Internal Server Error'.
20201114 17:55:26.830 - INFO - +------- END KW: SeleniumLibrary.Page Should Not Contain (7)
20201114 17:55:26.830 - INFO - +------ END KW: FunctionsGlobal.Page WithoutWarningOrFailure (33)
20201114 17:55:26.831 - INFO - +----- END KW: FunctionsGlobal.Go To Url (277)
20201114 17:55:26.831 - INFO - +----- START KW: SeleniumLibrary.Page Should Contain [ OK ]
20201114 17:55:26.831 - DEBUG - Test timeout 2 minutes active. 119.721 seconds left.
20201114 17:55:26.836 - INFO - Current page contains text 'OK'.
20201114 17:55:26.836 - INFO - +----- END KW: SeleniumLibrary.Page Should Contain (5)
20201114 17:55:26.836 - INFO - +---- END SETUP: FunctionsGlobal.Clear Database (283)
~~~~~~~~~~~~~~~~~~~~~~~~~~~~~~~~~~~~~~~~~~~~~~~~~~~~~~~~~~~~~~~~~~~~~~~~~~~~~~
20201114 17:55:26.836 - INFO - +---- START KW: PageRegistration.Create User [ ${USER_2.name} ]
20201114 17:55:26.837 - INFO - +----- START KW: FunctionsGlobal.Go To Url [ ${PAGE_REGISTER_URL} ]
20201114 17:55:26.838 - INFO - +------ START KW: FunctionsGlobal.Got To Url With Param [ ${url} | &{params} ]
20201114 17:55:26.838 - INFO - +------- START KW: BuiltIn.Replace Variables [ ${url} ]
20201114 17:55:26.839 - DEBUG - Test timeout 2 minutes active. 119.713 seconds left.
20201114 17:55:26.839 - INFO - ${url_} = http://localhost:3001/en/registration
20201114 17:55:26.839 - INFO - +------- END KW: BuiltIn.Replace Variables (1)
20201114 17:55:26.839 - INFO - +------- START KW: SeleniumLibrary.Go To [ ${url_} ]
20201114 17:55:26.839 - DEBUG - Test timeout 2 minutes active. 119.713 seconds left.
20201114 17:55:26.839 - INFO - Opening url 'http://localhost:3001/en/registration'
20201114 17:55:27.074 - INFO - +------- END KW: SeleniumLibrary.Go To (234)
20201114 17:55:27.074 - INFO - +------ END KW: FunctionsGlobal.Got To Url With Param (236)
20201114 17:55:27.074 - INFO - +------ START KW: FunctionsGlobal.Page WithoutWarningOrFailure [ ]
20201114 17:55:27.075 - INFO - +------- START KW: SeleniumLibrary.Page Should Not Contain [ Warning: ]
20201114 17:55:27.075 - DEBUG - Test timeout 2 minutes active. 119.477 seconds left.
20201114 17:55:27.263 - DEBUG - Current frame has 0 subframes.
20201114 17:55:27.263 - INFO - Current page does not contain text 'Warning:'.
20201114 17:55:27.263 - INFO - +------- END KW: SeleniumLibrary.Page Should Not Contain (188)
20201114 17:55:27.264 - INFO - +------- START KW: SeleniumLibrary.Page Should Not Contain [ Failed ]
20201114 17:55:27.264 - DEBUG - Test timeout 2 minutes active. 119.288 seconds left.
20201114 17:55:27.287 - DEBUG - Current frame has 0 subframes.
20201114 17:55:27.287 - INFO - Current page does not contain text 'Failed'.
20201114 17:55:27.287 - INFO - +------- END KW: SeleniumLibrary.Page Should Not Contain (23)
20201114 17:55:27.287 - INFO - +------- START KW: SeleniumLibrary.Page Should Not Contain [ Internal Server Error ]
20201114 17:55:27.288 - DEBUG - Test timeout 2 minutes active. 119.264 seconds left.
20201114 17:55:27.313 - DEBUG - Current frame has 0 subframes.
20201114 17:55:27.313 - INFO - Current page does not contain text 'Internal Server Error'.
20201114 17:55:27.313 - INFO - +------- END KW: SeleniumLibrary.Page Should Not Contain (26)
20201114 17:55:27.313 - INFO - +------ END KW: FunctionsGlobal.Page WithoutWarningOrFailure (239)
20201114 17:55:27.314 - INFO - +----- END KW: FunctionsGlobal.Go To Url (476)
20201114 17:55:27.314 - INFO - +----- START KW: PageRegistration.Fill Registration Form [ ${username} | ${email} | ${password} | ${language} | ${daily_mail} | ${terms_of_use} ]
20201114 17:55:27.315 - INFO - +------ START KW: SeleniumLibrary.Input Text [ ${REGISTRATION_USERNAME_INPUT} | ${username} ]
20201114 17:55:27.315 - DEBUG - Test timeout 2 minutes active. 119.237 seconds left.
20201114 17:55:27.315 - INFO - Typing text 'username2' into text field '//*[@id="usernameInput"]'.
20201114 17:55:27.363 - INFO - +------ END KW: SeleniumLibrary.Input Text (48)
20201114 17:55:27.364 - INFO - +------ START KW: SeleniumLibrary.Input Text [ ${REGISTRATION_EMAIL_INPUT} | ${email} ]
20201114 17:55:27.364 - DEBUG - Test timeout 2 minutes active. 119.188 seconds left.
20201114 17:55:27.364 - INFO - Typing text 'username2+qa@geokrety.org' into text field '//*[@id="emailInput"]'.
20201114 17:55:27.407 - INFO - +------ END KW: SeleniumLibrary.Input Text (43)
20201114 17:55:27.408 - INFO - +------ START KW: SeleniumLibrary.Input Text [ ${REGISTRATION_PASSWORD_INPUT} | ${password} ]
20201114 17:55:27.408 - DEBUG - Test timeout 2 minutes active. 119.144 seconds left.
20201114 17:55:27.408 - INFO - Typing text 'password' into text field '//*[@id="passwordInput"]'.
20201114 17:55:27.454 - INFO - +------ END KW: SeleniumLibrary.Input Text (46)
20201114 17:55:27.454 - INFO - +------ START KW: SeleniumLibrary.Input Text [ ${REGISTRATION_PASSWORD_CONFIRM_INPUT} | ${password} ]
20201114 17:55:27.455 - DEBUG - Test timeout 2 minutes active. 119.097 seconds left.
20201114 17:55:27.455 - INFO - Typing text 'password' into text field '//*[@id="passwordConfirmInput"]'.
20201114 17:55:27.475 - INFO - +------ END KW: SeleniumLibrary.Input Text (21)
20201114 17:55:27.476 - INFO - +------ START KW: SeleniumLibrary.Select From List By Value [ ${REGISTRATION_PREFERRED_LANGUAGE_SELECT} | ${language} ]
20201114 17:55:27.476 - DEBUG - Test timeout 2 minutes active. 119.076 seconds left.
20201114 17:55:27.476 - INFO - Selecting options from selection list '//*[@id="preferredLanguageInput"]' by value en.
20201114 17:55:27.512 - INFO - +------ END KW: SeleniumLibrary.Select From List By Value (36)
20201114 17:55:27.512 - INFO - +------ START KW: BuiltIn.Run Keyword If [ ${daily_mail} | Select Checkbox | ${REGISTRATION_DAILY_MAIL_CHECKBOX} ]
20201114 17:55:27.512 - INFO - +------ END KW: BuiltIn.Run Keyword If (0)
20201114 17:55:27.513 - INFO - +------ START KW: BuiltIn.Run Keyword If [ ${terms_of_use} | Select Checkbox | ${REGISTRATION_TERMS_OF_USE_CHECKBOX} ]
20201114 17:55:27.514 - INFO - +------- START KW: SeleniumLibrary.Select Checkbox [ ${REGISTRATION_TERMS_OF_USE_CHECKBOX} ]
20201114 17:55:27.514 - DEBUG - Test timeout 2 minutes active. 119.038 seconds left.
20201114 17:55:27.514 - INFO - Selecting checkbox '//*[@id="termsOfUseInput"]'.
20201114 17:55:27.765 - INFO - +------- END KW: SeleniumLibrary.Select Checkbox (252)
20201114 17:55:27.765 - INFO - +------ END KW: BuiltIn.Run Keyword If (252)
20201114 17:55:27.765 - INFO - +----- END KW: PageRegistration.Fill Registration Form (451)
20201114 17:55:27.765 - INFO - +----- START KW: SeleniumLibrary.Click Button [ ${REGISTRATION_REGISTER_BUTTON} ]
20201114 17:55:27.766 - DEBUG - Test timeout 2 minutes active. 118.787 seconds left.
20201114 17:55:27.766 - INFO - Clicking button '//*[@id="registerButton"]'.
20201114 17:55:28.939 - INFO - +----- END KW: SeleniumLibrary.Click Button (1174)
20201114 17:55:28.940 - INFO - +----- START KW: SeleniumLibrary.Location Should Contain [ ${GK_URL}/${language}/users/ ]
20201114 17:55:28.940 - DEBUG - Test timeout 2 minutes active. 117.612 seconds left.
20201114 17:55:28.946 - INFO - Current location contains 'http://localhost:3001/en/users/'.
20201114 17:55:28.946 - INFO - +----- END KW: SeleniumLibrary.Location Should Contain (6)
20201114 17:55:28.946 - INFO - +----- START KW: SeleniumLibrary.Page Should Not Contain [ No such item! ]
20201114 17:55:28.947 - DEBUG - Test timeout 2 minutes active. 117.606 seconds left.
20201114 17:55:28.977 - DEBUG - Current frame has 0 subframes.
20201114 17:55:28.977 - INFO - Current page does not contain text 'No such item!'.
20201114 17:55:28.977 - INFO - +----- END KW: SeleniumLibrary.Page Should Not Contain (31)
20201114 17:55:28.977 - INFO - +---- END KW: PageRegistration.Create User (2141)
~~~~~~~~~~~~~~~~~~~~~~~~~~~~~~~~~~~~~~~~~~~~~~~~~~~~~~~~~~~~~~~~~~~~~~~~~~~~~~
20201114 17:55:28.977 - INFO - +---- START KW: PageRegistration.Activate user account [ ]
20201114 17:55:28.978 - INFO - +----- START KW: FunctionsGlobal.Go To Url [ ${PAGE_DEV_MAILBOX_URL} ]
20201114 17:55:28.978 - INFO - +------ START KW: FunctionsGlobal.Got To Url With Param [ ${url} | &{params} ]
20201114 17:55:28.980 - INFO - +------- START KW: BuiltIn.Replace Variables [ ${url} ]
20201114 17:55:28.981 - DEBUG - Test timeout 2 minutes active. 117.572 seconds left.
20201114 17:55:28.981 - INFO - ${url_} = http://localhost:3001/devel/mail
20201114 17:55:28.981 - INFO - +------- END KW: BuiltIn.Replace Variables (1)
20201114 17:55:28.981 - INFO - +------- START KW: SeleniumLibrary.Go To [ ${url_} ]
20201114 17:55:28.982 - DEBUG - Test timeout 2 minutes active. 117.571 seconds left.
20201114 17:55:28.982 - INFO - Opening url 'http://localhost:3001/devel/mail'
20201114 17:55:29.219 - INFO - +------- END KW: SeleniumLibrary.Go To (238)
20201114 17:55:29.219 - INFO - +------ END KW: FunctionsGlobal.Got To Url With Param (241)
20201114 17:55:29.219 - INFO - +------ START KW: FunctionsGlobal.Page WithoutWarningOrFailure [ ]
20201114 17:55:29.220 - INFO - +------- START KW: SeleniumLibrary.Page Should Not Contain [ Warning: ]
20201114 17:55:29.220 - DEBUG - Test timeout 2 minutes active. 117.332 seconds left.
20201114 17:55:29.238 - DEBUG - Current frame has 0 subframes.
20201114 17:55:29.238 - INFO - Current page does not contain text 'Warning:'.
20201114 17:55:29.238 - INFO - +------- END KW: SeleniumLibrary.Page Should Not Contain (18)
20201114 17:55:29.238 - INFO - +------- START KW: SeleniumLibrary.Page Should Not Contain [ Failed ]
20201114 17:55:29.239 - DEBUG - Test timeout 2 minutes active. 117.314 seconds left.
20201114 17:55:29.245 - DEBUG - Current frame has 0 subframes.
20201114 17:55:29.245 - INFO - Current page does not contain text 'Failed'.
20201114 17:55:29.245 - INFO - +------- END KW: SeleniumLibrary.Page Should Not Contain (7)
20201114 17:55:29.245 - INFO - +------- START KW: SeleniumLibrary.Page Should Not Contain [ Internal Server Error ]
20201114 17:55:29.245 - DEBUG - Test timeout 2 minutes active. 117.307 seconds left.
20201114 17:55:29.256 - DEBUG - Current frame has 0 subframes.
20201114 17:55:29.256 - INFO - Current page does not contain text 'Internal Server Error'.
20201114 17:55:29.256 - INFO - +------- END KW: SeleniumLibrary.Page Should Not Contain (11)
20201114 17:55:29.257 - INFO - +------ END KW: FunctionsGlobal.Page WithoutWarningOrFailure (38)
20201114 17:55:29.257 - INFO - +----- END KW: FunctionsGlobal.Go To Url (279)
20201114 17:55:29.257 - INFO - +----- START KW: SeleniumLibrary.Click Link [ ${DEV_MAILBOX_FIRST_MAIL_LINK} ]
20201114 17:55:29.257 - DEBUG - Test timeout 2 minutes active. 117.295 seconds left.
20201114 17:55:29.257 - INFO - Clicking link '//*[@id="mailsTable"]/tbody/tr/td[@class="mail_id" and text()="0"]/parent::tr//a[contains(@class, "displayMailLink")]'.
20201114 17:55:29.397 - INFO - +----- END KW: SeleniumLibrary.Click Link (140)
20201114 17:55:29.397 - INFO - +----- START KW: SeleniumLibrary.Location Should Be [ ${PAGE_DEV_MAILBOX_FIRST_MAIL_URL} ]
20201114 17:55:29.398 - DEBUG - Test timeout 2 minutes active. 117.155 seconds left.
20201114 17:55:29.420 - INFO - Current location is 'http://localhost:3001/devel/mail/0'.
20201114 17:55:29.420 - INFO - +----- END KW: SeleniumLibrary.Location Should Be (23)
20201114 17:55:29.420 - INFO - +----- START KW: SeleniumLibrary.Page Should Contain [ Welcome to GeoKrety.org ]
20201114 17:55:29.420 - DEBUG - Test timeout 2 minutes active. 117.132 seconds left.
20201114 17:55:29.429 - INFO - Current page contains text 'Welcome to GeoKrety.org'.
20201114 17:55:29.430 - INFO - +----- END KW: SeleniumLibrary.Page Should Contain (10)
20201114 17:55:29.430 - INFO - +----- START KW: SeleniumLibrary.Page Should Contain [ Activate your account ]
20201114 17:55:29.430 - DEBUG - Test timeout 2 minutes active. 117.122 seconds left.
20201114 17:55:29.444 - INFO - Current page contains text 'Activate your account'.
20201114 17:55:29.444 - INFO - +----- END KW: SeleniumLibrary.Page Should Contain (14)
20201114 17:55:29.444 - INFO - +----- START KW: FunctionsGlobal.Click Link With Text [ Activate your account ]
20201114 17:55:29.444 - INFO - +------ START KW: SeleniumLibrary.Click Link [ //a[contains(text(),"${text}")] ]
20201114 17:55:29.445 - DEBUG - Test timeout 2 minutes active. 117.108 seconds left.
20201114 17:55:29.445 - INFO - Clicking link '//a[contains(text(),"Activate your account")]'.
20201114 17:55:31.321 - INFO - +------ END KW: SeleniumLibrary.Click Link (1877)
20201114 17:55:31.322 - INFO - +----- END KW: FunctionsGlobal.Click Link With Text (1878)
20201114 17:55:31.322 - INFO - +----- START KW: SeleniumLibrary.Wait Until Page Contains [ Welcome to the GeoKrety.org community! ]
20201114 17:55:31.322 - DEBUG - Test timeout 2 minutes active. 115.23 seconds left.
20201114 17:55:31.340 - INFO - +----- END KW: SeleniumLibrary.Wait Until Page Contains (18)
20201114 17:55:31.340 - INFO - +----- START KW: FunctionsGlobal.Delete First Mail in Mailbox [ ]
20201114 17:55:31.341 - INFO - +------ START KW: FunctionsGlobal.Go To Url [ ${PAGE_DEV_MAILBOX_URL} ]
20201114 17:55:31.341 - INFO - +------- START KW: FunctionsGlobal.Got To Url With Param [ ${url} | &{params} ]
20201114 17:55:31.342 - INFO - +-------- START KW: BuiltIn.Replace Variables [ ${url} ]
20201114 17:55:31.342 - DEBUG - Test timeout 2 minutes active. 115.21 seconds left.
20201114 17:55:31.342 - INFO - ${url_} = http://localhost:3001/devel/mail
20201114 17:55:31.343 - INFO - +-------- END KW: BuiltIn.Replace Variables (0)
20201114 17:55:31.343 - INFO - +-------- START KW: SeleniumLibrary.Go To [ ${url_} ]
20201114 17:55:31.343 - DEBUG - Test timeout 2 minutes active. 115.209 seconds left.
20201114 17:55:31.343 - INFO - Opening url 'http://localhost:3001/devel/mail'
20201114 17:55:31.567 - INFO - +-------- END KW: SeleniumLibrary.Go To (224)
20201114 17:55:31.567 - INFO - +------- END KW: FunctionsGlobal.Got To Url With Param (226)
20201114 17:55:31.567 - INFO - +------- START KW: FunctionsGlobal.Page WithoutWarningOrFailure [ ]
20201114 17:55:31.568 - INFO - +-------- START KW: SeleniumLibrary.Page Should Not Contain [ Warning: ]
20201114 17:55:31.568 - DEBUG - Test timeout 2 minutes active. 114.984 seconds left.
20201114 17:55:31.613 - DEBUG - Current frame has 0 subframes.
20201114 17:55:31.613 - INFO - Current page does not contain text 'Warning:'.
20201114 17:55:31.613 - INFO - +-------- END KW: SeleniumLibrary.Page Should Not Contain (45)
20201114 17:55:31.613 - INFO - +-------- START KW: SeleniumLibrary.Page Should Not Contain [ Failed ]
20201114 17:55:31.614 - DEBUG - Test timeout 2 minutes active. 114.939 seconds left.
20201114 17:55:31.646 - DEBUG - Current frame has 0 subframes.
20201114 17:55:31.646 - INFO - Current page does not contain text 'Failed'.
20201114 17:55:31.646 - INFO - +-------- END KW: SeleniumLibrary.Page Should Not Contain (33)
20201114 17:55:31.647 - INFO - +-------- START KW: SeleniumLibrary.Page Should Not Contain [ Internal Server Error ]
20201114 17:55:31.647 - DEBUG - Test timeout 2 minutes active. 114.905 seconds left.
20201114 17:55:31.677 - DEBUG - Current frame has 0 subframes.
20201114 17:55:31.677 - INFO - Current page does not contain text 'Internal Server Error'.
20201114 17:55:31.677 - INFO - +-------- END KW: SeleniumLibrary.Page Should Not Contain (30)
20201114 17:55:31.677 - INFO - +------- END KW: FunctionsGlobal.Page WithoutWarningOrFailure (110)
20201114 17:55:31.677 - INFO - +------ END KW: FunctionsGlobal.Go To Url (336)
20201114 17:55:31.678 - INFO - +------ START KW: SeleniumLibrary.Click Element [ ${DEV_MAILBOX_FIRST_MAIL_DELETE_LINK} ]
20201114 17:55:31.678 - DEBUG - Test timeout 2 minutes active. 114.874 seconds left.
20201114 17:55:31.678 - INFO - Clicking element '//*[@id="mailsTable"]/tbody/tr/td[@class="mail_id" and text()="0"]/parent::tr//a[contains(@class, "deleteMailLink")]'.
20201114 17:55:32.100 - INFO - +------ END KW: SeleniumLibrary.Click Element (423)
20201114 17:55:32.101 - INFO - +----- END KW: FunctionsGlobal.Delete First Mail in Mailbox (761)
20201114 17:55:32.101 - INFO - +---- END KW: PageRegistration.Activate user account (3124)
~~~~~~~~~~~~~~~~~~~~~~~~~~~~~~~~~~~~~~~~~~~~~~~~~~~~~~~~~~~~~~~~~~~~~~~~~~~~~~
20201114 17:55:32.101 - INFO - +---- START KW: FunctionsGlobal.Sign Out Fast [ ]
20201114 17:55:32.104 - INFO - +----- START KW: FunctionsGlobal.Go To Url [ ${GK_URL}/devel/users/logout ]
20201114 17:55:32.105 - INFO - +------ START KW: FunctionsGlobal.Got To Url With Param [ ${url} | &{params} ]
20201114 17:55:32.106 - INFO - +------- START KW: BuiltIn.Replace Variables [ ${url} ]
20201114 17:55:32.106 - DEBUG - Test timeout 2 minutes active. 114.446 seconds left.
20201114 17:55:32.106 - INFO - ${url_} = http://localhost:3001/devel/users/logout
20201114 17:55:32.107 - INFO - +------- END KW: BuiltIn.Replace Variables (1)
20201114 17:55:32.107 - INFO - +------- START KW: SeleniumLibrary.Go To [ ${url_} ]
20201114 17:55:32.107 - DEBUG - Test timeout 2 minutes active. 114.445 seconds left.
20201114 17:55:32.107 - INFO - Opening url 'http://localhost:3001/devel/users/logout'
20201114 17:55:32.243 - INFO - +------- END KW: SeleniumLibrary.Go To (136)
20201114 17:55:32.243 - INFO - +------ END KW: FunctionsGlobal.Got To Url With Param (138)
20201114 17:55:32.243 - INFO - +------ START KW: FunctionsGlobal.Page WithoutWarningOrFailure [ ]
20201114 17:55:32.243 - INFO - +------- START KW: SeleniumLibrary.Page Should Not Contain [ Warning: ]
20201114 17:55:32.244 - DEBUG - Test timeout 2 minutes active. 114.309 seconds left.
20201114 17:55:32.256 - DEBUG - Current frame has 0 subframes.
20201114 17:55:32.256 - INFO - Current page does not contain text 'Warning:'.
20201114 17:55:32.256 - INFO - +------- END KW: SeleniumLibrary.Page Should Not Contain (13)
20201114 17:55:32.257 - INFO - +------- START KW: SeleniumLibrary.Page Should Not Contain [ Failed ]
20201114 17:55:32.257 - DEBUG - Test timeout 2 minutes active. 114.296 seconds left.
20201114 17:55:32.264 - DEBUG - Current frame has 0 subframes.
20201114 17:55:32.264 - INFO - Current page does not contain text 'Failed'.
20201114 17:55:32.265 - INFO - +------- END KW: SeleniumLibrary.Page Should Not Contain (9)
20201114 17:55:32.265 - INFO - +------- START KW: SeleniumLibrary.Page Should Not Contain [ Internal Server Error ]
20201114 17:55:32.265 - DEBUG - Test timeout 2 minutes active. 114.287 seconds left.
20201114 17:55:32.271 - DEBUG - Current frame has 0 subframes.
20201114 17:55:32.271 - INFO - Current page does not contain text 'Internal Server Error'.
20201114 17:55:32.272 - INFO - +------- END KW: SeleniumLibrary.Page Should Not Contain (7)
20201114 17:55:32.272 - INFO - +------ END KW: FunctionsGlobal.Page WithoutWarningOrFailure (29)
20201114 17:55:32.272 - INFO - +----- END KW: FunctionsGlobal.Go To Url (170)
20201114 17:55:32.272 - INFO - +---- END KW: FunctionsGlobal.Sign Out Fast (171)
~~~~~~~~~~~~~~~~~~~~~~~~~~~~~~~~~~~~~~~~~~~~~~~~~~~~~~~~~~~~~~~~~~~~~~~~~~~~~~
20201114 17:55:32.272 - INFO - +---- START KW: FunctionsGlobal.Go To Url [ ${PAGE_HOME_URL} ]
20201114 17:55:32.273 - INFO - +----- START KW: FunctionsGlobal.Got To Url With Param [ ${url} | &{params} ]
20201114 17:55:32.273 - INFO - +------ START KW: BuiltIn.Replace Variables [ ${url} ]
20201114 17:55:32.274 - DEBUG - Test timeout 2 minutes active. 114.279 seconds left.
20201114 17:55:32.274 - INFO - ${url_} = http://localhost:3001/en
20201114 17:55:32.274 - INFO - +------ END KW: BuiltIn.Replace Variables (1)
20201114 17:55:32.274 - INFO - +------ START KW: SeleniumLibrary.Go To [ ${url_} ]
20201114 17:55:32.274 - DEBUG - Test timeout 2 minutes active. 114.278 seconds left.
20201114 17:55:32.274 - INFO - Opening url 'http://localhost:3001/en'
20201114 17:55:32.505 - INFO - +------ END KW: SeleniumLibrary.Go To (231)
20201114 17:55:32.505 - INFO - +----- END KW: FunctionsGlobal.Got To Url With Param (232)
20201114 17:55:32.505 - INFO - +----- START KW: FunctionsGlobal.Page WithoutWarningOrFailure [ ]
20201114 17:55:32.506 - INFO - +------ START KW: SeleniumLibrary.Page Should Not Contain [ Warning: ]
20201114 17:55:32.507 - DEBUG - Test timeout 2 minutes active. 114.045 seconds left.
20201114 17:55:32.524 - DEBUG - Current frame has 0 subframes.
20201114 17:55:32.524 - INFO - Current page does not contain text 'Warning:'.
20201114 17:55:32.524 - INFO - +------ END KW: SeleniumLibrary.Page Should Not Contain (18)
20201114 17:55:32.524 - INFO - +------ START KW: SeleniumLibrary.Page Should Not Contain [ Failed ]
20201114 17:55:32.524 - DEBUG - Test timeout 2 minutes active. 114.028 seconds left.
20201114 17:55:32.535 - DEBUG - Current frame has 0 subframes.
20201114 17:55:32.535 - INFO - Current page does not contain text 'Failed'.
20201114 17:55:32.535 - INFO - +------ END KW: SeleniumLibrary.Page Should Not Contain (11)
20201114 17:55:32.536 - INFO - +------ START KW: SeleniumLibrary.Page Should Not Contain [ Internal Server Error ]
20201114 17:55:32.536 - DEBUG - Test timeout 2 minutes active. 114.016 seconds left.
20201114 17:55:32.542 - DEBUG - Current frame has 0 subframes.
20201114 17:55:32.542 - INFO - Current page does not contain text 'Internal Server Error'.
20201114 17:55:32.542 - INFO - +------ END KW: SeleniumLibrary.Page Should Not Contain (6)
20201114 17:55:32.542 - INFO - +----- END KW: FunctionsGlobal.Page WithoutWarningOrFailure (37)
20201114 17:55:32.543 - INFO - +---- END KW: FunctionsGlobal.Go To Url (271)
~~~~~~~~~~~~~~~~~~~~~~~~~~~~~~~~~~~~~~~~~~~~~~~~~~~~~~~~~~~~~~~~~~~~~~~~~~~~~~
20201114 17:55:32.543 - INFO - +---- START KW: FunctionsGlobal.Sign In User [ ${USER_2.name} ]
20201114 17:55:32.543 - INFO - +----- START KW: SeleniumLibrary.Click Element [ ${NAVBAR_SIGN_IN_LINK} ]
20201114 17:55:32.551 - INFO - +------ START KW: SeleniumLibrary.Capture Page Screenshot [ ]
20201114 17:55:32.551 - DEBUG - Test timeout 2 minutes active. 114.001 seconds left.
20201114 17:55:32.635 - INFO - </td></tr><tr><td colspan="3"><a href="selenium-screenshot-33.png"><img src="selenium-screenshot-33.png" width="800px"></a>
20201114 17:55:32.635 - INFO - +------ END KW: SeleniumLibrary.Capture Page Screenshot (84)
20201114 17:55:32.544 - DEBUG - Test timeout 2 minutes active. 114.009 seconds left.
20201114 17:55:32.544 - INFO - Clicking element '//*[@id="navbar-profile-login"]'.
20201114 17:55:32.636 - FAIL - ElementNotInteractableException: Message: Element <a id="navbar-profile-login" class="btn btn-info" href="http://localhost:3001/en/login?goto=home&params=YToxOntpOjA7czozOiIvZW4iO30%253D&query=YTowOnt9"> could not be scrolled into view
20201114 17:55:32.636 - DEBUG - Traceback (most recent call last):
  File "/home/travis/.local/lib/python2.7/site-packages/SeleniumLibrary/__init__.py", line 471, in run_keyword
    return DynamicCore.run_keyword(self, name, args, kwargs)
  File "/home/travis/.local/lib/python2.7/site-packages/robotlibcore.py", line 103, in run_keyword
    return self.keywords[name](*args, **(kwargs or {}))
  File "/home/travis/.local/lib/python2.7/site-packages/SeleniumLibrary/keywords/element.py", line 610, in click_element
    self.find_element(locator).click()
  File "/home/travis/.local/lib/python2.7/site-packages/selenium/webdriver/remote/webelement.py", line 80, in click
    self._execute(Command.CLICK_ELEMENT)
  File "/home/travis/.local/lib/python2.7/site-packages/selenium/webdriver/remote/webelement.py", line 633, in _execute
    return self._parent.execute(command, params)
  File "/home/travis/.local/lib/python2.7/site-packages/selenium/webdriver/remote/webdriver.py", line 321, in execute
    self.error_handler.check_response(response)
  File "/home/travis/.local/lib/python2.7/site-packages/selenium/webdriver/remote/errorhandler.py", line 242, in check_response
    raise exception_class(message, screen, stacktrace)
20201114 17:55:32.636 - INFO - +----- END KW: SeleniumLibrary.Click Element (93)
20201114 17:55:32.636 - INFO - +---- END KW: FunctionsGlobal.Sign In User (93)
~~~~~~~~~~~~~~~~~~~~~~~~~~~~~~~~~~~~~~~~~~~~~~~~~~~~~~~~~~~~~~~~~~~~~~~~~~~~~~
20201114 17:55:32.636 - INFO - +---- START TEARDOWN: FunctionsGlobal.Sign Out User [ ]
20201114 17:55:32.637 - INFO - +----- START KW: SeleniumLibrary.Click Link [ ${NAVBAR_PROFILE_LINK} ]
20201114 17:55:32.637 - INFO - Clicking link '//*[@id="navbar-profile-user"]'.
20201114 17:55:32.640 - INFO - +------ START KW: SeleniumLibrary.Capture Page Screenshot [ ]
20201114 17:55:32.722 - INFO - </td></tr><tr><td colspan="3"><a href="selenium-screenshot-34.png"><img src="selenium-screenshot-34.png" width="800px"></a>
20201114 17:55:32.722 - INFO - +------ END KW: SeleniumLibrary.Capture Page Screenshot (82)
20201114 17:55:32.722 - FAIL - Link with locator '//*[@id="navbar-profile-user"]' not found.
20201114 17:55:32.722 - DEBUG - Traceback (most recent call last):
  File "/home/travis/.local/lib/python2.7/site-packages/SeleniumLibrary/__init__.py", line 471, in run_keyword
    return DynamicCore.run_keyword(self, name, args, kwargs)
  File "/home/travis/.local/lib/python2.7/site-packages/robotlibcore.py", line 103, in run_keyword
    return self.keywords[name](*args, **(kwargs or {}))
  File "/home/travis/.local/lib/python2.7/site-packages/SeleniumLibrary/keywords/element.py", line 569, in click_link
    self.find_element(locator, tag='link').click()
  File "/home/travis/.local/lib/python2.7/site-packages/SeleniumLibrary/base/context.py", line 74, in find_element
    return self.element_finder.find(locator, tag, True, required, parent)
  File "/home/travis/.local/lib/python2.7/site-packages/SeleniumLibrary/locators/elementfinder.py", line 77, in find
    % (element_type, locator))
20201114 17:55:32.722 - INFO - +----- END KW: SeleniumLibrary.Click Link (85)
20201114 17:55:32.722 - INFO - +----- START KW: SeleniumLibrary.Click Link [ ${NAVBAR_SIGN_OUT_LINK} ]
20201114 17:55:32.723 - INFO - Clicking link '//*[@id="navbar-profile-user-logout"]'.
20201114 17:55:32.726 - INFO - +------ START KW: SeleniumLibrary.Capture Page Screenshot [ ]
20201114 17:55:32.848 - INFO - </td></tr><tr><td colspan="3"><a href="selenium-screenshot-35.png"><img src="selenium-screenshot-35.png" width="800px"></a>
20201114 17:55:32.848 - INFO - +------ END KW: SeleniumLibrary.Capture Page Screenshot (122)
20201114 17:55:32.849 - FAIL - Link with locator '//*[@id="navbar-profile-user-logout"]' not found.
20201114 17:55:32.849 - DEBUG - Traceback (most recent call last):
  File "/home/travis/.local/lib/python2.7/site-packages/SeleniumLibrary/__init__.py", line 471, in run_keyword
    return DynamicCore.run_keyword(self, name, args, kwargs)
  File "/home/travis/.local/lib/python2.7/site-packages/robotlibcore.py", line 103, in run_keyword
    return self.keywords[name](*args, **(kwargs or {}))
  File "/home/travis/.local/lib/python2.7/site-packages/SeleniumLibrary/keywords/element.py", line 569, in click_link
    self.find_element(locator, tag='link').click()
  File "/home/travis/.local/lib/python2.7/site-packages/SeleniumLibrary/base/context.py", line 74, in find_element
    return self.element_finder.find(locator, tag, True, required, parent)
  File "/home/travis/.local/lib/python2.7/site-packages/SeleniumLibrary/locators/elementfinder.py", line 77, in find
    % (element_type, locator))
20201114 17:55:32.849 - INFO - +----- END KW: SeleniumLibrary.Click Link (127)
20201114 17:55:32.849 - INFO - +---- END TEARDOWN: FunctionsGlobal.Sign Out User (213)
------------------------------------------------------------------------------
20201114 17:55:32.855 - INFO - +--- END TEST: Freshly created accounts are fully valid (6297)
------------------------------------------------------------------------------
20201114 17:55:32.855 - INFO - +--- START TEST: Legacy accounts are asked for terms of use [ ]
------------------------------------------------------------------------------
20201114 17:55:32.856 - INFO - +---- START SETUP: FunctionsGlobal.Clear Database [ ]
20201114 17:55:32.857 - INFO - +----- START KW: FunctionsGlobal.Go To Url [ ${PAGE_DEV_RESET_DB_URL} ]
20201114 17:55:32.858 - INFO - +------ START KW: FunctionsGlobal.Got To Url With Param [ ${url} | &{params} ]
20201114 17:55:32.859 - INFO - +------- START KW: BuiltIn.Replace Variables [ ${url} ]
20201114 17:55:32.859 - DEBUG - Test timeout 2 minutes active. 119.996 seconds left.
20201114 17:55:32.860 - INFO - ${url_} = http://localhost:3001/devel/db/reset
20201114 17:55:32.860 - INFO - +------- END KW: BuiltIn.Replace Variables (1)
20201114 17:55:32.860 - INFO - +------- START KW: SeleniumLibrary.Go To [ ${url_} ]
20201114 17:55:32.861 - DEBUG - Test timeout 2 minutes active. 119.995 seconds left.
20201114 17:55:32.861 - INFO - Opening url 'http://localhost:3001/devel/db/reset'
20201114 17:55:33.106 - INFO - +------- END KW: SeleniumLibrary.Go To (246)
20201114 17:55:33.106 - INFO - +------ END KW: FunctionsGlobal.Got To Url With Param (248)
20201114 17:55:33.106 - INFO - +------ START KW: FunctionsGlobal.Page WithoutWarningOrFailure [ ]
20201114 17:55:33.107 - INFO - +------- START KW: SeleniumLibrary.Page Should Not Contain [ Warning: ]
20201114 17:55:33.107 - DEBUG - Test timeout 2 minutes active. 119.748 seconds left.
20201114 17:55:33.121 - DEBUG - Current frame has 0 subframes.
20201114 17:55:33.121 - INFO - Current page does not contain text 'Warning:'.
20201114 17:55:33.121 - INFO - +------- END KW: SeleniumLibrary.Page Should Not Contain (14)
20201114 17:55:33.121 - INFO - +------- START KW: SeleniumLibrary.Page Should Not Contain [ Failed ]
20201114 17:55:33.121 - DEBUG - Test timeout 2 minutes active. 119.734 seconds left.
20201114 17:55:33.128 - DEBUG - Current frame has 0 subframes.
20201114 17:55:33.128 - INFO - Current page does not contain text 'Failed'.
20201114 17:55:33.128 - INFO - +------- END KW: SeleniumLibrary.Page Should Not Contain (7)
20201114 17:55:33.128 - INFO - +------- START KW: SeleniumLibrary.Page Should Not Contain [ Internal Server Error ]
20201114 17:55:33.128 - DEBUG - Test timeout 2 minutes active. 119.727 seconds left.
20201114 17:55:33.135 - DEBUG - Current frame has 0 subframes.
20201114 17:55:33.135 - INFO - Current page does not contain text 'Internal Server Error'.
20201114 17:55:33.136 - INFO - +------- END KW: SeleniumLibrary.Page Should Not Contain (8)
20201114 17:55:33.136 - INFO - +------ END KW: FunctionsGlobal.Page WithoutWarningOrFailure (30)
20201114 17:55:33.136 - INFO - +----- END KW: FunctionsGlobal.Go To Url (279)
20201114 17:55:33.136 - INFO - +----- START KW: SeleniumLibrary.Page Should Contain [ OK ]
20201114 17:55:33.136 - DEBUG - Test timeout 2 minutes active. 119.719 seconds left.
20201114 17:55:33.141 - INFO - Current page contains text 'OK'.
20201114 17:55:33.141 - INFO - +----- END KW: SeleniumLibrary.Page Should Contain (5)
20201114 17:55:33.141 - INFO - +---- END SETUP: FunctionsGlobal.Clear Database (285)
~~~~~~~~~~~~~~~~~~~~~~~~~~~~~~~~~~~~~~~~~~~~~~~~~~~~~~~~~~~~~~~~~~~~~~~~~~~~~~
20201114 17:55:33.141 - INFO - +---- START KW: FunctionsGlobal.Seed 1 users without terms of use [ ]
20201114 17:55:33.142 - INFO - +----- START KW: FunctionsGlobal.Go To Url [ ${PAGE_SEED_USER}/${count}/no-terms-of-use ]
20201114 17:55:33.142 - INFO - +------ START KW: FunctionsGlobal.Got To Url With Param [ ${url} | &{params} ]
20201114 17:55:33.143 - INFO - +------- START KW: BuiltIn.Replace Variables [ ${url} ]
20201114 17:55:33.143 - DEBUG - Test timeout 2 minutes active. 119.712 seconds left.
20201114 17:55:33.143 - INFO - ${url_} = http://localhost:3001/devel/db/users/seed/1/no-terms-of-use
20201114 17:55:33.143 - INFO - +------- END KW: BuiltIn.Replace Variables (0)
20201114 17:55:33.143 - INFO - +------- START KW: SeleniumLibrary.Go To [ ${url_} ]
20201114 17:55:33.144 - DEBUG - Test timeout 2 minutes active. 119.712 seconds left.
20201114 17:55:33.144 - INFO - Opening url 'http://localhost:3001/devel/db/users/seed/1/no-terms-of-use'
20201114 17:55:33.622 - INFO - +------- END KW: SeleniumLibrary.Go To (479)
20201114 17:55:33.622 - INFO - +------ END KW: FunctionsGlobal.Got To Url With Param (480)
20201114 17:55:33.622 - INFO - +------ START KW: FunctionsGlobal.Page WithoutWarningOrFailure [ ]
20201114 17:55:33.623 - INFO - +------- START KW: SeleniumLibrary.Page Should Not Contain [ Warning: ]
20201114 17:55:33.623 - DEBUG - Test timeout 2 minutes active. 119.232 seconds left.
20201114 17:55:33.637 - DEBUG - Current frame has 0 subframes.
20201114 17:55:33.637 - INFO - Current page does not contain text 'Warning:'.
20201114 17:55:33.638 - INFO - +------- END KW: SeleniumLibrary.Page Should Not Contain (15)
20201114 17:55:33.638 - INFO - +------- START KW: SeleniumLibrary.Page Should Not Contain [ Failed ]
20201114 17:55:33.638 - DEBUG - Test timeout 2 minutes active. 119.217 seconds left.
20201114 17:55:33.644 - DEBUG - Current frame has 0 subframes.
20201114 17:55:33.644 - INFO - Current page does not contain text 'Failed'.
20201114 17:55:33.644 - INFO - +------- END KW: SeleniumLibrary.Page Should Not Contain (6)
20201114 17:55:33.644 - INFO - +------- START KW: SeleniumLibrary.Page Should Not Contain [ Internal Server Error ]
20201114 17:55:33.645 - DEBUG - Test timeout 2 minutes active. 119.211 seconds left.
20201114 17:55:33.651 - DEBUG - Current frame has 0 subframes.
20201114 17:55:33.651 - INFO - Current page does not contain text 'Internal Server Error'.
20201114 17:55:33.651 - INFO - +------- END KW: SeleniumLibrary.Page Should Not Contain (7)
20201114 17:55:33.651 - INFO - +------ END KW: FunctionsGlobal.Page WithoutWarningOrFailure (29)
20201114 17:55:33.651 - INFO - +----- END KW: FunctionsGlobal.Go To Url (509)
20201114 17:55:33.652 - INFO - +----- START KW: FunctionsGlobal.Empty Dev Mailbox Fast [ ]
20201114 17:55:33.652 - INFO - +------ START KW: FunctionsGlobal.Go To Url [ ${PAGE_DEV_MAILBOX_CLEAR_URL} ]
20201114 17:55:33.653 - INFO - +------- START KW: FunctionsGlobal.Got To Url With Param [ ${url} | &{params} ]
20201114 17:55:33.653 - INFO - +-------- START KW: BuiltIn.Replace Variables [ ${url} ]
20201114 17:55:33.653 - DEBUG - Test timeout 2 minutes active. 119.202 seconds left.
20201114 17:55:33.653 - INFO - ${url_} = http://localhost:3001/devel/mail/delete/all
20201114 17:55:33.654 - INFO - +-------- END KW: BuiltIn.Replace Variables (1)
20201114 17:55:33.654 - INFO - +-------- START KW: SeleniumLibrary.Go To [ ${url_} ]
20201114 17:55:33.654 - DEBUG - Test timeout 2 minutes active. 119.201 seconds left.
20201114 17:55:33.654 - INFO - Opening url 'http://localhost:3001/devel/mail/delete/all'
20201114 17:55:33.920 - INFO - +-------- END KW: SeleniumLibrary.Go To (266)
20201114 17:55:33.920 - INFO - +------- END KW: FunctionsGlobal.Got To Url With Param (267)
20201114 17:55:33.920 - INFO - +------- START KW: FunctionsGlobal.Page WithoutWarningOrFailure [ ]
20201114 17:55:33.921 - INFO - +-------- START KW: SeleniumLibrary.Page Should Not Contain [ Warning: ]
20201114 17:55:33.921 - DEBUG - Test timeout 2 minutes active. 118.934 seconds left.
20201114 17:55:33.940 - DEBUG - Current frame has 0 subframes.
20201114 17:55:33.940 - INFO - Current page does not contain text 'Warning:'.
20201114 17:55:33.940 - INFO - +-------- END KW: SeleniumLibrary.Page Should Not Contain (19)
20201114 17:55:33.941 - INFO - +-------- START KW: SeleniumLibrary.Page Should Not Contain [ Failed ]
20201114 17:55:33.941 - DEBUG - Test timeout 2 minutes active. 118.914 seconds left.
20201114 17:55:33.951 - DEBUG - Current frame has 0 subframes.
20201114 17:55:33.951 - INFO - Current page does not contain text 'Failed'.
20201114 17:55:33.951 - INFO - +-------- END KW: SeleniumLibrary.Page Should Not Contain (10)
20201114 17:55:33.951 - INFO - +-------- START KW: SeleniumLibrary.Page Should Not Contain [ Internal Server Error ]
20201114 17:55:33.952 - DEBUG - Test timeout 2 minutes active. 118.904 seconds left.
20201114 17:55:33.957 - DEBUG - Current frame has 0 subframes.
20201114 17:55:33.957 - INFO - Current page does not contain text 'Internal Server Error'.
20201114 17:55:33.957 - INFO - +-------- END KW: SeleniumLibrary.Page Should Not Contain (6)
20201114 17:55:33.958 - INFO - +------- END KW: FunctionsGlobal.Page WithoutWarningOrFailure (38)
20201114 17:55:33.958 - INFO - +------ END KW: FunctionsGlobal.Go To Url (306)
20201114 17:55:33.958 - INFO - +----- END KW: FunctionsGlobal.Empty Dev Mailbox Fast (306)
20201114 17:55:33.958 - INFO - +---- END KW: FunctionsGlobal.Seed 1 users without terms of use (817)
~~~~~~~~~~~~~~~~~~~~~~~~~~~~~~~~~~~~~~~~~~~~~~~~~~~~~~~~~~~~~~~~~~~~~~~~~~~~~~
20201114 17:55:33.958 - INFO - +---- START KW: FunctionsGlobal.Go To Url [ ${PAGE_HOME_URL} ]
20201114 17:55:33.959 - INFO - +----- START KW: FunctionsGlobal.Got To Url With Param [ ${url} | &{params} ]
20201114 17:55:33.959 - INFO - +------ START KW: BuiltIn.Replace Variables [ ${url} ]
20201114 17:55:33.960 - DEBUG - Test timeout 2 minutes active. 118.896 seconds left.
20201114 17:55:33.960 - INFO - ${url_} = http://localhost:3001/en
20201114 17:55:33.960 - INFO - +------ END KW: BuiltIn.Replace Variables (1)
20201114 17:55:33.960 - INFO - +------ START KW: SeleniumLibrary.Go To [ ${url_} ]
20201114 17:55:33.960 - DEBUG - Test timeout 2 minutes active. 118.895 seconds left.
20201114 17:55:33.960 - INFO - Opening url 'http://localhost:3001/en'
20201114 17:55:34.191 - INFO - +------ END KW: SeleniumLibrary.Go To (231)
20201114 17:55:34.191 - INFO - +----- END KW: FunctionsGlobal.Got To Url With Param (232)
20201114 17:55:34.191 - INFO - +----- START KW: FunctionsGlobal.Page WithoutWarningOrFailure [ ]
20201114 17:55:34.192 - INFO - +------ START KW: SeleniumLibrary.Page Should Not Contain [ Warning: ]
20201114 17:55:34.192 - DEBUG - Test timeout 2 minutes active. 118.663 seconds left.
20201114 17:55:34.210 - DEBUG - Current frame has 0 subframes.
20201114 17:55:34.210 - INFO - Current page does not contain text 'Warning:'.
20201114 17:55:34.210 - INFO - +------ END KW: SeleniumLibrary.Page Should Not Contain (18)
20201114 17:55:34.210 - INFO - +------ START KW: SeleniumLibrary.Page Should Not Contain [ Failed ]
20201114 17:55:34.210 - DEBUG - Test timeout 2 minutes active. 118.645 seconds left.
20201114 17:55:34.221 - DEBUG - Current frame has 0 subframes.
20201114 17:55:34.221 - INFO - Current page does not contain text 'Failed'.
20201114 17:55:34.221 - INFO - +------ END KW: SeleniumLibrary.Page Should Not Contain (11)
20201114 17:55:34.222 - INFO - +------ START KW: SeleniumLibrary.Page Should Not Contain [ Internal Server Error ]
20201114 17:55:34.222 - DEBUG - Test timeout 2 minutes active. 118.633 seconds left.
20201114 17:55:34.229 - DEBUG - Current frame has 0 subframes.
20201114 17:55:34.229 - INFO - Current page does not contain text 'Internal Server Error'.
20201114 17:55:34.230 - INFO - +------ END KW: SeleniumLibrary.Page Should Not Contain (8)
20201114 17:55:34.230 - INFO - +----- END KW: FunctionsGlobal.Page WithoutWarningOrFailure (39)
20201114 17:55:34.230 - INFO - +---- END KW: FunctionsGlobal.Go To Url (272)
~~~~~~~~~~~~~~~~~~~~~~~~~~~~~~~~~~~~~~~~~~~~~~~~~~~~~~~~~~~~~~~~~~~~~~~~~~~~~~
20201114 17:55:34.230 - INFO - +---- START KW: FunctionsGlobal.Sign In User [ ${USER_1.name} ]
20201114 17:55:34.231 - INFO - +----- START KW: SeleniumLibrary.Click Element [ ${NAVBAR_SIGN_IN_LINK} ]
20201114 17:55:34.241 - INFO - +------ START KW: SeleniumLibrary.Capture Page Screenshot [ ]
20201114 17:55:34.241 - DEBUG - Test timeout 2 minutes active. 118.614 seconds left.
20201114 17:55:34.323 - INFO - </td></tr><tr><td colspan="3"><a href="selenium-screenshot-36.png"><img src="selenium-screenshot-36.png" width="800px"></a>
20201114 17:55:34.324 - INFO - +------ END KW: SeleniumLibrary.Capture Page Screenshot (83)
20201114 17:55:34.231 - DEBUG - Test timeout 2 minutes active. 118.624 seconds left.
20201114 17:55:34.231 - INFO - Clicking element '//*[@id="navbar-profile-login"]'.
20201114 17:55:34.324 - FAIL - ElementNotInteractableException: Message: Element <a id="navbar-profile-login" class="btn btn-info" href="http://localhost:3001/en/login?goto=home&params=YToxOntpOjA7czozOiIvZW4iO30%253D&query=YTowOnt9"> could not be scrolled into view
20201114 17:55:34.324 - DEBUG - Traceback (most recent call last):
  File "/home/travis/.local/lib/python2.7/site-packages/SeleniumLibrary/__init__.py", line 471, in run_keyword
    return DynamicCore.run_keyword(self, name, args, kwargs)
  File "/home/travis/.local/lib/python2.7/site-packages/robotlibcore.py", line 103, in run_keyword
    return self.keywords[name](*args, **(kwargs or {}))
  File "/home/travis/.local/lib/python2.7/site-packages/SeleniumLibrary/keywords/element.py", line 610, in click_element
    self.find_element(locator).click()
  File "/home/travis/.local/lib/python2.7/site-packages/selenium/webdriver/remote/webelement.py", line 80, in click
    self._execute(Command.CLICK_ELEMENT)
  File "/home/travis/.local/lib/python2.7/site-packages/selenium/webdriver/remote/webelement.py", line 633, in _execute
    return self._parent.execute(command, params)
  File "/home/travis/.local/lib/python2.7/site-packages/selenium/webdriver/remote/webdriver.py", line 321, in execute
    self.error_handler.check_response(response)
  File "/home/travis/.local/lib/python2.7/site-packages/selenium/webdriver/remote/errorhandler.py", line 242, in check_response
    raise exception_class(message, screen, stacktrace)
20201114 17:55:34.324 - INFO - +----- END KW: SeleniumLibrary.Click Element (93)
20201114 17:55:34.324 - INFO - +---- END KW: FunctionsGlobal.Sign In User (94)
~~~~~~~~~~~~~~~~~~~~~~~~~~~~~~~~~~~~~~~~~~~~~~~~~~~~~~~~~~~~~~~~~~~~~~~~~~~~~~
20201114 17:55:34.325 - INFO - +---- START TEARDOWN: FunctionsGlobal.Sign Out User [ ]
20201114 17:55:34.325 - INFO - +----- START KW: SeleniumLibrary.Click Link [ ${NAVBAR_PROFILE_LINK} ]
20201114 17:55:34.326 - INFO - Clicking link '//*[@id="navbar-profile-user"]'.
20201114 17:55:34.328 - INFO - +------ START KW: SeleniumLibrary.Capture Page Screenshot [ ]
20201114 17:55:34.411 - INFO - </td></tr><tr><td colspan="3"><a href="selenium-screenshot-37.png"><img src="selenium-screenshot-37.png" width="800px"></a>
20201114 17:55:34.411 - INFO - +------ END KW: SeleniumLibrary.Capture Page Screenshot (83)
20201114 17:55:34.411 - FAIL - Link with locator '//*[@id="navbar-profile-user"]' not found.
20201114 17:55:34.411 - DEBUG - Traceback (most recent call last):
  File "/home/travis/.local/lib/python2.7/site-packages/SeleniumLibrary/__init__.py", line 471, in run_keyword
    return DynamicCore.run_keyword(self, name, args, kwargs)
  File "/home/travis/.local/lib/python2.7/site-packages/robotlibcore.py", line 103, in run_keyword
    return self.keywords[name](*args, **(kwargs or {}))
  File "/home/travis/.local/lib/python2.7/site-packages/SeleniumLibrary/keywords/element.py", line 569, in click_link
    self.find_element(locator, tag='link').click()
  File "/home/travis/.local/lib/python2.7/site-packages/SeleniumLibrary/base/context.py", line 74, in find_element
    return self.element_finder.find(locator, tag, True, required, parent)
  File "/home/travis/.local/lib/python2.7/site-packages/SeleniumLibrary/locators/elementfinder.py", line 77, in find
    % (element_type, locator))
20201114 17:55:34.411 - INFO - +----- END KW: SeleniumLibrary.Click Link (86)
20201114 17:55:34.411 - INFO - +----- START KW: SeleniumLibrary.Click Link [ ${NAVBAR_SIGN_OUT_LINK} ]
20201114 17:55:34.412 - INFO - Clicking link '//*[@id="navbar-profile-user-logout"]'.
20201114 17:55:34.415 - INFO - +------ START KW: SeleniumLibrary.Capture Page Screenshot [ ]
20201114 17:55:34.536 - INFO - </td></tr><tr><td colspan="3"><a href="selenium-screenshot-38.png"><img src="selenium-screenshot-38.png" width="800px"></a>
20201114 17:55:34.536 - INFO - +------ END KW: SeleniumLibrary.Capture Page Screenshot (121)
20201114 17:55:34.536 - FAIL - Link with locator '//*[@id="navbar-profile-user-logout"]' not found.
20201114 17:55:34.537 - DEBUG - Traceback (most recent call last):
  File "/home/travis/.local/lib/python2.7/site-packages/SeleniumLibrary/__init__.py", line 471, in run_keyword
    return DynamicCore.run_keyword(self, name, args, kwargs)
  File "/home/travis/.local/lib/python2.7/site-packages/robotlibcore.py", line 103, in run_keyword
    return self.keywords[name](*args, **(kwargs or {}))
  File "/home/travis/.local/lib/python2.7/site-packages/SeleniumLibrary/keywords/element.py", line 569, in click_link
    self.find_element(locator, tag='link').click()
  File "/home/travis/.local/lib/python2.7/site-packages/SeleniumLibrary/base/context.py", line 74, in find_element
    return self.element_finder.find(locator, tag, True, required, parent)
  File "/home/travis/.local/lib/python2.7/site-packages/SeleniumLibrary/locators/elementfinder.py", line 77, in find
    % (element_type, locator))
20201114 17:55:34.537 - INFO - +----- END KW: SeleniumLibrary.Click Link (126)
20201114 17:55:34.537 - INFO - +---- END TEARDOWN: FunctionsGlobal.Sign Out User (212)
------------------------------------------------------------------------------
20201114 17:55:34.537 - INFO - +--- END TEST: Legacy accounts are asked for terms of use (1682)
------------------------------------------------------------------------------
20201114 17:55:34.553 - INFO - +-- END SUITE: Acceptance.020 SignIn.robot.030 MustAcceptTermOfUse (9744)
==============================================================================
20201114 17:55:34.593 - INFO - +-- START SUITE: Acceptance.020 SignIn.robot.040 RedirectToPageAfterLogin [ ]
==============================================================================
20201114 17:55:34.594 - INFO - +--- START SETUP: Seed [ ]
20201114 17:55:34.595 - INFO - +---- START KW: FunctionsGlobal.Clear Database [ ]
20201114 17:55:34.596 - INFO - +----- START KW: FunctionsGlobal.Go To Url [ ${PAGE_DEV_RESET_DB_URL} ]
20201114 17:55:34.597 - INFO - +------ START KW: FunctionsGlobal.Got To Url With Param [ ${url} | &{params} ]
20201114 17:55:34.597 - INFO - +------- START KW: BuiltIn.Replace Variables [ ${url} ]
20201114 17:55:34.597 - INFO - ${url_} = http://localhost:3001/devel/db/reset
20201114 17:55:34.598 - INFO - +------- END KW: BuiltIn.Replace Variables (1)
20201114 17:55:34.598 - INFO - +------- START KW: SeleniumLibrary.Go To [ ${url_} ]
20201114 17:55:34.598 - INFO - Opening url 'http://localhost:3001/devel/db/reset'
20201114 17:55:34.858 - INFO - +------- END KW: SeleniumLibrary.Go To (260)
20201114 17:55:34.859 - INFO - +------ END KW: FunctionsGlobal.Got To Url With Param (261)
20201114 17:55:34.859 - INFO - +------ START KW: FunctionsGlobal.Page WithoutWarningOrFailure [ ]
20201114 17:55:34.859 - INFO - +------- START KW: SeleniumLibrary.Page Should Not Contain [ Warning: ]
20201114 17:55:34.880 - DEBUG - Current frame has 0 subframes.
20201114 17:55:34.880 - INFO - Current page does not contain text 'Warning:'.
20201114 17:55:34.881 - INFO - +------- END KW: SeleniumLibrary.Page Should Not Contain (22)
20201114 17:55:34.881 - INFO - +------- START KW: SeleniumLibrary.Page Should Not Contain [ Failed ]
20201114 17:55:34.888 - DEBUG - Current frame has 0 subframes.
20201114 17:55:34.888 - INFO - Current page does not contain text 'Failed'.
20201114 17:55:34.888 - INFO - +------- END KW: SeleniumLibrary.Page Should Not Contain (7)
20201114 17:55:34.888 - INFO - +------- START KW: SeleniumLibrary.Page Should Not Contain [ Internal Server Error ]
20201114 17:55:34.894 - DEBUG - Current frame has 0 subframes.
20201114 17:55:34.894 - INFO - Current page does not contain text 'Internal Server Error'.
20201114 17:55:34.894 - INFO - +------- END KW: SeleniumLibrary.Page Should Not Contain (6)
20201114 17:55:34.894 - INFO - +------ END KW: FunctionsGlobal.Page WithoutWarningOrFailure (35)
20201114 17:55:34.895 - INFO - +----- END KW: FunctionsGlobal.Go To Url (300)
20201114 17:55:34.895 - INFO - +----- START KW: SeleniumLibrary.Page Should Contain [ OK ]
20201114 17:55:34.901 - INFO - Current page contains text 'OK'.
20201114 17:55:34.901 - INFO - +----- END KW: SeleniumLibrary.Page Should Contain (6)
20201114 17:55:34.901 - INFO - +---- END KW: FunctionsGlobal.Clear Database (306)
20201114 17:55:34.901 - INFO - +---- START KW: FunctionsGlobal.Seed 1 users [ ]
20201114 17:55:34.902 - INFO - +----- START KW: FunctionsGlobal.Go To Url [ ${PAGE_SEED_USER}/${count} ]
20201114 17:55:34.902 - INFO - +------ START KW: FunctionsGlobal.Got To Url With Param [ ${url} | &{params} ]
20201114 17:55:34.903 - INFO - +------- START KW: BuiltIn.Replace Variables [ ${url} ]
20201114 17:55:34.903 - INFO - ${url_} = http://localhost:3001/devel/db/users/seed/1
20201114 17:55:34.903 - INFO - +------- END KW: BuiltIn.Replace Variables (0)
20201114 17:55:34.903 - INFO - +------- START KW: SeleniumLibrary.Go To [ ${url_} ]
20201114 17:55:34.903 - INFO - Opening url 'http://localhost:3001/devel/db/users/seed/1'
20201114 17:55:35.377 - INFO - +------- END KW: SeleniumLibrary.Go To (473)
20201114 17:55:35.377 - INFO - +------ END KW: FunctionsGlobal.Got To Url With Param (475)
20201114 17:55:35.377 - INFO - +------ START KW: FunctionsGlobal.Page WithoutWarningOrFailure [ ]
20201114 17:55:35.378 - INFO - +------- START KW: SeleniumLibrary.Page Should Not Contain [ Warning: ]
20201114 17:55:35.393 - DEBUG - Current frame has 0 subframes.
20201114 17:55:35.393 - INFO - Current page does not contain text 'Warning:'.
20201114 17:55:35.393 - INFO - +------- END KW: SeleniumLibrary.Page Should Not Contain (15)
20201114 17:55:35.393 - INFO - +------- START KW: SeleniumLibrary.Page Should Not Contain [ Failed ]
20201114 17:55:35.401 - DEBUG - Current frame has 0 subframes.
20201114 17:55:35.401 - INFO - Current page does not contain text 'Failed'.
20201114 17:55:35.402 - INFO - +------- END KW: SeleniumLibrary.Page Should Not Contain (9)
20201114 17:55:35.402 - INFO - +------- START KW: SeleniumLibrary.Page Should Not Contain [ Internal Server Error ]
20201114 17:55:35.407 - DEBUG - Current frame has 0 subframes.
20201114 17:55:35.407 - INFO - Current page does not contain text 'Internal Server Error'.
20201114 17:55:35.408 - INFO - +------- END KW: SeleniumLibrary.Page Should Not Contain (5)
20201114 17:55:35.408 - INFO - +------ END KW: FunctionsGlobal.Page WithoutWarningOrFailure (31)
20201114 17:55:35.408 - INFO - +----- END KW: FunctionsGlobal.Go To Url (506)
20201114 17:55:35.408 - INFO - +----- START KW: FunctionsGlobal.Empty Dev Mailbox Fast [ ]
20201114 17:55:35.408 - INFO - +------ START KW: FunctionsGlobal.Go To Url [ ${PAGE_DEV_MAILBOX_CLEAR_URL} ]
20201114 17:55:35.409 - INFO - +------- START KW: FunctionsGlobal.Got To Url With Param [ ${url} | &{params} ]
20201114 17:55:35.409 - INFO - +-------- START KW: BuiltIn.Replace Variables [ ${url} ]
20201114 17:55:35.410 - INFO - ${url_} = http://localhost:3001/devel/mail/delete/all
20201114 17:55:35.410 - INFO - +-------- END KW: BuiltIn.Replace Variables (1)
20201114 17:55:35.410 - INFO - +-------- START KW: SeleniumLibrary.Go To [ ${url_} ]
20201114 17:55:35.410 - INFO - Opening url 'http://localhost:3001/devel/mail/delete/all'
20201114 17:55:35.678 - INFO - +-------- END KW: SeleniumLibrary.Go To (268)
20201114 17:55:35.678 - INFO - +------- END KW: FunctionsGlobal.Got To Url With Param (269)
20201114 17:55:35.678 - INFO - +------- START KW: FunctionsGlobal.Page WithoutWarningOrFailure [ ]
20201114 17:55:35.680 - INFO - +-------- START KW: SeleniumLibrary.Page Should Not Contain [ Warning: ]
20201114 17:55:35.695 - DEBUG - Current frame has 0 subframes.
20201114 17:55:35.695 - INFO - Current page does not contain text 'Warning:'.
20201114 17:55:35.695 - INFO - +-------- END KW: SeleniumLibrary.Page Should Not Contain (15)
20201114 17:55:35.695 - INFO - +-------- START KW: SeleniumLibrary.Page Should Not Contain [ Failed ]
20201114 17:55:35.706 - DEBUG - Current frame has 0 subframes.
20201114 17:55:35.706 - INFO - Current page does not contain text 'Failed'.
20201114 17:55:35.706 - INFO - +-------- END KW: SeleniumLibrary.Page Should Not Contain (11)
20201114 17:55:35.707 - INFO - +-------- START KW: SeleniumLibrary.Page Should Not Contain [ Internal Server Error ]
20201114 17:55:35.714 - DEBUG - Current frame has 0 subframes.
20201114 17:55:35.714 - INFO - Current page does not contain text 'Internal Server Error'.
20201114 17:55:35.714 - INFO - +-------- END KW: SeleniumLibrary.Page Should Not Contain (7)
20201114 17:55:35.714 - INFO - +------- END KW: FunctionsGlobal.Page WithoutWarningOrFailure (36)
20201114 17:55:35.715 - INFO - +------ END KW: FunctionsGlobal.Go To Url (307)
20201114 17:55:35.715 - INFO - +----- END KW: FunctionsGlobal.Empty Dev Mailbox Fast (307)
20201114 17:55:35.715 - INFO - +---- END KW: FunctionsGlobal.Seed 1 users (814)
20201114 17:55:35.715 - INFO - +--- END SETUP: Seed (1121)
------------------------------------------------------------------------------
20201114 17:55:35.715 - INFO - +--- START TEST: Redirects to last page [ ]
------------------------------------------------------------------------------
20201114 17:55:35.716 - INFO - +---- START KW: FunctionsGlobal.Go To Url [ ${PAGE_NEWS_LIST_URL} ]
20201114 17:55:35.717 - INFO - +----- START KW: FunctionsGlobal.Got To Url With Param [ ${url} | &{params} ]
20201114 17:55:35.718 - INFO - +------ START KW: BuiltIn.Replace Variables [ ${url} ]
20201114 17:55:35.719 - DEBUG - Test timeout 2 minutes active. 119.997 seconds left.
20201114 17:55:35.719 - INFO - ${url_} = http://localhost:3001/en/news
20201114 17:55:35.719 - INFO - +------ END KW: BuiltIn.Replace Variables (1)
20201114 17:55:35.719 - INFO - +------ START KW: SeleniumLibrary.Go To [ ${url_} ]
20201114 17:55:35.720 - DEBUG - Test timeout 2 minutes active. 119.996 seconds left.
20201114 17:55:35.720 - INFO - Opening url 'http://localhost:3001/en/news'
20201114 17:55:35.929 - INFO - +------ END KW: SeleniumLibrary.Go To (210)
20201114 17:55:35.929 - INFO - +----- END KW: FunctionsGlobal.Got To Url With Param (212)
20201114 17:55:35.930 - INFO - +----- START KW: FunctionsGlobal.Page WithoutWarningOrFailure [ ]
20201114 17:55:35.930 - INFO - +------ START KW: SeleniumLibrary.Page Should Not Contain [ Warning: ]
20201114 17:55:35.930 - DEBUG - Test timeout 2 minutes active. 119.785 seconds left.
20201114 17:55:35.985 - DEBUG - Current frame has 0 subframes.
20201114 17:55:35.985 - INFO - Current page does not contain text 'Warning:'.
20201114 17:55:35.985 - INFO - +------ END KW: SeleniumLibrary.Page Should Not Contain (55)
20201114 17:55:35.985 - INFO - +------ START KW: SeleniumLibrary.Page Should Not Contain [ Failed ]
20201114 17:55:35.986 - DEBUG - Test timeout 2 minutes active. 119.73 seconds left.
20201114 17:55:35.997 - DEBUG - Current frame has 0 subframes.
20201114 17:55:35.997 - INFO - Current page does not contain text 'Failed'.
20201114 17:55:35.997 - INFO - +------ END KW: SeleniumLibrary.Page Should Not Contain (12)
20201114 17:55:35.997 - INFO - +------ START KW: SeleniumLibrary.Page Should Not Contain [ Internal Server Error ]
20201114 17:55:35.998 - DEBUG - Test timeout 2 minutes active. 119.718 seconds left.
20201114 17:55:36.005 - DEBUG - Current frame has 0 subframes.
20201114 17:55:36.005 - INFO - Current page does not contain text 'Internal Server Error'.
20201114 17:55:36.005 - INFO - +------ END KW: SeleniumLibrary.Page Should Not Contain (8)
20201114 17:55:36.005 - INFO - +----- END KW: FunctionsGlobal.Page WithoutWarningOrFailure (75)
20201114 17:55:36.005 - INFO - +---- END KW: FunctionsGlobal.Go To Url (289)
~~~~~~~~~~~~~~~~~~~~~~~~~~~~~~~~~~~~~~~~~~~~~~~~~~~~~~~~~~~~~~~~~~~~~~~~~~~~~~
20201114 17:55:36.006 - INFO - +---- START KW: FunctionsGlobal.Sign In User [ ${USER_1.name} ]
20201114 17:55:36.006 - INFO - +----- START KW: SeleniumLibrary.Click Element [ ${NAVBAR_SIGN_IN_LINK} ]
20201114 17:55:36.031 - INFO - +------ START KW: SeleniumLibrary.Capture Page Screenshot [ ]
20201114 17:55:36.031 - DEBUG - Test timeout 2 minutes active. 119.684 seconds left.
20201114 17:55:36.187 - INFO - </td></tr><tr><td colspan="3"><a href="selenium-screenshot-39.png"><img src="selenium-screenshot-39.png" width="800px"></a>
20201114 17:55:36.187 - INFO - +------ END KW: SeleniumLibrary.Capture Page Screenshot (156)
20201114 17:55:36.006 - DEBUG - Test timeout 2 minutes active. 119.709 seconds left.
20201114 17:55:36.006 - INFO - Clicking element '//*[@id="navbar-profile-login"]'.
20201114 17:55:36.188 - FAIL - ElementNotInteractableException: Message: Element <a id="navbar-profile-login" class="btn btn-info" href="http://localhost:3001/en/login?goto=news_list&params=YToxOntpOjA7czo4OiIvZW4vbmV3cyI7fQ%253D%253D&query=YTowOnt9"> could not be scrolled into view
20201114 17:55:36.188 - DEBUG - Traceback (most recent call last):
  File "/home/travis/.local/lib/python2.7/site-packages/SeleniumLibrary/__init__.py", line 471, in run_keyword
    return DynamicCore.run_keyword(self, name, args, kwargs)
  File "/home/travis/.local/lib/python2.7/site-packages/robotlibcore.py", line 103, in run_keyword
    return self.keywords[name](*args, **(kwargs or {}))
  File "/home/travis/.local/lib/python2.7/site-packages/SeleniumLibrary/keywords/element.py", line 610, in click_element
    self.find_element(locator).click()
  File "/home/travis/.local/lib/python2.7/site-packages/selenium/webdriver/remote/webelement.py", line 80, in click
    self._execute(Command.CLICK_ELEMENT)
  File "/home/travis/.local/lib/python2.7/site-packages/selenium/webdriver/remote/webelement.py", line 633, in _execute
    return self._parent.execute(command, params)
  File "/home/travis/.local/lib/python2.7/site-packages/selenium/webdriver/remote/webdriver.py", line 321, in execute
    self.error_handler.check_response(response)
  File "/home/travis/.local/lib/python2.7/site-packages/selenium/webdriver/remote/errorhandler.py", line 242, in check_response
    raise exception_class(message, screen, stacktrace)
20201114 17:55:36.188 - INFO - +----- END KW: SeleniumLibrary.Click Element (182)
20201114 17:55:36.188 - INFO - +---- END KW: FunctionsGlobal.Sign In User (183)
------------------------------------------------------------------------------
20201114 17:55:36.189 - INFO - +--- END TEST: Redirects to last page (473)
------------------------------------------------------------------------------
20201114 17:55:36.194 - INFO - +--- START TEST: No redirect urls [ ]
------------------------------------------------------------------------------
20201114 17:55:36.198 - INFO - +---- START KW: Redirect to [ ${PAGE_SIGN_IN_URL} | ${PAGE_USER_1_PROFILE_URL} ]
20201114 17:55:36.199 - INFO - +----- START KW: FunctionsGlobal.Go To Url [ ${url} ]
20201114 17:55:36.204 - INFO - +------ START KW: FunctionsGlobal.Got To Url With Param [ ${url} | &{params} ]
20201114 17:55:36.207 - INFO - +------- START KW: BuiltIn.Replace Variables [ ${url} ]
20201114 17:55:36.207 - DEBUG - Test timeout 2 minutes active. 119.986 seconds left.
20201114 17:55:36.207 - INFO - ${url_} = http://localhost:3001/en/login
20201114 17:55:36.207 - INFO - +------- END KW: BuiltIn.Replace Variables (0)
20201114 17:55:36.208 - INFO - +------- START KW: SeleniumLibrary.Go To [ ${url_} ]
20201114 17:55:36.208 - DEBUG - Test timeout 2 minutes active. 119.985 seconds left.
20201114 17:55:36.208 - INFO - Opening url 'http://localhost:3001/en/login'
20201114 17:55:36.446 - INFO - +------- END KW: SeleniumLibrary.Go To (238)
20201114 17:55:36.447 - INFO - +------ END KW: FunctionsGlobal.Got To Url With Param (243)
20201114 17:55:36.447 - INFO - +------ START KW: FunctionsGlobal.Page WithoutWarningOrFailure [ ]
20201114 17:55:36.448 - INFO - +------- START KW: SeleniumLibrary.Page Should Not Contain [ Warning: ]
20201114 17:55:36.448 - DEBUG - Test timeout 2 minutes active. 119.745 seconds left.
20201114 17:55:36.474 - DEBUG - Current frame has 0 subframes.
20201114 17:55:36.474 - INFO - Current page does not contain text 'Warning:'.
20201114 17:55:36.475 - INFO - +------- END KW: SeleniumLibrary.Page Should Not Contain (27)
20201114 17:55:36.475 - INFO - +------- START KW: SeleniumLibrary.Page Should Not Contain [ Failed ]
20201114 17:55:36.475 - DEBUG - Test timeout 2 minutes active. 119.718 seconds left.
20201114 17:55:36.486 - DEBUG - Current frame has 0 subframes.
20201114 17:55:36.486 - INFO - Current page does not contain text 'Failed'.
20201114 17:55:36.486 - INFO - +------- END KW: SeleniumLibrary.Page Should Not Contain (11)
20201114 17:55:36.486 - INFO - +------- START KW: SeleniumLibrary.Page Should Not Contain [ Internal Server Error ]
20201114 17:55:36.486 - DEBUG - Test timeout 2 minutes active. 119.707 seconds left.
20201114 17:55:36.492 - DEBUG - Current frame has 0 subframes.
20201114 17:55:36.492 - INFO - Current page does not contain text 'Internal Server Error'.
20201114 17:55:36.492 - INFO - +------- END KW: SeleniumLibrary.Page Should Not Contain (6)
20201114 17:55:36.493 - INFO - +------ END KW: FunctionsGlobal.Page WithoutWarningOrFailure (46)
20201114 17:55:36.493 - INFO - +----- END KW: FunctionsGlobal.Go To Url (294)
20201114 17:55:36.493 - INFO - +----- START KW: FunctionsGlobal.Sign In User [ ${USER_1.name} ]
20201114 17:55:36.494 - INFO - +------ START KW: SeleniumLibrary.Click Element [ ${NAVBAR_SIGN_IN_LINK} ]
20201114 17:55:36.505 - INFO - +------- START KW: SeleniumLibrary.Capture Page Screenshot [ ]
20201114 17:55:36.505 - DEBUG - Test timeout 2 minutes active. 119.688 seconds left.
20201114 17:55:36.584 - INFO - </td></tr><tr><td colspan="3"><a href="selenium-screenshot-40.png"><img src="selenium-screenshot-40.png" width="800px"></a>
20201114 17:55:36.585 - INFO - +------- END KW: SeleniumLibrary.Capture Page Screenshot (79)
20201114 17:55:36.494 - DEBUG - Test timeout 2 minutes active. 119.699 seconds left.
20201114 17:55:36.494 - INFO - Clicking element '//*[@id="navbar-profile-login"]'.
20201114 17:55:36.585 - FAIL - ElementNotInteractableException: Message: Element <a id="navbar-profile-login" class="btn btn-info" href="http://localhost:3001/en/login?goto=login&params=YToxOntpOjA7czo5OiIvZW4vbG9naW4iO30%253D&query=YTowOnt9"> could not be scrolled into view
20201114 17:55:36.585 - DEBUG - Traceback (most recent call last):
  File "/home/travis/.local/lib/python2.7/site-packages/SeleniumLibrary/__init__.py", line 471, in run_keyword
    return DynamicCore.run_keyword(self, name, args, kwargs)
  File "/home/travis/.local/lib/python2.7/site-packages/robotlibcore.py", line 103, in run_keyword
    return self.keywords[name](*args, **(kwargs or {}))
  File "/home/travis/.local/lib/python2.7/site-packages/SeleniumLibrary/keywords/element.py", line 610, in click_element
    self.find_element(locator).click()
  File "/home/travis/.local/lib/python2.7/site-packages/selenium/webdriver/remote/webelement.py", line 80, in click
    self._execute(Command.CLICK_ELEMENT)
  File "/home/travis/.local/lib/python2.7/site-packages/selenium/webdriver/remote/webelement.py", line 633, in _execute
    return self._parent.execute(command, params)
  File "/home/travis/.local/lib/python2.7/site-packages/selenium/webdriver/remote/webdriver.py", line 321, in execute
    self.error_handler.check_response(response)
  File "/home/travis/.local/lib/python2.7/site-packages/selenium/webdriver/remote/errorhandler.py", line 242, in check_response
    raise exception_class(message, screen, stacktrace)
20201114 17:55:36.585 - INFO - +------ END KW: SeleniumLibrary.Click Element (91)
20201114 17:55:36.585 - INFO - +----- END KW: FunctionsGlobal.Sign In User (92)
20201114 17:55:36.586 - INFO - +---- END KW: Redirect to (388)
~~~~~~~~~~~~~~~~~~~~~~~~~~~~~~~~~~~~~~~~~~~~~~~~~~~~~~~~~~~~~~~~~~~~~~~~~~~~~~
20201114 17:55:36.586 - INFO - +---- START KW: Redirect to [ ${PAGE_REGISTER_URL} | ${PAGE_USER_1_PROFILE_URL} ]
20201114 17:55:36.586 - INFO - +----- START KW: FunctionsGlobal.Go To Url [ ${url} ]
20201114 17:55:36.587 - INFO - +------ START KW: FunctionsGlobal.Got To Url With Param [ ${url} | &{params} ]
20201114 17:55:36.588 - INFO - +------- START KW: BuiltIn.Replace Variables [ ${url} ]
20201114 17:55:36.588 - DEBUG - Test timeout 2 minutes active. 119.605 seconds left.
20201114 17:55:36.588 - INFO - ${url_} = http://localhost:3001/en/registration
20201114 17:55:36.588 - INFO - +------- END KW: BuiltIn.Replace Variables (0)
20201114 17:55:36.588 - INFO - +------- START KW: SeleniumLibrary.Go To [ ${url_} ]
20201114 17:55:36.588 - DEBUG - Test timeout 2 minutes active. 119.605 seconds left.
20201114 17:55:36.588 - INFO - Opening url 'http://localhost:3001/en/registration'
20201114 17:55:36.819 - INFO - +------- END KW: SeleniumLibrary.Go To (230)
20201114 17:55:36.819 - INFO - +------ END KW: FunctionsGlobal.Got To Url With Param (232)
20201114 17:55:36.819 - INFO - +------ START KW: FunctionsGlobal.Page WithoutWarningOrFailure [ ]
20201114 17:55:36.820 - INFO - +------- START KW: SeleniumLibrary.Page Should Not Contain [ Warning: ]
20201114 17:55:36.821 - DEBUG - Test timeout 2 minutes active. 119.372 seconds left.
20201114 17:55:36.865 - DEBUG - Current frame has 0 subframes.
20201114 17:55:36.865 - INFO - Current page does not contain text 'Warning:'.
20201114 17:55:36.866 - INFO - +------- END KW: SeleniumLibrary.Page Should Not Contain (46)
20201114 17:55:36.866 - INFO - +------- START KW: SeleniumLibrary.Page Should Not Contain [ Failed ]
20201114 17:55:36.866 - DEBUG - Test timeout 2 minutes active. 119.327 seconds left.
20201114 17:55:36.951 - DEBUG - Current frame has 0 subframes.
20201114 17:55:36.951 - INFO - Current page does not contain text 'Failed'.
20201114 17:55:36.951 - INFO - +------- END KW: SeleniumLibrary.Page Should Not Contain (85)
20201114 17:55:36.952 - INFO - +------- START KW: SeleniumLibrary.Page Should Not Contain [ Internal Server Error ]
20201114 17:55:36.952 - DEBUG - Test timeout 2 minutes active. 119.241 seconds left.
20201114 17:55:36.958 - DEBUG - Current frame has 0 subframes.
20201114 17:55:36.958 - INFO - Current page does not contain text 'Internal Server Error'.
20201114 17:55:36.959 - INFO - +------- END KW: SeleniumLibrary.Page Should Not Contain (7)
20201114 17:55:36.959 - INFO - +------ END KW: FunctionsGlobal.Page WithoutWarningOrFailure (140)
20201114 17:55:36.959 - INFO - +----- END KW: FunctionsGlobal.Go To Url (373)
20201114 17:55:36.959 - INFO - +----- START KW: FunctionsGlobal.Sign In User [ ${USER_1.name} ]
20201114 17:55:36.960 - INFO - +------ START KW: SeleniumLibrary.Click Element [ ${NAVBAR_SIGN_IN_LINK} ]
20201114 17:55:36.968 - INFO - +------- START KW: SeleniumLibrary.Capture Page Screenshot [ ]
20201114 17:55:36.968 - DEBUG - Test timeout 2 minutes active. 119.225 seconds left.
20201114 17:55:37.046 - INFO - </td></tr><tr><td colspan="3"><a href="selenium-screenshot-41.png"><img src="selenium-screenshot-41.png" width="800px"></a>
20201114 17:55:37.047 - INFO - +------- END KW: SeleniumLibrary.Capture Page Screenshot (80)
20201114 17:55:36.960 - DEBUG - Test timeout 2 minutes active. 119.233 seconds left.
20201114 17:55:36.960 - INFO - Clicking element '//*[@id="navbar-profile-login"]'.
20201114 17:55:37.047 - FAIL - ElementNotInteractableException: Message: Element <a id="navbar-profile-login" class="btn btn-info" href="http://localhost:3001/en/login?goto=registration&params=YToxOntpOjA7czoxNjoiL2VuL3JlZ2lzdHJhdGlvbiI7fQ%253D%253D&query=YTowOnt9"> could not be scrolled into view
20201114 17:55:37.047 - DEBUG - Traceback (most recent call last):
  File "/home/travis/.local/lib/python2.7/site-packages/SeleniumLibrary/__init__.py", line 471, in run_keyword
    return DynamicCore.run_keyword(self, name, args, kwargs)
  File "/home/travis/.local/lib/python2.7/site-packages/robotlibcore.py", line 103, in run_keyword
    return self.keywords[name](*args, **(kwargs or {}))
  File "/home/travis/.local/lib/python2.7/site-packages/SeleniumLibrary/keywords/element.py", line 610, in click_element
    self.find_element(locator).click()
  File "/home/travis/.local/lib/python2.7/site-packages/selenium/webdriver/remote/webelement.py", line 80, in click
    self._execute(Command.CLICK_ELEMENT)
  File "/home/travis/.local/lib/python2.7/site-packages/selenium/webdriver/remote/webelement.py", line 633, in _execute
    return self._parent.execute(command, params)
  File "/home/travis/.local/lib/python2.7/site-packages/selenium/webdriver/remote/webdriver.py", line 321, in execute
    self.error_handler.check_response(response)
  File "/home/travis/.local/lib/python2.7/site-packages/selenium/webdriver/remote/errorhandler.py", line 242, in check_response
    raise exception_class(message, screen, stacktrace)
20201114 17:55:37.047 - INFO - +------ END KW: SeleniumLibrary.Click Element (87)
20201114 17:55:37.047 - INFO - +----- END KW: FunctionsGlobal.Sign In User (88)
20201114 17:55:37.048 - INFO - +---- END KW: Redirect to (462)
~~~~~~~~~~~~~~~~~~~~~~~~~~~~~~~~~~~~~~~~~~~~~~~~~~~~~~~~~~~~~~~~~~~~~~~~~~~~~~
20201114 17:55:37.048 - INFO - +---- START KW: Redirect to [ ${GK_URL}/en/registration/fake_token/activate | ${PAGE_HOME_URL} ]
20201114 17:55:37.048 - INFO - +----- START KW: FunctionsGlobal.Go To Url [ ${url} ]
20201114 17:55:37.049 - INFO - +------ START KW: FunctionsGlobal.Got To Url With Param [ ${url} | &{params} ]
20201114 17:55:37.050 - INFO - +------- START KW: BuiltIn.Replace Variables [ ${url} ]
20201114 17:55:37.050 - DEBUG - Test timeout 2 minutes active. 119.143 seconds left.
20201114 17:55:37.050 - INFO - ${url_} = http://localhost:3001/en/registration/fake_token/activate
20201114 17:55:37.050 - INFO - +------- END KW: BuiltIn.Replace Variables (0)
20201114 17:55:37.050 - INFO - +------- START KW: SeleniumLibrary.Go To [ ${url_} ]
20201114 17:55:37.050 - DEBUG - Test timeout 2 minutes active. 119.143 seconds left.
20201114 17:55:37.050 - INFO - Opening url 'http://localhost:3001/en/registration/fake_token/activate'
20201114 17:55:37.368 - INFO - +------- END KW: SeleniumLibrary.Go To (318)
20201114 17:55:37.368 - INFO - +------ END KW: FunctionsGlobal.Got To Url With Param (319)
20201114 17:55:37.369 - INFO - +------ START KW: FunctionsGlobal.Page WithoutWarningOrFailure [ ]
20201114 17:55:37.370 - INFO - +------- START KW: SeleniumLibrary.Page Should Not Contain [ Warning: ]
20201114 17:55:37.370 - DEBUG - Test timeout 2 minutes active. 118.823 seconds left.
20201114 17:55:37.389 - DEBUG - Current frame has 0 subframes.
20201114 17:55:37.389 - INFO - Current page does not contain text 'Warning:'.
20201114 17:55:37.389 - INFO - +------- END KW: SeleniumLibrary.Page Should Not Contain (19)
20201114 17:55:37.389 - INFO - +------- START KW: SeleniumLibrary.Page Should Not Contain [ Failed ]
20201114 17:55:37.389 - DEBUG - Test timeout 2 minutes active. 118.804 seconds left.
20201114 17:55:37.396 - DEBUG - Current frame has 0 subframes.
20201114 17:55:37.396 - INFO - Current page does not contain text 'Failed'.
20201114 17:55:37.396 - INFO - +------- END KW: SeleniumLibrary.Page Should Not Contain (7)
20201114 17:55:37.396 - INFO - +------- START KW: SeleniumLibrary.Page Should Not Contain [ Internal Server Error ]
20201114 17:55:37.396 - DEBUG - Test timeout 2 minutes active. 118.797 seconds left.
20201114 17:55:37.405 - DEBUG - Current frame has 0 subframes.
20201114 17:55:37.405 - INFO - Current page does not contain text 'Internal Server Error'.
20201114 17:55:37.406 - INFO - +------- END KW: SeleniumLibrary.Page Should Not Contain (9)
20201114 17:55:37.406 - INFO - +------ END KW: FunctionsGlobal.Page WithoutWarningOrFailure (37)
20201114 17:55:37.406 - INFO - +----- END KW: FunctionsGlobal.Go To Url (358)
20201114 17:55:37.406 - INFO - +----- START KW: FunctionsGlobal.Sign In User [ ${USER_1.name} ]
20201114 17:55:37.407 - INFO - +------ START KW: SeleniumLibrary.Click Element [ ${NAVBAR_SIGN_IN_LINK} ]
20201114 17:55:37.414 - INFO - +------- START KW: SeleniumLibrary.Capture Page Screenshot [ ]
20201114 17:55:37.414 - DEBUG - Test timeout 2 minutes active. 118.779 seconds left.
20201114 17:55:37.540 - INFO - </td></tr><tr><td colspan="3"><a href="selenium-screenshot-42.png"><img src="selenium-screenshot-42.png" width="800px"></a>
20201114 17:55:37.540 - INFO - +------- END KW: SeleniumLibrary.Capture Page Screenshot (126)
20201114 17:55:37.407 - DEBUG - Test timeout 2 minutes active. 118.786 seconds left.
20201114 17:55:37.407 - INFO - Clicking element '//*[@id="navbar-profile-login"]'.
20201114 17:55:37.541 - FAIL - ElementNotInteractableException: Message: Element <a id="navbar-profile-login" class="btn btn-info" href="http://localhost:3001/en/login?goto=home&params=YToxOntpOjA7czozOiIvZW4iO30%253D&query=YTowOnt9"> could not be scrolled into view
20201114 17:55:37.541 - DEBUG - Traceback (most recent call last):
  File "/home/travis/.local/lib/python2.7/site-packages/SeleniumLibrary/__init__.py", line 471, in run_keyword
    return DynamicCore.run_keyword(self, name, args, kwargs)
  File "/home/travis/.local/lib/python2.7/site-packages/robotlibcore.py", line 103, in run_keyword
    return self.keywords[name](*args, **(kwargs or {}))
  File "/home/travis/.local/lib/python2.7/site-packages/SeleniumLibrary/keywords/element.py", line 610, in click_element
    self.find_element(locator).click()
  File "/home/travis/.local/lib/python2.7/site-packages/selenium/webdriver/remote/webelement.py", line 80, in click
    self._execute(Command.CLICK_ELEMENT)
  File "/home/travis/.local/lib/python2.7/site-packages/selenium/webdriver/remote/webelement.py", line 633, in _execute
    return self._parent.execute(command, params)
  File "/home/travis/.local/lib/python2.7/site-packages/selenium/webdriver/remote/webdriver.py", line 321, in execute
    self.error_handler.check_response(response)
  File "/home/travis/.local/lib/python2.7/site-packages/selenium/webdriver/remote/errorhandler.py", line 242, in check_response
    raise exception_class(message, screen, stacktrace)
20201114 17:55:37.541 - INFO - +------ END KW: SeleniumLibrary.Click Element (134)
20201114 17:55:37.541 - INFO - +----- END KW: FunctionsGlobal.Sign In User (135)
20201114 17:55:37.541 - INFO - +---- END KW: Redirect to (493)
------------------------------------------------------------------------------
20201114 17:55:37.542 - INFO - +--- END TEST: No redirect urls (1351)
------------------------------------------------------------------------------
20201114 17:55:37.545 - INFO - +-- END SUITE: Acceptance.020 SignIn.robot.040 RedirectToPageAfterLogin (2989)
==============================================================================
20201114 17:55:37.547 - INFO - +-- START TEARDOWN: FunctionsGlobal.Global TearDown [ ]
20201114 17:55:37.548 - INFO - +--- START KW: SeleniumLibrary.Close Browser [ ]
20201114 17:55:37.548 - DEBUG - Closing browser with session id 35bb3058-9bc3-4944-802e-07a375511154.
20201114 17:55:38.057 - INFO - +--- END KW: SeleniumLibrary.Close Browser (509)
20201114 17:55:38.058 - INFO - +-- END TEARDOWN: FunctionsGlobal.Global TearDown (511)
==============================================================================
20201114 17:55:38.063 - INFO - +- END SUITE: Acceptance.020 SignIn.robot (18098)
==============================================================================
20201114 17:55:38.070 - INFO - + END SUITE: Acceptance (10821160)
==============================================================================
