==============================================================================
20201212 13:14:13.498 - INFO - + START SUITE: Acceptance [ ]
==============================================================================
20201212 13:14:13.682 - INFO - +- START SUITE: Acceptance.050 UsersDetails [ ]
==============================================================================
20201212 13:14:13.683 - INFO - +-- START SETUP: FunctionsGlobal.Global Setup [ ]
20201212 13:14:13.683 - INFO - +--- START KW: FunctionsGlobal.!Open GeoKrety Browser [ ${browser} ]
20201212 13:14:13.684 - INFO - +---- START KW: BuiltIn.Run Keyword If [ "${BS_ENABLED}" != "false" | !Open GeoKrety BrowserStack | ${browser} | ELSE | !Open GeoKrety Browser Local | ${browser} ]
20201212 13:14:13.685 - INFO - +----- START KW: FunctionsGlobal.!Open GeoKrety Browser Local [ ${browser} ]
20201212 13:14:13.685 - INFO - +------ START KW: BuiltIn.Run Keyword If [ "${browser}"=="Firefox" | !Open GeoKrety Browser Firefox ]
20201212 13:14:13.686 - INFO - +------- START KW: FunctionsGlobal.!Open GeoKrety Browser Firefox [ ]
20201212 13:14:13.686 - INFO - +-------- START KW: BuiltIn.Log [ Open Browser Firefox ]
20201212 13:14:13.686 - INFO - Open Browser Firefox
20201212 13:14:13.687 - INFO - +-------- END KW: BuiltIn.Log (1)
20201212 13:14:13.687 - INFO - +-------- START KW: BuiltIn.Evaluate [ sys.modules['selenium.webdriver'].firefox.webdriver.Options() | sys, selenium.webdriver ]
20201212 13:14:13.687 - INFO - ${firefox_options} = <selenium.webdriver.firefox.options.Options object at 0x7f2109862eb0>
20201212 13:14:13.687 - INFO - +-------- END KW: BuiltIn.Evaluate (0)
20201212 13:14:13.688 - INFO - +-------- START KW: BuiltIn.Run Keyword If [ ${HEADLESS} | Call Method | ${firefox_options} | add_argument | -headless ]
20201212 13:14:13.688 - INFO - +--------- START KW: BuiltIn.Call Method [ ${firefox_options} | add_argument | -headless ]
20201212 13:14:13.689 - INFO - +--------- END KW: BuiltIn.Call Method (0)
20201212 13:14:13.689 - INFO - +-------- END KW: BuiltIn.Run Keyword If (1)
20201212 13:14:13.689 - INFO - +-------- START KW: BuiltIn.Evaluate [ sys.modules['selenium.webdriver'].DesiredCapabilities.FIREFOX | sys, selenium.webdriver ]
20201212 13:14:13.689 - INFO - ${dc} = {'browserName': 'firefox', 'marionette': True, 'acceptInsecureCerts': True}
20201212 13:14:13.689 - INFO - +-------- END KW: BuiltIn.Evaluate (0)
20201212 13:14:13.690 - INFO - +-------- START KW: Collections.Set To Dictionary [ ${dc} | strictFileInteractability=${FALSE} ]
20201212 13:14:13.690 - INFO - +-------- END KW: Collections.Set To Dictionary (0)
20201212 13:14:13.690 - INFO - +-------- START KW: Collections.Set To Dictionary [ ${dc} | timezone=UTC-05:00 ]
20201212 13:14:13.691 - INFO - +-------- END KW: Collections.Set To Dictionary (1)
20201212 13:14:13.691 - INFO - +-------- START KW: SeleniumLibrary.Create Webdriver [ Firefox | firefox_options=${firefox options} | desired_capabilities=${dc} ]
20201212 13:14:13.692 - INFO - Creating an instance of the Firefox WebDriver.
20201212 13:14:15.649 - DEBUG - Created Firefox WebDriver instance with session id 2d315ae0-a602-44e9-bf97-b3bf31c2ae5e.
20201212 13:14:15.649 - INFO - +-------- END KW: SeleniumLibrary.Create Webdriver (1958)
20201212 13:14:15.650 - INFO - +------- END KW: FunctionsGlobal.!Open GeoKrety Browser Firefox (1964)
20201212 13:14:15.650 - INFO - +------ END KW: BuiltIn.Run Keyword If (1965)
20201212 13:14:15.651 - INFO - +------ START KW: BuiltIn.Run Keyword If [ "${browser}"=="Chrome" | !Open GeoKrety Browser Chrome ]
20201212 13:14:15.651 - INFO - +------ END KW: BuiltIn.Run Keyword If (1)
20201212 13:14:15.651 - INFO - +----- END KW: FunctionsGlobal.!Open GeoKrety Browser Local (1966)
20201212 13:14:15.651 - INFO - +---- END KW: BuiltIn.Run Keyword If (1967)
20201212 13:14:15.651 - INFO - +---- START KW: SeleniumLibrary.Set Window Size [ 1280 | 1024 ]
20201212 13:14:15.678 - INFO - +---- END KW: SeleniumLibrary.Set Window Size (27)
20201212 13:14:15.678 - INFO - +--- END KW: FunctionsGlobal.!Open GeoKrety Browser (1995)
20201212 13:14:15.680 - INFO - +-- END SETUP: FunctionsGlobal.Global Setup (1996)
==============================================================================
20201212 13:14:15.716 - INFO - +-- START SUITE: Acceptance.050 UsersDetails.060 ObservationArea [ ]
==============================================================================
20201212 13:14:15.717 - INFO - +--- START SETUP: Seed [ ]
20201212 13:14:15.718 - INFO - +---- START KW: FunctionsGlobal.Clear Database [ ]
20201212 13:14:15.718 - INFO - +----- START KW: FunctionsGlobal.Go To Url [ ${PAGE_DEV_RESET_DB_URL} ]
20201212 13:14:15.719 - INFO - +------ START KW: FunctionsGlobal.Got To Url With Param [ ${url} | &{params} ]
20201212 13:14:15.720 - INFO - +------- START KW: BuiltIn.Replace Variables [ ${url} ]
20201212 13:14:15.720 - INFO - ${url_} = http://localhost:3001/devel/db/reset
20201212 13:14:15.720 - INFO - +------- END KW: BuiltIn.Replace Variables (0)
20201212 13:14:15.721 - INFO - +------- START KW: SeleniumLibrary.Go To [ ${url_} ]
20201212 13:14:15.721 - INFO - Opening url 'http://localhost:3001/devel/db/reset'
20201212 16:14:16.041 - INFO - +------- END KW: SeleniumLibrary.Go To (10800320)
20201212 16:14:16.041 - INFO - +------ END KW: FunctionsGlobal.Got To Url With Param (10800322)
20201212 16:14:16.042 - INFO - +------ START KW: FunctionsGlobal.Page WithoutWarningOrFailure [ ]
20201212 16:14:16.042 - INFO - +------- START KW: SeleniumLibrary.Page Should Not Contain [ Warning: ]
20201212 16:14:16.073 - DEBUG - Current frame has 0 subframes.
20201212 16:14:16.074 - INFO - Current page does not contain text 'Warning:'.
20201212 16:14:16.074 - INFO - +------- END KW: SeleniumLibrary.Page Should Not Contain (32)
20201212 16:14:16.074 - INFO - +------- START KW: SeleniumLibrary.Page Should Not Contain [ Failed ]
20201212 16:14:16.086 - DEBUG - Current frame has 0 subframes.
20201212 16:14:16.086 - INFO - Current page does not contain text 'Failed'.
20201212 16:14:16.086 - INFO - +------- END KW: SeleniumLibrary.Page Should Not Contain (12)
20201212 16:14:16.086 - INFO - +------- START KW: SeleniumLibrary.Page Should Not Contain [ Internal Server Error ]
20201212 16:14:16.095 - DEBUG - Current frame has 0 subframes.
20201212 16:14:16.096 - INFO - Current page does not contain text 'Internal Server Error'.
20201212 16:14:16.096 - INFO - +------- END KW: SeleniumLibrary.Page Should Not Contain (10)
20201212 16:14:16.096 - INFO - +------ END KW: FunctionsGlobal.Page WithoutWarningOrFailure (54)
20201212 16:14:16.096 - INFO - +----- END KW: FunctionsGlobal.Go To Url (10800378)
20201212 16:14:16.096 - INFO - +----- START KW: SeleniumLibrary.Page Should Contain [ OK ]
20201212 16:14:16.102 - INFO - Current page contains text 'OK'.
20201212 16:14:16.103 - INFO - +----- END KW: SeleniumLibrary.Page Should Contain (7)
20201212 16:14:16.103 - INFO - +---- END KW: FunctionsGlobal.Clear Database (10800385)
20201212 16:14:16.103 - INFO - +---- START KW: FunctionsGlobal.Seed 2 users [ ]
20201212 16:14:16.103 - INFO - +----- START KW: FunctionsGlobal.Go To Url [ ${PAGE_SEED_USER}/${count} ]
20201212 16:14:16.104 - INFO - +------ START KW: FunctionsGlobal.Got To Url With Param [ ${url} | &{params} ]
20201212 16:14:16.104 - INFO - +------- START KW: BuiltIn.Replace Variables [ ${url} ]
20201212 16:14:16.104 - INFO - ${url_} = http://localhost:3001/devel/db/users/seed/2
20201212 16:14:16.104 - INFO - +------- END KW: BuiltIn.Replace Variables (0)
20201212 16:14:16.104 - INFO - +------- START KW: SeleniumLibrary.Go To [ ${url_} ]
20201212 16:14:16.105 - INFO - Opening url 'http://localhost:3001/devel/db/users/seed/2'
20201212 16:14:16.967 - INFO - +------- END KW: SeleniumLibrary.Go To (863)
20201212 16:14:16.967 - INFO - +------ END KW: FunctionsGlobal.Got To Url With Param (863)
20201212 16:14:16.968 - INFO - +------ START KW: FunctionsGlobal.Page WithoutWarningOrFailure [ ]
20201212 16:14:16.968 - INFO - +------- START KW: SeleniumLibrary.Page Should Not Contain [ Warning: ]
20201212 16:14:16.987 - DEBUG - Current frame has 0 subframes.
20201212 16:14:16.987 - INFO - Current page does not contain text 'Warning:'.
20201212 16:14:16.987 - INFO - +------- END KW: SeleniumLibrary.Page Should Not Contain (19)
20201212 16:14:16.987 - INFO - +------- START KW: SeleniumLibrary.Page Should Not Contain [ Failed ]
20201212 16:14:16.994 - DEBUG - Current frame has 0 subframes.
20201212 16:14:16.994 - INFO - Current page does not contain text 'Failed'.
20201212 16:14:16.995 - INFO - +------- END KW: SeleniumLibrary.Page Should Not Contain (7)
20201212 16:14:16.995 - INFO - +------- START KW: SeleniumLibrary.Page Should Not Contain [ Internal Server Error ]
20201212 16:14:17.000 - DEBUG - Current frame has 0 subframes.
20201212 16:14:17.001 - INFO - Current page does not contain text 'Internal Server Error'.
20201212 16:14:17.001 - INFO - +------- END KW: SeleniumLibrary.Page Should Not Contain (6)
20201212 16:14:17.001 - INFO - +------ END KW: FunctionsGlobal.Page WithoutWarningOrFailure (33)
20201212 16:14:17.001 - INFO - +----- END KW: FunctionsGlobal.Go To Url (898)
20201212 16:14:17.001 - INFO - +----- START KW: FunctionsGlobal.Empty Dev Mailbox Fast [ ]
20201212 16:14:17.001 - INFO - +------ START KW: FunctionsGlobal.Go To Url [ ${PAGE_DEV_MAILBOX_CLEAR_URL} ]
20201212 16:14:17.002 - INFO - +------- START KW: FunctionsGlobal.Got To Url With Param [ ${url} | &{params} ]
20201212 16:14:17.002 - INFO - +-------- START KW: BuiltIn.Replace Variables [ ${url} ]
20201212 16:14:17.003 - INFO - ${url_} = http://localhost:3001/devel/mail/delete/all
20201212 16:14:17.003 - INFO - +-------- END KW: BuiltIn.Replace Variables (1)
20201212 16:14:17.003 - INFO - +-------- START KW: SeleniumLibrary.Go To [ ${url_} ]
20201212 16:14:17.003 - INFO - Opening url 'http://localhost:3001/devel/mail/delete/all'
20201212 16:14:17.357 - INFO - +-------- END KW: SeleniumLibrary.Go To (354)
20201212 16:14:17.358 - INFO - +------- END KW: FunctionsGlobal.Got To Url With Param (356)
20201212 16:14:17.358 - INFO - +------- START KW: FunctionsGlobal.Page WithoutWarningOrFailure [ ]
20201212 16:14:17.358 - INFO - +-------- START KW: SeleniumLibrary.Page Should Not Contain [ Warning: ]
20201212 16:14:17.382 - DEBUG - Current frame has 0 subframes.
20201212 16:14:17.382 - INFO - Current page does not contain text 'Warning:'.
20201212 16:14:17.382 - INFO - +-------- END KW: SeleniumLibrary.Page Should Not Contain (24)
20201212 16:14:17.382 - INFO - +-------- START KW: SeleniumLibrary.Page Should Not Contain [ Failed ]
20201212 16:14:17.389 - DEBUG - Current frame has 0 subframes.
20201212 16:14:17.389 - INFO - Current page does not contain text 'Failed'.
20201212 16:14:17.389 - INFO - +-------- END KW: SeleniumLibrary.Page Should Not Contain (7)
20201212 16:14:17.389 - INFO - +-------- START KW: SeleniumLibrary.Page Should Not Contain [ Internal Server Error ]
20201212 16:14:17.398 - DEBUG - Current frame has 0 subframes.
20201212 16:14:17.398 - INFO - Current page does not contain text 'Internal Server Error'.
20201212 16:14:17.398 - INFO - +-------- END KW: SeleniumLibrary.Page Should Not Contain (9)
20201212 16:14:17.398 - INFO - +------- END KW: FunctionsGlobal.Page WithoutWarningOrFailure (40)
20201212 16:14:17.398 - INFO - +------ END KW: FunctionsGlobal.Go To Url (397)
20201212 16:14:17.399 - INFO - +----- END KW: FunctionsGlobal.Empty Dev Mailbox Fast (398)
20201212 16:14:17.399 - INFO - +---- END KW: FunctionsGlobal.Seed 2 users (1296)
20201212 16:14:17.399 - INFO - +--- END SETUP: Seed (10801683)
------------------------------------------------------------------------------
20201212 16:14:17.399 - INFO - +--- START TEST: Save Observation Area Preferences [ ]
------------------------------------------------------------------------------
20201212 16:14:17.400 - INFO - +---- START KW: FunctionsGlobal.Sign In ${USER_1.name} Fast [ ]
20201212 16:14:17.401 - INFO - +----- START KW: FunctionsGlobal.Go To Url [ ${PAGE_LOGIN_USER} | username=${username} ]
20201212 16:14:17.402 - INFO - +------ START KW: FunctionsGlobal.Got To Url With Param [ ${url} | &{params} ]
20201212 16:14:17.402 - INFO - +------- START KW: BuiltIn.Replace Variables [ ${url} ]
20201212 16:14:17.403 - DEBUG - Test timeout 2 minutes active. 119.996 seconds left.
20201212 16:14:17.403 - INFO - ${url_} = http://localhost:3001/devel/users/username1/login
20201212 16:14:17.403 - INFO - +------- END KW: BuiltIn.Replace Variables (1)
20201212 16:14:17.403 - INFO - +------- START KW: SeleniumLibrary.Go To [ ${url_} ]
20201212 16:14:17.404 - DEBUG - Test timeout 2 minutes active. 119.995 seconds left.
20201212 16:14:17.404 - INFO - Opening url 'http://localhost:3001/devel/users/username1/login'
20201212 16:14:18.226 - INFO - +------- END KW: SeleniumLibrary.Go To (823)
20201212 16:14:18.226 - INFO - +------ END KW: FunctionsGlobal.Got To Url With Param (824)
20201212 16:14:18.226 - INFO - +------ START KW: FunctionsGlobal.Page WithoutWarningOrFailure [ ]
20201212 16:14:18.227 - INFO - +------- START KW: SeleniumLibrary.Page Should Not Contain [ Warning: ]
20201212 16:14:18.227 - DEBUG - Test timeout 2 minutes active. 119.172 seconds left.
20201212 16:14:18.257 - DEBUG - Current frame has 0 subframes.
20201212 16:14:18.257 - INFO - Current page does not contain text 'Warning:'.
20201212 16:14:18.257 - INFO - +------- END KW: SeleniumLibrary.Page Should Not Contain (30)
20201212 16:14:18.257 - INFO - +------- START KW: SeleniumLibrary.Page Should Not Contain [ Failed ]
20201212 16:14:18.258 - DEBUG - Test timeout 2 minutes active. 119.141 seconds left.
20201212 16:14:18.269 - DEBUG - Current frame has 0 subframes.
20201212 16:14:18.269 - INFO - Current page does not contain text 'Failed'.
20201212 16:14:18.269 - INFO - +------- END KW: SeleniumLibrary.Page Should Not Contain (12)
20201212 16:14:18.269 - INFO - +------- START KW: SeleniumLibrary.Page Should Not Contain [ Internal Server Error ]
20201212 16:14:18.269 - DEBUG - Test timeout 2 minutes active. 119.13 seconds left.
20201212 16:14:18.289 - DEBUG - Current frame has 0 subframes.
20201212 16:14:18.289 - INFO - Current page does not contain text 'Internal Server Error'.
20201212 16:14:18.289 - INFO - +------- END KW: SeleniumLibrary.Page Should Not Contain (20)
20201212 16:14:18.289 - INFO - +------ END KW: FunctionsGlobal.Page WithoutWarningOrFailure (63)
20201212 16:14:18.290 - INFO - +----- END KW: FunctionsGlobal.Go To Url (888)
20201212 16:14:18.290 - INFO - +----- START KW: SeleniumLibrary.Page Should Not Contain [ Error signing in user ]
20201212 16:14:18.290 - DEBUG - Test timeout 2 minutes active. 119.109 seconds left.
20201212 16:14:18.298 - DEBUG - Current frame has 0 subframes.
20201212 16:14:18.298 - INFO - Current page does not contain text 'Error signing in user'.
20201212 16:14:18.298 - INFO - +----- END KW: SeleniumLibrary.Page Should Not Contain (8)
20201212 16:14:18.298 - INFO - +---- END KW: FunctionsGlobal.Sign In ${USER_1.name} Fast (898)
~~~~~~~~~~~~~~~~~~~~~~~~~~~~~~~~~~~~~~~~~~~~~~~~~~~~~~~~~~~~~~~~~~~~~~~~~~~~~~
20201212 16:14:18.298 - INFO - +---- START KW: SeleniumLibrary.Go To [ ${PAGE_USER_1_OBSERVATION_AREA_URL} ]
20201212 16:14:18.298 - DEBUG - Test timeout 2 minutes active. 119.101 seconds left.
20201212 16:14:18.298 - INFO - Opening url 'http://localhost:3001/en/users/1/observation-area'
20201212 16:14:18.556 - INFO - +---- END KW: SeleniumLibrary.Go To (258)
~~~~~~~~~~~~~~~~~~~~~~~~~~~~~~~~~~~~~~~~~~~~~~~~~~~~~~~~~~~~~~~~~~~~~~~~~~~~~~
20201212 16:14:18.557 - INFO - +---- START KW: Fill form [ ${COORDS_NEW_YORK} | 10 ]
20201212 16:14:18.557 - INFO - +----- START KW: SeleniumLibrary.Input Text [ ${USER_OBSERVATION_AREA_RADIUS_INPUT} | ${radius} ]
20201212 16:14:18.558 - DEBUG - Test timeout 2 minutes active. 118.841 seconds left.
20201212 16:14:18.558 - INFO - Typing text '10' into text field '//*[@id="inputRadius"]'.
20201212 16:14:18.629 - INFO - +----- END KW: SeleniumLibrary.Input Text (72)
20201212 16:14:18.629 - INFO - +----- START KW: SeleniumLibrary.Simulate Event [ ${USER_OBSERVATION_AREA_RADIUS_INPUT} | blur ]
20201212 16:14:18.629 - DEBUG - Test timeout 2 minutes active. 118.77 seconds left.
20201212 16:14:18.646 - INFO - +----- END KW: SeleniumLibrary.Simulate Event (17)
20201212 16:14:18.646 - INFO - +----- START KW: SeleniumLibrary.Input Text [ ${USER_OBSERVATION_AREA_COORDINATES_INPUT} | ${coordinates.lat} ${coordinates.lon} ]
20201212 16:14:18.647 - DEBUG - Test timeout 2 minutes active. 118.752 seconds left.
20201212 16:14:18.647 - INFO - Typing text '40.73700 -73.92300' into text field '//*[@id="inputCoordinates"]'.
20201212 16:14:18.690 - INFO - +----- END KW: SeleniumLibrary.Input Text (44)
20201212 16:14:18.691 - INFO - +----- START KW: SeleniumLibrary.Simulate Event [ ${USER_OBSERVATION_AREA_COORDINATES_INPUT} | blur ]
20201212 16:14:18.691 - DEBUG - Test timeout 2 minutes active. 118.708 seconds left.
20201212 16:14:18.712 - INFO - +----- END KW: SeleniumLibrary.Simulate Event (21)
20201212 16:14:18.712 - INFO - +----- START KW: SeleniumLibrary.Wait Until Page Contains Element [ //*[@id="mapid" and @data-map-loaded="true"] | timeout=30 ]
20201212 16:14:18.712 - DEBUG - Test timeout 2 minutes active. 118.687 seconds left.
20201212 16:14:19.123 - INFO - +----- END KW: SeleniumLibrary.Wait Until Page Contains Element (410)
20201212 16:14:19.123 - INFO - +---- END KW: Fill form (566)
~~~~~~~~~~~~~~~~~~~~~~~~~~~~~~~~~~~~~~~~~~~~~~~~~~~~~~~~~~~~~~~~~~~~~~~~~~~~~~
20201212 16:14:19.123 - INFO - +---- START KW: SeleniumLibrary.Click Button [ ${USER_OBSERVATION_AREA_SUBMIT} ]
20201212 16:14:19.123 - DEBUG - Test timeout 2 minutes active. 118.276 seconds left.
20201212 16:14:19.123 - INFO - Clicking button '//*[@id="userObservationAreaSubmitButton"]'.
20201212 16:14:20.270 - INFO - +---- END KW: SeleniumLibrary.Click Button (1147)
~~~~~~~~~~~~~~~~~~~~~~~~~~~~~~~~~~~~~~~~~~~~~~~~~~~~~~~~~~~~~~~~~~~~~~~~~~~~~~
20201212 16:14:20.270 - INFO - +---- START KW: SeleniumLibrary.Wait Until Page Contains [ Your home coordinates were successfully saved. ]
20201212 16:14:20.271 - DEBUG - Test timeout 2 minutes active. 117.128 seconds left.
20201212 16:14:20.313 - INFO - +---- END KW: SeleniumLibrary.Wait Until Page Contains (43)
~~~~~~~~~~~~~~~~~~~~~~~~~~~~~~~~~~~~~~~~~~~~~~~~~~~~~~~~~~~~~~~~~~~~~~~~~~~~~~
20201212 16:14:20.314 - INFO - +---- START KW: SeleniumLibrary.Go To [ ${PAGE_USER_1_PROFILE_URL} ]
20201212 16:14:20.314 - DEBUG - Test timeout 2 minutes active. 117.085 seconds left.
20201212 16:14:20.314 - INFO - Opening url 'http://localhost:3001/en/users/1'
20201212 16:14:20.718 - INFO - +---- END KW: SeleniumLibrary.Go To (404)
~~~~~~~~~~~~~~~~~~~~~~~~~~~~~~~~~~~~~~~~~~~~~~~~~~~~~~~~~~~~~~~~~~~~~~~~~~~~~~
20201212 16:14:20.718 - INFO - +---- START KW: SeleniumLibrary.Wait Until Page Contains Element [ //*[@id="mapid" and @data-map-loaded="true"] | timeout=30 ]
20201212 16:14:20.718 - DEBUG - Test timeout 2 minutes active. 116.681 seconds left.
20201212 16:14:20.978 - INFO - +---- END KW: SeleniumLibrary.Wait Until Page Contains Element (260)
~~~~~~~~~~~~~~~~~~~~~~~~~~~~~~~~~~~~~~~~~~~~~~~~~~~~~~~~~~~~~~~~~~~~~~~~~~~~~~
20201212 16:14:20.978 - INFO - +---- START KW: RobotEyes.Open Eyes [ SeleniumLibrary | 6 ]
20201212 16:14:20.978 - DEBUG - Test timeout 2 minutes active. 116.421 seconds left.
20201212 16:14:20.984 - INFO - Save_Observation_Area_Preferences
20201212 16:14:20.984 - INFO - +---- END KW: RobotEyes.Open Eyes (6)
~~~~~~~~~~~~~~~~~~~~~~~~~~~~~~~~~~~~~~~~~~~~~~~~~~~~~~~~~~~~~~~~~~~~~~~~~~~~~~
20201212 16:14:20.984 - INFO - +---- START KW: RobotEyes.Scroll To Element [ ${USER_PROFILE_MINI_MAP_PANEL} ]
20201212 16:14:20.984 - DEBUG - Test timeout 2 minutes active. 116.415 seconds left.
20201212 16:14:20.992 - INFO - +---- END KW: RobotEyes.Scroll To Element (8)
~~~~~~~~~~~~~~~~~~~~~~~~~~~~~~~~~~~~~~~~~~~~~~~~~~~~~~~~~~~~~~~~~~~~~~~~~~~~~~
20201212 16:14:20.992 - INFO - +---- START KW: SeleniumLibrary.Wait Until Element Is Visible [ ${USER_PROFILE_MINI_MAP_PANEL} ]
20201212 16:14:20.992 - DEBUG - Test timeout 2 minutes active. 116.407 seconds left.
20201212 16:14:21.010 - INFO - +---- END KW: SeleniumLibrary.Wait Until Element Is Visible (18)
~~~~~~~~~~~~~~~~~~~~~~~~~~~~~~~~~~~~~~~~~~~~~~~~~~~~~~~~~~~~~~~~~~~~~~~~~~~~~~
20201212 16:14:21.011 - INFO - +---- START KW: RobotEyes.Capture Element [ ${USER_PROFILE_MINI_MAP_PANEL} ]
20201212 16:14:21.011 - DEBUG - Test timeout 2 minutes active. 116.388 seconds left.
20201212 16:14:22.126 - INFO - +---- END KW: RobotEyes.Capture Element (1116)
~~~~~~~~~~~~~~~~~~~~~~~~~~~~~~~~~~~~~~~~~~~~~~~~~~~~~~~~~~~~~~~~~~~~~~~~~~~~~~
20201212 16:14:22.126 - INFO - +---- START KW: RobotEyes.Compare Images [ ]
20201212 16:14:22.169 - INFO - +----- START KW: BuiltIn.Fail [ Image dissimilarity exceeds tolerance ]
20201212 16:14:22.170 - DEBUG - Test timeout 2 minutes active. 115.229 seconds left.
20201212 16:14:22.171 - INFO - +----- END KW: BuiltIn.Fail (2)
20201212 16:14:22.126 - DEBUG - Test timeout 2 minutes active. 115.273 seconds left.
20201212 16:14:22.171 - FAIL - Image dissimilarity exceeds tolerance
20201212 16:14:22.171 - DEBUG - Traceback (most recent call last):
  None
20201212 16:14:22.172 - INFO - Comparison output: b'4736.48 (0.0722741) @ 0,0'
20201212 16:14:22.172 - INFO - +---- END KW: RobotEyes.Compare Images (46)
------------------------------------------------------------------------------
20201212 16:14:22.172 - INFO - +--- END TEST: Save Observation Area Preferences (4773)
------------------------------------------------------------------------------
20201212 16:14:22.175 - INFO - +-- END SUITE: Acceptance.050 UsersDetails.060 ObservationArea (10806493)
==============================================================================
20201212 16:14:22.176 - INFO - +-- START TEARDOWN: FunctionsGlobal.Global TearDown [ ]
20201212 16:14:22.176 - INFO - +--- START KW: SeleniumLibrary.Close Browser [ ]
20201212 16:14:22.177 - DEBUG - Closing browser with session id 2d315ae0-a602-44e9-bf97-b3bf31c2ae5e.
20201212 16:14:22.674 - INFO - +--- END KW: SeleniumLibrary.Close Browser (498)
20201212 16:14:22.674 - INFO - +-- END TEARDOWN: FunctionsGlobal.Global TearDown (498)
==============================================================================
20201212 16:14:22.676 - INFO - +- END SUITE: Acceptance.050 UsersDetails (10809177)
==============================================================================
20201212 16:14:22.696 - INFO - +- START SUITE: Acceptance.060 UserAvatar.robot [ ]
==============================================================================
20201212 16:14:22.697 - INFO - +-- START SETUP: FunctionsGlobal.Global Setup [ ]
20201212 16:14:22.697 - INFO - +--- START KW: FunctionsGlobal.!Open GeoKrety Browser [ ${browser} ]
20201212 16:14:22.698 - INFO - +---- START KW: BuiltIn.Run Keyword If [ "${BS_ENABLED}" != "false" | !Open GeoKrety BrowserStack | ${browser} | ELSE | !Open GeoKrety Browser Local | ${browser} ]
20201212 16:14:22.698 - INFO - +----- START KW: FunctionsGlobal.!Open GeoKrety Browser Local [ ${browser} ]
20201212 16:14:22.699 - INFO - +------ START KW: BuiltIn.Run Keyword If [ "${browser}"=="Firefox" | !Open GeoKrety Browser Firefox ]
20201212 16:14:22.699 - INFO - +------- START KW: FunctionsGlobal.!Open GeoKrety Browser Firefox [ ]
20201212 16:14:22.700 - INFO - +-------- START KW: BuiltIn.Log [ Open Browser Firefox ]
20201212 16:14:22.700 - INFO - Open Browser Firefox
20201212 16:14:22.700 - INFO - +-------- END KW: BuiltIn.Log (0)
20201212 16:14:22.700 - INFO - +-------- START KW: BuiltIn.Evaluate [ sys.modules['selenium.webdriver'].firefox.webdriver.Options() | sys, selenium.webdriver ]
20201212 16:14:22.701 - INFO - ${firefox_options} = <selenium.webdriver.firefox.options.Options object at 0x7f21080e9520>
20201212 16:14:22.701 - INFO - +-------- END KW: BuiltIn.Evaluate (1)
20201212 16:14:22.701 - INFO - +-------- START KW: BuiltIn.Run Keyword If [ ${HEADLESS} | Call Method | ${firefox_options} | add_argument | -headless ]
20201212 16:14:22.701 - INFO - +--------- START KW: BuiltIn.Call Method [ ${firefox_options} | add_argument | -headless ]
20201212 16:14:22.702 - INFO - +--------- END KW: BuiltIn.Call Method (1)
20201212 16:14:22.702 - INFO - +-------- END KW: BuiltIn.Run Keyword If (1)
20201212 16:14:22.702 - INFO - +-------- START KW: BuiltIn.Evaluate [ sys.modules['selenium.webdriver'].DesiredCapabilities.FIREFOX | sys, selenium.webdriver ]
20201212 16:14:22.702 - INFO - ${dc} = {'browserName': 'firefox', 'marionette': True, 'acceptInsecureCerts': True, 'strictFileInteractability': False, 'timezone': 'UTC-05:00'}
20201212 16:14:22.703 - INFO - +-------- END KW: BuiltIn.Evaluate (0)
20201212 16:14:22.703 - INFO - +-------- START KW: Collections.Set To Dictionary [ ${dc} | strictFileInteractability=${FALSE} ]
20201212 16:14:22.703 - INFO - +-------- END KW: Collections.Set To Dictionary (0)
20201212 16:14:22.703 - INFO - +-------- START KW: Collections.Set To Dictionary [ ${dc} | timezone=UTC-05:00 ]
20201212 16:14:22.704 - INFO - +-------- END KW: Collections.Set To Dictionary (1)
20201212 16:14:22.704 - INFO - +-------- START KW: SeleniumLibrary.Create Webdriver [ Firefox | firefox_options=${firefox options} | desired_capabilities=${dc} ]
20201212 16:14:22.704 - INFO - Creating an instance of the Firefox WebDriver.
20201212 16:14:25.487 - DEBUG - Created Firefox WebDriver instance with session id e8821f83-c58f-4644-bc5c-e514a23d47aa.
20201212 16:14:25.488 - INFO - +-------- END KW: SeleniumLibrary.Create Webdriver (2783)
20201212 16:14:25.488 - INFO - +------- END KW: FunctionsGlobal.!Open GeoKrety Browser Firefox (2789)
20201212 16:14:25.488 - INFO - +------ END KW: BuiltIn.Run Keyword If (2789)
20201212 16:14:25.489 - INFO - +------ START KW: BuiltIn.Run Keyword If [ "${browser}"=="Chrome" | !Open GeoKrety Browser Chrome ]
20201212 16:14:25.489 - INFO - +------ END KW: BuiltIn.Run Keyword If (0)
20201212 16:14:25.490 - INFO - +----- END KW: FunctionsGlobal.!Open GeoKrety Browser Local (2792)
20201212 16:14:25.490 - INFO - +---- END KW: BuiltIn.Run Keyword If (2792)
20201212 16:14:25.490 - INFO - +---- START KW: SeleniumLibrary.Set Window Size [ 1280 | 1024 ]
20201212 16:14:25.517 - INFO - +---- END KW: SeleniumLibrary.Set Window Size (27)
20201212 16:14:25.517 - INFO - +--- END KW: FunctionsGlobal.!Open GeoKrety Browser (2820)
20201212 16:14:25.518 - INFO - +-- END SETUP: FunctionsGlobal.Global Setup (2821)
==============================================================================
20201212 16:14:25.564 - INFO - +-- START SUITE: Acceptance.060 UserAvatar.robot.030 DefineAsMain [ ]
==============================================================================
20201212 16:14:25.565 - INFO - +--- START TEST: Set image as main avatar [ ]
------------------------------------------------------------------------------
20201212 16:14:25.566 - INFO - +---- START SETUP: FunctionsGlobal.Clear DB And Seed 1 users [ ]
20201212 16:14:25.567 - INFO - +----- START KW: FunctionsGlobal.Clear Database [ ]
20201212 16:14:25.567 - INFO - +------ START KW: FunctionsGlobal.Go To Url [ ${PAGE_DEV_RESET_DB_URL} ]
20201212 16:14:25.568 - INFO - +------- START KW: FunctionsGlobal.Got To Url With Param [ ${url} | &{params} ]
20201212 16:14:25.569 - INFO - +-------- START KW: BuiltIn.Replace Variables [ ${url} ]
20201212 16:14:25.570 - DEBUG - Test timeout 2 minutes active. 119.995 seconds left.
20201212 16:14:25.573 - INFO - ${url_} = http://localhost:3001/devel/db/reset
20201212 16:14:25.573 - INFO - +-------- END KW: BuiltIn.Replace Variables (4)
20201212 16:14:25.574 - INFO - +-------- START KW: SeleniumLibrary.Go To [ ${url_} ]
20201212 16:14:25.574 - DEBUG - Test timeout 2 minutes active. 119.991 seconds left.
20201212 16:14:25.574 - INFO - Opening url 'http://localhost:3001/devel/db/reset'
20201212 16:14:25.914 - INFO - +-------- END KW: SeleniumLibrary.Go To (341)
20201212 16:14:25.914 - INFO - +------- END KW: FunctionsGlobal.Got To Url With Param (346)
20201212 16:14:25.914 - INFO - +------- START KW: FunctionsGlobal.Page WithoutWarningOrFailure [ ]
20201212 16:14:25.915 - INFO - +-------- START KW: SeleniumLibrary.Page Should Not Contain [ Warning: ]
20201212 16:14:25.915 - DEBUG - Test timeout 2 minutes active. 119.65 seconds left.
20201212 16:14:25.946 - DEBUG - Current frame has 0 subframes.
20201212 16:14:25.946 - INFO - Current page does not contain text 'Warning:'.
20201212 16:14:25.946 - INFO - +-------- END KW: SeleniumLibrary.Page Should Not Contain (31)
20201212 16:14:25.946 - INFO - +-------- START KW: SeleniumLibrary.Page Should Not Contain [ Failed ]
20201212 16:14:25.946 - DEBUG - Test timeout 2 minutes active. 119.619 seconds left.
20201212 16:14:25.957 - DEBUG - Current frame has 0 subframes.
20201212 16:14:25.957 - INFO - Current page does not contain text 'Failed'.
20201212 16:14:25.957 - INFO - +-------- END KW: SeleniumLibrary.Page Should Not Contain (11)
20201212 16:14:25.958 - INFO - +-------- START KW: SeleniumLibrary.Page Should Not Contain [ Internal Server Error ]
20201212 16:14:25.958 - DEBUG - Test timeout 2 minutes active. 119.607 seconds left.
20201212 16:14:25.968 - DEBUG - Current frame has 0 subframes.
20201212 16:14:25.968 - INFO - Current page does not contain text 'Internal Server Error'.
20201212 16:14:25.969 - INFO - +-------- END KW: SeleniumLibrary.Page Should Not Contain (12)
20201212 16:14:25.969 - INFO - +------- END KW: FunctionsGlobal.Page WithoutWarningOrFailure (55)
20201212 16:14:25.969 - INFO - +------ END KW: FunctionsGlobal.Go To Url (402)
20201212 16:14:25.969 - INFO - +------ START KW: SeleniumLibrary.Page Should Contain [ OK ]
20201212 16:14:25.969 - DEBUG - Test timeout 2 minutes active. 119.595 seconds left.
20201212 16:14:25.981 - INFO - Current page contains text 'OK'.
20201212 16:14:25.981 - INFO - +------ END KW: SeleniumLibrary.Page Should Contain (12)
20201212 16:14:25.981 - INFO - +----- END KW: FunctionsGlobal.Clear Database (414)
20201212 16:14:25.981 - INFO - +----- START KW: FunctionsGlobal.Go To Url [ ${PAGE_SEED_USER}/${count} ]
20201212 16:14:25.982 - INFO - +------ START KW: FunctionsGlobal.Got To Url With Param [ ${url} | &{params} ]
20201212 16:14:25.982 - INFO - +------- START KW: BuiltIn.Replace Variables [ ${url} ]
20201212 16:14:25.982 - DEBUG - Test timeout 2 minutes active. 119.582 seconds left.
20201212 16:14:25.982 - INFO - ${url_} = http://localhost:3001/devel/db/users/seed/1
20201212 16:14:25.982 - INFO - +------- END KW: BuiltIn.Replace Variables (0)
20201212 16:14:25.983 - INFO - +------- START KW: SeleniumLibrary.Go To [ ${url_} ]
20201212 16:14:25.983 - DEBUG - Test timeout 2 minutes active. 119.582 seconds left.
20201212 16:14:25.983 - INFO - Opening url 'http://localhost:3001/devel/db/users/seed/1'
20201212 16:14:26.463 - INFO - +------- END KW: SeleniumLibrary.Go To (480)
20201212 16:14:26.464 - INFO - +------ END KW: FunctionsGlobal.Got To Url With Param (482)
20201212 16:14:26.464 - INFO - +------ START KW: FunctionsGlobal.Page WithoutWarningOrFailure [ ]
20201212 16:14:26.464 - INFO - +------- START KW: SeleniumLibrary.Page Should Not Contain [ Warning: ]
20201212 16:14:26.464 - DEBUG - Test timeout 2 minutes active. 119.1 seconds left.
20201212 16:14:26.482 - DEBUG - Current frame has 0 subframes.
20201212 16:14:26.482 - INFO - Current page does not contain text 'Warning:'.
20201212 16:14:26.483 - INFO - +------- END KW: SeleniumLibrary.Page Should Not Contain (18)
20201212 16:14:26.483 - INFO - +------- START KW: SeleniumLibrary.Page Should Not Contain [ Failed ]
20201212 16:14:26.483 - DEBUG - Test timeout 2 minutes active. 119.082 seconds left.
20201212 16:14:26.490 - DEBUG - Current frame has 0 subframes.
20201212 16:14:26.490 - INFO - Current page does not contain text 'Failed'.
20201212 16:14:26.490 - INFO - +------- END KW: SeleniumLibrary.Page Should Not Contain (7)
20201212 16:14:26.491 - INFO - +------- START KW: SeleniumLibrary.Page Should Not Contain [ Internal Server Error ]
20201212 16:14:26.491 - DEBUG - Test timeout 2 minutes active. 119.074 seconds left.
20201212 16:14:26.496 - DEBUG - Current frame has 0 subframes.
20201212 16:14:26.496 - INFO - Current page does not contain text 'Internal Server Error'.
20201212 16:14:26.496 - INFO - +------- END KW: SeleniumLibrary.Page Should Not Contain (5)
20201212 16:14:26.496 - INFO - +------ END KW: FunctionsGlobal.Page WithoutWarningOrFailure (32)
20201212 16:14:26.497 - INFO - +----- END KW: FunctionsGlobal.Go To Url (516)
20201212 16:14:26.497 - INFO - +----- START KW: FunctionsGlobal.Empty Dev Mailbox Fast [ ]
20201212 16:14:26.497 - INFO - +------ START KW: FunctionsGlobal.Go To Url [ ${PAGE_DEV_MAILBOX_CLEAR_URL} ]
20201212 16:14:26.497 - INFO - +------- START KW: FunctionsGlobal.Got To Url With Param [ ${url} | &{params} ]
20201212 16:14:26.498 - INFO - +-------- START KW: BuiltIn.Replace Variables [ ${url} ]
20201212 16:14:26.498 - DEBUG - Test timeout 2 minutes active. 119.067 seconds left.
20201212 16:14:26.498 - INFO - ${url_} = http://localhost:3001/devel/mail/delete/all
20201212 16:14:26.498 - INFO - +-------- END KW: BuiltIn.Replace Variables (0)
20201212 16:14:26.498 - INFO - +-------- START KW: SeleniumLibrary.Go To [ ${url_} ]
20201212 16:14:26.498 - DEBUG - Test timeout 2 minutes active. 119.066 seconds left.
20201212 16:14:26.498 - INFO - Opening url 'http://localhost:3001/devel/mail/delete/all'
20201212 16:14:26.862 - INFO - +-------- END KW: SeleniumLibrary.Go To (363)
20201212 16:14:26.862 - INFO - +------- END KW: FunctionsGlobal.Got To Url With Param (365)
20201212 16:14:26.862 - INFO - +------- START KW: FunctionsGlobal.Page WithoutWarningOrFailure [ ]
20201212 16:14:26.863 - INFO - +-------- START KW: SeleniumLibrary.Page Should Not Contain [ Warning: ]
20201212 16:14:26.863 - DEBUG - Test timeout 2 minutes active. 118.702 seconds left.
20201212 16:14:26.889 - DEBUG - Current frame has 0 subframes.
20201212 16:14:26.889 - INFO - Current page does not contain text 'Warning:'.
20201212 16:14:26.889 - INFO - +-------- END KW: SeleniumLibrary.Page Should Not Contain (26)
20201212 16:14:26.889 - INFO - +-------- START KW: SeleniumLibrary.Page Should Not Contain [ Failed ]
20201212 16:14:26.890 - DEBUG - Test timeout 2 minutes active. 118.675 seconds left.
20201212 16:14:26.895 - DEBUG - Current frame has 0 subframes.
20201212 16:14:26.895 - INFO - Current page does not contain text 'Failed'.
20201212 16:14:26.896 - INFO - +-------- END KW: SeleniumLibrary.Page Should Not Contain (7)
20201212 16:14:26.896 - INFO - +-------- START KW: SeleniumLibrary.Page Should Not Contain [ Internal Server Error ]
20201212 16:14:26.896 - DEBUG - Test timeout 2 minutes active. 118.669 seconds left.
20201212 16:14:26.904 - DEBUG - Current frame has 0 subframes.
20201212 16:14:26.904 - INFO - Current page does not contain text 'Internal Server Error'.
20201212 16:14:26.904 - INFO - +-------- END KW: SeleniumLibrary.Page Should Not Contain (8)
20201212 16:14:26.904 - INFO - +------- END KW: FunctionsGlobal.Page WithoutWarningOrFailure (42)
20201212 16:14:26.904 - INFO - +------ END KW: FunctionsGlobal.Go To Url (407)
20201212 16:14:26.904 - INFO - +----- END KW: FunctionsGlobal.Empty Dev Mailbox Fast (407)
20201212 16:14:26.905 - INFO - +---- END SETUP: FunctionsGlobal.Clear DB And Seed 1 users (1338)
~~~~~~~~~~~~~~~~~~~~~~~~~~~~~~~~~~~~~~~~~~~~~~~~~~~~~~~~~~~~~~~~~~~~~~~~~~~~~~
20201212 16:14:26.905 - INFO - +---- START KW: FunctionsGlobal.Sign In ${USER_1.name} Fast [ ]
20201212 16:14:26.905 - INFO - +----- START KW: FunctionsGlobal.Go To Url [ ${PAGE_LOGIN_USER} | username=${username} ]
20201212 16:14:26.906 - INFO - +------ START KW: FunctionsGlobal.Got To Url With Param [ ${url} | &{params} ]
20201212 16:14:26.906 - INFO - +------- START KW: BuiltIn.Replace Variables [ ${url} ]
20201212 16:14:26.907 - DEBUG - Test timeout 2 minutes active. 118.658 seconds left.
20201212 16:14:26.907 - INFO - ${url_} = http://localhost:3001/devel/users/username1/login
20201212 16:14:26.907 - INFO - +------- END KW: BuiltIn.Replace Variables (1)
20201212 16:14:26.907 - INFO - +------- START KW: SeleniumLibrary.Go To [ ${url_} ]
20201212 16:14:26.907 - DEBUG - Test timeout 2 minutes active. 118.657 seconds left.
20201212 16:14:26.907 - INFO - Opening url 'http://localhost:3001/devel/users/username1/login'
20201212 16:14:27.527 - INFO - +------- END KW: SeleniumLibrary.Go To (620)
20201212 16:14:27.527 - INFO - +------ END KW: FunctionsGlobal.Got To Url With Param (621)
20201212 16:14:27.528 - INFO - +------ START KW: FunctionsGlobal.Page WithoutWarningOrFailure [ ]
20201212 16:14:27.528 - INFO - +------- START KW: SeleniumLibrary.Page Should Not Contain [ Warning: ]
20201212 16:14:27.529 - DEBUG - Test timeout 2 minutes active. 118.036 seconds left.
20201212 16:14:27.559 - DEBUG - Current frame has 0 subframes.
20201212 16:14:27.559 - INFO - Current page does not contain text 'Warning:'.
20201212 16:14:27.560 - INFO - +------- END KW: SeleniumLibrary.Page Should Not Contain (32)
20201212 16:14:27.560 - INFO - +------- START KW: SeleniumLibrary.Page Should Not Contain [ Failed ]
20201212 16:14:27.561 - DEBUG - Test timeout 2 minutes active. 118.004 seconds left.
20201212 16:14:27.580 - DEBUG - Current frame has 0 subframes.
20201212 16:14:27.580 - INFO - Current page does not contain text 'Failed'.
20201212 16:14:27.580 - INFO - +------- END KW: SeleniumLibrary.Page Should Not Contain (20)
20201212 16:14:27.580 - INFO - +------- START KW: SeleniumLibrary.Page Should Not Contain [ Internal Server Error ]
20201212 16:14:27.580 - DEBUG - Test timeout 2 minutes active. 117.984 seconds left.
20201212 16:14:27.588 - DEBUG - Current frame has 0 subframes.
20201212 16:14:27.588 - INFO - Current page does not contain text 'Internal Server Error'.
20201212 16:14:27.588 - INFO - +------- END KW: SeleniumLibrary.Page Should Not Contain (8)
20201212 16:14:27.588 - INFO - +------ END KW: FunctionsGlobal.Page WithoutWarningOrFailure (60)
20201212 16:14:27.588 - INFO - +----- END KW: FunctionsGlobal.Go To Url (683)
20201212 16:14:27.588 - INFO - +----- START KW: SeleniumLibrary.Page Should Not Contain [ Error signing in user ]
20201212 16:14:27.588 - DEBUG - Test timeout 2 minutes active. 117.976 seconds left.
20201212 16:14:27.595 - DEBUG - Current frame has 0 subframes.
20201212 16:14:27.595 - INFO - Current page does not contain text 'Error signing in user'.
20201212 16:14:27.595 - INFO - +----- END KW: SeleniumLibrary.Page Should Not Contain (7)
20201212 16:14:27.595 - INFO - +---- END KW: FunctionsGlobal.Sign In ${USER_1.name} Fast (690)
~~~~~~~~~~~~~~~~~~~~~~~~~~~~~~~~~~~~~~~~~~~~~~~~~~~~~~~~~~~~~~~~~~~~~~~~~~~~~~
20201212 16:14:27.595 - INFO - +---- START KW: Images.Upload user avatar via button [ ${PAGE_USER_1_PROFILE_URL} | /home/travis/build/geokrety/geokrety-website/tests-qa/acceptance/060_UserAvatar.robot/sample-picture.png ]
20201212 16:14:27.596 - INFO - +----- START KW: SeleniumLibrary.Go To [ ${user_profile_url} ]
20201212 16:14:27.596 - DEBUG - Test timeout 2 minutes active. 117.968 seconds left.
20201212 16:14:27.596 - INFO - Opening url 'http://localhost:3001/en/users/1'
20201212 16:14:28.139 - INFO - +----- END KW: SeleniumLibrary.Go To (543)
20201212 16:14:28.139 - INFO - +----- START KW: SeleniumLibrary.Wait Until Page Contains Element [ ${USER_PROFILE_DROPZONE_PICTURE_UPLOAD_BUTTON} | timeout=30 ]
20201212 16:14:28.139 - DEBUG - Test timeout 2 minutes active. 117.425 seconds left.
20201212 16:14:28.147 - INFO - +----- END KW: SeleniumLibrary.Wait Until Page Contains Element (8)
20201212 16:14:28.147 - INFO - +----- START KW: SeleniumLibrary.Choose File [ //*[@type="file"] | ${file} ]
20201212 16:14:28.148 - DEBUG - Test timeout 2 minutes active. 117.417 seconds left.
20201212 16:14:28.148 - INFO - Sending /home/travis/build/geokrety/geokrety-website/tests-qa/acceptance/060_UserAvatar.robot/sample-picture.png to browser.
20201212 16:14:28.189 - INFO - +----- END KW: SeleniumLibrary.Choose File (42)
20201212 16:14:28.189 - INFO - +----- START KW: BuiltIn.Run Keyword And Continue On Failure [ Wait Until Page Contains Element | ${USER_PROFILE_DROPZONE_IMAGE}\[${count}]${DROPZONE_PROCESSING_SUFFIX} | timeout=30 ]
20201212 16:14:28.190 - INFO - +------ START KW: SeleniumLibrary.Wait Until Page Contains Element [ ${USER_PROFILE_DROPZONE_IMAGE}\[${count}]${DROPZONE_PROCESSING_SUFFIX} | timeout=30 ]
20201212 16:14:28.190 - DEBUG - Test timeout 2 minutes active. 117.374 seconds left.
20201212 16:14:28.604 - INFO - +------ END KW: SeleniumLibrary.Wait Until Page Contains Element (414)
20201212 16:14:28.604 - INFO - +----- END KW: BuiltIn.Run Keyword And Continue On Failure (415)
20201212 16:14:28.604 - INFO - +----- START KW: SeleniumLibrary.Wait Until Page Contains Element [ ${USER_PROFILE_DROPZONE_IMAGE}\[${count}]${DROPZONE_PROCESSED_SUFFIX} | timeout=30 ]
20201212 16:14:28.605 - DEBUG - Test timeout 2 minutes active. 116.96 seconds left.
20201212 16:14:30.646 - INFO - +----- END KW: SeleniumLibrary.Wait Until Page Contains Element (2042)
20201212 16:14:30.647 - INFO - +---- END KW: Images.Upload user avatar via button (3052)
~~~~~~~~~~~~~~~~~~~~~~~~~~~~~~~~~~~~~~~~~~~~~~~~~~~~~~~~~~~~~~~~~~~~~~~~~~~~~~
20201212 16:14:30.647 - INFO - +---- START KW: Images.Click Picture Action [ ${USER_PROFILE_FIRST_IMAGE} | ${PICTURE_PULLER_SET_AS_AVATAR_BUTTON} ]
20201212 16:14:30.647 - INFO - +----- START KW: SeleniumLibrary.Wait Until Page Contains Element [ ${image}${PICTURE_PULLER} ]
20201212 16:14:30.648 - DEBUG - Test timeout 2 minutes active. 114.917 seconds left.
20201212 16:14:30.651 - INFO - +----- END KW: SeleniumLibrary.Wait Until Page Contains Element (4)
20201212 16:14:30.651 - INFO - +----- START KW: FunctionsGlobal.Scroll Into View [ ${image}${PICTURE_PULLER} ]
20201212 16:14:30.651 - INFO - +------ START KW: SeleniumLibrary.Execute Javascript [ document.evaluate('${element}', document, null, XPathResult.FIRST_ORDERED_NODE_TYPE, null).singleNodeValue.scrollIntoView({ behavior: 'auto', block: 'center', inline: 'center' }); ]
20201212 16:14:30.651 - DEBUG - Test timeout 2 minutes active. 114.913 seconds left.
20201212 16:14:30.652 - INFO - Executing JavaScript:
document.evaluate('//*[@id="userPicturesList"]//div[@class="gallery"]/div[@class="gallery"][1]//div[contains(@class, "pictures-actions-pull")]', document, null, XPathResult.FIRST_ORDERED_NODE_TYPE, null).singleNodeValue.scrollIntoView({ behavior: 'auto', block: 'center', inline: 'center' });
Without any arguments.
20201212 16:14:30.657 - INFO - +------ END KW: SeleniumLibrary.Execute Javascript (6)
20201212 16:14:30.657 - INFO - +----- END KW: FunctionsGlobal.Scroll Into View (6)
20201212 16:14:30.657 - INFO - +----- START KW: SeleniumLibrary.Mouse Over [ ${image}${PICTURE_PULLER} ]
20201212 16:14:30.657 - DEBUG - Test timeout 2 minutes active. 114.908 seconds left.
20201212 16:14:30.657 - INFO - Simulating Mouse Over on element '//*[@id="userPicturesList"]//div[@class="gallery"]/div[@class="gallery"][1]//div[contains(@class, "pictures-actions-pull")]'.
20201212 16:14:30.917 - INFO - +----- END KW: SeleniumLibrary.Mouse Over (260)
20201212 16:14:30.917 - INFO - +----- START KW: SeleniumLibrary.Mouse Over [ ${image}${button} ]
20201212 16:14:30.918 - DEBUG - Test timeout 2 minutes active. 114.647 seconds left.
20201212 16:14:30.918 - INFO - Simulating Mouse Over on element '//*[@id="userPicturesList"]//div[@class="gallery"]/div[@class="gallery"][1]//button[@data-type="define-as-main-avatar"]'.
20201212 16:14:31.182 - INFO - +----- END KW: SeleniumLibrary.Mouse Over (265)
20201212 16:14:31.182 - INFO - +----- START KW: SeleniumLibrary.Click Button [ ${image}${button} ]
20201212 16:14:31.183 - DEBUG - Test timeout 2 minutes active. 114.382 seconds left.
20201212 16:14:31.183 - INFO - Clicking button '//*[@id="userPicturesList"]//div[@class="gallery"]/div[@class="gallery"][1]//button[@data-type="define-as-main-avatar"]'.
20201212 16:14:31.448 - INFO - +----- END KW: SeleniumLibrary.Click Button (266)
20201212 16:14:31.448 - INFO - +---- END KW: Images.Click Picture Action (801)
~~~~~~~~~~~~~~~~~~~~~~~~~~~~~~~~~~~~~~~~~~~~~~~~~~~~~~~~~~~~~~~~~~~~~~~~~~~~~~
20201212 16:14:31.448 - INFO - +---- START KW: FunctionsGlobal.Wait Until Modal [ Do you want to set this picture as main avatar? ]
20201212 16:14:31.449 - INFO - +----- START KW: SeleniumLibrary.Wait Until Page Contains Element [ ${MODAL_DIALOG} ]
20201212 16:14:31.449 - DEBUG - Test timeout 2 minutes active. 114.116 seconds left.
20201212 16:14:31.453 - INFO - +----- END KW: SeleniumLibrary.Wait Until Page Contains Element (4)
20201212 16:14:31.453 - INFO - +----- START KW: SeleniumLibrary.Wait Until Page Contains Element [ ${MODAL_DIALOG_TITLE} ]
20201212 16:14:31.453 - DEBUG - Test timeout 2 minutes active. 114.112 seconds left.
20201212 16:14:31.456 - INFO - +----- END KW: SeleniumLibrary.Wait Until Page Contains Element (3)
20201212 16:14:31.456 - INFO - +----- START KW: SeleniumLibrary.Element Should Contain [ ${MODAL_DIALOG_TITLE} | ${title} ]
20201212 16:14:31.457 - DEBUG - Test timeout 2 minutes active. 114.108 seconds left.
20201212 16:14:31.472 - INFO - Element '//div[@class="modal-dialog"]//*[@id="modalLabel"]' contains text 'Do you want to set this picture as main avatar?'.
20201212 16:14:31.472 - INFO - +----- END KW: SeleniumLibrary.Element Should Contain (16)
20201212 16:14:31.472 - INFO - +---- END KW: FunctionsGlobal.Wait Until Modal (24)
~~~~~~~~~~~~~~~~~~~~~~~~~~~~~~~~~~~~~~~~~~~~~~~~~~~~~~~~~~~~~~~~~~~~~~~~~~~~~~
20201212 16:14:31.472 - INFO - +---- START KW: RobotEyes.Open Eyes [ SeleniumLibrary | 5 ]
20201212 16:14:31.472 - DEBUG - Test timeout 2 minutes active. 114.092 seconds left.
20201212 16:14:31.478 - INFO - Set_image_as_main_avatar
20201212 16:14:31.478 - INFO - +---- END KW: RobotEyes.Open Eyes (6)
~~~~~~~~~~~~~~~~~~~~~~~~~~~~~~~~~~~~~~~~~~~~~~~~~~~~~~~~~~~~~~~~~~~~~~~~~~~~~~
20201212 16:14:31.478 - INFO - +---- START KW: RobotEyes.Capture Element [ ${MODAL_DIALOG} | name=img1 ]
20201212 16:14:31.478 - DEBUG - Test timeout 2 minutes active. 114.086 seconds left.
20201212 16:14:32.582 - INFO - +---- END KW: RobotEyes.Capture Element (1104)
~~~~~~~~~~~~~~~~~~~~~~~~~~~~~~~~~~~~~~~~~~~~~~~~~~~~~~~~~~~~~~~~~~~~~~~~~~~~~~
20201212 16:14:32.582 - INFO - +---- START KW: SeleniumLibrary.Click Button [ ${MODAL_DIALOG_SUBMIT_BUTTON} ]
20201212 16:14:32.583 - DEBUG - Test timeout 2 minutes active. 112.982 seconds left.
20201212 16:14:32.583 - INFO - Clicking button '//div[@class="modal-dialog"]//div[contains(@class, "modal-footer")]/button[@type="submit"]'.
20201212 16:14:33.492 - INFO - +---- END KW: SeleniumLibrary.Click Button (910)
~~~~~~~~~~~~~~~~~~~~~~~~~~~~~~~~~~~~~~~~~~~~~~~~~~~~~~~~~~~~~~~~~~~~~~~~~~~~~~
20201212 16:14:33.492 - INFO - +---- START KW: RobotEyes.Capture Element [ ${USER_PROFILE_AVATAR_GALLERY} | name=img2 ]
20201212 16:14:33.493 - DEBUG - Test timeout 2 minutes active. 112.072 seconds left.
20201212 16:14:34.604 - INFO - +---- END KW: RobotEyes.Capture Element (1112)
~~~~~~~~~~~~~~~~~~~~~~~~~~~~~~~~~~~~~~~~~~~~~~~~~~~~~~~~~~~~~~~~~~~~~~~~~~~~~~
20201212 16:14:34.604 - INFO - +---- START KW: RobotEyes.Compare Images [ ]
20201212 16:14:34.713 - INFO - +----- START KW: BuiltIn.Fail [ Image dissimilarity exceeds tolerance ]
20201212 16:14:34.714 - DEBUG - Test timeout 2 minutes active. 110.851 seconds left.
20201212 16:14:34.714 - INFO - +----- END KW: BuiltIn.Fail (1)
20201212 16:14:34.604 - DEBUG - Test timeout 2 minutes active. 110.961 seconds left.
20201212 16:14:34.714 - FAIL - Image dissimilarity exceeds tolerance
20201212 16:14:34.714 - DEBUG - Traceback (most recent call last):
  None
20201212 16:14:34.714 - INFO - Comparison output: b'2288.69 (0.0349232) @ 0,0'
Comparison output: b'4209.17 (0.0642278) @ 0,0'
20201212 16:14:34.714 - INFO - +---- END KW: RobotEyes.Compare Images (110)
------------------------------------------------------------------------------
20201212 16:14:34.715 - INFO - +--- END TEST: Set image as main avatar (9151)
------------------------------------------------------------------------------
20201212 16:14:34.717 - INFO - +--- START TEST: Set second image as main avatar [ ]
------------------------------------------------------------------------------
20201212 16:14:34.717 - INFO - +---- START SETUP: FunctionsGlobal.Clear DB And Seed 1 users [ ]
20201212 16:14:34.718 - INFO - +----- START KW: FunctionsGlobal.Clear Database [ ]
20201212 16:14:34.720 - INFO - +------ START KW: FunctionsGlobal.Go To Url [ ${PAGE_DEV_RESET_DB_URL} ]
20201212 16:14:34.721 - INFO - +------- START KW: FunctionsGlobal.Got To Url With Param [ ${url} | &{params} ]
20201212 16:14:34.722 - INFO - +-------- START KW: BuiltIn.Replace Variables [ ${url} ]
20201212 16:14:34.722 - DEBUG - Test timeout 2 minutes active. 119.994 seconds left.
20201212 16:14:34.722 - INFO - ${url_} = http://localhost:3001/devel/db/reset
20201212 16:14:34.722 - INFO - +-------- END KW: BuiltIn.Replace Variables (0)
20201212 16:14:34.723 - INFO - +-------- START KW: SeleniumLibrary.Go To [ ${url_} ]
20201212 16:14:34.723 - DEBUG - Test timeout 2 minutes active. 119.993 seconds left.
20201212 16:14:34.723 - INFO - Opening url 'http://localhost:3001/devel/db/reset'
20201212 16:14:34.976 - INFO - +-------- END KW: SeleniumLibrary.Go To (253)
20201212 16:14:34.977 - INFO - +------- END KW: FunctionsGlobal.Got To Url With Param (256)
20201212 16:14:34.977 - INFO - +------- START KW: FunctionsGlobal.Page WithoutWarningOrFailure [ ]
20201212 16:14:34.977 - INFO - +-------- START KW: SeleniumLibrary.Page Should Not Contain [ Warning: ]
20201212 16:14:34.977 - DEBUG - Test timeout 2 minutes active. 119.739 seconds left.
20201212 16:14:34.988 - DEBUG - Current frame has 0 subframes.
20201212 16:14:34.988 - INFO - Current page does not contain text 'Warning:'.
20201212 16:14:34.989 - INFO - +-------- END KW: SeleniumLibrary.Page Should Not Contain (12)
20201212 16:14:34.989 - INFO - +-------- START KW: SeleniumLibrary.Page Should Not Contain [ Failed ]
20201212 16:14:34.989 - DEBUG - Test timeout 2 minutes active. 119.727 seconds left.
20201212 16:14:34.995 - DEBUG - Current frame has 0 subframes.
20201212 16:14:34.995 - INFO - Current page does not contain text 'Failed'.
20201212 16:14:34.995 - INFO - +-------- END KW: SeleniumLibrary.Page Should Not Contain (6)
20201212 16:14:34.995 - INFO - +-------- START KW: SeleniumLibrary.Page Should Not Contain [ Internal Server Error ]
20201212 16:14:34.996 - DEBUG - Test timeout 2 minutes active. 119.721 seconds left.
20201212 16:14:35.003 - DEBUG - Current frame has 0 subframes.
20201212 16:14:35.003 - INFO - Current page does not contain text 'Internal Server Error'.
20201212 16:14:35.003 - INFO - +-------- END KW: SeleniumLibrary.Page Should Not Contain (8)
20201212 16:14:35.003 - INFO - +------- END KW: FunctionsGlobal.Page WithoutWarningOrFailure (26)
20201212 16:14:35.003 - INFO - +------ END KW: FunctionsGlobal.Go To Url (283)
20201212 16:14:35.003 - INFO - +------ START KW: SeleniumLibrary.Page Should Contain [ OK ]
20201212 16:14:35.004 - DEBUG - Test timeout 2 minutes active. 119.712 seconds left.
20201212 16:14:35.008 - INFO - Current page contains text 'OK'.
20201212 16:14:35.009 - INFO - +------ END KW: SeleniumLibrary.Page Should Contain (6)
20201212 16:14:35.009 - INFO - +----- END KW: FunctionsGlobal.Clear Database (291)
20201212 16:14:35.009 - INFO - +----- START KW: FunctionsGlobal.Go To Url [ ${PAGE_SEED_USER}/${count} ]
20201212 16:14:35.009 - INFO - +------ START KW: FunctionsGlobal.Got To Url With Param [ ${url} | &{params} ]
20201212 16:14:35.010 - INFO - +------- START KW: BuiltIn.Replace Variables [ ${url} ]
20201212 16:14:35.010 - DEBUG - Test timeout 2 minutes active. 119.706 seconds left.
20201212 16:14:35.010 - INFO - ${url_} = http://localhost:3001/devel/db/users/seed/1
20201212 16:14:35.010 - INFO - +------- END KW: BuiltIn.Replace Variables (0)
20201212 16:14:35.010 - INFO - +------- START KW: SeleniumLibrary.Go To [ ${url_} ]
20201212 16:14:35.010 - DEBUG - Test timeout 2 minutes active. 119.706 seconds left.
20201212 16:14:35.010 - INFO - Opening url 'http://localhost:3001/devel/db/users/seed/1'
20201212 16:14:35.483 - INFO - +------- END KW: SeleniumLibrary.Go To (473)
20201212 16:14:35.483 - INFO - +------ END KW: FunctionsGlobal.Got To Url With Param (474)
20201212 16:14:35.484 - INFO - +------ START KW: FunctionsGlobal.Page WithoutWarningOrFailure [ ]
20201212 16:14:35.484 - INFO - +------- START KW: SeleniumLibrary.Page Should Not Contain [ Warning: ]
20201212 16:14:35.485 - DEBUG - Test timeout 2 minutes active. 119.231 seconds left.
20201212 16:14:35.503 - DEBUG - Current frame has 0 subframes.
20201212 16:14:35.503 - INFO - Current page does not contain text 'Warning:'.
20201212 16:14:35.503 - INFO - +------- END KW: SeleniumLibrary.Page Should Not Contain (19)
20201212 16:14:35.503 - INFO - +------- START KW: SeleniumLibrary.Page Should Not Contain [ Failed ]
20201212 16:14:35.504 - DEBUG - Test timeout 2 minutes active. 119.213 seconds left.
20201212 16:14:35.510 - DEBUG - Current frame has 0 subframes.
20201212 16:14:35.510 - INFO - Current page does not contain text 'Failed'.
20201212 16:14:35.510 - INFO - +------- END KW: SeleniumLibrary.Page Should Not Contain (7)
20201212 16:14:35.510 - INFO - +------- START KW: SeleniumLibrary.Page Should Not Contain [ Internal Server Error ]
20201212 16:14:35.510 - DEBUG - Test timeout 2 minutes active. 119.206 seconds left.
20201212 16:14:35.516 - DEBUG - Current frame has 0 subframes.
20201212 16:14:35.516 - INFO - Current page does not contain text 'Internal Server Error'.
20201212 16:14:35.516 - INFO - +------- END KW: SeleniumLibrary.Page Should Not Contain (6)
20201212 16:14:35.516 - INFO - +------ END KW: FunctionsGlobal.Page WithoutWarningOrFailure (32)
20201212 16:14:35.517 - INFO - +----- END KW: FunctionsGlobal.Go To Url (508)
20201212 16:14:35.517 - INFO - +----- START KW: FunctionsGlobal.Empty Dev Mailbox Fast [ ]
20201212 16:14:35.517 - INFO - +------ START KW: FunctionsGlobal.Go To Url [ ${PAGE_DEV_MAILBOX_CLEAR_URL} ]
20201212 16:14:35.518 - INFO - +------- START KW: FunctionsGlobal.Got To Url With Param [ ${url} | &{params} ]
20201212 16:14:35.518 - INFO - +-------- START KW: BuiltIn.Replace Variables [ ${url} ]
20201212 16:14:35.518 - DEBUG - Test timeout 2 minutes active. 119.198 seconds left.
20201212 16:14:35.518 - INFO - ${url_} = http://localhost:3001/devel/mail/delete/all
20201212 16:14:35.518 - INFO - +-------- END KW: BuiltIn.Replace Variables (0)
20201212 16:14:35.519 - INFO - +-------- START KW: SeleniumLibrary.Go To [ ${url_} ]
20201212 16:14:35.519 - DEBUG - Test timeout 2 minutes active. 119.197 seconds left.
20201212 16:14:35.519 - INFO - Opening url 'http://localhost:3001/devel/mail/delete/all'
20201212 16:14:35.804 - INFO - +-------- END KW: SeleniumLibrary.Go To (285)
20201212 16:14:35.804 - INFO - +------- END KW: FunctionsGlobal.Got To Url With Param (286)
20201212 16:14:35.804 - INFO - +------- START KW: FunctionsGlobal.Page WithoutWarningOrFailure [ ]
20201212 16:14:35.805 - INFO - +-------- START KW: SeleniumLibrary.Page Should Not Contain [ Warning: ]
20201212 16:14:35.805 - DEBUG - Test timeout 2 minutes active. 118.911 seconds left.
20201212 16:14:35.821 - DEBUG - Current frame has 0 subframes.
20201212 16:14:35.821 - INFO - Current page does not contain text 'Warning:'.
20201212 16:14:35.821 - INFO - +-------- END KW: SeleniumLibrary.Page Should Not Contain (16)
20201212 16:14:35.821 - INFO - +-------- START KW: SeleniumLibrary.Page Should Not Contain [ Failed ]
20201212 16:14:35.822 - DEBUG - Test timeout 2 minutes active. 118.895 seconds left.
20201212 16:14:35.827 - DEBUG - Current frame has 0 subframes.
20201212 16:14:35.827 - INFO - Current page does not contain text 'Failed'.
20201212 16:14:35.827 - INFO - +-------- END KW: SeleniumLibrary.Page Should Not Contain (6)
20201212 16:14:35.828 - INFO - +-------- START KW: SeleniumLibrary.Page Should Not Contain [ Internal Server Error ]
20201212 16:14:35.828 - DEBUG - Test timeout 2 minutes active. 118.888 seconds left.
20201212 16:14:35.836 - DEBUG - Current frame has 0 subframes.
20201212 16:14:35.836 - INFO - Current page does not contain text 'Internal Server Error'.
20201212 16:14:35.836 - INFO - +-------- END KW: SeleniumLibrary.Page Should Not Contain (8)
20201212 16:14:35.836 - INFO - +------- END KW: FunctionsGlobal.Page WithoutWarningOrFailure (32)
20201212 16:14:35.837 - INFO - +------ END KW: FunctionsGlobal.Go To Url (320)
20201212 16:14:35.837 - INFO - +----- END KW: FunctionsGlobal.Empty Dev Mailbox Fast (320)
20201212 16:14:35.837 - INFO - +---- END SETUP: FunctionsGlobal.Clear DB And Seed 1 users (1120)
~~~~~~~~~~~~~~~~~~~~~~~~~~~~~~~~~~~~~~~~~~~~~~~~~~~~~~~~~~~~~~~~~~~~~~~~~~~~~~
20201212 16:14:35.837 - INFO - +---- START KW: RobotEyes.Compare Images [ ]
20201212 16:14:35.948 - INFO - +----- START KW: BuiltIn.Fail [ Image dissimilarity exceeds tolerance ]
20201212 16:14:35.948 - DEBUG - Test timeout 2 minutes active. 118.768 seconds left.
20201212 16:14:35.948 - INFO - +----- END KW: BuiltIn.Fail (1)
20201212 16:14:35.837 - DEBUG - Test timeout 2 minutes active. 118.879 seconds left.
20201212 16:14:35.948 - FAIL - Image dissimilarity exceeds tolerance
20201212 16:14:35.948 - DEBUG - Traceback (most recent call last):
  None
20201212 16:14:35.949 - INFO - Comparison output: b'2288.69 (0.0349232) @ 0,0'
Comparison output: b'4209.17 (0.0642278) @ 0,0'
20201212 16:14:35.949 - INFO - +---- END KW: RobotEyes.Compare Images (112)
------------------------------------------------------------------------------
20201212 16:14:35.950 - INFO - +--- END TEST: Set second image as main avatar (1233)
------------------------------------------------------------------------------
20201212 16:14:35.953 - INFO - +-- END SUITE: Acceptance.060 UserAvatar.robot.030 DefineAsMain (10432)
==============================================================================
20201212 16:14:35.984 - INFO - +-- START SUITE: Acceptance.060 UserAvatar.robot.040 UpdateCaption [ ]
==============================================================================
20201212 16:14:35.985 - INFO - +--- START SETUP: Seed [ ]
20201212 16:14:35.985 - INFO - +---- START KW: FunctionsGlobal.Clear Database [ ]
20201212 16:14:35.985 - INFO - +----- START KW: FunctionsGlobal.Go To Url [ ${PAGE_DEV_RESET_DB_URL} ]
20201212 16:14:35.986 - INFO - +------ START KW: FunctionsGlobal.Got To Url With Param [ ${url} | &{params} ]
20201212 16:14:35.986 - INFO - +------- START KW: BuiltIn.Replace Variables [ ${url} ]
20201212 16:14:35.987 - INFO - ${url_} = http://localhost:3001/devel/db/reset
20201212 16:14:35.987 - INFO - +------- END KW: BuiltIn.Replace Variables (1)
20201212 16:14:35.987 - INFO - +------- START KW: SeleniumLibrary.Go To [ ${url_} ]
20201212 16:14:35.987 - INFO - Opening url 'http://localhost:3001/devel/db/reset'
20201212 16:14:36.222 - INFO - +------- END KW: SeleniumLibrary.Go To (235)
20201212 16:14:36.223 - INFO - +------ END KW: FunctionsGlobal.Got To Url With Param (237)
20201212 16:14:36.223 - INFO - +------ START KW: FunctionsGlobal.Page WithoutWarningOrFailure [ ]
20201212 16:14:36.223 - INFO - +------- START KW: SeleniumLibrary.Page Should Not Contain [ Warning: ]
20201212 16:14:36.239 - DEBUG - Current frame has 0 subframes.
20201212 16:14:36.239 - INFO - Current page does not contain text 'Warning:'.
20201212 16:14:36.239 - INFO - +------- END KW: SeleniumLibrary.Page Should Not Contain (16)
20201212 16:14:36.239 - INFO - +------- START KW: SeleniumLibrary.Page Should Not Contain [ Failed ]
20201212 16:14:36.245 - DEBUG - Current frame has 0 subframes.
20201212 16:14:36.245 - INFO - Current page does not contain text 'Failed'.
20201212 16:14:36.245 - INFO - +------- END KW: SeleniumLibrary.Page Should Not Contain (6)
20201212 16:14:36.245 - INFO - +------- START KW: SeleniumLibrary.Page Should Not Contain [ Internal Server Error ]
20201212 16:14:36.253 - DEBUG - Current frame has 0 subframes.
20201212 16:14:36.253 - INFO - Current page does not contain text 'Internal Server Error'.
20201212 16:14:36.253 - INFO - +------- END KW: SeleniumLibrary.Page Should Not Contain (8)
20201212 16:14:36.253 - INFO - +------ END KW: FunctionsGlobal.Page WithoutWarningOrFailure (30)
20201212 16:14:36.253 - INFO - +----- END KW: FunctionsGlobal.Go To Url (268)
20201212 16:14:36.253 - INFO - +----- START KW: SeleniumLibrary.Page Should Contain [ OK ]
20201212 16:14:36.257 - INFO - Current page contains text 'OK'.
20201212 16:14:36.258 - INFO - +----- END KW: SeleniumLibrary.Page Should Contain (4)
20201212 16:14:36.258 - INFO - +---- END KW: FunctionsGlobal.Clear Database (273)
20201212 16:14:36.258 - INFO - +---- START KW: FunctionsGlobal.Seed 1 users [ ]
20201212 16:14:36.258 - INFO - +----- START KW: FunctionsGlobal.Go To Url [ ${PAGE_SEED_USER}/${count} ]
20201212 16:14:36.258 - INFO - +------ START KW: FunctionsGlobal.Got To Url With Param [ ${url} | &{params} ]
20201212 16:14:36.259 - INFO - +------- START KW: BuiltIn.Replace Variables [ ${url} ]
20201212 16:14:36.259 - INFO - ${url_} = http://localhost:3001/devel/db/users/seed/1
20201212 16:14:36.259 - INFO - +------- END KW: BuiltIn.Replace Variables (0)
20201212 16:14:36.259 - INFO - +------- START KW: SeleniumLibrary.Go To [ ${url_} ]
20201212 16:14:36.259 - INFO - Opening url 'http://localhost:3001/devel/db/users/seed/1'
20201212 16:14:36.733 - INFO - +------- END KW: SeleniumLibrary.Go To (474)
20201212 16:14:36.733 - INFO - +------ END KW: FunctionsGlobal.Got To Url With Param (475)
20201212 16:14:36.733 - INFO - +------ START KW: FunctionsGlobal.Page WithoutWarningOrFailure [ ]
20201212 16:14:36.734 - INFO - +------- START KW: SeleniumLibrary.Page Should Not Contain [ Warning: ]
20201212 16:14:36.752 - DEBUG - Current frame has 0 subframes.
20201212 16:14:36.753 - INFO - Current page does not contain text 'Warning:'.
20201212 16:14:36.753 - INFO - +------- END KW: SeleniumLibrary.Page Should Not Contain (19)
20201212 16:14:36.753 - INFO - +------- START KW: SeleniumLibrary.Page Should Not Contain [ Failed ]
20201212 16:14:36.759 - DEBUG - Current frame has 0 subframes.
20201212 16:14:36.759 - INFO - Current page does not contain text 'Failed'.
20201212 16:14:36.759 - INFO - +------- END KW: SeleniumLibrary.Page Should Not Contain (6)
20201212 16:14:36.759 - INFO - +------- START KW: SeleniumLibrary.Page Should Not Contain [ Internal Server Error ]
20201212 16:14:36.766 - DEBUG - Current frame has 0 subframes.
20201212 16:14:36.766 - INFO - Current page does not contain text 'Internal Server Error'.
20201212 16:14:36.766 - INFO - +------- END KW: SeleniumLibrary.Page Should Not Contain (7)
20201212 16:14:36.766 - INFO - +------ END KW: FunctionsGlobal.Page WithoutWarningOrFailure (33)
20201212 16:14:36.766 - INFO - +----- END KW: FunctionsGlobal.Go To Url (508)
20201212 16:14:36.766 - INFO - +----- START KW: FunctionsGlobal.Empty Dev Mailbox Fast [ ]
20201212 16:14:36.767 - INFO - +------ START KW: FunctionsGlobal.Go To Url [ ${PAGE_DEV_MAILBOX_CLEAR_URL} ]
20201212 16:14:36.767 - INFO - +------- START KW: FunctionsGlobal.Got To Url With Param [ ${url} | &{params} ]
20201212 16:14:36.768 - INFO - +-------- START KW: BuiltIn.Replace Variables [ ${url} ]
20201212 16:14:36.768 - INFO - ${url_} = http://localhost:3001/devel/mail/delete/all
20201212 16:14:36.768 - INFO - +-------- END KW: BuiltIn.Replace Variables (0)
20201212 16:14:36.768 - INFO - +-------- START KW: SeleniumLibrary.Go To [ ${url_} ]
20201212 16:14:36.768 - INFO - Opening url 'http://localhost:3001/devel/mail/delete/all'
20201212 16:14:37.073 - INFO - +-------- END KW: SeleniumLibrary.Go To (305)
20201212 16:14:37.074 - INFO - +------- END KW: FunctionsGlobal.Got To Url With Param (307)
20201212 16:14:37.074 - INFO - +------- START KW: FunctionsGlobal.Page WithoutWarningOrFailure [ ]
20201212 16:14:37.074 - INFO - +-------- START KW: SeleniumLibrary.Page Should Not Contain [ Warning: ]
20201212 16:14:37.104 - DEBUG - Current frame has 0 subframes.
20201212 16:14:37.104 - INFO - Current page does not contain text 'Warning:'.
20201212 16:14:37.105 - INFO - +-------- END KW: SeleniumLibrary.Page Should Not Contain (31)
20201212 16:14:37.105 - INFO - +-------- START KW: SeleniumLibrary.Page Should Not Contain [ Failed ]
20201212 16:14:37.128 - DEBUG - Current frame has 0 subframes.
20201212 16:14:37.128 - INFO - Current page does not contain text 'Failed'.
20201212 16:14:37.128 - INFO - +-------- END KW: SeleniumLibrary.Page Should Not Contain (23)
20201212 16:14:37.128 - INFO - +-------- START KW: SeleniumLibrary.Page Should Not Contain [ Internal Server Error ]
20201212 16:14:37.135 - DEBUG - Current frame has 0 subframes.
20201212 16:14:37.135 - INFO - Current page does not contain text 'Internal Server Error'.
20201212 16:14:37.135 - INFO - +-------- END KW: SeleniumLibrary.Page Should Not Contain (7)
20201212 16:14:37.135 - INFO - +------- END KW: FunctionsGlobal.Page WithoutWarningOrFailure (61)
20201212 16:14:37.135 - INFO - +------ END KW: FunctionsGlobal.Go To Url (368)
20201212 16:14:37.136 - INFO - +----- END KW: FunctionsGlobal.Empty Dev Mailbox Fast (369)
20201212 16:14:37.136 - INFO - +---- END KW: FunctionsGlobal.Seed 1 users (878)
20201212 16:14:37.136 - INFO - +--- END SETUP: Seed (1151)
------------------------------------------------------------------------------
20201212 16:14:37.136 - INFO - +--- START TEST: Define Picture Caption [ ]
------------------------------------------------------------------------------
20201212 16:14:37.137 - INFO - +---- START KW: FunctionsGlobal.Sign In ${USER_1.name} Fast [ ]
20201212 16:14:37.138 - INFO - +----- START KW: FunctionsGlobal.Go To Url [ ${PAGE_LOGIN_USER} | username=${username} ]
20201212 16:14:37.138 - INFO - +------ START KW: FunctionsGlobal.Got To Url With Param [ ${url} | &{params} ]
20201212 16:14:37.139 - INFO - +------- START KW: BuiltIn.Replace Variables [ ${url} ]
20201212 16:14:37.139 - DEBUG - Test timeout 2 minutes active. 119.996 seconds left.
20201212 16:14:37.140 - INFO - ${url_} = http://localhost:3001/devel/users/username1/login
20201212 16:14:37.140 - INFO - +------- END KW: BuiltIn.Replace Variables (1)
20201212 16:14:37.140 - INFO - +------- START KW: SeleniumLibrary.Go To [ ${url_} ]
20201212 16:14:37.148 - DEBUG - Test timeout 2 minutes active. 119.988 seconds left.
20201212 16:14:37.148 - INFO - Opening url 'http://localhost:3001/devel/users/username1/login'
20201212 16:14:37.766 - INFO - +------- END KW: SeleniumLibrary.Go To (626)
20201212 16:14:37.766 - INFO - +------ END KW: FunctionsGlobal.Got To Url With Param (628)
20201212 16:14:37.767 - INFO - +------ START KW: FunctionsGlobal.Page WithoutWarningOrFailure [ ]
20201212 16:14:37.767 - INFO - +------- START KW: SeleniumLibrary.Page Should Not Contain [ Warning: ]
20201212 16:14:37.767 - DEBUG - Test timeout 2 minutes active. 119.368 seconds left.
20201212 16:14:37.806 - DEBUG - Current frame has 0 subframes.
20201212 16:14:37.806 - INFO - Current page does not contain text 'Warning:'.
20201212 16:14:37.806 - INFO - +------- END KW: SeleniumLibrary.Page Should Not Contain (39)
20201212 16:14:37.806 - INFO - +------- START KW: SeleniumLibrary.Page Should Not Contain [ Failed ]
20201212 16:14:37.807 - DEBUG - Test timeout 2 minutes active. 119.329 seconds left.
20201212 16:14:37.813 - DEBUG - Current frame has 0 subframes.
20201212 16:14:37.813 - INFO - Current page does not contain text 'Failed'.
20201212 16:14:37.813 - INFO - +------- END KW: SeleniumLibrary.Page Should Not Contain (7)
20201212 16:14:37.814 - INFO - +------- START KW: SeleniumLibrary.Page Should Not Contain [ Internal Server Error ]
20201212 16:14:37.814 - DEBUG - Test timeout 2 minutes active. 119.322 seconds left.
20201212 16:14:37.822 - DEBUG - Current frame has 0 subframes.
20201212 16:14:37.822 - INFO - Current page does not contain text 'Internal Server Error'.
20201212 16:14:37.823 - INFO - +------- END KW: SeleniumLibrary.Page Should Not Contain (9)
20201212 16:14:37.823 - INFO - +------ END KW: FunctionsGlobal.Page WithoutWarningOrFailure (56)
20201212 16:14:37.823 - INFO - +----- END KW: FunctionsGlobal.Go To Url (685)
20201212 16:14:37.823 - INFO - +----- START KW: SeleniumLibrary.Page Should Not Contain [ Error signing in user ]
20201212 16:14:37.823 - DEBUG - Test timeout 2 minutes active. 119.313 seconds left.
20201212 16:14:37.829 - DEBUG - Current frame has 0 subframes.
20201212 16:14:37.829 - INFO - Current page does not contain text 'Error signing in user'.
20201212 16:14:37.829 - INFO - +----- END KW: SeleniumLibrary.Page Should Not Contain (6)
20201212 16:14:37.830 - INFO - +---- END KW: FunctionsGlobal.Sign In ${USER_1.name} Fast (693)
~~~~~~~~~~~~~~~~~~~~~~~~~~~~~~~~~~~~~~~~~~~~~~~~~~~~~~~~~~~~~~~~~~~~~~~~~~~~~~
20201212 16:14:37.830 - INFO - +---- START KW: Images.Upload user avatar via button [ ${PAGE_USER_1_PROFILE_URL} | /home/travis/build/geokrety/geokrety-website/tests-qa/acceptance/060_UserAvatar.robot/sample-picture.png ]
20201212 16:14:37.830 - INFO - +----- START KW: SeleniumLibrary.Go To [ ${user_profile_url} ]
20201212 16:14:37.830 - DEBUG - Test timeout 2 minutes active. 119.306 seconds left.
20201212 16:14:37.830 - INFO - Opening url 'http://localhost:3001/en/users/1'
20201212 16:14:38.324 - INFO - +----- END KW: SeleniumLibrary.Go To (494)
20201212 16:14:38.324 - INFO - +----- START KW: SeleniumLibrary.Wait Until Page Contains Element [ ${USER_PROFILE_DROPZONE_PICTURE_UPLOAD_BUTTON} | timeout=30 ]
20201212 16:14:38.324 - DEBUG - Test timeout 2 minutes active. 118.811 seconds left.
20201212 16:14:38.344 - INFO - +----- END KW: SeleniumLibrary.Wait Until Page Contains Element (20)
20201212 16:14:38.344 - INFO - +----- START KW: SeleniumLibrary.Choose File [ //*[@type="file"] | ${file} ]
20201212 16:14:38.344 - DEBUG - Test timeout 2 minutes active. 118.792 seconds left.
20201212 16:14:38.345 - INFO - Sending /home/travis/build/geokrety/geokrety-website/tests-qa/acceptance/060_UserAvatar.robot/sample-picture.png to browser.
20201212 16:14:38.369 - INFO - +----- END KW: SeleniumLibrary.Choose File (25)
20201212 16:14:38.369 - INFO - +----- START KW: BuiltIn.Run Keyword And Continue On Failure [ Wait Until Page Contains Element | ${USER_PROFILE_DROPZONE_IMAGE}\[${count}]${DROPZONE_PROCESSING_SUFFIX} | timeout=30 ]
20201212 16:14:38.370 - INFO - +------ START KW: SeleniumLibrary.Wait Until Page Contains Element [ ${USER_PROFILE_DROPZONE_IMAGE}\[${count}]${DROPZONE_PROCESSING_SUFFIX} | timeout=30 ]
20201212 16:14:38.370 - DEBUG - Test timeout 2 minutes active. 118.766 seconds left.
20201212 16:14:38.812 - INFO - +------ END KW: SeleniumLibrary.Wait Until Page Contains Element (442)
20201212 16:14:38.812 - INFO - +----- END KW: BuiltIn.Run Keyword And Continue On Failure (443)
20201212 16:14:38.812 - INFO - +----- START KW: SeleniumLibrary.Wait Until Page Contains Element [ ${USER_PROFILE_DROPZONE_IMAGE}\[${count}]${DROPZONE_PROCESSED_SUFFIX} | timeout=30 ]
20201212 16:14:38.813 - DEBUG - Test timeout 2 minutes active. 118.323 seconds left.
20201212 16:14:40.850 - INFO - +----- END KW: SeleniumLibrary.Wait Until Page Contains Element (2038)
20201212 16:14:40.851 - INFO - +---- END KW: Images.Upload user avatar via button (3021)
~~~~~~~~~~~~~~~~~~~~~~~~~~~~~~~~~~~~~~~~~~~~~~~~~~~~~~~~~~~~~~~~~~~~~~~~~~~~~~
20201212 16:14:40.851 - INFO - +---- START KW: Images.Click Picture Action [ ${USER_PROFILE_FIRST_IMAGE} | ${PICTURE_PULLER_EDIT_BUTTON} ]
20201212 16:14:40.851 - INFO - +----- START KW: SeleniumLibrary.Wait Until Page Contains Element [ ${image}${PICTURE_PULLER} ]
20201212 16:14:40.852 - DEBUG - Test timeout 2 minutes active. 116.284 seconds left.
20201212 16:14:40.856 - INFO - +----- END KW: SeleniumLibrary.Wait Until Page Contains Element (5)
20201212 16:14:40.856 - INFO - +----- START KW: FunctionsGlobal.Scroll Into View [ ${image}${PICTURE_PULLER} ]
20201212 16:14:40.857 - INFO - +------ START KW: SeleniumLibrary.Execute Javascript [ document.evaluate('${element}', document, null, XPathResult.FIRST_ORDERED_NODE_TYPE, null).singleNodeValue.scrollIntoView({ behavior: 'auto', block: 'center', inline: 'center' }); ]
20201212 16:14:40.857 - DEBUG - Test timeout 2 minutes active. 116.279 seconds left.
20201212 16:14:40.857 - INFO - Executing JavaScript:
document.evaluate('//*[@id="userPicturesList"]//div[@class="gallery"]/div[@class="gallery"][1]//div[contains(@class, "pictures-actions-pull")]', document, null, XPathResult.FIRST_ORDERED_NODE_TYPE, null).singleNodeValue.scrollIntoView({ behavior: 'auto', block: 'center', inline: 'center' });
Without any arguments.
20201212 16:14:40.860 - INFO - +------ END KW: SeleniumLibrary.Execute Javascript (4)
20201212 16:14:40.861 - INFO - +----- END KW: FunctionsGlobal.Scroll Into View (5)
20201212 16:14:40.861 - INFO - +----- START KW: SeleniumLibrary.Mouse Over [ ${image}${PICTURE_PULLER} ]
20201212 16:14:40.861 - DEBUG - Test timeout 2 minutes active. 116.275 seconds left.
20201212 16:14:40.861 - INFO - Simulating Mouse Over on element '//*[@id="userPicturesList"]//div[@class="gallery"]/div[@class="gallery"][1]//div[contains(@class, "pictures-actions-pull")]'.
20201212 16:14:41.118 - INFO - +----- END KW: SeleniumLibrary.Mouse Over (257)
20201212 16:14:41.118 - INFO - +----- START KW: SeleniumLibrary.Mouse Over [ ${image}${button} ]
20201212 16:14:41.118 - DEBUG - Test timeout 2 minutes active. 116.018 seconds left.
20201212 16:14:41.118 - INFO - Simulating Mouse Over on element '//*[@id="userPicturesList"]//div[@class="gallery"]/div[@class="gallery"][1]//button[@data-type="picture-edit"]'.
20201212 16:14:41.386 - INFO - +----- END KW: SeleniumLibrary.Mouse Over (268)
20201212 16:14:41.387 - INFO - +----- START KW: SeleniumLibrary.Click Button [ ${image}${button} ]
20201212 16:14:41.387 - DEBUG - Test timeout 2 minutes active. 115.749 seconds left.
20201212 16:14:41.387 - INFO - Clicking button '//*[@id="userPicturesList"]//div[@class="gallery"]/div[@class="gallery"][1]//button[@data-type="picture-edit"]'.
20201212 16:14:41.646 - INFO - +----- END KW: SeleniumLibrary.Click Button (259)
20201212 16:14:41.647 - INFO - +---- END KW: Images.Click Picture Action (796)
~~~~~~~~~~~~~~~~~~~~~~~~~~~~~~~~~~~~~~~~~~~~~~~~~~~~~~~~~~~~~~~~~~~~~~~~~~~~~~
20201212 16:14:41.647 - INFO - +---- START KW: FunctionsGlobal.Wait Until Modal [ Manage picture ]
20201212 16:14:41.647 - INFO - +----- START KW: SeleniumLibrary.Wait Until Page Contains Element [ ${MODAL_DIALOG} ]
20201212 16:14:41.647 - DEBUG - Test timeout 2 minutes active. 115.488 seconds left.
20201212 16:14:41.651 - INFO - +----- END KW: SeleniumLibrary.Wait Until Page Contains Element (4)
20201212 16:14:41.651 - INFO - +----- START KW: SeleniumLibrary.Wait Until Page Contains Element [ ${MODAL_DIALOG_TITLE} ]
20201212 16:14:41.652 - DEBUG - Test timeout 2 minutes active. 115.484 seconds left.
20201212 16:14:41.655 - INFO - +----- END KW: SeleniumLibrary.Wait Until Page Contains Element (4)
20201212 16:14:41.655 - INFO - +----- START KW: SeleniumLibrary.Element Should Contain [ ${MODAL_DIALOG_TITLE} | ${title} ]
20201212 16:14:41.656 - DEBUG - Test timeout 2 minutes active. 115.48 seconds left.
20201212 16:14:41.663 - INFO - Element '//div[@class="modal-dialog"]//*[@id="modalLabel"]' contains text 'Manage picture'.
20201212 16:14:41.663 - INFO - +----- END KW: SeleniumLibrary.Element Should Contain (8)
20201212 16:14:41.663 - INFO - +---- END KW: FunctionsGlobal.Wait Until Modal (16)
~~~~~~~~~~~~~~~~~~~~~~~~~~~~~~~~~~~~~~~~~~~~~~~~~~~~~~~~~~~~~~~~~~~~~~~~~~~~~~
20201212 16:14:41.663 - INFO - +---- START KW: SeleniumLibrary.Input Text [ ${USER_PROFILE_AVATAR_CAPTION_INPUT} | Bonjour ]
20201212 16:14:41.664 - DEBUG - Test timeout 2 minutes active. 115.472 seconds left.
20201212 16:14:41.664 - INFO - Typing text 'Bonjour' into text field '//*[@id="caption"]'.
20201212 16:14:41.688 - INFO - +---- END KW: SeleniumLibrary.Input Text (25)
~~~~~~~~~~~~~~~~~~~~~~~~~~~~~~~~~~~~~~~~~~~~~~~~~~~~~~~~~~~~~~~~~~~~~~~~~~~~~~
20201212 16:14:41.688 - INFO - +---- START KW: SeleniumLibrary.Click Button [ ${MODAL_DIALOG_SUBMIT_BUTTON} ]
20201212 16:14:41.688 - DEBUG - Test timeout 2 minutes active. 115.448 seconds left.
20201212 16:14:41.688 - INFO - Clicking button '//div[@class="modal-dialog"]//div[contains(@class, "modal-footer")]/button[@type="submit"]'.
20201212 16:14:42.490 - INFO - +---- END KW: SeleniumLibrary.Click Button (801)
~~~~~~~~~~~~~~~~~~~~~~~~~~~~~~~~~~~~~~~~~~~~~~~~~~~~~~~~~~~~~~~~~~~~~~~~~~~~~~
20201212 16:14:42.490 - INFO - +---- START KW: RobotEyes.Open Eyes [ SeleniumLibrary | 6 ]
20201212 16:14:42.490 - DEBUG - Test timeout 2 minutes active. 114.646 seconds left.
20201212 16:14:42.500 - INFO - Define_Picture_Caption
20201212 16:14:42.500 - INFO - +---- END KW: RobotEyes.Open Eyes (10)
~~~~~~~~~~~~~~~~~~~~~~~~~~~~~~~~~~~~~~~~~~~~~~~~~~~~~~~~~~~~~~~~~~~~~~~~~~~~~~
20201212 16:14:42.500 - INFO - +---- START KW: SeleniumLibrary.Page Should Contain [ Picture caption saved. ]
20201212 16:14:42.500 - DEBUG - Test timeout 2 minutes active. 114.635 seconds left.
20201212 16:14:42.528 - INFO - Current page contains text 'Picture caption saved.'.
20201212 16:14:42.528 - INFO - +---- END KW: SeleniumLibrary.Page Should Contain (28)
~~~~~~~~~~~~~~~~~~~~~~~~~~~~~~~~~~~~~~~~~~~~~~~~~~~~~~~~~~~~~~~~~~~~~~~~~~~~~~
20201212 16:14:42.528 - INFO - +---- START KW: FunctionsGlobal.Scroll Into View [ ${USER_PROFILE_FIRST_IMAGE} ]
20201212 16:14:42.529 - INFO - +----- START KW: SeleniumLibrary.Execute Javascript [ document.evaluate('${element}', document, null, XPathResult.FIRST_ORDERED_NODE_TYPE, null).singleNodeValue.scrollIntoView({ behavior: 'auto', block: 'center', inline: 'center' }); ]
20201212 16:14:42.529 - DEBUG - Test timeout 2 minutes active. 114.607 seconds left.
20201212 16:14:42.530 - INFO - Executing JavaScript:
document.evaluate('//*[@id="userPicturesList"]//div[@class="gallery"]/div[@class="gallery"][1]', document, null, XPathResult.FIRST_ORDERED_NODE_TYPE, null).singleNodeValue.scrollIntoView({ behavior: 'auto', block: 'center', inline: 'center' });
Without any arguments.
20201212 16:14:42.533 - INFO - +----- END KW: SeleniumLibrary.Execute Javascript (4)
20201212 16:14:42.533 - INFO - +---- END KW: FunctionsGlobal.Scroll Into View (5)
~~~~~~~~~~~~~~~~~~~~~~~~~~~~~~~~~~~~~~~~~~~~~~~~~~~~~~~~~~~~~~~~~~~~~~~~~~~~~~
20201212 16:14:42.533 - INFO - +---- START KW: SeleniumLibrary.Wait Until Element Is Visible [ ${USER_PROFILE_FIRST_IMAGE} ]
20201212 16:14:42.534 - DEBUG - Test timeout 2 minutes active. 114.602 seconds left.
20201212 16:14:42.560 - INFO - +---- END KW: SeleniumLibrary.Wait Until Element Is Visible (27)
~~~~~~~~~~~~~~~~~~~~~~~~~~~~~~~~~~~~~~~~~~~~~~~~~~~~~~~~~~~~~~~~~~~~~~~~~~~~~~
20201212 16:14:42.560 - INFO - +---- START KW: RobotEyes.Capture Element [ ${USER_PROFILE_FIRST_IMAGE} | name=img1 ]
20201212 16:14:42.560 - DEBUG - Test timeout 2 minutes active. 114.576 seconds left.
20201212 16:14:43.646 - INFO - +---- END KW: RobotEyes.Capture Element (1086)
~~~~~~~~~~~~~~~~~~~~~~~~~~~~~~~~~~~~~~~~~~~~~~~~~~~~~~~~~~~~~~~~~~~~~~~~~~~~~~
20201212 16:14:43.646 - INFO - +---- START KW: Images.Click Picture Action [ ${USER_PROFILE_FIRST_IMAGE} | ${PICTURE_PULLER_EDIT_BUTTON} ]
20201212 16:14:43.647 - INFO - +----- START KW: SeleniumLibrary.Wait Until Page Contains Element [ ${image}${PICTURE_PULLER} ]
20201212 16:14:43.647 - DEBUG - Test timeout 2 minutes active. 113.489 seconds left.
20201212 16:14:43.650 - INFO - +----- END KW: SeleniumLibrary.Wait Until Page Contains Element (3)
20201212 16:14:43.650 - INFO - +----- START KW: FunctionsGlobal.Scroll Into View [ ${image}${PICTURE_PULLER} ]
20201212 16:14:43.651 - INFO - +------ START KW: SeleniumLibrary.Execute Javascript [ document.evaluate('${element}', document, null, XPathResult.FIRST_ORDERED_NODE_TYPE, null).singleNodeValue.scrollIntoView({ behavior: 'auto', block: 'center', inline: 'center' }); ]
20201212 16:14:43.651 - DEBUG - Test timeout 2 minutes active. 113.485 seconds left.
20201212 16:14:43.652 - INFO - Executing JavaScript:
document.evaluate('//*[@id="userPicturesList"]//div[@class="gallery"]/div[@class="gallery"][1]//div[contains(@class, "pictures-actions-pull")]', document, null, XPathResult.FIRST_ORDERED_NODE_TYPE, null).singleNodeValue.scrollIntoView({ behavior: 'auto', block: 'center', inline: 'center' });
Without any arguments.
20201212 16:14:43.655 - INFO - +------ END KW: SeleniumLibrary.Execute Javascript (4)
20201212 16:14:43.655 - INFO - +----- END KW: FunctionsGlobal.Scroll Into View (5)
20201212 16:14:43.656 - INFO - +----- START KW: SeleniumLibrary.Mouse Over [ ${image}${PICTURE_PULLER} ]
20201212 16:14:43.656 - DEBUG - Test timeout 2 minutes active. 113.48 seconds left.
20201212 16:14:43.656 - INFO - Simulating Mouse Over on element '//*[@id="userPicturesList"]//div[@class="gallery"]/div[@class="gallery"][1]//div[contains(@class, "pictures-actions-pull")]'.
20201212 16:14:43.914 - INFO - +----- END KW: SeleniumLibrary.Mouse Over (258)
20201212 16:14:43.914 - INFO - +----- START KW: SeleniumLibrary.Mouse Over [ ${image}${button} ]
20201212 16:14:43.914 - DEBUG - Test timeout 2 minutes active. 113.222 seconds left.
20201212 16:14:43.915 - INFO - Simulating Mouse Over on element '//*[@id="userPicturesList"]//div[@class="gallery"]/div[@class="gallery"][1]//button[@data-type="picture-edit"]'.
20201212 16:14:44.172 - INFO - +----- END KW: SeleniumLibrary.Mouse Over (258)
20201212 16:14:44.172 - INFO - +----- START KW: SeleniumLibrary.Click Button [ ${image}${button} ]
20201212 16:14:44.173 - DEBUG - Test timeout 2 minutes active. 112.963 seconds left.
20201212 16:14:44.173 - INFO - Clicking button '//*[@id="userPicturesList"]//div[@class="gallery"]/div[@class="gallery"][1]//button[@data-type="picture-edit"]'.
20201212 16:14:44.426 - INFO - +----- END KW: SeleniumLibrary.Click Button (254)
20201212 16:14:44.427 - INFO - +---- END KW: Images.Click Picture Action (780)
~~~~~~~~~~~~~~~~~~~~~~~~~~~~~~~~~~~~~~~~~~~~~~~~~~~~~~~~~~~~~~~~~~~~~~~~~~~~~~
20201212 16:14:44.427 - INFO - +---- START KW: FunctionsGlobal.Scroll Into View [ ${MODAL_DIALOG} ]
20201212 16:14:44.427 - INFO - +----- START KW: SeleniumLibrary.Execute Javascript [ document.evaluate('${element}', document, null, XPathResult.FIRST_ORDERED_NODE_TYPE, null).singleNodeValue.scrollIntoView({ behavior: 'auto', block: 'center', inline: 'center' }); ]
20201212 16:14:44.427 - DEBUG - Test timeout 2 minutes active. 112.709 seconds left.
20201212 16:14:44.428 - INFO - Executing JavaScript:
document.evaluate('//div[@class="modal-dialog"]', document, null, XPathResult.FIRST_ORDERED_NODE_TYPE, null).singleNodeValue.scrollIntoView({ behavior: 'auto', block: 'center', inline: 'center' });
Without any arguments.
20201212 16:14:44.432 - INFO - +----- END KW: SeleniumLibrary.Execute Javascript (5)
20201212 16:14:44.432 - INFO - +---- END KW: FunctionsGlobal.Scroll Into View (5)
~~~~~~~~~~~~~~~~~~~~~~~~~~~~~~~~~~~~~~~~~~~~~~~~~~~~~~~~~~~~~~~~~~~~~~~~~~~~~~
20201212 16:14:44.432 - INFO - +---- START KW: SeleniumLibrary.Wait Until Element Is Visible [ ${MODAL_DIALOG} ]
20201212 16:14:44.432 - DEBUG - Test timeout 2 minutes active. 112.704 seconds left.
20201212 16:14:44.447 - INFO - +---- END KW: SeleniumLibrary.Wait Until Element Is Visible (15)
~~~~~~~~~~~~~~~~~~~~~~~~~~~~~~~~~~~~~~~~~~~~~~~~~~~~~~~~~~~~~~~~~~~~~~~~~~~~~~
20201212 16:14:44.447 - INFO - +---- START KW: RobotEyes.Capture Element [ ${MODAL_DIALOG} | name=img2 ]
20201212 16:14:44.448 - DEBUG - Test timeout 2 minutes active. 112.688 seconds left.
20201212 16:14:45.582 - INFO - +---- END KW: RobotEyes.Capture Element (1135)
~~~~~~~~~~~~~~~~~~~~~~~~~~~~~~~~~~~~~~~~~~~~~~~~~~~~~~~~~~~~~~~~~~~~~~~~~~~~~~
20201212 16:14:45.582 - INFO - +---- START KW: SeleniumLibrary.Input Text [ ${USER_PROFILE_AVATAR_CAPTION_INPUT} | ${EMPTY} ]
20201212 16:14:45.583 - DEBUG - Test timeout 2 minutes active. 111.553 seconds left.
20201212 16:14:45.583 - INFO - Typing text '' into text field '//*[@id="caption"]'.
20201212 16:14:45.601 - INFO - +---- END KW: SeleniumLibrary.Input Text (19)
~~~~~~~~~~~~~~~~~~~~~~~~~~~~~~~~~~~~~~~~~~~~~~~~~~~~~~~~~~~~~~~~~~~~~~~~~~~~~~
20201212 16:14:45.601 - INFO - +---- START KW: SeleniumLibrary.Click Button [ ${MODAL_DIALOG_SUBMIT_BUTTON} ]
20201212 16:14:45.601 - DEBUG - Test timeout 2 minutes active. 111.535 seconds left.
20201212 16:14:45.601 - INFO - Clicking button '//div[@class="modal-dialog"]//div[contains(@class, "modal-footer")]/button[@type="submit"]'.
20201212 16:14:46.438 - INFO - +---- END KW: SeleniumLibrary.Click Button (837)
~~~~~~~~~~~~~~~~~~~~~~~~~~~~~~~~~~~~~~~~~~~~~~~~~~~~~~~~~~~~~~~~~~~~~~~~~~~~~~
20201212 16:14:46.438 - INFO - +---- START KW: FunctionsGlobal.Scroll Into View [ ${USER_PROFILE_FIRST_IMAGE} ]
20201212 16:14:46.439 - INFO - +----- START KW: SeleniumLibrary.Execute Javascript [ document.evaluate('${element}', document, null, XPathResult.FIRST_ORDERED_NODE_TYPE, null).singleNodeValue.scrollIntoView({ behavior: 'auto', block: 'center', inline: 'center' }); ]
20201212 16:14:46.439 - DEBUG - Test timeout 2 minutes active. 110.697 seconds left.
20201212 16:14:46.439 - INFO - Executing JavaScript:
document.evaluate('//*[@id="userPicturesList"]//div[@class="gallery"]/div[@class="gallery"][1]', document, null, XPathResult.FIRST_ORDERED_NODE_TYPE, null).singleNodeValue.scrollIntoView({ behavior: 'auto', block: 'center', inline: 'center' });
Without any arguments.
20201212 16:14:46.464 - INFO - +----- END KW: SeleniumLibrary.Execute Javascript (25)
20201212 16:14:46.464 - INFO - +---- END KW: FunctionsGlobal.Scroll Into View (26)
~~~~~~~~~~~~~~~~~~~~~~~~~~~~~~~~~~~~~~~~~~~~~~~~~~~~~~~~~~~~~~~~~~~~~~~~~~~~~~
20201212 16:14:46.465 - INFO - +---- START KW: SeleniumLibrary.Wait Until Element Is Visible [ ${USER_PROFILE_FIRST_IMAGE} ]
20201212 16:14:46.465 - DEBUG - Test timeout 2 minutes active. 110.671 seconds left.
20201212 16:14:46.498 - INFO - +---- END KW: SeleniumLibrary.Wait Until Element Is Visible (33)
~~~~~~~~~~~~~~~~~~~~~~~~~~~~~~~~~~~~~~~~~~~~~~~~~~~~~~~~~~~~~~~~~~~~~~~~~~~~~~
20201212 16:14:46.498 - INFO - +---- START KW: RobotEyes.Capture Element [ ${USER_PROFILE_FIRST_IMAGE} | name=img3 ]
20201212 16:14:46.498 - DEBUG - Test timeout 2 minutes active. 110.637 seconds left.
20201212 16:14:47.590 - INFO - +---- END KW: RobotEyes.Capture Element (1092)
~~~~~~~~~~~~~~~~~~~~~~~~~~~~~~~~~~~~~~~~~~~~~~~~~~~~~~~~~~~~~~~~~~~~~~~~~~~~~~
20201212 16:14:47.590 - INFO - +---- START KW: RobotEyes.Compare Images [ ]
20201212 16:14:47.752 - INFO - +----- START KW: BuiltIn.Fail [ Image dissimilarity exceeds tolerance ]
20201212 16:14:47.753 - DEBUG - Test timeout 2 minutes active. 109.383 seconds left.
20201212 16:14:47.753 - INFO - +----- END KW: BuiltIn.Fail (1)
20201212 16:14:47.591 - DEBUG - Test timeout 2 minutes active. 109.545 seconds left.
20201212 16:14:47.753 - FAIL - Image dissimilarity exceeds tolerance
20201212 16:14:47.753 - DEBUG - Traceback (most recent call last):
  None
20201212 16:14:47.753 - INFO - Comparison output: b'3948.7 (0.0602533) @ 0,0'
Comparison output: b'873.572 (0.0133298) @ 0,0'
Comparison output: b'4722.39 (0.072059) @ 0,0'
20201212 16:14:47.754 - INFO - +---- END KW: RobotEyes.Compare Images (164)
------------------------------------------------------------------------------
20201212 16:14:47.755 - INFO - +--- END TEST: Define Picture Caption (10618)
------------------------------------------------------------------------------
20201212 16:14:47.757 - INFO - +-- END SUITE: Acceptance.060 UserAvatar.robot.040 UpdateCaption (11802)
==============================================================================
20201212 16:14:47.791 - INFO - +-- START SUITE: Acceptance.060 UserAvatar.robot.060 ShowOnHomepage [ ]
==============================================================================
20201212 16:14:47.792 - INFO - +--- START TEST: Should be shown on Homepage [ ]
------------------------------------------------------------------------------
20201212 16:14:47.792 - INFO - +---- START SETUP: FunctionsGlobal.Clear DB And Seed 1 users [ ]
20201212 16:14:47.793 - INFO - +----- START KW: FunctionsGlobal.Clear Database [ ]
20201212 16:14:47.793 - INFO - +------ START KW: FunctionsGlobal.Go To Url [ ${PAGE_DEV_RESET_DB_URL} ]
20201212 16:14:47.794 - INFO - +------- START KW: FunctionsGlobal.Got To Url With Param [ ${url} | &{params} ]
20201212 16:14:47.795 - INFO - +-------- START KW: BuiltIn.Replace Variables [ ${url} ]
20201212 16:14:47.795 - DEBUG - Test timeout 2 minutes active. 119.996 seconds left.
20201212 16:14:47.795 - INFO - ${url_} = http://localhost:3001/devel/db/reset
20201212 16:14:47.796 - INFO - +-------- END KW: BuiltIn.Replace Variables (0)
20201212 16:14:47.796 - INFO - +-------- START KW: SeleniumLibrary.Go To [ ${url_} ]
20201212 16:14:47.796 - DEBUG - Test timeout 2 minutes active. 119.996 seconds left.
20201212 16:14:47.796 - INFO - Opening url 'http://localhost:3001/devel/db/reset'
20201212 16:14:48.065 - INFO - +-------- END KW: SeleniumLibrary.Go To (269)
20201212 16:14:48.065 - INFO - +------- END KW: FunctionsGlobal.Got To Url With Param (271)
20201212 16:14:48.065 - INFO - +------- START KW: FunctionsGlobal.Page WithoutWarningOrFailure [ ]
20201212 16:14:48.066 - INFO - +-------- START KW: SeleniumLibrary.Page Should Not Contain [ Warning: ]
20201212 16:14:48.066 - DEBUG - Test timeout 2 minutes active. 119.725 seconds left.
20201212 16:14:48.089 - DEBUG - Current frame has 0 subframes.
20201212 16:14:48.089 - INFO - Current page does not contain text 'Warning:'.
20201212 16:14:48.089 - INFO - +-------- END KW: SeleniumLibrary.Page Should Not Contain (23)
20201212 16:14:48.089 - INFO - +-------- START KW: SeleniumLibrary.Page Should Not Contain [ Failed ]
20201212 16:14:48.090 - DEBUG - Test timeout 2 minutes active. 119.702 seconds left.
20201212 16:14:48.096 - DEBUG - Current frame has 0 subframes.
20201212 16:14:48.096 - INFO - Current page does not contain text 'Failed'.
20201212 16:14:48.096 - INFO - +-------- END KW: SeleniumLibrary.Page Should Not Contain (7)
20201212 16:14:48.096 - INFO - +-------- START KW: SeleniumLibrary.Page Should Not Contain [ Internal Server Error ]
20201212 16:14:48.097 - DEBUG - Test timeout 2 minutes active. 119.695 seconds left.
20201212 16:14:48.104 - DEBUG - Current frame has 0 subframes.
20201212 16:14:48.104 - INFO - Current page does not contain text 'Internal Server Error'.
20201212 16:14:48.105 - INFO - +-------- END KW: SeleniumLibrary.Page Should Not Contain (9)
20201212 16:14:48.105 - INFO - +------- END KW: FunctionsGlobal.Page WithoutWarningOrFailure (40)
20201212 16:14:48.105 - INFO - +------ END KW: FunctionsGlobal.Go To Url (312)
20201212 16:14:48.105 - INFO - +------ START KW: SeleniumLibrary.Page Should Contain [ OK ]
20201212 16:14:48.105 - DEBUG - Test timeout 2 minutes active. 119.686 seconds left.
20201212 16:14:48.110 - INFO - Current page contains text 'OK'.
20201212 16:14:48.110 - INFO - +------ END KW: SeleniumLibrary.Page Should Contain (5)
20201212 16:14:48.110 - INFO - +----- END KW: FunctionsGlobal.Clear Database (317)
20201212 16:14:48.110 - INFO - +----- START KW: FunctionsGlobal.Go To Url [ ${PAGE_SEED_USER}/${count} ]
20201212 16:14:48.111 - INFO - +------ START KW: FunctionsGlobal.Got To Url With Param [ ${url} | &{params} ]
20201212 16:14:48.113 - INFO - +------- START KW: BuiltIn.Replace Variables [ ${url} ]
20201212 16:14:48.113 - DEBUG - Test timeout 2 minutes active. 119.679 seconds left.
20201212 16:14:48.113 - INFO - ${url_} = http://localhost:3001/devel/db/users/seed/1
20201212 16:14:48.113 - INFO - +------- END KW: BuiltIn.Replace Variables (0)
20201212 16:14:48.113 - INFO - +------- START KW: SeleniumLibrary.Go To [ ${url_} ]
20201212 16:14:48.113 - DEBUG - Test timeout 2 minutes active. 119.678 seconds left.
20201212 16:14:48.113 - INFO - Opening url 'http://localhost:3001/devel/db/users/seed/1'
20201212 16:14:48.594 - INFO - +------- END KW: SeleniumLibrary.Go To (481)
20201212 16:14:48.594 - INFO - +------ END KW: FunctionsGlobal.Got To Url With Param (483)
20201212 16:14:48.594 - INFO - +------ START KW: FunctionsGlobal.Page WithoutWarningOrFailure [ ]
20201212 16:14:48.595 - INFO - +------- START KW: SeleniumLibrary.Page Should Not Contain [ Warning: ]
20201212 16:14:48.595 - DEBUG - Test timeout 2 minutes active. 119.197 seconds left.
20201212 16:14:48.610 - DEBUG - Current frame has 0 subframes.
20201212 16:14:48.610 - INFO - Current page does not contain text 'Warning:'.
20201212 16:14:48.610 - INFO - +------- END KW: SeleniumLibrary.Page Should Not Contain (15)
20201212 16:14:48.610 - INFO - +------- START KW: SeleniumLibrary.Page Should Not Contain [ Failed ]
20201212 16:14:48.610 - DEBUG - Test timeout 2 minutes active. 119.181 seconds left.
20201212 16:14:48.616 - DEBUG - Current frame has 0 subframes.
20201212 16:14:48.616 - INFO - Current page does not contain text 'Failed'.
20201212 16:14:48.616 - INFO - +------- END KW: SeleniumLibrary.Page Should Not Contain (6)
20201212 16:14:48.617 - INFO - +------- START KW: SeleniumLibrary.Page Should Not Contain [ Internal Server Error ]
20201212 16:14:48.617 - DEBUG - Test timeout 2 minutes active. 119.175 seconds left.
20201212 16:14:48.622 - DEBUG - Current frame has 0 subframes.
20201212 16:14:48.622 - INFO - Current page does not contain text 'Internal Server Error'.
20201212 16:14:48.623 - INFO - +------- END KW: SeleniumLibrary.Page Should Not Contain (6)
20201212 16:14:48.623 - INFO - +------ END KW: FunctionsGlobal.Page WithoutWarningOrFailure (29)
20201212 16:14:48.623 - INFO - +----- END KW: FunctionsGlobal.Go To Url (513)
20201212 16:14:48.623 - INFO - +----- START KW: FunctionsGlobal.Empty Dev Mailbox Fast [ ]
20201212 16:14:48.623 - INFO - +------ START KW: FunctionsGlobal.Go To Url [ ${PAGE_DEV_MAILBOX_CLEAR_URL} ]
20201212 16:14:48.624 - INFO - +------- START KW: FunctionsGlobal.Got To Url With Param [ ${url} | &{params} ]
20201212 16:14:48.624 - INFO - +-------- START KW: BuiltIn.Replace Variables [ ${url} ]
20201212 16:14:48.624 - DEBUG - Test timeout 2 minutes active. 119.167 seconds left.
20201212 16:14:48.624 - INFO - ${url_} = http://localhost:3001/devel/mail/delete/all
20201212 16:14:48.624 - INFO - +-------- END KW: BuiltIn.Replace Variables (0)
20201212 16:14:48.625 - INFO - +-------- START KW: SeleniumLibrary.Go To [ ${url_} ]
20201212 16:14:48.625 - DEBUG - Test timeout 2 minutes active. 119.167 seconds left.
20201212 16:14:48.625 - INFO - Opening url 'http://localhost:3001/devel/mail/delete/all'
20201212 16:14:48.882 - INFO - +-------- END KW: SeleniumLibrary.Go To (257)
20201212 16:14:48.882 - INFO - +------- END KW: FunctionsGlobal.Got To Url With Param (258)
20201212 16:14:48.883 - INFO - +------- START KW: FunctionsGlobal.Page WithoutWarningOrFailure [ ]
20201212 16:14:48.885 - INFO - +-------- START KW: SeleniumLibrary.Page Should Not Contain [ Warning: ]
20201212 16:14:48.885 - DEBUG - Test timeout 2 minutes active. 118.906 seconds left.
20201212 16:14:48.905 - DEBUG - Current frame has 0 subframes.
20201212 16:14:48.905 - INFO - Current page does not contain text 'Warning:'.
20201212 16:14:48.905 - INFO - +-------- END KW: SeleniumLibrary.Page Should Not Contain (20)
20201212 16:14:48.905 - INFO - +-------- START KW: SeleniumLibrary.Page Should Not Contain [ Failed ]
20201212 16:14:48.906 - DEBUG - Test timeout 2 minutes active. 118.886 seconds left.
20201212 16:14:48.911 - DEBUG - Current frame has 0 subframes.
20201212 16:14:48.911 - INFO - Current page does not contain text 'Failed'.
20201212 16:14:48.911 - INFO - +-------- END KW: SeleniumLibrary.Page Should Not Contain (6)
20201212 16:14:48.912 - INFO - +-------- START KW: SeleniumLibrary.Page Should Not Contain [ Internal Server Error ]
20201212 16:14:48.912 - DEBUG - Test timeout 2 minutes active. 118.88 seconds left.
20201212 16:14:48.920 - DEBUG - Current frame has 0 subframes.
20201212 16:14:48.920 - INFO - Current page does not contain text 'Internal Server Error'.
20201212 16:14:48.920 - INFO - +-------- END KW: SeleniumLibrary.Page Should Not Contain (8)
20201212 16:14:48.920 - INFO - +------- END KW: FunctionsGlobal.Page WithoutWarningOrFailure (37)
20201212 16:14:48.921 - INFO - +------ END KW: FunctionsGlobal.Go To Url (298)
20201212 16:14:48.921 - INFO - +----- END KW: FunctionsGlobal.Empty Dev Mailbox Fast (298)
20201212 16:14:48.921 - INFO - +---- END SETUP: FunctionsGlobal.Clear DB And Seed 1 users (1129)
~~~~~~~~~~~~~~~~~~~~~~~~~~~~~~~~~~~~~~~~~~~~~~~~~~~~~~~~~~~~~~~~~~~~~~~~~~~~~~
20201212 16:14:48.921 - INFO - +---- START KW: FunctionsGlobal.Sign In ${USER_1.name} Fast [ ]
20201212 16:14:48.921 - INFO - +----- START KW: FunctionsGlobal.Go To Url [ ${PAGE_LOGIN_USER} | username=${username} ]
20201212 16:14:48.922 - INFO - +------ START KW: FunctionsGlobal.Got To Url With Param [ ${url} | &{params} ]
20201212 16:14:48.922 - INFO - +------- START KW: BuiltIn.Replace Variables [ ${url} ]
20201212 16:14:48.923 - DEBUG - Test timeout 2 minutes active. 118.869 seconds left.
20201212 16:14:48.923 - INFO - ${url_} = http://localhost:3001/devel/users/username1/login
20201212 16:14:48.923 - INFO - +------- END KW: BuiltIn.Replace Variables (1)
20201212 16:14:48.923 - INFO - +------- START KW: SeleniumLibrary.Go To [ ${url_} ]
20201212 16:14:48.923 - DEBUG - Test timeout 2 minutes active. 118.869 seconds left.
20201212 16:14:48.923 - INFO - Opening url 'http://localhost:3001/devel/users/username1/login'
20201212 16:14:49.509 - INFO - +------- END KW: SeleniumLibrary.Go To (586)
20201212 16:14:49.509 - INFO - +------ END KW: FunctionsGlobal.Got To Url With Param (587)
20201212 16:14:49.510 - INFO - +------ START KW: FunctionsGlobal.Page WithoutWarningOrFailure [ ]
20201212 16:14:49.510 - INFO - +------- START KW: SeleniumLibrary.Page Should Not Contain [ Warning: ]
20201212 16:14:49.510 - DEBUG - Test timeout 2 minutes active. 118.281 seconds left.
20201212 16:14:49.533 - DEBUG - Current frame has 0 subframes.
20201212 16:14:49.533 - INFO - Current page does not contain text 'Warning:'.
20201212 16:14:49.533 - INFO - +------- END KW: SeleniumLibrary.Page Should Not Contain (23)
20201212 16:14:49.533 - INFO - +------- START KW: SeleniumLibrary.Page Should Not Contain [ Failed ]
20201212 16:14:49.533 - DEBUG - Test timeout 2 minutes active. 118.258 seconds left.
20201212 16:14:49.545 - DEBUG - Current frame has 0 subframes.
20201212 16:14:49.545 - INFO - Current page does not contain text 'Failed'.
20201212 16:14:49.546 - INFO - +------- END KW: SeleniumLibrary.Page Should Not Contain (13)
20201212 16:14:49.546 - INFO - +------- START KW: SeleniumLibrary.Page Should Not Contain [ Internal Server Error ]
20201212 16:14:49.546 - DEBUG - Test timeout 2 minutes active. 118.246 seconds left.
20201212 16:14:49.554 - DEBUG - Current frame has 0 subframes.
20201212 16:14:49.554 - INFO - Current page does not contain text 'Internal Server Error'.
20201212 16:14:49.554 - INFO - +------- END KW: SeleniumLibrary.Page Should Not Contain (8)
20201212 16:14:49.554 - INFO - +------ END KW: FunctionsGlobal.Page WithoutWarningOrFailure (45)
20201212 16:14:49.554 - INFO - +----- END KW: FunctionsGlobal.Go To Url (633)
20201212 16:14:49.555 - INFO - +----- START KW: SeleniumLibrary.Page Should Not Contain [ Error signing in user ]
20201212 16:14:49.555 - DEBUG - Test timeout 2 minutes active. 118.237 seconds left.
20201212 16:14:49.561 - DEBUG - Current frame has 0 subframes.
20201212 16:14:49.561 - INFO - Current page does not contain text 'Error signing in user'.
20201212 16:14:49.561 - INFO - +----- END KW: SeleniumLibrary.Page Should Not Contain (6)
20201212 16:14:49.561 - INFO - +---- END KW: FunctionsGlobal.Sign In ${USER_1.name} Fast (640)
~~~~~~~~~~~~~~~~~~~~~~~~~~~~~~~~~~~~~~~~~~~~~~~~~~~~~~~~~~~~~~~~~~~~~~~~~~~~~~
20201212 16:14:49.561 - INFO - +---- START KW: Images.Upload user avatar via button [ ${PAGE_USER_1_PROFILE_URL} | /home/travis/build/geokrety/geokrety-website/tests-qa/acceptance/060_UserAvatar.robot/sample-picture.png | count=1 ]
20201212 16:14:49.561 - INFO - +----- START KW: SeleniumLibrary.Go To [ ${user_profile_url} ]
20201212 16:14:49.562 - DEBUG - Test timeout 2 minutes active. 118.23 seconds left.
20201212 16:14:49.562 - INFO - Opening url 'http://localhost:3001/en/users/1'
20201212 16:14:50.073 - INFO - +----- END KW: SeleniumLibrary.Go To (512)
20201212 16:14:50.074 - INFO - +----- START KW: SeleniumLibrary.Wait Until Page Contains Element [ ${USER_PROFILE_DROPZONE_PICTURE_UPLOAD_BUTTON} | timeout=30 ]
20201212 16:14:50.074 - DEBUG - Test timeout 2 minutes active. 117.717 seconds left.
20201212 16:14:50.107 - INFO - +----- END KW: SeleniumLibrary.Wait Until Page Contains Element (33)
20201212 16:14:50.107 - INFO - +----- START KW: SeleniumLibrary.Choose File [ //*[@type="file"] | ${file} ]
20201212 16:14:50.108 - DEBUG - Test timeout 2 minutes active. 117.684 seconds left.
20201212 16:14:50.108 - INFO - Sending /home/travis/build/geokrety/geokrety-website/tests-qa/acceptance/060_UserAvatar.robot/sample-picture.png to browser.
20201212 16:14:50.144 - INFO - +----- END KW: SeleniumLibrary.Choose File (37)
20201212 16:14:50.144 - INFO - +----- START KW: BuiltIn.Run Keyword And Continue On Failure [ Wait Until Page Contains Element | ${USER_PROFILE_DROPZONE_IMAGE}\[${count}]${DROPZONE_PROCESSING_SUFFIX} | timeout=30 ]
20201212 16:14:50.145 - INFO - +------ START KW: SeleniumLibrary.Wait Until Page Contains Element [ ${USER_PROFILE_DROPZONE_IMAGE}\[${count}]${DROPZONE_PROCESSING_SUFFIX} | timeout=30 ]
20201212 16:14:50.146 - DEBUG - Test timeout 2 minutes active. 117.646 seconds left.
20201212 16:14:50.572 - INFO - +------ END KW: SeleniumLibrary.Wait Until Page Contains Element (427)
20201212 16:14:50.572 - INFO - +----- END KW: BuiltIn.Run Keyword And Continue On Failure (428)
20201212 16:14:50.573 - INFO - +----- START KW: SeleniumLibrary.Wait Until Page Contains Element [ ${USER_PROFILE_DROPZONE_IMAGE}\[${count}]${DROPZONE_PROCESSED_SUFFIX} | timeout=30 ]
20201212 16:14:50.573 - DEBUG - Test timeout 2 minutes active. 117.219 seconds left.
20201212 16:14:52.614 - INFO - +----- END KW: SeleniumLibrary.Wait Until Page Contains Element (2042)
20201212 16:14:52.614 - INFO - +---- END KW: Images.Upload user avatar via button (3053)
~~~~~~~~~~~~~~~~~~~~~~~~~~~~~~~~~~~~~~~~~~~~~~~~~~~~~~~~~~~~~~~~~~~~~~~~~~~~~~
20201212 16:14:52.614 - INFO - +---- START KW: Images.Upload user avatar via button [ ${PAGE_USER_1_PROFILE_URL} | /home/travis/build/geokrety/geokrety-website/tests-qa/acceptance/060_UserAvatar.robot/sample-picture2.png | count=2 ]
20201212 16:14:52.615 - INFO - +----- START KW: SeleniumLibrary.Go To [ ${user_profile_url} ]
20201212 16:14:52.615 - DEBUG - Test timeout 2 minutes active. 115.177 seconds left.
20201212 16:14:52.615 - INFO - Opening url 'http://localhost:3001/en/users/1'
20201212 16:14:53.307 - INFO - +----- END KW: SeleniumLibrary.Go To (692)
20201212 16:14:53.307 - INFO - +----- START KW: SeleniumLibrary.Wait Until Page Contains Element [ ${USER_PROFILE_DROPZONE_PICTURE_UPLOAD_BUTTON} | timeout=30 ]
20201212 16:14:53.308 - DEBUG - Test timeout 2 minutes active. 114.484 seconds left.
20201212 16:14:53.319 - INFO - +----- END KW: SeleniumLibrary.Wait Until Page Contains Element (8)
20201212 16:14:53.319 - INFO - +----- START KW: SeleniumLibrary.Choose File [ //*[@type="file"] | ${file} ]
20201212 16:14:53.320 - DEBUG - Test timeout 2 minutes active. 114.472 seconds left.
20201212 16:14:53.320 - INFO - Sending /home/travis/build/geokrety/geokrety-website/tests-qa/acceptance/060_UserAvatar.robot/sample-picture2.png to browser.
20201212 16:14:53.356 - INFO - +----- END KW: SeleniumLibrary.Choose File (37)
20201212 16:14:53.356 - INFO - +----- START KW: BuiltIn.Run Keyword And Continue On Failure [ Wait Until Page Contains Element | ${USER_PROFILE_DROPZONE_IMAGE}\[${count}]${DROPZONE_PROCESSING_SUFFIX} | timeout=30 ]
20201212 16:14:53.357 - INFO - +------ START KW: SeleniumLibrary.Wait Until Page Contains Element [ ${USER_PROFILE_DROPZONE_IMAGE}\[${count}]${DROPZONE_PROCESSING_SUFFIX} | timeout=30 ]
20201212 16:14:53.357 - DEBUG - Test timeout 2 minutes active. 114.435 seconds left.
20201212 16:14:53.775 - INFO - +------ END KW: SeleniumLibrary.Wait Until Page Contains Element (418)
20201212 16:14:53.775 - INFO - +----- END KW: BuiltIn.Run Keyword And Continue On Failure (419)
20201212 16:14:53.775 - INFO - +----- START KW: SeleniumLibrary.Wait Until Page Contains Element [ ${USER_PROFILE_DROPZONE_IMAGE}\[${count}]${DROPZONE_PROCESSED_SUFFIX} | timeout=30 ]
20201212 16:14:53.776 - DEBUG - Test timeout 2 minutes active. 114.016 seconds left.
20201212 16:14:55.830 - INFO - +----- END KW: SeleniumLibrary.Wait Until Page Contains Element (2055)
20201212 16:14:55.830 - INFO - +---- END KW: Images.Upload user avatar via button (3216)
~~~~~~~~~~~~~~~~~~~~~~~~~~~~~~~~~~~~~~~~~~~~~~~~~~~~~~~~~~~~~~~~~~~~~~~~~~~~~~
20201212 16:14:55.830 - INFO - +---- START KW: FunctionsGlobal.Go To Url [ ${PAGE_HOME_URL} ]
20201212 16:14:55.831 - INFO - +----- START KW: FunctionsGlobal.Got To Url With Param [ ${url} | &{params} ]
20201212 16:14:55.831 - INFO - +------ START KW: BuiltIn.Replace Variables [ ${url} ]
20201212 16:14:55.831 - DEBUG - Test timeout 2 minutes active. 111.96 seconds left.
20201212 16:14:55.831 - INFO - ${url_} = http://localhost:3001/en
20201212 16:14:55.832 - INFO - +------ END KW: BuiltIn.Replace Variables (1)
20201212 16:14:55.832 - INFO - +------ START KW: SeleniumLibrary.Go To [ ${url_} ]
20201212 16:14:55.832 - DEBUG - Test timeout 2 minutes active. 111.96 seconds left.
20201212 16:14:55.832 - INFO - Opening url 'http://localhost:3001/en'
20201212 16:14:56.125 - INFO - +------ END KW: SeleniumLibrary.Go To (293)
20201212 16:14:56.125 - INFO - +----- END KW: FunctionsGlobal.Got To Url With Param (294)
20201212 16:14:56.125 - INFO - +----- START KW: FunctionsGlobal.Page WithoutWarningOrFailure [ ]
20201212 16:14:56.126 - INFO - +------ START KW: SeleniumLibrary.Page Should Not Contain [ Warning: ]
20201212 16:14:56.126 - DEBUG - Test timeout 2 minutes active. 111.666 seconds left.
20201212 16:14:56.155 - DEBUG - Current frame has 0 subframes.
20201212 16:14:56.155 - INFO - Current page does not contain text 'Warning:'.
20201212 16:14:56.156 - INFO - +------ END KW: SeleniumLibrary.Page Should Not Contain (30)
20201212 16:14:56.156 - INFO - +------ START KW: SeleniumLibrary.Page Should Not Contain [ Failed ]
20201212 16:14:56.156 - DEBUG - Test timeout 2 minutes active. 111.635 seconds left.
20201212 16:14:56.163 - DEBUG - Current frame has 0 subframes.
20201212 16:14:56.163 - INFO - Current page does not contain text 'Failed'.
20201212 16:14:56.164 - INFO - +------ END KW: SeleniumLibrary.Page Should Not Contain (7)
20201212 16:14:56.164 - INFO - +------ START KW: SeleniumLibrary.Page Should Not Contain [ Internal Server Error ]
20201212 16:14:56.164 - DEBUG - Test timeout 2 minutes active. 111.628 seconds left.
20201212 16:14:56.173 - DEBUG - Current frame has 0 subframes.
20201212 16:14:56.173 - INFO - Current page does not contain text 'Internal Server Error'.
20201212 16:14:56.173 - INFO - +------ END KW: SeleniumLibrary.Page Should Not Contain (9)
20201212 16:14:56.174 - INFO - +----- END KW: FunctionsGlobal.Page WithoutWarningOrFailure (49)
20201212 16:14:56.174 - INFO - +---- END KW: FunctionsGlobal.Go To Url (344)
~~~~~~~~~~~~~~~~~~~~~~~~~~~~~~~~~~~~~~~~~~~~~~~~~~~~~~~~~~~~~~~~~~~~~~~~~~~~~~
20201212 16:14:56.174 - INFO - +---- START KW: SeleniumLibrary.Page Should Contain Element [ ${HOME_PICTURE_LIST_PANEL} ]
20201212 16:14:56.174 - DEBUG - Test timeout 2 minutes active. 111.617 seconds left.
20201212 16:14:56.177 - INFO - Current page contains element '//*[@id="recentPicturesPanel"]'.
20201212 16:14:56.177 - INFO - +---- END KW: SeleniumLibrary.Page Should Contain Element (3)
~~~~~~~~~~~~~~~~~~~~~~~~~~~~~~~~~~~~~~~~~~~~~~~~~~~~~~~~~~~~~~~~~~~~~~~~~~~~~~
20201212 16:14:56.177 - INFO - +---- START KW: FunctionsGlobal.Element Count Should Be [ ${HOME_PICTURE_LIST_PICTURES} | 2 ]
20201212 16:14:56.177 - INFO - +----- START KW: SeleniumLibrary.Page Should Contain Element [ ${element} | limit=${count} ]
20201212 16:14:56.178 - DEBUG - Test timeout 2 minutes active. 111.614 seconds left.
20201212 16:14:56.180 - INFO - Current page contains 2 element(s).
20201212 16:14:56.181 - INFO - +----- END KW: SeleniumLibrary.Page Should Contain Element (4)
20201212 16:14:56.181 - INFO - +---- END KW: FunctionsGlobal.Element Count Should Be (4)
~~~~~~~~~~~~~~~~~~~~~~~~~~~~~~~~~~~~~~~~~~~~~~~~~~~~~~~~~~~~~~~~~~~~~~~~~~~~~~
20201212 16:14:56.181 - INFO - +---- START KW: FunctionsGlobal.Check Image [ ${HOME_PICTURE_LIST_GALERY} ]
20201212 16:14:56.181 - INFO - +----- START KW: RobotEyes.Open Eyes [ SeleniumLibrary | 5 ]
20201212 16:14:56.181 - DEBUG - Test timeout 2 minutes active. 111.61 seconds left.
20201212 16:14:56.187 - INFO - Should_be_shown_on_Homepage
20201212 16:14:56.187 - INFO - +----- END KW: RobotEyes.Open Eyes (6)
20201212 16:14:56.187 - INFO - +----- START KW: FunctionsGlobal.Scroll Into View [ ${GK_LOGO_LINK} ]
20201212 16:14:56.188 - INFO - +------ START KW: SeleniumLibrary.Execute Javascript [ document.evaluate('${element}', document, null, XPathResult.FIRST_ORDERED_NODE_TYPE, null).singleNodeValue.scrollIntoView({ behavior: 'auto', block: 'center', inline: 'center' }); ]
20201212 16:14:56.188 - DEBUG - Test timeout 2 minutes active. 111.604 seconds left.
20201212 16:14:56.188 - INFO - Executing JavaScript:
document.evaluate('//*[@id="home-logo"]', document, null, XPathResult.FIRST_ORDERED_NODE_TYPE, null).singleNodeValue.scrollIntoView({ behavior: 'auto', block: 'center', inline: 'center' });
Without any arguments.
20201212 16:14:56.191 - INFO - +------ END KW: SeleniumLibrary.Execute Javascript (3)
20201212 16:14:56.191 - INFO - +----- END KW: FunctionsGlobal.Scroll Into View (4)
20201212 16:14:56.191 - INFO - +----- START KW: FunctionsGlobal.Scroll Into View [ ${element} ]
20201212 16:14:56.192 - INFO - +------ START KW: SeleniumLibrary.Execute Javascript [ document.evaluate('${element}', document, null, XPathResult.FIRST_ORDERED_NODE_TYPE, null).singleNodeValue.scrollIntoView({ behavior: 'auto', block: 'center', inline: 'center' }); ]
20201212 16:14:56.192 - DEBUG - Test timeout 2 minutes active. 111.6 seconds left.
20201212 16:14:56.192 - INFO - Executing JavaScript:
document.evaluate('//*[@id="recentPicturesPanel"]//div[contains(@class, "gallery")]', document, null, XPathResult.FIRST_ORDERED_NODE_TYPE, null).singleNodeValue.scrollIntoView({ behavior: 'auto', block: 'center', inline: 'center' });
Without any arguments.
20201212 16:14:56.195 - INFO - +------ END KW: SeleniumLibrary.Execute Javascript (3)
20201212 16:14:56.195 - INFO - +----- END KW: FunctionsGlobal.Scroll Into View (4)
20201212 16:14:56.195 - INFO - +----- START KW: SeleniumLibrary.Wait Until Element Is Visible [ ${element} ]
20201212 16:14:56.196 - DEBUG - Test timeout 2 minutes active. 111.596 seconds left.
20201212 16:14:56.212 - INFO - +----- END KW: SeleniumLibrary.Wait Until Element Is Visible (17)
20201212 16:14:56.212 - INFO - +----- START KW: RobotEyes.Capture Element [ ${element} | name=${name} ]
20201212 16:14:56.212 - DEBUG - Test timeout 2 minutes active. 111.579 seconds left.
20201212 16:14:57.307 - INFO - +----- END KW: RobotEyes.Capture Element (1095)
20201212 16:14:57.308 - INFO - +----- START KW: RobotEyes.Compare Images [ ]
20201212 16:14:57.336 - INFO - +------ START KW: BuiltIn.Fail [ Image dissimilarity exceeds tolerance ]
20201212 16:14:57.336 - DEBUG - Test timeout 2 minutes active. 110.456 seconds left.
20201212 16:14:57.336 - INFO - +------ END KW: BuiltIn.Fail (0)
20201212 16:14:57.308 - DEBUG - Test timeout 2 minutes active. 110.484 seconds left.
20201212 16:14:57.336 - FAIL - Image dissimilarity exceeds tolerance
20201212 16:14:57.336 - DEBUG - Traceback (most recent call last):
  None
20201212 16:14:57.337 - INFO - Comparison output: b'4847.48 (0.0739678) @ 0,0'
20201212 16:14:57.337 - INFO - +----- END KW: RobotEyes.Compare Images (30)
20201212 16:14:57.337 - INFO - +---- END KW: FunctionsGlobal.Check Image (1156)
------------------------------------------------------------------------------
20201212 16:14:57.338 - INFO - +--- END TEST: Should be shown on Homepage (9546)
------------------------------------------------------------------------------
20201212 16:14:57.340 - INFO - +-- END SUITE: Acceptance.060 UserAvatar.robot.060 ShowOnHomepage (9581)
==============================================================================
20201212 16:14:57.341 - INFO - +-- START TEARDOWN: FunctionsGlobal.Global TearDown [ ]
20201212 16:14:57.342 - INFO - +--- START KW: SeleniumLibrary.Close Browser [ ]
20201212 16:14:57.342 - DEBUG - Closing browser with session id e8821f83-c58f-4644-bc5c-e514a23d47aa.
20201212 16:14:57.839 - INFO - +--- END KW: SeleniumLibrary.Close Browser (497)
20201212 16:14:57.839 - INFO - +-- END TEARDOWN: FunctionsGlobal.Global TearDown (498)
==============================================================================
20201212 16:14:57.841 - INFO - +- END SUITE: Acceptance.060 UserAvatar.robot (35163)
==============================================================================
20201212 16:14:57.844 - INFO - + END SUITE: Acceptance (10844360)
==============================================================================
