==============================================================================
20200814 14:49:14.034 - INFO - + START SUITE: Acceptance [ ]
==============================================================================
20200814 14:49:14.190 - INFO - +- START SUITE: Acceptance.001 HomePage [ ]
==============================================================================
20200814 14:49:14.191 - INFO - +-- START SETUP: FunctionsGlobal.Global Setup [ ]
20200814 14:49:14.191 - INFO - +--- START KW: FunctionsGlobal.!Open GeoKrety Browser [ ${browser} ]
20200814 14:49:14.192 - INFO - +---- START KW: BuiltIn.Run Keyword If [ '${BS_ENABLED}' != 'false' | !Open GeoKrety BrowserStack | ${browser} | ELSE | !Open GeoKrety Browser Local | ${browser} ]
20200814 14:49:14.193 - INFO - +----- START KW: FunctionsGlobal.!Open GeoKrety BrowserStack [ ${browser} ]
20200814 14:49:14.195 - INFO - +------ START KW: BuiltIn.Run Keyword If [ "${browser}"=="Firefox" | !Open GeoKrety BrowserStack Windows10 Firefox ]
20200814 14:49:14.196 - INFO - +------- START KW: FunctionsGlobal.!Open GeoKrety BrowserStack Windows10 Firefox [ ]
20200814 14:49:14.196 - INFO - +-------- START KW: BuiltIn.Log [ Open Browserstack Windows10 Firefox ]
20200814 14:49:14.196 - INFO - Open Browserstack Windows10 Firefox
20200814 14:49:14.197 - INFO - +-------- END KW: BuiltIn.Log (1)
20200814 14:49:14.197 - INFO - +-------- START KW: BuiltIn.Log [ ${DC_Win10Firefox} ]
20200814 14:49:14.197 - INFO - "os:Windows,os_version:10,browser:Firefox,browser_version:79.0,browserstack.local:true,browserstack.localIdentifier:travis-tests-in-docker-6411,project:GeoKrety"
20200814 14:49:14.197 - INFO - +-------- END KW: BuiltIn.Log (0)
20200814 14:49:14.198 - INFO - +-------- START KW: SeleniumLibrary.Open Browser [ ${GK_URL} | remote_url=${BS_HUB} | desired_capabilities=${DC_Win10Firefox} ]
20200814 14:49:14.198 - INFO - Opening browser 'firefox' to base url 'http://bs-local.com:3000/' through remote server at 'https://geokretygeokrety1:e53qu2x85DsykVPqRsst@hub.browserstack.com/wd/hub'.
20200814 14:49:29.931 - DEBUG - Opened browser with session id f1e7ce2235ee8151fb4e7f1ec241dc4a0493c13a.
20200814 14:49:29.932 - INFO - +-------- END KW: SeleniumLibrary.Open Browser (15734)
20200814 14:49:29.932 - INFO - +------- END KW: FunctionsGlobal.!Open GeoKrety BrowserStack Windows10 Firefox (15736)
20200814 14:49:29.932 - INFO - +------ END KW: BuiltIn.Run Keyword If (15737)
20200814 14:49:29.933 - INFO - +------ START KW: BuiltIn.Run Keyword If [ "${browser}"=="Chrome" | !Open GeoKrety BrowserStack Windows10 Chrome ]
20200814 14:49:29.933 - INFO - +------ END KW: BuiltIn.Run Keyword If (0)
20200814 14:49:29.933 - INFO - +----- END KW: FunctionsGlobal.!Open GeoKrety BrowserStack (15740)
20200814 14:49:29.933 - INFO - +---- END KW: BuiltIn.Run Keyword If (15741)
20200814 14:49:29.934 - INFO - +---- START KW: SeleniumLibrary.Set Selenium Timeout [ 0.45 ]
20200814 14:49:30.080 - INFO - +---- END KW: SeleniumLibrary.Set Selenium Timeout (146)
20200814 14:49:30.081 - INFO - +--- END KW: FunctionsGlobal.!Open GeoKrety Browser (15889)
20200814 14:49:30.081 - INFO - +--- START KW: FunctionsGlobal.Clear Database [ ]
20200814 14:49:30.081 - INFO - +---- START KW: FunctionsGlobal.Go To Url [ ${PAGE_DEV_RESET_DB_URL} ]
20200814 14:49:30.082 - INFO - +----- START KW: SeleniumLibrary.Go To [ ${url} ]
20200814 14:49:30.082 - INFO - Opening url 'http://bs-local.com:3000/devel/db/reset'
20200814 14:49:31.724 - INFO - +----- END KW: SeleniumLibrary.Go To (1642)
20200814 14:49:31.724 - INFO - +---- END KW: FunctionsGlobal.Go To Url (1643)
20200814 14:49:31.725 - INFO - +---- START KW: SeleniumLibrary.Page Should Contain [ OK ]
20200814 14:49:31.985 - INFO - Current page contains text 'OK'.
20200814 14:49:31.986 - INFO - +---- END KW: SeleniumLibrary.Page Should Contain (260)
20200814 14:49:31.986 - INFO - +--- END KW: FunctionsGlobal.Clear Database (1905)
20200814 14:49:31.986 - INFO - +-- END SETUP: FunctionsGlobal.Global Setup (17795)
==============================================================================
20200814 14:49:31.997 - INFO - +-- START SUITE: Acceptance.001 HomePage.000 Languages [ ]
==============================================================================
20200814 14:49:31.998 - INFO - +--- START TEST: Welcome: (EN) [ ]
------------------------------------------------------------------------------
20200814 14:49:31.999 - INFO - +---- START KW: FunctionsGlobal.!Go To GeoKrety [ ]
20200814 14:49:31.999 - INFO - +----- START KW: FunctionsGlobal.Go To Url [ ${GK_URL} ]
20200814 14:49:32.000 - INFO - +------ START KW: SeleniumLibrary.Go To [ ${url} ]
20200814 14:49:32.000 - DEBUG - Test timeout 2 minutes active. 119.997 seconds left.
20200814 14:49:32.000 - INFO - Opening url 'http://bs-local.com:3000/'
20200814 14:49:32.732 - INFO - +------ END KW: SeleniumLibrary.Go To (732)
20200814 14:49:32.732 - INFO - +----- END KW: FunctionsGlobal.Go To Url (733)
20200814 14:49:32.733 - INFO - +----- START KW: SeleniumLibrary.Location Should Contain [ ${GK_URL} ]
20200814 14:49:32.733 - DEBUG - Test timeout 2 minutes active. 119.265 seconds left.
20200814 14:49:32.861 - INFO - Current location contains 'http://bs-local.com:3000/'.
20200814 14:49:32.862 - INFO - +----- END KW: SeleniumLibrary.Location Should Contain (129)
20200814 14:49:32.862 - INFO - +---- END KW: FunctionsGlobal.!Go To GeoKrety (863)
~~~~~~~~~~~~~~~~~~~~~~~~~~~~~~~~~~~~~~~~~~~~~~~~~~~~~~~~~~~~~~~~~~~~~~~~~~~~~~
20200814 14:49:32.862 - INFO - +---- START KW: FunctionsGlobal.Page WithoutWarningOrFailure [ ]
20200814 14:49:32.863 - INFO - +----- START KW: SeleniumLibrary.Page Should Not Contain [ Warning: ]
20200814 14:49:32.863 - DEBUG - Test timeout 2 minutes active. 119.135 seconds left.
20200814 14:49:33.355 - DEBUG - Current frame has 0 subframes.
20200814 14:49:33.355 - INFO - Current page does not contain text 'Warning:'.
20200814 14:49:33.355 - INFO - +----- END KW: SeleniumLibrary.Page Should Not Contain (492)
20200814 14:49:33.356 - INFO - +----- START KW: SeleniumLibrary.Page Should Not Contain [ Failed ]
20200814 14:49:33.356 - DEBUG - Test timeout 2 minutes active. 118.642 seconds left.
20200814 14:49:33.768 - DEBUG - Current frame has 0 subframes.
20200814 14:49:33.768 - INFO - Current page does not contain text 'Failed'.
20200814 14:49:33.768 - INFO - +----- END KW: SeleniumLibrary.Page Should Not Contain (412)
20200814 14:49:33.769 - INFO - +----- START KW: SeleniumLibrary.Page Should Not Contain [ Internal Server Error ]
20200814 14:49:33.769 - DEBUG - Test timeout 2 minutes active. 118.228 seconds left.
20200814 14:49:34.168 - DEBUG - Current frame has 0 subframes.
20200814 14:49:34.168 - INFO - Current page does not contain text 'Internal Server Error'.
20200814 14:49:34.168 - INFO - +----- END KW: SeleniumLibrary.Page Should Not Contain (399)
20200814 14:49:34.168 - INFO - +---- END KW: FunctionsGlobal.Page WithoutWarningOrFailure (1306)
~~~~~~~~~~~~~~~~~~~~~~~~~~~~~~~~~~~~~~~~~~~~~~~~~~~~~~~~~~~~~~~~~~~~~~~~~~~~~~
20200814 14:49:34.169 - INFO - +---- START KW: FunctionsGlobal.Page WaitForFooterHome [ ]
20200814 14:49:34.169 - INFO - +----- START KW: SeleniumLibrary.Wait Until Page Contains Element [ ${FOOTER_HOME} ]
20200814 14:49:34.170 - DEBUG - Test timeout 2 minutes active. 117.828 seconds left.
20200814 14:49:34.309 - INFO - +----- END KW: SeleniumLibrary.Wait Until Page Contains Element (140)
20200814 14:49:34.309 - INFO - +---- END KW: FunctionsGlobal.Page WaitForFooterHome (140)
~~~~~~~~~~~~~~~~~~~~~~~~~~~~~~~~~~~~~~~~~~~~~~~~~~~~~~~~~~~~~~~~~~~~~~~~~~~~~~
20200814 14:49:34.310 - INFO - +---- START KW: PageHome.Welcome ShouldShow WelcomeToGeokrety [ ]
20200814 14:49:34.310 - INFO - +----- START KW: SeleniumLibrary.Page Should Contain [ Welcome to GeoKrety.org! ]
20200814 14:49:34.310 - DEBUG - Test timeout 2 minutes active. 117.687 seconds left.
20200814 14:49:34.580 - INFO - Current page contains text 'Welcome to GeoKrety.org!'.
20200814 14:49:34.580 - INFO - +----- END KW: SeleniumLibrary.Page Should Contain (270)
20200814 14:49:34.580 - INFO - +---- END KW: PageHome.Welcome ShouldShow WelcomeToGeokrety (270)
~~~~~~~~~~~~~~~~~~~~~~~~~~~~~~~~~~~~~~~~~~~~~~~~~~~~~~~~~~~~~~~~~~~~~~~~~~~~~~
20200814 14:49:34.581 - INFO - +---- START KW: PageHome.Welcome ShouldShow SomeStatistics [ ]
20200814 14:49:34.581 - INFO - +----- START KW: SeleniumLibrary.Page Should Contain [ Some statistics ]
20200814 14:49:34.581 - DEBUG - Test timeout 2 minutes active. 117.416 seconds left.
20200814 14:49:34.854 - INFO - Current page contains text 'Some statistics'.
20200814 14:49:34.854 - INFO - +----- END KW: SeleniumLibrary.Page Should Contain (273)
20200814 14:49:34.854 - INFO - +---- END KW: PageHome.Welcome ShouldShow SomeStatistics (273)
~~~~~~~~~~~~~~~~~~~~~~~~~~~~~~~~~~~~~~~~~~~~~~~~~~~~~~~~~~~~~~~~~~~~~~~~~~~~~~
20200814 14:49:34.855 - INFO - +---- START KW: PageHome.Welcome ShouldShow FoundGeokretLogIt [ ]
20200814 14:49:34.855 - INFO - +----- START KW: SeleniumLibrary.Page Should Contain [ Found a GeoKret? ]
20200814 14:49:34.855 - DEBUG - Test timeout 2 minutes active. 117.142 seconds left.
20200814 14:49:35.120 - INFO - Current page contains text 'Found a GeoKret?'.
20200814 14:49:35.120 - INFO - +----- END KW: SeleniumLibrary.Page Should Contain (265)
20200814 14:49:35.121 - INFO - +----- START KW: SeleniumLibrary.Page Should Contain Button [ ${HOME_FOUND_GK_TRACKING_CODE_BUTTON} ]
20200814 14:49:35.121 - DEBUG - Test timeout 2 minutes active. 116.877 seconds left.
20200814 14:49:35.818 - INFO - Current page contains button '//*[@id="found-geokret-submit"]'.
20200814 14:49:35.818 - INFO - +----- END KW: SeleniumLibrary.Page Should Contain Button (697)
20200814 14:49:35.818 - INFO - +---- END KW: PageHome.Welcome ShouldShow FoundGeokretLogIt (963)
~~~~~~~~~~~~~~~~~~~~~~~~~~~~~~~~~~~~~~~~~~~~~~~~~~~~~~~~~~~~~~~~~~~~~~~~~~~~~~
20200814 14:49:35.819 - INFO - +---- START KW: FunctionsGlobal.Page ShouldShow FooterElements [ ]
20200814 14:49:35.819 - INFO - +----- START KW: SeleniumLibrary.Wait Until Page Contains Element [ ${FOOTER_HOME} ]
20200814 14:49:35.819 - DEBUG - Test timeout 2 minutes active. 116.178 seconds left.
20200814 14:49:35.952 - INFO - +----- END KW: SeleniumLibrary.Wait Until Page Contains Element (133)
20200814 14:49:35.953 - INFO - +----- START KW: SeleniumLibrary.Wait Until Page Contains Element [ ${FOOTER_HELP} ]
20200814 14:49:35.953 - DEBUG - Test timeout 2 minutes active. 116.045 seconds left.
20200814 14:49:36.081 - INFO - +----- END KW: SeleniumLibrary.Wait Until Page Contains Element (128)
20200814 14:49:36.081 - INFO - +----- START KW: SeleniumLibrary.Wait Until Page Contains Element [ ${FOOTER_NEWS} ]
20200814 14:49:36.082 - DEBUG - Test timeout 2 minutes active. 115.916 seconds left.
20200814 14:49:36.207 - INFO - +----- END KW: SeleniumLibrary.Wait Until Page Contains Element (126)
20200814 14:49:36.208 - INFO - +----- START KW: SeleniumLibrary.Wait Until Page Contains Element [ ${FOOTER_CONTACT} ]
20200814 14:49:36.208 - DEBUG - Test timeout 2 minutes active. 115.789 seconds left.
20200814 14:49:36.344 - INFO - +----- END KW: SeleniumLibrary.Wait Until Page Contains Element (136)
20200814 14:49:36.345 - INFO - +----- START KW: SeleniumLibrary.Wait Until Page Contains Element [ ${FOOTER_LICENSE} ]
20200814 14:49:36.345 - DEBUG - Test timeout 2 minutes active. 115.653 seconds left.
20200814 14:49:36.476 - INFO - +----- END KW: SeleniumLibrary.Wait Until Page Contains Element (131)
20200814 14:49:36.476 - INFO - +----- START KW: SeleniumLibrary.Wait Until Page Contains Element [ ${FOOTER_FACEBOOK} ]
20200814 14:49:36.476 - DEBUG - Test timeout 2 minutes active. 115.521 seconds left.
20200814 14:49:36.609 - INFO - +----- END KW: SeleniumLibrary.Wait Until Page Contains Element (133)
20200814 14:49:36.610 - INFO - +----- START KW: SeleniumLibrary.Wait Until Page Contains Element [ ${FOOTER_TWITTER} ]
20200814 14:49:36.610 - DEBUG - Test timeout 2 minutes active. 115.388 seconds left.
20200814 14:49:36.754 - INFO - +----- END KW: SeleniumLibrary.Wait Until Page Contains Element (144)
20200814 14:49:36.754 - INFO - +----- START KW: SeleniumLibrary.Wait Until Page Contains Element [ ${FOOTER_INSTAGRAM} ]
20200814 14:49:36.755 - DEBUG - Test timeout 2 minutes active. 115.243 seconds left.
20200814 14:49:36.885 - INFO - +----- END KW: SeleniumLibrary.Wait Until Page Contains Element (130)
20200814 14:49:36.885 - INFO - +---- END KW: FunctionsGlobal.Page ShouldShow FooterElements (1066)
------------------------------------------------------------------------------
20200814 14:49:36.886 - INFO - +--- END TEST: Welcome: (EN) (4888)
------------------------------------------------------------------------------
20200814 14:49:36.887 - INFO - +--- START TEST: Welcome: (FR) [ ]
------------------------------------------------------------------------------
20200814 14:49:36.888 - INFO - +---- START KW: FunctionsGlobal.!Go To GeoKrety [ ]
20200814 14:49:36.888 - INFO - +----- START KW: FunctionsGlobal.Go To Url [ ${GK_URL} ]
20200814 14:49:36.889 - INFO - +------ START KW: SeleniumLibrary.Go To [ ${url} ]
20200814 14:49:36.889 - DEBUG - Test timeout 2 minutes active. 119.997 seconds left.
20200814 14:49:36.889 - INFO - Opening url 'http://bs-local.com:3000/'
20200814 14:49:37.682 - INFO - +------ END KW: SeleniumLibrary.Go To (793)
20200814 14:49:37.682 - INFO - +----- END KW: FunctionsGlobal.Go To Url (794)
20200814 14:49:37.683 - INFO - +----- START KW: SeleniumLibrary.Location Should Contain [ ${GK_URL} ]
20200814 14:49:37.683 - DEBUG - Test timeout 2 minutes active. 119.203 seconds left.
20200814 14:49:37.830 - INFO - Current location contains 'http://bs-local.com:3000/'.
20200814 14:49:37.830 - INFO - +----- END KW: SeleniumLibrary.Location Should Contain (147)
20200814 14:49:37.830 - INFO - +---- END KW: FunctionsGlobal.!Go To GeoKrety (942)
~~~~~~~~~~~~~~~~~~~~~~~~~~~~~~~~~~~~~~~~~~~~~~~~~~~~~~~~~~~~~~~~~~~~~~~~~~~~~~
20200814 14:49:37.830 - INFO - +---- START KW: FunctionsGlobal.!Click On FR Lang [ ]
20200814 14:49:37.831 - INFO - +----- START KW: SeleniumLibrary.Wait Until Element Is Visible [ ${DROPDOWN_LANG} ]
20200814 14:49:37.831 - DEBUG - Test timeout 2 minutes active. 119.055 seconds left.
20200814 14:49:38.145 - INFO - +----- END KW: SeleniumLibrary.Wait Until Element Is Visible (314)
20200814 14:49:38.145 - INFO - +----- START KW: SeleniumLibrary.Click Element [ ${DROPDOWN_LANG} ]
20200814 14:49:38.146 - DEBUG - Test timeout 2 minutes active. 118.741 seconds left.
20200814 14:49:38.146 - INFO - Clicking element '//*[@id="navbar-lang"]'.
20200814 14:49:38.738 - INFO - +----- END KW: SeleniumLibrary.Click Element (593)
20200814 14:49:38.739 - INFO - +----- START KW: SeleniumLibrary.Wait Until Element Is Visible [ ${DROPDOWN_LANG_FR} ]
20200814 14:49:38.739 - DEBUG - Test timeout 2 minutes active. 118.147 seconds left.
20200814 14:49:39.086 - INFO - +----- END KW: SeleniumLibrary.Wait Until Element Is Visible (347)
20200814 14:49:39.086 - INFO - +----- START KW: SeleniumLibrary.Click Element [ ${DROPDOWN_LANG_FR} ]
20200814 14:49:39.086 - DEBUG - Test timeout 2 minutes active. 117.8 seconds left.
20200814 14:49:39.086 - INFO - Clicking element '//*[@id="navbar-lang-fr"]'.
20200814 14:49:39.887 - INFO - +----- END KW: SeleniumLibrary.Click Element (800)
20200814 14:49:39.887 - INFO - +----- START KW: SeleniumLibrary.Location Should Be [ ${GK_URL}fr? ]
20200814 14:49:39.887 - DEBUG - Test timeout 2 minutes active. 116.999 seconds left.
20200814 14:49:40.245 - INFO - Current location is 'http://bs-local.com:3000/fr?'.
20200814 14:49:40.246 - INFO - +----- END KW: SeleniumLibrary.Location Should Be (359)
20200814 14:49:40.246 - INFO - +---- END KW: FunctionsGlobal.!Click On FR Lang (2416)
~~~~~~~~~~~~~~~~~~~~~~~~~~~~~~~~~~~~~~~~~~~~~~~~~~~~~~~~~~~~~~~~~~~~~~~~~~~~~~
20200814 14:49:40.246 - INFO - +---- START KW: FunctionsGlobal.Page WithoutWarningOrFailure [ ]
20200814 14:49:40.247 - INFO - +----- START KW: SeleniumLibrary.Page Should Not Contain [ Warning: ]
20200814 14:49:40.247 - DEBUG - Test timeout 2 minutes active. 116.639 seconds left.
20200814 14:49:40.623 - DEBUG - Current frame has 0 subframes.
20200814 14:49:40.624 - INFO - Current page does not contain text 'Warning:'.
20200814 14:49:40.624 - INFO - +----- END KW: SeleniumLibrary.Page Should Not Contain (377)
20200814 14:49:40.624 - INFO - +----- START KW: SeleniumLibrary.Page Should Not Contain [ Failed ]
20200814 14:49:40.625 - DEBUG - Test timeout 2 minutes active. 116.262 seconds left.
20200814 14:49:41.023 - DEBUG - Current frame has 0 subframes.
20200814 14:49:41.023 - INFO - Current page does not contain text 'Failed'.
20200814 14:49:41.023 - INFO - +----- END KW: SeleniumLibrary.Page Should Not Contain (399)
20200814 14:49:41.023 - INFO - +----- START KW: SeleniumLibrary.Page Should Not Contain [ Internal Server Error ]
20200814 14:49:41.024 - DEBUG - Test timeout 2 minutes active. 115.863 seconds left.
20200814 14:49:41.396 - DEBUG - Current frame has 0 subframes.
20200814 14:49:41.396 - INFO - Current page does not contain text 'Internal Server Error'.
20200814 14:49:41.397 - INFO - +----- END KW: SeleniumLibrary.Page Should Not Contain (374)
20200814 14:49:41.397 - INFO - +---- END KW: FunctionsGlobal.Page WithoutWarningOrFailure (1151)
~~~~~~~~~~~~~~~~~~~~~~~~~~~~~~~~~~~~~~~~~~~~~~~~~~~~~~~~~~~~~~~~~~~~~~~~~~~~~~
20200814 14:49:41.397 - INFO - +---- START KW: FunctionsGlobal.Page WaitForFooterHome [ ]
20200814 14:49:41.398 - INFO - +----- START KW: SeleniumLibrary.Wait Until Page Contains Element [ ${FOOTER_HOME} ]
20200814 14:49:41.398 - DEBUG - Test timeout 2 minutes active. 115.488 seconds left.
20200814 14:49:41.519 - INFO - +----- END KW: SeleniumLibrary.Wait Until Page Contains Element (121)
20200814 14:49:41.519 - INFO - +---- END KW: FunctionsGlobal.Page WaitForFooterHome (122)
~~~~~~~~~~~~~~~~~~~~~~~~~~~~~~~~~~~~~~~~~~~~~~~~~~~~~~~~~~~~~~~~~~~~~~~~~~~~~~
20200814 14:49:41.519 - INFO - +---- START KW: PageHome.Welcome ShouldShow WelcomeToGeokretyFR [ ]
20200814 14:49:41.520 - INFO - +----- START KW: SeleniumLibrary.Page Should Contain [ Bienvenue sur GeoKrety.org ! ]
20200814 14:49:41.520 - DEBUG - Test timeout 2 minutes active. 115.366 seconds left.
20200814 14:49:41.779 - INFO - Current page contains text 'Bienvenue sur GeoKrety.org !'.
20200814 14:49:41.780 - INFO - +----- END KW: SeleniumLibrary.Page Should Contain (260)
20200814 14:49:41.780 - INFO - +---- END KW: PageHome.Welcome ShouldShow WelcomeToGeokretyFR (261)
~~~~~~~~~~~~~~~~~~~~~~~~~~~~~~~~~~~~~~~~~~~~~~~~~~~~~~~~~~~~~~~~~~~~~~~~~~~~~~
20200814 14:49:41.781 - INFO - +---- START KW: PageHome.Welcome ShouldShow SomeStatisticsFR [ ]
20200814 14:49:41.781 - INFO - +----- START KW: SeleniumLibrary.Page Should Contain [ Quelques statistiques ]
20200814 14:49:41.781 - DEBUG - Test timeout 2 minutes active. 115.105 seconds left.
20200814 14:49:42.060 - INFO - Current page contains text 'Quelques statistiques'.
20200814 14:49:42.060 - INFO - +----- END KW: SeleniumLibrary.Page Should Contain (279)
20200814 14:49:42.060 - INFO - +---- END KW: PageHome.Welcome ShouldShow SomeStatisticsFR (280)
~~~~~~~~~~~~~~~~~~~~~~~~~~~~~~~~~~~~~~~~~~~~~~~~~~~~~~~~~~~~~~~~~~~~~~~~~~~~~~
20200814 14:49:42.061 - INFO - +---- START KW: PageHome.Welcome ShouldShow FoundGeokretLogItFR [ ]
20200814 14:49:42.061 - INFO - +----- START KW: SeleniumLibrary.Page Should Contain [ Vous avez trouvé un GeoKret ? ]
20200814 14:49:42.062 - DEBUG - Test timeout 2 minutes active. 114.825 seconds left.
20200814 14:49:42.318 - INFO - Current page contains text 'Vous avez trouvé un GeoKret ?'.
20200814 14:49:42.318 - INFO - +----- END KW: SeleniumLibrary.Page Should Contain (257)
20200814 14:49:42.319 - INFO - +----- START KW: SeleniumLibrary.Page Should Contain Button [ ${HOME_FOUND_GK_TRACKING_CODE_BUTTON} ]
20200814 14:49:42.320 - DEBUG - Test timeout 2 minutes active. 114.567 seconds left.
20200814 14:49:43.046 - INFO - Current page contains button '//*[@id="found-geokret-submit"]'.
20200814 14:49:43.046 - INFO - +----- END KW: SeleniumLibrary.Page Should Contain Button (727)
20200814 14:49:43.046 - INFO - +---- END KW: PageHome.Welcome ShouldShow FoundGeokretLogItFR (985)
~~~~~~~~~~~~~~~~~~~~~~~~~~~~~~~~~~~~~~~~~~~~~~~~~~~~~~~~~~~~~~~~~~~~~~~~~~~~~~
20200814 14:49:43.047 - INFO - +---- START KW: FunctionsGlobal.Page ShouldShow FooterElements [ ]
20200814 14:49:43.047 - INFO - +----- START KW: SeleniumLibrary.Wait Until Page Contains Element [ ${FOOTER_HOME} ]
20200814 14:49:43.047 - DEBUG - Test timeout 2 minutes active. 113.839 seconds left.
20200814 14:49:43.212 - INFO - +----- END KW: SeleniumLibrary.Wait Until Page Contains Element (165)
20200814 14:49:43.212 - INFO - +----- START KW: SeleniumLibrary.Wait Until Page Contains Element [ ${FOOTER_HELP} ]
20200814 14:49:43.213 - DEBUG - Test timeout 2 minutes active. 113.673 seconds left.
20200814 14:49:43.346 - INFO - +----- END KW: SeleniumLibrary.Wait Until Page Contains Element (134)
20200814 14:49:43.346 - INFO - +----- START KW: SeleniumLibrary.Wait Until Page Contains Element [ ${FOOTER_NEWS} ]
20200814 14:49:43.347 - DEBUG - Test timeout 2 minutes active. 113.54 seconds left.
20200814 14:49:43.474 - INFO - +----- END KW: SeleniumLibrary.Wait Until Page Contains Element (128)
20200814 14:49:43.474 - INFO - +----- START KW: SeleniumLibrary.Wait Until Page Contains Element [ ${FOOTER_CONTACT} ]
20200814 14:49:43.474 - DEBUG - Test timeout 2 minutes active. 113.412 seconds left.
20200814 14:49:43.599 - INFO - +----- END KW: SeleniumLibrary.Wait Until Page Contains Element (125)
20200814 14:49:43.599 - INFO - +----- START KW: SeleniumLibrary.Wait Until Page Contains Element [ ${FOOTER_LICENSE} ]
20200814 14:49:43.600 - DEBUG - Test timeout 2 minutes active. 113.287 seconds left.
20200814 14:49:43.726 - INFO - +----- END KW: SeleniumLibrary.Wait Until Page Contains Element (127)
20200814 14:49:43.726 - INFO - +----- START KW: SeleniumLibrary.Wait Until Page Contains Element [ ${FOOTER_FACEBOOK} ]
20200814 14:49:43.726 - DEBUG - Test timeout 2 minutes active. 113.16 seconds left.
20200814 14:49:43.860 - INFO - +----- END KW: SeleniumLibrary.Wait Until Page Contains Element (134)
20200814 14:49:43.861 - INFO - +----- START KW: SeleniumLibrary.Wait Until Page Contains Element [ ${FOOTER_TWITTER} ]
20200814 14:49:43.861 - DEBUG - Test timeout 2 minutes active. 113.025 seconds left.
20200814 14:49:44.010 - INFO - +----- END KW: SeleniumLibrary.Wait Until Page Contains Element (149)
20200814 14:49:44.010 - INFO - +----- START KW: SeleniumLibrary.Wait Until Page Contains Element [ ${FOOTER_INSTAGRAM} ]
20200814 14:49:44.011 - DEBUG - Test timeout 2 minutes active. 112.875 seconds left.
20200814 14:49:44.143 - INFO - +----- END KW: SeleniumLibrary.Wait Until Page Contains Element (133)
20200814 14:49:44.143 - INFO - +---- END KW: FunctionsGlobal.Page ShouldShow FooterElements (1096)
------------------------------------------------------------------------------
20200814 14:49:44.144 - INFO - +--- END TEST: Welcome: (FR) (7257)
------------------------------------------------------------------------------
20200814 14:49:44.146 - INFO - +-- END SUITE: Acceptance.001 HomePage.000 Languages (12159)
==============================================================================
20200814 14:49:44.155 - INFO - +-- START SUITE: Acceptance.001 HomePage.010 Found GeoKret [ ]
==============================================================================
20200814 14:49:44.156 - INFO - +--- START TEST: Welcome: (EN) input geokret code [ ]
------------------------------------------------------------------------------
20200814 14:49:44.157 - INFO - +---- START KW: FunctionsGlobal.!Go To GeoKrety [ ]
20200814 14:49:44.158 - INFO - +----- START KW: FunctionsGlobal.Go To Url [ ${GK_URL} ]
20200814 14:49:44.158 - INFO - +------ START KW: SeleniumLibrary.Go To [ ${url} ]
20200814 14:49:44.159 - DEBUG - Test timeout 2 minutes active. 119.997 seconds left.
20200814 14:49:44.159 - INFO - Opening url 'http://bs-local.com:3000/'
20200814 14:49:45.155 - INFO - +------ END KW: SeleniumLibrary.Go To (997)
20200814 14:49:45.155 - INFO - +----- END KW: FunctionsGlobal.Go To Url (997)
20200814 14:49:45.156 - INFO - +----- START KW: SeleniumLibrary.Location Should Contain [ ${GK_URL} ]
20200814 14:49:45.156 - DEBUG - Test timeout 2 minutes active. 119.0 seconds left.
20200814 14:49:45.284 - INFO - Current location contains 'http://bs-local.com:3000/'.
20200814 14:49:45.284 - INFO - +----- END KW: SeleniumLibrary.Location Should Contain (128)
20200814 14:49:45.284 - INFO - +---- END KW: FunctionsGlobal.!Go To GeoKrety (1127)
~~~~~~~~~~~~~~~~~~~~~~~~~~~~~~~~~~~~~~~~~~~~~~~~~~~~~~~~~~~~~~~~~~~~~~~~~~~~~~
20200814 14:49:45.285 - INFO - +---- START KW: PageHome.!V2 Enter TrackingCode [ ${TEST_GEOKRET_CODE} ]
20200814 14:49:45.285 - INFO - +----- START KW: SeleniumLibrary.Wait Until Element Is Visible [ ${HOME_FOUND_GK_TRACKING_CODE_INPUT} ]
20200814 14:49:45.285 - DEBUG - Test timeout 2 minutes active. 118.871 seconds left.
20200814 14:49:45.638 - INFO - +----- END KW: SeleniumLibrary.Wait Until Element Is Visible (353)
20200814 14:49:45.638 - INFO - +----- START KW: SeleniumLibrary.Input Text [ ${HOME_FOUND_GK_TRACKING_CODE_INPUT} | ${code} ]
20200814 14:49:45.639 - DEBUG - Test timeout 2 minutes active. 118.517 seconds left.
20200814 14:49:45.639 - INFO - Typing text '673CI2' into text field '//*[@id="tracking_code"]'.
20200814 14:49:46.163 - INFO - +----- END KW: SeleniumLibrary.Input Text (525)
20200814 14:49:46.164 - INFO - +----- START KW: SeleniumLibrary.Simulate Event [ ${HOME_FOUND_GK_TRACKING_CODE_INPUT} | blur ]
20200814 14:49:46.164 - DEBUG - Test timeout 2 minutes active. 117.992 seconds left.
20200814 14:49:46.495 - INFO - +----- END KW: SeleniumLibrary.Simulate Event (331)
20200814 14:49:46.495 - INFO - +---- END KW: PageHome.!V2 Enter TrackingCode (1210)
~~~~~~~~~~~~~~~~~~~~~~~~~~~~~~~~~~~~~~~~~~~~~~~~~~~~~~~~~~~~~~~~~~~~~~~~~~~~~~
20200814 14:49:46.496 - INFO - +---- START KW: PageHome.!V2 Click On FoundGeokretLogIt [ ]
20200814 14:49:46.496 - INFO - +----- START KW: SeleniumLibrary.Wait Until Element Is Visible [ ${HOME_FOUND_GK_TRACKING_CODE_BUTTON} ]
20200814 14:49:46.497 - DEBUG - Test timeout 2 minutes active. 117.659 seconds left.
20200814 14:49:46.894 - INFO - +----- END KW: SeleniumLibrary.Wait Until Element Is Visible (398)
20200814 14:49:46.894 - INFO - +----- START KW: SeleniumLibrary.Click Button [ ${HOME_FOUND_GK_TRACKING_CODE_BUTTON} ]
20200814 14:49:46.894 - DEBUG - Test timeout 2 minutes active. 117.262 seconds left.
20200814 14:49:46.894 - INFO - Clicking button '//*[@id="found-geokret-submit"]'.
20200814 14:49:49.905 - INFO - +----- END KW: SeleniumLibrary.Click Button (3010)
20200814 14:49:49.905 - INFO - +---- END KW: PageHome.!V2 Click On FoundGeokretLogIt (3409)
~~~~~~~~~~~~~~~~~~~~~~~~~~~~~~~~~~~~~~~~~~~~~~~~~~~~~~~~~~~~~~~~~~~~~~~~~~~~~~
20200814 14:49:49.905 - INFO - +---- START KW: SeleniumLibrary.Location Should Be [ ${GK_URL}en/moves?tracking_code=${TEST_GEOKRET_CODE} ]
20200814 14:49:49.906 - DEBUG - Test timeout 2 minutes active. 114.25 seconds left.
20200814 14:49:50.068 - INFO - Current location is 'http://bs-local.com:3000/en/moves?tracking_code=673CI2'.
20200814 14:49:50.068 - INFO - +---- END KW: SeleniumLibrary.Location Should Be (163)
------------------------------------------------------------------------------
20200814 14:49:50.069 - INFO - +--- END TEST: Welcome: (EN) input geokret code (5913)
------------------------------------------------------------------------------
20200814 14:49:50.071 - INFO - +-- END SUITE: Acceptance.001 HomePage.010 Found GeoKret (5923)
==============================================================================
20200814 14:49:50.072 - INFO - +-- START TEARDOWN: FunctionsGlobal.Global TearDown [ ]
20200814 14:49:50.073 - INFO - +--- START KW: SeleniumLibrary.Close Browser [ ]
20200814 14:49:50.073 - DEBUG - Closing browser with session id f1e7ce2235ee8151fb4e7f1ec241dc4a0493c13a.
20200814 14:49:55.686 - INFO - +--- END KW: SeleniumLibrary.Close Browser (5612)
20200814 14:49:55.686 - INFO - +-- END TEARDOWN: FunctionsGlobal.Global TearDown (5614)
==============================================================================
20200814 14:49:55.688 - INFO - +- END SUITE: Acceptance.001 HomePage (41652)
==============================================================================
20200814 14:49:55.697 - INFO - +- START SUITE: Acceptance.010 UserRegistration [ ]
==============================================================================
20200814 14:49:55.698 - INFO - +-- START SETUP: FunctionsGlobal.Global Setup [ ]
20200814 14:49:55.698 - INFO - +--- START KW: FunctionsGlobal.!Open GeoKrety Browser [ ${browser} ]
20200814 14:49:55.699 - INFO - +---- START KW: BuiltIn.Run Keyword If [ '${BS_ENABLED}' != 'false' | !Open GeoKrety BrowserStack | ${browser} | ELSE | !Open GeoKrety Browser Local | ${browser} ]
20200814 14:49:55.699 - INFO - +----- START KW: FunctionsGlobal.!Open GeoKrety BrowserStack [ ${browser} ]
20200814 14:49:55.700 - INFO - +------ START KW: BuiltIn.Run Keyword If [ "${browser}"=="Firefox" | !Open GeoKrety BrowserStack Windows10 Firefox ]
20200814 14:49:55.701 - INFO - +------- START KW: FunctionsGlobal.!Open GeoKrety BrowserStack Windows10 Firefox [ ]
20200814 14:49:55.701 - INFO - +-------- START KW: BuiltIn.Log [ Open Browserstack Windows10 Firefox ]
20200814 14:49:55.701 - INFO - Open Browserstack Windows10 Firefox
20200814 14:49:55.701 - INFO - +-------- END KW: BuiltIn.Log (0)
20200814 14:49:55.702 - INFO - +-------- START KW: BuiltIn.Log [ ${DC_Win10Firefox} ]
20200814 14:49:55.702 - INFO - "os:Windows,os_version:10,browser:Firefox,browser_version:79.0,browserstack.local:true,browserstack.localIdentifier:travis-tests-in-docker-6411,project:GeoKrety"
20200814 14:49:55.702 - INFO - +-------- END KW: BuiltIn.Log (0)
20200814 14:49:55.702 - INFO - +-------- START KW: SeleniumLibrary.Open Browser [ ${GK_URL} | remote_url=${BS_HUB} | desired_capabilities=${DC_Win10Firefox} ]
20200814 14:49:55.703 - INFO - Opening browser 'firefox' to base url 'http://bs-local.com:3000/' through remote server at 'https://geokretygeokrety1:e53qu2x85DsykVPqRsst@hub.browserstack.com/wd/hub'.
20200814 14:50:06.513 - DEBUG - Opened browser with session id be8f2fbed2ee2c308441e94e5ba8cdfa542b58ad.
20200814 14:50:06.513 - INFO - +-------- END KW: SeleniumLibrary.Open Browser (10811)
20200814 14:50:06.514 - INFO - +------- END KW: FunctionsGlobal.!Open GeoKrety BrowserStack Windows10 Firefox (10814)
20200814 14:50:06.514 - INFO - +------ END KW: BuiltIn.Run Keyword If (10814)
20200814 14:50:06.514 - INFO - +------ START KW: BuiltIn.Run Keyword If [ "${browser}"=="Chrome" | !Open GeoKrety BrowserStack Windows10 Chrome ]
20200814 14:50:06.515 - INFO - +------ END KW: BuiltIn.Run Keyword If (1)
20200814 14:50:06.515 - INFO - +----- END KW: FunctionsGlobal.!Open GeoKrety BrowserStack (10816)
20200814 14:50:06.515 - INFO - +---- END KW: BuiltIn.Run Keyword If (10816)
20200814 14:50:06.515 - INFO - +---- START KW: SeleniumLibrary.Set Selenium Timeout [ 0.45 ]
20200814 14:50:06.656 - INFO - +---- END KW: SeleniumLibrary.Set Selenium Timeout (140)
20200814 14:50:06.656 - INFO - +--- END KW: FunctionsGlobal.!Open GeoKrety Browser (10958)
20200814 14:50:06.656 - INFO - +--- START KW: FunctionsGlobal.Clear Database [ ]
20200814 14:50:06.657 - INFO - +---- START KW: FunctionsGlobal.Go To Url [ ${PAGE_DEV_RESET_DB_URL} ]
20200814 14:50:06.657 - INFO - +----- START KW: SeleniumLibrary.Go To [ ${url} ]
20200814 14:50:06.657 - INFO - Opening url 'http://bs-local.com:3000/devel/db/reset'
20200814 14:50:08.333 - INFO - +----- END KW: SeleniumLibrary.Go To (1676)
20200814 14:50:08.333 - INFO - +---- END KW: FunctionsGlobal.Go To Url (1676)
20200814 14:50:08.333 - INFO - +---- START KW: SeleniumLibrary.Page Should Contain [ OK ]
20200814 14:50:08.712 - INFO - Current page contains text 'OK'.
20200814 14:50:08.712 - INFO - +---- END KW: SeleniumLibrary.Page Should Contain (379)
20200814 14:50:08.713 - INFO - +--- END KW: FunctionsGlobal.Clear Database (2057)
20200814 14:50:08.713 - INFO - +-- END SETUP: FunctionsGlobal.Global Setup (13015)
==============================================================================
20200814 14:50:08.725 - INFO - +-- START SUITE: Acceptance.010 UserRegistration.000 Create Account [ ]
==============================================================================
20200814 14:50:08.726 - INFO - +--- START TEST: Create first account [ ]
------------------------------------------------------------------------------
20200814 14:50:08.727 - INFO - +---- START KW: FunctionsGlobal.!Go To GeoKrety [ ]
20200814 14:50:08.728 - INFO - +----- START KW: FunctionsGlobal.Go To Url [ ${GK_URL} ]
20200814 14:50:08.729 - INFO - +------ START KW: SeleniumLibrary.Go To [ ${url} ]
20200814 14:50:08.729 - DEBUG - Test timeout 2 minutes active. 119.997 seconds left.
20200814 14:50:08.729 - INFO - Opening url 'http://bs-local.com:3000/'
20200814 14:50:09.581 - INFO - +------ END KW: SeleniumLibrary.Go To (853)
20200814 14:50:09.582 - INFO - +----- END KW: FunctionsGlobal.Go To Url (854)
20200814 14:50:09.582 - INFO - +----- START KW: SeleniumLibrary.Location Should Contain [ ${GK_URL} ]
20200814 14:50:09.583 - DEBUG - Test timeout 2 minutes active. 119.143 seconds left.
20200814 14:50:09.711 - INFO - Current location contains 'http://bs-local.com:3000/'.
20200814 14:50:09.712 - INFO - +----- END KW: SeleniumLibrary.Location Should Contain (130)
20200814 14:50:09.712 - INFO - +---- END KW: FunctionsGlobal.!Go To GeoKrety (985)
~~~~~~~~~~~~~~~~~~~~~~~~~~~~~~~~~~~~~~~~~~~~~~~~~~~~~~~~~~~~~~~~~~~~~~~~~~~~~~
20200814 14:50:09.713 - INFO - +---- START KW: SeleniumLibrary.Page Should Contain Link [ ${NAVBAR_REGISTER_LINK} ]
20200814 14:50:09.713 - DEBUG - Test timeout 2 minutes active. 119.013 seconds left.
20200814 14:50:10.006 - INFO - Current page contains link '//*[@id="navbar-profile-register"]'.
20200814 14:50:10.006 - INFO - +---- END KW: SeleniumLibrary.Page Should Contain Link (294)
~~~~~~~~~~~~~~~~~~~~~~~~~~~~~~~~~~~~~~~~~~~~~~~~~~~~~~~~~~~~~~~~~~~~~~~~~~~~~~
20200814 14:50:10.007 - INFO - +---- START KW: SeleniumLibrary.Click Element [ ${NAVBAR_REGISTER_LINK} ]
20200814 14:50:10.007 - DEBUG - Test timeout 2 minutes active. 118.719 seconds left.
20200814 14:50:10.007 - INFO - Clicking element '//*[@id="navbar-profile-register"]'.
20200814 14:50:12.487 - INFO - +---- END KW: SeleniumLibrary.Click Element (2480)
~~~~~~~~~~~~~~~~~~~~~~~~~~~~~~~~~~~~~~~~~~~~~~~~~~~~~~~~~~~~~~~~~~~~~~~~~~~~~~
20200814 14:50:12.488 - INFO - +---- START KW: PageRegistration.Page ShouldShow Registration Form [ ]
20200814 14:50:12.488 - INFO - +----- START KW: SeleniumLibrary.Wait Until Element Is Visible [ ${REGISTRATION_REGISTER_BUTTON} ]
20200814 14:50:12.488 - DEBUG - Test timeout 2 minutes active. 116.237 seconds left.
20200814 14:50:12.859 - INFO - +----- END KW: SeleniumLibrary.Wait Until Element Is Visible (371)
20200814 14:50:12.859 - INFO - +----- START KW: SeleniumLibrary.Wait Until Page Contains Element [ ${REGISTRATION_USERNAME_INPUT} ]
20200814 14:50:12.859 - DEBUG - Test timeout 2 minutes active. 115.866 seconds left.
20200814 14:50:13.003 - INFO - +----- END KW: SeleniumLibrary.Wait Until Page Contains Element (144)
20200814 14:50:13.003 - INFO - +----- START KW: SeleniumLibrary.Wait Until Page Contains Element [ ${REGISTRATION_EMAIL_INPUT} ]
20200814 14:50:13.004 - DEBUG - Test timeout 2 minutes active. 115.722 seconds left.
20200814 14:50:13.150 - INFO - +----- END KW: SeleniumLibrary.Wait Until Page Contains Element (147)
20200814 14:50:13.151 - INFO - +----- START KW: SeleniumLibrary.Wait Until Page Contains Element [ ${REGISTRATION_PASSWORD_INPUT} ]
20200814 14:50:13.151 - DEBUG - Test timeout 2 minutes active. 115.575 seconds left.
20200814 14:50:13.281 - INFO - +----- END KW: SeleniumLibrary.Wait Until Page Contains Element (130)
20200814 14:50:13.281 - INFO - +----- START KW: SeleniumLibrary.Wait Until Page Contains Element [ ${REGISTRATION_PASSWORD_CONFIRM_INPUT} ]
20200814 14:50:13.282 - DEBUG - Test timeout 2 minutes active. 115.444 seconds left.
20200814 14:50:13.437 - INFO - +----- END KW: SeleniumLibrary.Wait Until Page Contains Element (156)
20200814 14:50:13.438 - INFO - +----- START KW: SeleniumLibrary.Wait Until Page Contains Element [ ${REGISTRATION_PREFERRED_LANGUAGE_SELECT} ]
20200814 14:50:13.438 - DEBUG - Test timeout 2 minutes active. 115.287 seconds left.
20200814 14:50:13.582 - INFO - +----- END KW: SeleniumLibrary.Wait Until Page Contains Element (144)
20200814 14:50:13.582 - INFO - +----- START KW: SeleniumLibrary.Wait Until Page Contains Element [ ${REGISTRATION_DAILY_MAIL_CHECKBOX} ]
20200814 14:50:13.582 - DEBUG - Test timeout 2 minutes active. 115.143 seconds left.
20200814 14:50:13.733 - INFO - +----- END KW: SeleniumLibrary.Wait Until Page Contains Element (151)
20200814 14:50:13.733 - INFO - +----- START KW: SeleniumLibrary.Wait Until Page Contains Element [ ${REGISTRATION_TERMS_OF_USE_CHECKBOX} ]
20200814 14:50:13.734 - DEBUG - Test timeout 2 minutes active. 114.992 seconds left.
20200814 14:50:13.984 - INFO - +----- END KW: SeleniumLibrary.Wait Until Page Contains Element (251)
20200814 14:50:13.985 - INFO - +---- END KW: PageRegistration.Page ShouldShow Registration Form (1497)
~~~~~~~~~~~~~~~~~~~~~~~~~~~~~~~~~~~~~~~~~~~~~~~~~~~~~~~~~~~~~~~~~~~~~~~~~~~~~~
20200814 14:50:13.985 - INFO - +---- START KW: PageRegistration.Fill Registration Form [ admin ]
20200814 14:50:13.986 - INFO - +----- START KW: SeleniumLibrary.Input Text [ ${REGISTRATION_USERNAME_INPUT} | ${username} ]
20200814 14:50:13.986 - DEBUG - Test timeout 2 minutes active. 114.739 seconds left.
20200814 14:50:13.986 - INFO - Typing text 'admin' into text field '//*[@id="usernameInput"]'.
20200814 14:50:14.561 - INFO - +----- END KW: SeleniumLibrary.Input Text (575)
20200814 14:50:14.562 - INFO - +----- START KW: SeleniumLibrary.Input Text [ ${REGISTRATION_EMAIL_INPUT} | ${email} ]
20200814 14:50:14.562 - DEBUG - Test timeout 2 minutes active. 114.164 seconds left.
20200814 14:50:14.562 - INFO - Typing text 'admin+qa@geokrety.org' into text field '//*[@id="emailInput"]'.
20200814 14:50:15.157 - INFO - +----- END KW: SeleniumLibrary.Input Text (596)
20200814 14:50:15.158 - INFO - +----- START KW: SeleniumLibrary.Input Text [ ${REGISTRATION_PASSWORD_INPUT} | ${password} ]
20200814 14:50:15.158 - DEBUG - Test timeout 2 minutes active. 113.568 seconds left.
20200814 14:50:15.158 - INFO - Typing text 'password' into text field '//*[@id="passwordInput"]'.
20200814 14:50:15.761 - INFO - +----- END KW: SeleniumLibrary.Input Text (603)
20200814 14:50:15.761 - INFO - +----- START KW: SeleniumLibrary.Input Text [ ${REGISTRATION_PASSWORD_CONFIRM_INPUT} | ${password} ]
20200814 14:50:15.761 - DEBUG - Test timeout 2 minutes active. 112.964 seconds left.
20200814 14:50:15.761 - INFO - Typing text 'password' into text field '//*[@id="passwordConfirmInput"]'.
20200814 14:50:16.408 - INFO - +----- END KW: SeleniumLibrary.Input Text (647)
20200814 14:50:16.408 - INFO - +----- START KW: SeleniumLibrary.Select From List By Value [ ${REGISTRATION_PREFERRED_LANGUAGE_SELECT} | ${language} ]
20200814 14:50:16.409 - DEBUG - Test timeout 2 minutes active. 112.317 seconds left.
20200814 14:50:16.409 - INFO - Selecting options from selection list '//*[@id="preferredLanguageInput"]' by value en.
20200814 14:50:17.295 - INFO - +----- END KW: SeleniumLibrary.Select From List By Value (887)
20200814 14:50:17.295 - INFO - +----- START KW: BuiltIn.Run Keyword If [ ${daily_mail} | Select Checkbox | ${REGISTRATION_DAILY_MAIL_CHECKBOX} ]
20200814 14:50:17.296 - INFO - +----- END KW: BuiltIn.Run Keyword If (1)
20200814 14:50:17.296 - INFO - +----- START KW: BuiltIn.Run Keyword If [ ${terms_of_use} | Select Checkbox | ${REGISTRATION_TERMS_OF_USE_CHECKBOX} ]
20200814 14:50:17.296 - INFO - +------ START KW: SeleniumLibrary.Select Checkbox [ ${REGISTRATION_TERMS_OF_USE_CHECKBOX} ]
20200814 14:50:17.296 - DEBUG - Test timeout 2 minutes active. 111.429 seconds left.
20200814 14:50:17.296 - INFO - Selecting checkbox '//*[@id="termsOfUseInput"]'.
20200814 14:50:18.256 - INFO - +------ END KW: SeleniumLibrary.Select Checkbox (960)
20200814 14:50:18.256 - INFO - +----- END KW: BuiltIn.Run Keyword If (960)
20200814 14:50:18.256 - INFO - +---- END KW: PageRegistration.Fill Registration Form (4271)
~~~~~~~~~~~~~~~~~~~~~~~~~~~~~~~~~~~~~~~~~~~~~~~~~~~~~~~~~~~~~~~~~~~~~~~~~~~~~~
20200814 14:50:18.257 - INFO - +---- START KW: SeleniumLibrary.Click Button [ ${REGISTRATION_REGISTER_BUTTON} ]
20200814 14:50:18.257 - DEBUG - Test timeout 2 minutes active. 110.469 seconds left.
20200814 14:50:18.257 - INFO - Clicking button '//*[@id="registerButton"]'.
20200814 14:50:21.096 - INFO - +---- END KW: SeleniumLibrary.Click Button (2839)
~~~~~~~~~~~~~~~~~~~~~~~~~~~~~~~~~~~~~~~~~~~~~~~~~~~~~~~~~~~~~~~~~~~~~~~~~~~~~~
20200814 14:50:21.097 - INFO - +---- START KW: SeleniumLibrary.Location Should Be [ ${GK_URL}en/users/1 ]
20200814 14:50:21.097 - DEBUG - Test timeout 2 minutes active. 107.628 seconds left.
20200814 14:50:21.272 - INFO - Current location is 'http://bs-local.com:3000/en/users/1'.
20200814 14:50:21.273 - INFO - +---- END KW: SeleniumLibrary.Location Should Be (176)
~~~~~~~~~~~~~~~~~~~~~~~~~~~~~~~~~~~~~~~~~~~~~~~~~~~~~~~~~~~~~~~~~~~~~~~~~~~~~~
20200814 14:50:21.273 - INFO - +---- START KW: SeleniumLibrary.Page Should Not Contain [ No such item! ]
20200814 14:50:21.274 - DEBUG - Test timeout 2 minutes active. 107.452 seconds left.
20200814 14:50:21.704 - DEBUG - Current frame has 0 subframes.
20200814 14:50:21.704 - INFO - Current page does not contain text 'No such item!'.
20200814 14:50:21.704 - INFO - +---- END KW: SeleniumLibrary.Page Should Not Contain (431)
~~~~~~~~~~~~~~~~~~~~~~~~~~~~~~~~~~~~~~~~~~~~~~~~~~~~~~~~~~~~~~~~~~~~~~~~~~~~~~
20200814 14:50:21.704 - INFO - +---- START KW: SeleniumLibrary.Page Should Contain [ A confirmation email has been sent to your address ]
20200814 14:50:21.704 - DEBUG - Test timeout 2 minutes active. 107.021 seconds left.
20200814 14:50:21.978 - INFO - Current page contains text 'A confirmation email has been sent to your address'.
20200814 14:50:21.979 - INFO - +---- END KW: SeleniumLibrary.Page Should Contain (275)
~~~~~~~~~~~~~~~~~~~~~~~~~~~~~~~~~~~~~~~~~~~~~~~~~~~~~~~~~~~~~~~~~~~~~~~~~~~~~~
20200814 14:50:21.979 - INFO - +---- START KW: SeleniumLibrary.Element Text Should Be [ ${NAVBAR_DEV_MAILBOX_COUNTER} | 1 ]
20200814 14:50:21.980 - DEBUG - Test timeout 2 minutes active. 106.746 seconds left.
20200814 14:50:21.980 - INFO - Verifying element '//*[@id="navbar-localmail"]/span[@class="badge"]' contains exact text '1'.
20200814 14:50:22.245 - INFO - +---- END KW: SeleniumLibrary.Element Text Should Be (266)
------------------------------------------------------------------------------
20200814 14:50:22.246 - INFO - +--- END TEST: Create first account (13520)
------------------------------------------------------------------------------
20200814 14:50:22.247 - INFO - +--- START TEST: Activate account [ ]
------------------------------------------------------------------------------
20200814 14:50:22.248 - INFO - +---- START KW: DependencyLibrary.Depends On Test [ Create first account ]
20200814 14:50:22.248 - DEBUG - Test timeout 2 minutes active. 119.999 seconds left.
20200814 14:50:22.248 - INFO - +---- END KW: DependencyLibrary.Depends On Test (0)
~~~~~~~~~~~~~~~~~~~~~~~~~~~~~~~~~~~~~~~~~~~~~~~~~~~~~~~~~~~~~~~~~~~~~~~~~~~~~~
20200814 14:50:22.249 - INFO - +---- START KW: FunctionsGlobal.Go To Url [ ${PAGE_DEV_MAILBOX_URL} ]
20200814 14:50:22.249 - INFO - +----- START KW: SeleniumLibrary.Go To [ ${url} ]
20200814 14:50:22.250 - DEBUG - Test timeout 2 minutes active. 119.997 seconds left.
20200814 14:50:22.250 - INFO - Opening url 'http://bs-local.com:3000/devel/mail'
20200814 14:50:22.817 - INFO - +----- END KW: SeleniumLibrary.Go To (568)
20200814 14:50:22.817 - INFO - +---- END KW: FunctionsGlobal.Go To Url (568)
~~~~~~~~~~~~~~~~~~~~~~~~~~~~~~~~~~~~~~~~~~~~~~~~~~~~~~~~~~~~~~~~~~~~~~~~~~~~~~
20200814 14:50:22.818 - INFO - +---- START KW: SeleniumLibrary.Get Element Count [ ${DEV_MAILBOX_MAILS_TABLE_ROWS} ]
20200814 14:50:22.818 - DEBUG - Test timeout 2 minutes active. 119.429 seconds left.
20200814 14:50:22.964 - INFO - ${rowCount} = 1
20200814 14:50:22.964 - INFO - +---- END KW: SeleniumLibrary.Get Element Count (146)
~~~~~~~~~~~~~~~~~~~~~~~~~~~~~~~~~~~~~~~~~~~~~~~~~~~~~~~~~~~~~~~~~~~~~~~~~~~~~~
20200814 14:50:22.964 - INFO - +---- START KW: BuiltIn.Should Be Equal As Integers [ 1 | ${rowCount} ]
20200814 14:50:22.965 - DEBUG - Test timeout 2 minutes active. 119.282 seconds left.
20200814 14:50:22.965 - INFO - Argument types are:
<type 'unicode'>
<type 'int'>
20200814 14:50:22.965 - INFO - +---- END KW: BuiltIn.Should Be Equal As Integers (1)
~~~~~~~~~~~~~~~~~~~~~~~~~~~~~~~~~~~~~~~~~~~~~~~~~~~~~~~~~~~~~~~~~~~~~~~~~~~~~~
20200814 14:50:22.965 - INFO - +---- START KW: PageRegistration.Activate user account [ ]
20200814 14:50:22.966 - INFO - +----- START KW: FunctionsGlobal.Go To Url [ ${PAGE_DEV_MAILBOX_URL} ]
20200814 14:50:22.966 - INFO - +------ START KW: SeleniumLibrary.Go To [ ${url} ]
20200814 14:50:22.966 - DEBUG - Test timeout 2 minutes active. 119.281 seconds left.
20200814 14:50:22.966 - INFO - Opening url 'http://bs-local.com:3000/devel/mail'
20200814 14:50:23.582 - INFO - +------ END KW: SeleniumLibrary.Go To (615)
20200814 14:50:23.582 - INFO - +----- END KW: FunctionsGlobal.Go To Url (616)
20200814 14:50:23.582 - INFO - +----- START KW: SeleniumLibrary.Click Link [ ${DEV_MAILBOX_FIRST_MAIL_LINK} ]
20200814 14:50:23.583 - DEBUG - Test timeout 2 minutes active. 118.664 seconds left.
20200814 14:50:23.583 - INFO - Clicking link '//*[@id="mailsTable"]/tbody/tr/td[@class="mail_id" and text()="0"]/parent::tr//a[contains(@class, "displayMailLink")]'.
20200814 14:50:24.369 - INFO - +----- END KW: SeleniumLibrary.Click Link (787)
20200814 14:50:24.369 - INFO - +----- START KW: SeleniumLibrary.Location Should Be [ ${PAGE_DEV_MAILBOX_FIRST_MAIL_URL} ]
20200814 14:50:24.370 - DEBUG - Test timeout 2 minutes active. 117.877 seconds left.
20200814 14:50:24.525 - INFO - Current location is 'http://bs-local.com:3000/devel/mail/0'.
20200814 14:50:24.526 - INFO - +----- END KW: SeleniumLibrary.Location Should Be (157)
20200814 14:50:24.526 - INFO - +----- START KW: SeleniumLibrary.Page Should Contain [ Welcome to GeoKrety.org ]
20200814 14:50:24.527 - DEBUG - Test timeout 2 minutes active. 117.72 seconds left.
20200814 14:50:24.830 - INFO - Current page contains text 'Welcome to GeoKrety.org'.
20200814 14:50:24.830 - INFO - +----- END KW: SeleniumLibrary.Page Should Contain (304)
20200814 14:50:24.830 - INFO - +----- START KW: SeleniumLibrary.Page Should Contain [ Activate your account ]
20200814 14:50:24.831 - DEBUG - Test timeout 2 minutes active. 117.416 seconds left.
20200814 14:50:25.117 - INFO - Current page contains text 'Activate your account'.
20200814 14:50:25.118 - INFO - +----- END KW: SeleniumLibrary.Page Should Contain (287)
20200814 14:50:25.118 - INFO - +----- START KW: FunctionsGlobal.Click Link With Text [ Activate your account ]
20200814 14:50:25.119 - INFO - +------ START KW: SeleniumLibrary.Click Link [ //a[contains(text(),'${text}')] ]
20200814 14:50:25.119 - DEBUG - Test timeout 2 minutes active. 117.128 seconds left.
20200814 14:50:25.119 - INFO - Clicking link '//a[contains(text(),'Activate your account')]'.
20200814 14:50:27.590 - INFO - +------ END KW: SeleniumLibrary.Click Link (2471)
20200814 14:50:27.590 - INFO - +----- END KW: FunctionsGlobal.Click Link With Text (2472)
20200814 14:50:27.591 - INFO - +----- START KW: SeleniumLibrary.Wait Until Page Contains [ Welcome to the GeoKrety.org community! ]
20200814 14:50:27.591 - DEBUG - Test timeout 2 minutes active. 114.656 seconds left.
20200814 14:50:27.743 - INFO - +----- END KW: SeleniumLibrary.Wait Until Page Contains (152)
20200814 14:50:27.743 - INFO - +----- START KW: FunctionsGlobal.Delete First Mail in Mailbox [ ]
20200814 14:50:27.744 - INFO - +------ START KW: FunctionsGlobal.Go To Url [ ${PAGE_DEV_MAILBOX_URL} ]
20200814 14:50:27.744 - INFO - +------- START KW: SeleniumLibrary.Go To [ ${url} ]
20200814 14:50:27.744 - DEBUG - Test timeout 2 minutes active. 114.502 seconds left.
20200814 14:50:27.744 - INFO - Opening url 'http://bs-local.com:3000/devel/mail'
20200814 14:50:28.437 - INFO - +------- END KW: SeleniumLibrary.Go To (693)
20200814 14:50:28.438 - INFO - +------ END KW: FunctionsGlobal.Go To Url (693)
20200814 14:50:28.438 - INFO - +------ START KW: SeleniumLibrary.Click Element [ ${DEV_MAILBOX_FIRST_MAIL_DELETE_LINK} ]
20200814 14:50:28.438 - DEBUG - Test timeout 2 minutes active. 113.808 seconds left.
20200814 14:50:28.438 - INFO - Clicking element '//*[@id="mailsTable"]/tbody/tr/td[@class="mail_id" and text()="0"]/parent::tr//a[contains(@class, "deleteMailLink")]'.
20200814 14:50:29.290 - INFO - +------ END KW: SeleniumLibrary.Click Element (852)
20200814 14:50:29.291 - INFO - +----- END KW: FunctionsGlobal.Delete First Mail in Mailbox (1547)
20200814 14:50:29.291 - INFO - +---- END KW: PageRegistration.Activate user account (6326)
------------------------------------------------------------------------------
20200814 14:50:29.291 - INFO - +--- END TEST: Activate account (7044)
------------------------------------------------------------------------------
20200814 14:50:29.292 - INFO - +--- START TEST: Email activation confirmation received [ ]
------------------------------------------------------------------------------
20200814 14:50:29.293 - INFO - +---- START KW: DependencyLibrary.Depends On Test [ Activate account ]
20200814 14:50:29.293 - DEBUG - Test timeout 2 minutes active. 119.999 seconds left.
20200814 14:50:29.293 - INFO - +---- END KW: DependencyLibrary.Depends On Test (0)
~~~~~~~~~~~~~~~~~~~~~~~~~~~~~~~~~~~~~~~~~~~~~~~~~~~~~~~~~~~~~~~~~~~~~~~~~~~~~~
20200814 14:50:29.294 - INFO - +---- START KW: FunctionsGlobal.Go To Url [ ${PAGE_DEV_MAILBOX_URL} ]
20200814 14:50:29.294 - INFO - +----- START KW: SeleniumLibrary.Go To [ ${url} ]
20200814 14:50:29.294 - DEBUG - Test timeout 2 minutes active. 119.998 seconds left.
20200814 14:50:29.294 - INFO - Opening url 'http://bs-local.com:3000/devel/mail'
20200814 14:50:29.848 - INFO - +----- END KW: SeleniumLibrary.Go To (554)
20200814 14:50:29.848 - INFO - +---- END KW: FunctionsGlobal.Go To Url (554)
~~~~~~~~~~~~~~~~~~~~~~~~~~~~~~~~~~~~~~~~~~~~~~~~~~~~~~~~~~~~~~~~~~~~~~~~~~~~~~
20200814 14:50:29.849 - INFO - +---- START KW: SeleniumLibrary.Get Element Count [ ${DEV_MAILBOX_MAILS_TABLE_ROWS} ]
20200814 14:50:29.849 - DEBUG - Test timeout 2 minutes active. 119.443 seconds left.
20200814 14:50:30.057 - INFO - ${rowCount} = 1
20200814 14:50:30.057 - INFO - +---- END KW: SeleniumLibrary.Get Element Count (208)
~~~~~~~~~~~~~~~~~~~~~~~~~~~~~~~~~~~~~~~~~~~~~~~~~~~~~~~~~~~~~~~~~~~~~~~~~~~~~~
20200814 14:50:30.058 - INFO - +---- START KW: BuiltIn.Should Be Equal As Integers [ 1 | ${rowCount} ]
20200814 14:50:30.058 - DEBUG - Test timeout 2 minutes active. 119.234 seconds left.
20200814 14:50:30.058 - INFO - Argument types are:
<type 'unicode'>
<type 'int'>
20200814 14:50:30.058 - INFO - +---- END KW: BuiltIn.Should Be Equal As Integers (0)
~~~~~~~~~~~~~~~~~~~~~~~~~~~~~~~~~~~~~~~~~~~~~~~~~~~~~~~~~~~~~~~~~~~~~~~~~~~~~~
20200814 14:50:30.059 - INFO - +---- START KW: SeleniumLibrary.Click Link [ ${DEV_MAILBOX_SECOND_MAIL_LINK} ]
20200814 14:50:30.059 - DEBUG - Test timeout 2 minutes active. 119.233 seconds left.
20200814 14:50:30.059 - INFO - Clicking link '//*[@id="mailsTable"]/tbody/tr/td[@class="mail_id" and text()="1"]/parent::tr//a[contains(@class, "displayMailLink")]'.
20200814 14:50:30.749 - INFO - +---- END KW: SeleniumLibrary.Click Link (690)
~~~~~~~~~~~~~~~~~~~~~~~~~~~~~~~~~~~~~~~~~~~~~~~~~~~~~~~~~~~~~~~~~~~~~~~~~~~~~~
20200814 14:50:30.750 - INFO - +---- START KW: SeleniumLibrary.Location Should Be [ ${PAGE_DEV_MAILBOX_SECOND_MAIL_URL} ]
20200814 14:50:30.750 - DEBUG - Test timeout 2 minutes active. 118.542 seconds left.
20200814 14:50:30.886 - INFO - Current location is 'http://bs-local.com:3000/devel/mail/1'.
20200814 14:50:30.886 - INFO - +---- END KW: SeleniumLibrary.Location Should Be (136)
~~~~~~~~~~~~~~~~~~~~~~~~~~~~~~~~~~~~~~~~~~~~~~~~~~~~~~~~~~~~~~~~~~~~~~~~~~~~~~
20200814 14:50:30.887 - INFO - +---- START KW: SeleniumLibrary.Page Should Contain [ Your account on GeoKrety.org is now fully functional. ]
20200814 14:50:30.887 - DEBUG - Test timeout 2 minutes active. 118.405 seconds left.
20200814 14:50:31.173 - INFO - Current page contains text 'Your account on GeoKrety.org is now fully functional.'.
20200814 14:50:31.173 - INFO - +---- END KW: SeleniumLibrary.Page Should Contain (286)
~~~~~~~~~~~~~~~~~~~~~~~~~~~~~~~~~~~~~~~~~~~~~~~~~~~~~~~~~~~~~~~~~~~~~~~~~~~~~~
20200814 14:50:31.173 - INFO - +---- START KW: FunctionsGlobal.Click Link With Text [ Login ]
20200814 14:50:31.174 - INFO - +----- START KW: SeleniumLibrary.Click Link [ //a[contains(text(),'${text}')] ]
20200814 14:50:31.175 - DEBUG - Test timeout 2 minutes active. 118.117 seconds left.
20200814 14:50:31.175 - INFO - Clicking link '//a[contains(text(),'Login')]'.
20200814 14:50:32.060 - INFO - +----- END KW: SeleniumLibrary.Click Link (886)
20200814 14:50:32.060 - INFO - +---- END KW: FunctionsGlobal.Click Link With Text (887)
~~~~~~~~~~~~~~~~~~~~~~~~~~~~~~~~~~~~~~~~~~~~~~~~~~~~~~~~~~~~~~~~~~~~~~~~~~~~~~
20200814 14:50:32.061 - INFO - +---- START KW: SeleniumLibrary.Location Should Be [ ${PAGE_SIGN_IN_URL} ]
20200814 14:50:32.061 - DEBUG - Test timeout 2 minutes active. 117.23 seconds left.
20200814 14:50:32.187 - INFO - Current location is 'http://bs-local.com:3000/en/login'.
20200814 14:50:32.187 - INFO - +---- END KW: SeleniumLibrary.Location Should Be (126)
~~~~~~~~~~~~~~~~~~~~~~~~~~~~~~~~~~~~~~~~~~~~~~~~~~~~~~~~~~~~~~~~~~~~~~~~~~~~~~
20200814 14:50:32.187 - INFO - +---- START KW: FunctionsGlobal.Delete Second Mail in Mailbox [ ]
20200814 14:50:32.188 - INFO - +----- START KW: FunctionsGlobal.Go To Url [ ${PAGE_DEV_MAILBOX_URL} ]
20200814 14:50:32.189 - INFO - +------ START KW: SeleniumLibrary.Go To [ ${url} ]
20200814 14:50:32.189 - DEBUG - Test timeout 2 minutes active. 117.103 seconds left.
20200814 14:50:32.189 - INFO - Opening url 'http://bs-local.com:3000/devel/mail'
20200814 14:50:32.766 - INFO - +------ END KW: SeleniumLibrary.Go To (577)
20200814 14:50:32.766 - INFO - +----- END KW: FunctionsGlobal.Go To Url (578)
20200814 14:50:32.767 - INFO - +----- START KW: SeleniumLibrary.Click Element [ ${DEV_MAILBOX_SECOND_MAIL_DELETE_LINK} ]
20200814 14:50:32.767 - DEBUG - Test timeout 2 minutes active. 116.525 seconds left.
20200814 14:50:32.767 - INFO - Clicking element '//*[@id="mailsTable"]/tbody/tr/td[@class="mail_id" and text()="1"]/parent::tr//a[contains(@class, "deleteMailLink")]'.
20200814 14:50:33.582 - INFO - +----- END KW: SeleniumLibrary.Click Element (815)
20200814 14:50:33.583 - INFO - +---- END KW: FunctionsGlobal.Delete Second Mail in Mailbox (1395)
------------------------------------------------------------------------------
20200814 14:50:33.584 - INFO - +--- END TEST: Email activation confirmation received (4291)
------------------------------------------------------------------------------
20200814 14:50:33.584 - INFO - +--- START TEST: Sign In user [ ]
------------------------------------------------------------------------------
20200814 14:50:33.585 - INFO - +---- START KW: DependencyLibrary.Depends On Test [ Email activation confirmation received ]
20200814 14:50:33.585 - DEBUG - Test timeout 2 minutes active. 119.999 seconds left.
20200814 14:50:33.586 - INFO - +---- END KW: DependencyLibrary.Depends On Test (1)
~~~~~~~~~~~~~~~~~~~~~~~~~~~~~~~~~~~~~~~~~~~~~~~~~~~~~~~~~~~~~~~~~~~~~~~~~~~~~~
20200814 14:50:33.586 - INFO - +---- START KW: FunctionsGlobal.Go To Url [ ${PAGE_HOME_URL} ]
20200814 14:50:33.586 - INFO - +----- START KW: SeleniumLibrary.Go To [ ${url} ]
20200814 14:50:33.587 - DEBUG - Test timeout 2 minutes active. 119.998 seconds left.
20200814 14:50:33.587 - INFO - Opening url 'http://bs-local.com:3000/en'
20200814 14:50:34.281 - INFO - +----- END KW: SeleniumLibrary.Go To (695)
20200814 14:50:34.281 - INFO - +---- END KW: FunctionsGlobal.Go To Url (695)
~~~~~~~~~~~~~~~~~~~~~~~~~~~~~~~~~~~~~~~~~~~~~~~~~~~~~~~~~~~~~~~~~~~~~~~~~~~~~~
20200814 14:50:34.281 - INFO - +---- START KW: FunctionsGlobal.Sign In User [ admin ]
20200814 14:50:34.282 - INFO - +----- START KW: SeleniumLibrary.Click Element [ ${NAVBAR_SIGN_IN_LINK} ]
20200814 14:50:34.283 - DEBUG - Test timeout 2 minutes active. 119.302 seconds left.
20200814 14:50:34.283 - INFO - Clicking element '//*[@id="navbar-profile-login"]'.
20200814 14:50:35.181 - INFO - +----- END KW: SeleniumLibrary.Click Element (898)
20200814 14:50:35.181 - INFO - +----- START KW: SeleniumLibrary.Wait Until Page Contains Element [ ${MODAL_DIALOG} ]
20200814 14:50:35.181 - DEBUG - Test timeout 2 minutes active. 118.403 seconds left.
20200814 14:50:35.555 - INFO - +----- END KW: SeleniumLibrary.Wait Until Page Contains Element (374)
20200814 14:50:35.555 - INFO - +----- START KW: SeleniumLibrary.Wait Until Page Contains Element [ ${SIGN_IN_FORM_SIGN_IN_BUTTON} ]
20200814 14:50:35.556 - DEBUG - Test timeout 2 minutes active. 118.029 seconds left.
20200814 14:50:35.748 - INFO - +----- END KW: SeleniumLibrary.Wait Until Page Contains Element (193)
20200814 14:50:35.748 - INFO - +----- START KW: SeleniumLibrary.Input Text [ ${SIGN_IN_FORM_USERNAME_INPUT} | ${username} ]
20200814 14:50:35.748 - DEBUG - Test timeout 2 minutes active. 117.836 seconds left.
20200814 14:50:35.749 - INFO - Typing text 'admin' into text field '//div[@class="modal-dialog"]//form//input[@name="login"]'.
20200814 14:50:36.216 - INFO - +----- END KW: SeleniumLibrary.Input Text (468)
20200814 14:50:36.216 - INFO - +----- START KW: SeleniumLibrary.Input Text [ ${SIGN_IN_FORM_PASSWORD_INPUT} | ${password} ]
20200814 14:50:36.216 - DEBUG - Test timeout 2 minutes active. 117.368 seconds left.
20200814 14:50:36.217 - INFO - Typing text 'password' into text field '//div[@class="modal-dialog"]//form//input[@name="password"]'.
20200814 14:50:36.664 - INFO - +----- END KW: SeleniumLibrary.Input Text (448)
20200814 14:50:36.664 - INFO - +----- START KW: SeleniumLibrary.Click Button [ ${SIGN_IN_FORM_SIGN_IN_BUTTON} ]
20200814 14:50:36.665 - DEBUG - Test timeout 2 minutes active. 116.92 seconds left.
20200814 14:50:36.665 - INFO - Clicking button '//div[@class="modal-dialog"]//form//button[@type="submit"]'.
20200814 14:50:38.281 - INFO - +----- END KW: SeleniumLibrary.Click Button (1617)
20200814 14:50:38.282 - INFO - +---- END KW: FunctionsGlobal.Sign In User (4001)
~~~~~~~~~~~~~~~~~~~~~~~~~~~~~~~~~~~~~~~~~~~~~~~~~~~~~~~~~~~~~~~~~~~~~~~~~~~~~~
20200814 14:50:38.282 - INFO - +---- START KW: SeleniumLibrary.Page Should Not Contain [ Username and password doesn't match. ]
20200814 14:50:38.282 - DEBUG - Test timeout 2 minutes active. 115.302 seconds left.
20200814 14:50:38.708 - DEBUG - Current frame has 0 subframes.
20200814 14:50:38.708 - INFO - Current page does not contain text 'Username and password doesn't match.'.
20200814 14:50:38.709 - INFO - +---- END KW: SeleniumLibrary.Page Should Not Contain (427)
~~~~~~~~~~~~~~~~~~~~~~~~~~~~~~~~~~~~~~~~~~~~~~~~~~~~~~~~~~~~~~~~~~~~~~~~~~~~~~
20200814 14:50:38.709 - INFO - +---- START KW: SeleniumLibrary.Location Should Be [ ${GK_URL}en ]
20200814 14:50:38.710 - DEBUG - Test timeout 2 minutes active. 114.874 seconds left.
20200814 14:50:38.836 - INFO - Current location is 'http://bs-local.com:3000/en'.
20200814 14:50:38.837 - INFO - +---- END KW: SeleniumLibrary.Location Should Be (128)
~~~~~~~~~~~~~~~~~~~~~~~~~~~~~~~~~~~~~~~~~~~~~~~~~~~~~~~~~~~~~~~~~~~~~~~~~~~~~~
20200814 14:50:38.837 - INFO - +---- START KW: SeleniumLibrary.Page Should Contain [ Welcome on board ]
20200814 14:50:38.837 - DEBUG - Test timeout 2 minutes active. 114.747 seconds left.
20200814 14:50:39.173 - INFO - Current page contains text 'Welcome on board'.
20200814 14:50:39.173 - INFO - +---- END KW: SeleniumLibrary.Page Should Contain (336)
------------------------------------------------------------------------------
20200814 14:50:39.174 - INFO - +--- END TEST: Sign In user (5589)
------------------------------------------------------------------------------
20200814 14:50:39.175 - INFO - +--- START TEST: Sign Out user [ ]
------------------------------------------------------------------------------
20200814 14:50:39.176 - INFO - +---- START KW: DependencyLibrary.Depends On Test [ Sign In user ]
20200814 14:50:39.176 - DEBUG - Test timeout 2 minutes active. 119.999 seconds left.
20200814 14:50:39.176 - INFO - +---- END KW: DependencyLibrary.Depends On Test (0)
~~~~~~~~~~~~~~~~~~~~~~~~~~~~~~~~~~~~~~~~~~~~~~~~~~~~~~~~~~~~~~~~~~~~~~~~~~~~~~
20200814 14:50:39.176 - INFO - +---- START KW: FunctionsGlobal.Go To Url [ ${PAGE_NEWS_URL} ]
20200814 14:50:39.177 - INFO - +----- START KW: SeleniumLibrary.Go To [ ${url} ]
20200814 14:50:39.177 - DEBUG - Test timeout 2 minutes active. 119.998 seconds left.
20200814 14:50:39.177 - INFO - Opening url 'http://bs-local.com:3000/en/news'
20200814 14:50:39.991 - INFO - +----- END KW: SeleniumLibrary.Go To (814)
20200814 14:50:39.991 - INFO - +---- END KW: FunctionsGlobal.Go To Url (815)
~~~~~~~~~~~~~~~~~~~~~~~~~~~~~~~~~~~~~~~~~~~~~~~~~~~~~~~~~~~~~~~~~~~~~~~~~~~~~~
20200814 14:50:39.991 - INFO - +---- START KW: FunctionsGlobal.Sign Out User [ ]
20200814 14:50:39.992 - INFO - +----- START KW: SeleniumLibrary.Click Link [ ${NAVBAR_PROFILE_LINK} ]
20200814 14:50:39.992 - DEBUG - Test timeout 2 minutes active. 119.183 seconds left.
20200814 14:50:39.992 - INFO - Clicking link '//*[@id="navbar-profile-user"]'.
20200814 14:50:40.755 - INFO - +----- END KW: SeleniumLibrary.Click Link (763)
20200814 14:50:40.756 - INFO - +----- START KW: SeleniumLibrary.Click Link [ ${NAVBAR_SIGN_OUR_LINK} ]
20200814 14:50:40.756 - DEBUG - Test timeout 2 minutes active. 118.419 seconds left.
20200814 14:50:40.756 - INFO - Clicking link '//*[@id="navbar-profile-user-logout"]'.
20200814 14:50:42.012 - INFO - +----- END KW: SeleniumLibrary.Click Link (1257)
20200814 14:50:42.012 - INFO - +---- END KW: FunctionsGlobal.Sign Out User (2021)
~~~~~~~~~~~~~~~~~~~~~~~~~~~~~~~~~~~~~~~~~~~~~~~~~~~~~~~~~~~~~~~~~~~~~~~~~~~~~~
20200814 14:50:42.013 - INFO - +---- START KW: SeleniumLibrary.Location Should Be [ ${PAGE_HOME_URL} ]
20200814 14:50:42.013 - DEBUG - Test timeout 2 minutes active. 117.162 seconds left.
20200814 14:50:42.158 - INFO - Current location is 'http://bs-local.com:3000/en'.
20200814 14:50:42.159 - INFO - +---- END KW: SeleniumLibrary.Location Should Be (146)
~~~~~~~~~~~~~~~~~~~~~~~~~~~~~~~~~~~~~~~~~~~~~~~~~~~~~~~~~~~~~~~~~~~~~~~~~~~~~~
20200814 14:50:42.159 - INFO - +---- START KW: SeleniumLibrary.Page Should Not Contain Element [ ${NAVBAR_PROFILE_LINK} ]
20200814 14:50:42.160 - DEBUG - Test timeout 2 minutes active. 117.015 seconds left.
20200814 14:50:42.322 - INFO - Current page does not contain element '//*[@id="navbar-profile-user"]'.
20200814 14:50:42.323 - INFO - +---- END KW: SeleniumLibrary.Page Should Not Contain Element (163)
~~~~~~~~~~~~~~~~~~~~~~~~~~~~~~~~~~~~~~~~~~~~~~~~~~~~~~~~~~~~~~~~~~~~~~~~~~~~~~
20200814 14:50:42.323 - INFO - +---- START KW: SeleniumLibrary.Page Should Contain Element [ ${NAVBAR_SIGN_IN_LINK} ]
20200814 14:50:42.323 - DEBUG - Test timeout 2 minutes active. 116.852 seconds left.
20200814 14:50:42.471 - INFO - Current page contains element '//*[@id="navbar-profile-login"]'.
20200814 14:50:42.472 - INFO - +---- END KW: SeleniumLibrary.Page Should Contain Element (149)
------------------------------------------------------------------------------
20200814 14:50:42.477 - INFO - +--- END TEST: Sign Out user (3297)
------------------------------------------------------------------------------
20200814 14:50:42.497 - INFO - +-- END SUITE: Acceptance.010 UserRegistration.000 Create Account (33765)
==============================================================================
20200814 14:50:42.515 - INFO - +-- START SUITE: Acceptance.010 UserRegistration.010 UsernameAlreadyExists [ ]
==============================================================================
20200814 14:50:42.526 - INFO - +--- START TEST: Seed an account [ ]
------------------------------------------------------------------------------
20200814 14:50:42.531 - INFO - +---- START KW: FunctionsGlobal.Clear Database [ ]
20200814 14:50:42.531 - INFO - +----- START KW: FunctionsGlobal.Go To Url [ ${PAGE_DEV_RESET_DB_URL} ]
20200814 14:50:42.532 - INFO - +------ START KW: SeleniumLibrary.Go To [ ${url} ]
20200814 14:50:42.532 - DEBUG - Test timeout 2 minutes active. 119.993 seconds left.
20200814 14:50:42.532 - INFO - Opening url 'http://bs-local.com:3000/devel/db/reset'
20200814 14:50:44.159 - INFO - +------ END KW: SeleniumLibrary.Go To (1627)
20200814 14:50:44.159 - INFO - +----- END KW: FunctionsGlobal.Go To Url (1628)
20200814 14:50:44.160 - INFO - +----- START KW: SeleniumLibrary.Page Should Contain [ OK ]
20200814 14:50:44.160 - DEBUG - Test timeout 2 minutes active. 118.366 seconds left.
20200814 14:50:44.449 - INFO - Current page contains text 'OK'.
20200814 14:50:44.449 - INFO - +----- END KW: SeleniumLibrary.Page Should Contain (289)
20200814 14:50:44.450 - INFO - +---- END KW: FunctionsGlobal.Clear Database (1919)
~~~~~~~~~~~~~~~~~~~~~~~~~~~~~~~~~~~~~~~~~~~~~~~~~~~~~~~~~~~~~~~~~~~~~~~~~~~~~~
20200814 14:50:44.450 - INFO - +---- START KW: FunctionsGlobal.Seed 1 users [ ]
20200814 14:50:44.451 - INFO - +----- START KW: FunctionsGlobal.Go To Url [ ${PAGE_SEED_USER}/${count} ]
20200814 14:50:44.451 - INFO - +------ START KW: SeleniumLibrary.Go To [ ${url} ]
20200814 14:50:44.451 - DEBUG - Test timeout 2 minutes active. 118.074 seconds left.
20200814 14:50:44.452 - INFO - Opening url 'http://bs-local.com:3000/devel/db/users/seed/1'
20200814 14:50:45.206 - INFO - +------ END KW: SeleniumLibrary.Go To (754)
20200814 14:50:45.206 - INFO - +----- END KW: FunctionsGlobal.Go To Url (755)
20200814 14:50:45.206 - INFO - +---- END KW: FunctionsGlobal.Seed 1 users (756)
------------------------------------------------------------------------------
20200814 14:50:45.207 - INFO - +--- END TEST: Seed an account (2680)
------------------------------------------------------------------------------
20200814 14:50:45.208 - INFO - +--- START TEST: Check username [ ]
------------------------------------------------------------------------------
20200814 14:50:45.208 - INFO - +---- START KW: Fill username [ ${USERNAME_1} | Sorry, but username "${USERNAME_1}" is already used. ]
20200814 14:50:45.209 - INFO - +----- START KW: FunctionsGlobal.Go To Url [ ${PAGE_REGISTER_URL} ]
20200814 14:50:45.210 - INFO - +------ START KW: SeleniumLibrary.Go To [ ${url} ]
20200814 14:50:45.210 - DEBUG - Test timeout 2 minutes active. 119.998 seconds left.
20200814 14:50:45.210 - INFO - Opening url 'http://bs-local.com:3000/en/registration'
20200814 14:50:46.045 - INFO - +------ END KW: SeleniumLibrary.Go To (836)
20200814 14:50:46.046 - INFO - +----- END KW: FunctionsGlobal.Go To Url (836)
20200814 14:50:46.046 - INFO - +----- START KW: SeleniumLibrary.Input Text [ ${REGISTRATION_USERNAME_INPUT} | ${username} ]
20200814 14:50:46.046 - DEBUG - Test timeout 2 minutes active. 119.161 seconds left.
20200814 14:50:46.046 - INFO - Typing text 'username1' into text field '//*[@id="usernameInput"]'.
20200814 14:50:47.514 - INFO - +----- END KW: SeleniumLibrary.Input Text (1468)
20200814 14:50:47.515 - INFO - +----- START KW: SeleniumLibrary.Simulate Event [ ${REGISTRATION_USERNAME_INPUT} | blur ]
20200814 14:50:47.515 - DEBUG - Test timeout 2 minutes active. 117.692 seconds left.
20200814 14:50:47.801 - INFO - +----- END KW: SeleniumLibrary.Simulate Event (285)
20200814 14:50:47.801 - INFO - +----- START KW: FunctionsGlobal.Input validation has error [ ${REGISTRATION_USERNAME_INPUT} ]
20200814 14:50:47.802 - INFO - +------ START KW: SeleniumLibrary.Wait Until Page Contains Element [ ${element}/ancestor::div[contains(@class, "form-group") and contains(@class, 'has-error')] | timeout=2 ]
20200814 14:50:47.802 - DEBUG - Test timeout 2 minutes active. 117.405 seconds left.
20200814 14:50:47.948 - INFO - +------ END KW: SeleniumLibrary.Wait Until Page Contains Element (146)
20200814 14:50:47.948 - INFO - +----- END KW: FunctionsGlobal.Input validation has error (147)
20200814 14:50:47.948 - INFO - +----- START KW: SeleniumLibrary.Wait Until Element Is Visible [ ${REGISTRATION_USERNAME_HELP} | timeout=2 ]
20200814 14:50:47.949 - DEBUG - Test timeout 2 minutes active. 117.259 seconds left.
20200814 14:50:48.293 - INFO - +----- END KW: SeleniumLibrary.Wait Until Element Is Visible (345)
20200814 14:50:48.293 - INFO - +----- START KW: SeleniumLibrary.Element Should Contain [ ${REGISTRATION_USERNAME_HELP} | ${expected} ]
20200814 14:50:48.294 - DEBUG - Test timeout 2 minutes active. 116.914 seconds left.
20200814 14:50:48.632 - INFO - Element '//*[@id="usernameInput"]/parent::div/span[contains(@class,"help-block")][1]' contains text 'Sorry, but username "username1" is already used.'.
20200814 14:50:48.632 - INFO - +----- END KW: SeleniumLibrary.Element Should Contain (339)
20200814 14:50:48.633 - INFO - +---- END KW: Fill username (3424)
~~~~~~~~~~~~~~~~~~~~~~~~~~~~~~~~~~~~~~~~~~~~~~~~~~~~~~~~~~~~~~~~~~~~~~~~~~~~~~
20200814 14:50:48.633 - INFO - +---- START KW: Fill username [ \ ${USERNAME_1} | Sorry, but username "${USERNAME_1}" is already used. ]
20200814 14:50:48.634 - INFO - +----- START KW: FunctionsGlobal.Go To Url [ ${PAGE_REGISTER_URL} ]
20200814 14:50:48.634 - INFO - +------ START KW: SeleniumLibrary.Go To [ ${url} ]
20200814 14:50:48.634 - DEBUG - Test timeout 2 minutes active. 116.573 seconds left.
20200814 14:50:48.634 - INFO - Opening url 'http://bs-local.com:3000/en/registration'
20200814 14:50:49.404 - INFO - +------ END KW: SeleniumLibrary.Go To (770)
20200814 14:50:49.404 - INFO - +----- END KW: FunctionsGlobal.Go To Url (770)
20200814 14:50:49.405 - INFO - +----- START KW: SeleniumLibrary.Input Text [ ${REGISTRATION_USERNAME_INPUT} | ${username} ]
20200814 14:50:49.406 - DEBUG - Test timeout 2 minutes active. 115.802 seconds left.
20200814 14:50:49.406 - INFO - Typing text ' username1' into text field '//*[@id="usernameInput"]'.
20200814 14:50:49.960 - INFO - +----- END KW: SeleniumLibrary.Input Text (555)
20200814 14:50:49.960 - INFO - +----- START KW: SeleniumLibrary.Simulate Event [ ${REGISTRATION_USERNAME_INPUT} | blur ]
20200814 14:50:49.961 - DEBUG - Test timeout 2 minutes active. 115.247 seconds left.
20200814 14:50:50.286 - INFO - +----- END KW: SeleniumLibrary.Simulate Event (326)
20200814 14:50:50.287 - INFO - +----- START KW: FunctionsGlobal.Input validation has error [ ${REGISTRATION_USERNAME_INPUT} ]
20200814 14:50:50.288 - INFO - +------ START KW: SeleniumLibrary.Wait Until Page Contains Element [ ${element}/ancestor::div[contains(@class, "form-group") and contains(@class, 'has-error')] | timeout=2 ]
20200814 14:50:50.288 - DEBUG - Test timeout 2 minutes active. 114.919 seconds left.
20200814 14:50:51.110 - INFO - +------ END KW: SeleniumLibrary.Wait Until Page Contains Element (822)
20200814 14:50:51.110 - INFO - +----- END KW: FunctionsGlobal.Input validation has error (823)
20200814 14:50:51.111 - INFO - +----- START KW: SeleniumLibrary.Wait Until Element Is Visible [ ${REGISTRATION_USERNAME_HELP} | timeout=2 ]
20200814 14:50:51.111 - DEBUG - Test timeout 2 minutes active. 114.096 seconds left.
20200814 14:50:51.495 - INFO - +----- END KW: SeleniumLibrary.Wait Until Element Is Visible (384)
20200814 14:50:51.495 - INFO - +----- START KW: SeleniumLibrary.Element Should Contain [ ${REGISTRATION_USERNAME_HELP} | ${expected} ]
20200814 14:50:51.495 - DEBUG - Test timeout 2 minutes active. 113.712 seconds left.
20200814 14:50:51.987 - INFO - Element '//*[@id="usernameInput"]/parent::div/span[contains(@class,"help-block")][1]' contains text 'Sorry, but username "username1" is already used.'.
20200814 14:50:51.987 - INFO - +----- END KW: SeleniumLibrary.Element Should Contain (492)
20200814 14:50:51.987 - INFO - +---- END KW: Fill username (3354)
~~~~~~~~~~~~~~~~~~~~~~~~~~~~~~~~~~~~~~~~~~~~~~~~~~~~~~~~~~~~~~~~~~~~~~~~~~~~~~
20200814 14:50:51.987 - INFO - +---- START KW: Fill username [ \ ${USERNAME_1}\ | Sorry, but username "${USERNAME_1}" is already used. ]
20200814 14:50:51.988 - INFO - +----- START KW: FunctionsGlobal.Go To Url [ ${PAGE_REGISTER_URL} ]
20200814 14:50:51.989 - INFO - +------ START KW: SeleniumLibrary.Go To [ ${url} ]
20200814 14:50:51.989 - DEBUG - Test timeout 2 minutes active. 113.218 seconds left.
20200814 14:50:51.989 - INFO - Opening url 'http://bs-local.com:3000/en/registration'
20200814 14:50:52.622 - INFO - +------ END KW: SeleniumLibrary.Go To (633)
20200814 14:50:52.622 - INFO - +----- END KW: FunctionsGlobal.Go To Url (634)
20200814 14:50:52.623 - INFO - +----- START KW: SeleniumLibrary.Input Text [ ${REGISTRATION_USERNAME_INPUT} | ${username} ]
20200814 14:50:52.623 - DEBUG - Test timeout 2 minutes active. 112.584 seconds left.
20200814 14:50:52.623 - INFO - Typing text ' username1' into text field '//*[@id="usernameInput"]'.
20200814 14:50:53.288 - INFO - +----- END KW: SeleniumLibrary.Input Text (665)
20200814 14:50:53.289 - INFO - +----- START KW: SeleniumLibrary.Simulate Event [ ${REGISTRATION_USERNAME_INPUT} | blur ]
20200814 14:50:53.289 - DEBUG - Test timeout 2 minutes active. 111.918 seconds left.
20200814 14:50:53.591 - INFO - +----- END KW: SeleniumLibrary.Simulate Event (302)
20200814 14:50:53.591 - INFO - +----- START KW: FunctionsGlobal.Input validation has error [ ${REGISTRATION_USERNAME_INPUT} ]
20200814 14:50:53.592 - INFO - +------ START KW: SeleniumLibrary.Wait Until Page Contains Element [ ${element}/ancestor::div[contains(@class, "form-group") and contains(@class, 'has-error')] | timeout=2 ]
20200814 14:50:53.592 - DEBUG - Test timeout 2 minutes active. 111.615 seconds left.
20200814 14:50:54.419 - INFO - +------ END KW: SeleniumLibrary.Wait Until Page Contains Element (826)
20200814 14:50:54.420 - INFO - +----- END KW: FunctionsGlobal.Input validation has error (829)
20200814 14:50:54.421 - INFO - +----- START KW: SeleniumLibrary.Wait Until Element Is Visible [ ${REGISTRATION_USERNAME_HELP} | timeout=2 ]
20200814 14:50:54.421 - DEBUG - Test timeout 2 minutes active. 110.786 seconds left.
20200814 14:50:54.768 - INFO - +----- END KW: SeleniumLibrary.Wait Until Element Is Visible (347)
20200814 14:50:54.768 - INFO - +----- START KW: SeleniumLibrary.Element Should Contain [ ${REGISTRATION_USERNAME_HELP} | ${expected} ]
20200814 14:50:54.769 - DEBUG - Test timeout 2 minutes active. 110.439 seconds left.
20200814 14:50:55.095 - INFO - Element '//*[@id="usernameInput"]/parent::div/span[contains(@class,"help-block")][1]' contains text 'Sorry, but username "username1" is already used.'.
20200814 14:50:55.096 - INFO - +----- END KW: SeleniumLibrary.Element Should Contain (328)
20200814 14:50:55.096 - INFO - +---- END KW: Fill username (3109)
~~~~~~~~~~~~~~~~~~~~~~~~~~~~~~~~~~~~~~~~~~~~~~~~~~~~~~~~~~~~~~~~~~~~~~~~~~~~~~
20200814 14:50:55.096 - INFO - +---- START KW: Fill username [ \ \ \ ${USERNAME_1}\ \ \ | Sorry, but username "${USERNAME_1}" is already used. ]
20200814 14:50:55.097 - INFO - +----- START KW: FunctionsGlobal.Go To Url [ ${PAGE_REGISTER_URL} ]
20200814 14:50:55.097 - INFO - +------ START KW: SeleniumLibrary.Go To [ ${url} ]
20200814 14:50:55.098 - DEBUG - Test timeout 2 minutes active. 110.11 seconds left.
20200814 14:50:55.098 - INFO - Opening url 'http://bs-local.com:3000/en/registration'
20200814 14:50:55.768 - INFO - +------ END KW: SeleniumLibrary.Go To (671)
20200814 14:50:55.768 - INFO - +----- END KW: FunctionsGlobal.Go To Url (671)
20200814 14:50:55.769 - INFO - +----- START KW: SeleniumLibrary.Input Text [ ${REGISTRATION_USERNAME_INPUT} | ${username} ]
20200814 14:50:55.769 - DEBUG - Test timeout 2 minutes active. 109.438 seconds left.
20200814 14:50:55.769 - INFO - Typing text '   username1  ' into text field '//*[@id="usernameInput"]'.
20200814 14:50:56.338 - INFO - +----- END KW: SeleniumLibrary.Input Text (569)
20200814 14:50:56.339 - INFO - +----- START KW: SeleniumLibrary.Simulate Event [ ${REGISTRATION_USERNAME_INPUT} | blur ]
20200814 14:50:56.339 - DEBUG - Test timeout 2 minutes active. 108.868 seconds left.
20200814 14:50:56.594 - INFO - +----- END KW: SeleniumLibrary.Simulate Event (255)
20200814 14:50:56.595 - INFO - +----- START KW: FunctionsGlobal.Input validation has error [ ${REGISTRATION_USERNAME_INPUT} ]
20200814 14:50:56.595 - INFO - +------ START KW: SeleniumLibrary.Wait Until Page Contains Element [ ${element}/ancestor::div[contains(@class, "form-group") and contains(@class, 'has-error')] | timeout=2 ]
20200814 14:50:56.596 - DEBUG - Test timeout 2 minutes active. 108.612 seconds left.
20200814 14:50:58.152 - INFO - +------ END KW: SeleniumLibrary.Wait Until Page Contains Element (1557)
20200814 14:50:58.152 - INFO - +----- END KW: FunctionsGlobal.Input validation has error (1557)
20200814 14:50:58.152 - INFO - +----- START KW: SeleniumLibrary.Wait Until Element Is Visible [ ${REGISTRATION_USERNAME_HELP} | timeout=2 ]
20200814 14:50:58.153 - DEBUG - Test timeout 2 minutes active. 107.054 seconds left.
20200814 14:50:58.476 - INFO - +----- END KW: SeleniumLibrary.Wait Until Element Is Visible (324)
20200814 14:50:58.476 - INFO - +----- START KW: SeleniumLibrary.Element Should Contain [ ${REGISTRATION_USERNAME_HELP} | ${expected} ]
20200814 14:50:58.476 - DEBUG - Test timeout 2 minutes active. 106.731 seconds left.
20200814 14:50:58.749 - INFO - Element '//*[@id="usernameInput"]/parent::div/span[contains(@class,"help-block")][1]' contains text 'Sorry, but username "username1" is already used.'.
20200814 14:50:58.749 - INFO - +----- END KW: SeleniumLibrary.Element Should Contain (273)
20200814 14:50:58.749 - INFO - +---- END KW: Fill username (3653)
~~~~~~~~~~~~~~~~~~~~~~~~~~~~~~~~~~~~~~~~~~~~~~~~~~~~~~~~~~~~~~~~~~~~~~~~~~~~~~
20200814 14:50:58.750 - INFO - +---- START KW: Fill username [ ${EMAIL_1} | Sorry, but username "${EMAIL_1}" is already used. ]
20200814 14:50:58.751 - INFO - +----- START KW: FunctionsGlobal.Go To Url [ ${PAGE_REGISTER_URL} ]
20200814 14:50:58.751 - INFO - +------ START KW: SeleniumLibrary.Go To [ ${url} ]
20200814 14:50:58.751 - DEBUG - Test timeout 2 minutes active. 106.456 seconds left.
20200814 14:50:58.751 - INFO - Opening url 'http://bs-local.com:3000/en/registration'
20200814 14:50:59.499 - INFO - +------ END KW: SeleniumLibrary.Go To (748)
20200814 14:50:59.500 - INFO - +----- END KW: FunctionsGlobal.Go To Url (749)
20200814 14:50:59.500 - INFO - +----- START KW: SeleniumLibrary.Input Text [ ${REGISTRATION_USERNAME_INPUT} | ${username} ]
20200814 14:50:59.500 - DEBUG - Test timeout 2 minutes active. 105.707 seconds left.
20200814 14:50:59.500 - INFO - Typing text 'username1+qa@geokrety.org' into text field '//*[@id="usernameInput"]'.
20200814 14:51:00.103 - INFO - +----- END KW: SeleniumLibrary.Input Text (603)
20200814 14:51:00.104 - INFO - +----- START KW: SeleniumLibrary.Simulate Event [ ${REGISTRATION_USERNAME_INPUT} | blur ]
20200814 14:51:00.104 - DEBUG - Test timeout 2 minutes active. 105.103 seconds left.
20200814 14:51:00.360 - INFO - +----- END KW: SeleniumLibrary.Simulate Event (256)
20200814 14:51:00.360 - INFO - +----- START KW: FunctionsGlobal.Input validation has error [ ${REGISTRATION_USERNAME_INPUT} ]
20200814 14:51:00.362 - INFO - +------ START KW: SeleniumLibrary.Wait Until Page Contains Element [ ${element}/ancestor::div[contains(@class, "form-group") and contains(@class, 'has-error')] | timeout=2 ]
20200814 14:51:00.362 - DEBUG - Test timeout 2 minutes active. 104.845 seconds left.
20200814 14:51:01.192 - INFO - +------ END KW: SeleniumLibrary.Wait Until Page Contains Element (829)
20200814 14:51:01.192 - INFO - +----- END KW: FunctionsGlobal.Input validation has error (832)
20200814 14:51:01.192 - INFO - +----- START KW: SeleniumLibrary.Wait Until Element Is Visible [ ${REGISTRATION_USERNAME_HELP} | timeout=2 ]
20200814 14:51:01.193 - DEBUG - Test timeout 2 minutes active. 104.015 seconds left.
20200814 14:51:01.538 - INFO - +----- END KW: SeleniumLibrary.Wait Until Element Is Visible (346)
20200814 14:51:01.539 - INFO - +----- START KW: SeleniumLibrary.Element Should Contain [ ${REGISTRATION_USERNAME_HELP} | ${expected} ]
20200814 14:51:01.539 - DEBUG - Test timeout 2 minutes active. 103.668 seconds left.
20200814 14:51:01.859 - INFO - Element '//*[@id="usernameInput"]/parent::div/span[contains(@class,"help-block")][1]' contains text 'Sorry, but username "username1+qa@geokrety.org" is already used.'.
20200814 14:51:01.859 - INFO - +----- END KW: SeleniumLibrary.Element Should Contain (320)
20200814 14:51:01.859 - INFO - +---- END KW: Fill username (3109)
------------------------------------------------------------------------------
20200814 14:51:01.860 - INFO - +--- END TEST: Check username (16652)
------------------------------------------------------------------------------
20200814 14:51:01.863 - INFO - +-- END SUITE: Acceptance.010 UserRegistration.010 UsernameAlreadyExists (19362)
==============================================================================
20200814 14:51:01.873 - INFO - +-- START SUITE: Acceptance.010 UserRegistration.011 EmailAlreadyExists [ ]
==============================================================================
20200814 14:51:01.874 - INFO - +--- START TEST: Seed an account [ ]
------------------------------------------------------------------------------
20200814 14:51:01.875 - INFO - +---- START KW: FunctionsGlobal.Clear Database [ ]
20200814 14:51:01.875 - INFO - +----- START KW: FunctionsGlobal.Go To Url [ ${PAGE_DEV_RESET_DB_URL} ]
20200814 14:51:01.876 - INFO - +------ START KW: SeleniumLibrary.Go To [ ${url} ]
20200814 14:51:01.876 - DEBUG - Test timeout 2 minutes active. 119.997 seconds left.
20200814 14:51:01.877 - INFO - Opening url 'http://bs-local.com:3000/devel/db/reset'
20200814 14:51:03.568 - INFO - +------ END KW: SeleniumLibrary.Go To (1691)
20200814 14:51:03.568 - INFO - +----- END KW: FunctionsGlobal.Go To Url (1693)
20200814 14:51:03.568 - INFO - +----- START KW: SeleniumLibrary.Page Should Contain [ OK ]
20200814 14:51:03.569 - DEBUG - Test timeout 2 minutes active. 118.305 seconds left.
20200814 14:51:03.880 - INFO - Current page contains text 'OK'.
20200814 14:51:03.881 - INFO - +----- END KW: SeleniumLibrary.Page Should Contain (313)
20200814 14:51:03.881 - INFO - +---- END KW: FunctionsGlobal.Clear Database (2007)
~~~~~~~~~~~~~~~~~~~~~~~~~~~~~~~~~~~~~~~~~~~~~~~~~~~~~~~~~~~~~~~~~~~~~~~~~~~~~~
20200814 14:51:03.882 - INFO - +---- START KW: FunctionsGlobal.Seed 1 users [ ]
20200814 14:51:03.882 - INFO - +----- START KW: FunctionsGlobal.Go To Url [ ${PAGE_SEED_USER}/${count} ]
20200814 14:51:03.883 - INFO - +------ START KW: SeleniumLibrary.Go To [ ${url} ]
20200814 14:51:03.883 - DEBUG - Test timeout 2 minutes active. 117.991 seconds left.
20200814 14:51:03.883 - INFO - Opening url 'http://bs-local.com:3000/devel/db/users/seed/1'
20200814 14:51:04.599 - INFO - +------ END KW: SeleniumLibrary.Go To (716)
20200814 14:51:04.600 - INFO - +----- END KW: FunctionsGlobal.Go To Url (718)
20200814 14:51:04.600 - INFO - +---- END KW: FunctionsGlobal.Seed 1 users (718)
------------------------------------------------------------------------------
20200814 14:51:04.601 - INFO - +--- END TEST: Seed an account (2727)
------------------------------------------------------------------------------
20200814 14:51:04.603 - INFO - +--- START TEST: Email is already taken [ ]
------------------------------------------------------------------------------
20200814 14:51:04.604 - INFO - +---- START KW: DependencyLibrary.Depends On Test [ Seed an account ]
20200814 14:51:04.605 - DEBUG - Test timeout 2 minutes active. 119.997 seconds left.
20200814 14:51:04.605 - INFO - +---- END KW: DependencyLibrary.Depends On Test (1)
~~~~~~~~~~~~~~~~~~~~~~~~~~~~~~~~~~~~~~~~~~~~~~~~~~~~~~~~~~~~~~~~~~~~~~~~~~~~~~
20200814 14:51:04.605 - INFO - +---- START KW: FunctionsGlobal.Go To Url [ ${PAGE_REGISTER_URL} ]
20200814 14:51:04.606 - INFO - +----- START KW: SeleniumLibrary.Go To [ ${url} ]
20200814 14:51:04.606 - DEBUG - Test timeout 2 minutes active. 119.996 seconds left.
20200814 14:51:04.606 - INFO - Opening url 'http://bs-local.com:3000/en/registration'
20200814 14:51:05.408 - INFO - +----- END KW: SeleniumLibrary.Go To (802)
20200814 14:51:05.408 - INFO - +---- END KW: FunctionsGlobal.Go To Url (803)
~~~~~~~~~~~~~~~~~~~~~~~~~~~~~~~~~~~~~~~~~~~~~~~~~~~~~~~~~~~~~~~~~~~~~~~~~~~~~~
20200814 14:51:05.409 - INFO - +---- START KW: PageRegistration.Fill Registration Form [ ${USERNAME_2} | ${EMAIL_1} | language=${LANGUAGE_2} | daily_mail=${DAILY_MAIL_2} ]
20200814 14:51:05.410 - INFO - +----- START KW: SeleniumLibrary.Input Text [ ${REGISTRATION_USERNAME_INPUT} | ${username} ]
20200814 14:51:05.410 - DEBUG - Test timeout 2 minutes active. 119.192 seconds left.
20200814 14:51:05.410 - INFO - Typing text 'username2' into text field '//*[@id="usernameInput"]'.
20200814 14:51:06.068 - INFO - +----- END KW: SeleniumLibrary.Input Text (657)
20200814 14:51:06.068 - INFO - +----- START KW: SeleniumLibrary.Input Text [ ${REGISTRATION_EMAIL_INPUT} | ${email} ]
20200814 14:51:06.069 - DEBUG - Test timeout 2 minutes active. 118.534 seconds left.
20200814 14:51:06.069 - INFO - Typing text 'username1+qa@geokrety.org' into text field '//*[@id="emailInput"]'.
20200814 14:51:06.646 - INFO - +----- END KW: SeleniumLibrary.Input Text (578)
20200814 14:51:06.647 - INFO - +----- START KW: SeleniumLibrary.Input Text [ ${REGISTRATION_PASSWORD_INPUT} | ${password} ]
20200814 14:51:06.647 - DEBUG - Test timeout 2 minutes active. 117.955 seconds left.
20200814 14:51:06.647 - INFO - Typing text 'password' into text field '//*[@id="passwordInput"]'.
20200814 14:51:07.248 - INFO - +----- END KW: SeleniumLibrary.Input Text (601)
20200814 14:51:07.248 - INFO - +----- START KW: SeleniumLibrary.Input Text [ ${REGISTRATION_PASSWORD_CONFIRM_INPUT} | ${password} ]
20200814 14:51:07.248 - DEBUG - Test timeout 2 minutes active. 117.354 seconds left.
20200814 14:51:07.248 - INFO - Typing text 'password' into text field '//*[@id="passwordConfirmInput"]'.
20200814 14:51:07.762 - INFO - +----- END KW: SeleniumLibrary.Input Text (514)
20200814 14:51:07.762 - INFO - +----- START KW: SeleniumLibrary.Select From List By Value [ ${REGISTRATION_PREFERRED_LANGUAGE_SELECT} | ${language} ]
20200814 14:51:07.763 - DEBUG - Test timeout 2 minutes active. 116.839 seconds left.
20200814 14:51:07.763 - INFO - Selecting options from selection list '//*[@id="preferredLanguageInput"]' by value fr.
20200814 14:51:09.083 - INFO - +----- END KW: SeleniumLibrary.Select From List By Value (1321)
20200814 14:51:09.084 - INFO - +----- START KW: BuiltIn.Run Keyword If [ ${daily_mail} | Select Checkbox | ${REGISTRATION_DAILY_MAIL_CHECKBOX} ]
20200814 14:51:09.084 - INFO - +------ START KW: SeleniumLibrary.Select Checkbox [ ${REGISTRATION_DAILY_MAIL_CHECKBOX} ]
20200814 14:51:09.084 - DEBUG - Test timeout 2 minutes active. 115.518 seconds left.
20200814 14:51:09.084 - INFO - Selecting checkbox '//*[@id="dailyMailsInput"]'.
20200814 14:51:10.004 - INFO - +------ END KW: SeleniumLibrary.Select Checkbox (920)
20200814 14:51:10.004 - INFO - +----- END KW: BuiltIn.Run Keyword If (920)
20200814 14:51:10.005 - INFO - +----- START KW: BuiltIn.Run Keyword If [ ${terms_of_use} | Select Checkbox | ${REGISTRATION_TERMS_OF_USE_CHECKBOX} ]
20200814 14:51:10.005 - INFO - +------ START KW: SeleniumLibrary.Select Checkbox [ ${REGISTRATION_TERMS_OF_USE_CHECKBOX} ]
20200814 14:51:10.005 - DEBUG - Test timeout 2 minutes active. 114.597 seconds left.
20200814 14:51:10.006 - INFO - Selecting checkbox '//*[@id="termsOfUseInput"]'.
20200814 14:51:10.884 - INFO - +------ END KW: SeleniumLibrary.Select Checkbox (879)
20200814 14:51:10.884 - INFO - +----- END KW: BuiltIn.Run Keyword If (879)
20200814 14:51:10.884 - INFO - +---- END KW: PageRegistration.Fill Registration Form (5475)
~~~~~~~~~~~~~~~~~~~~~~~~~~~~~~~~~~~~~~~~~~~~~~~~~~~~~~~~~~~~~~~~~~~~~~~~~~~~~~
20200814 14:51:10.885 - INFO - +---- START KW: SeleniumLibrary.Click Button [ ${REGISTRATION_REGISTER_BUTTON} ]
20200814 14:51:10.885 - DEBUG - Test timeout 2 minutes active. 113.717 seconds left.
20200814 14:51:10.885 - INFO - Clicking button '//*[@id="registerButton"]'.
20200814 14:51:12.516 - INFO - +---- END KW: SeleniumLibrary.Click Button (1631)
~~~~~~~~~~~~~~~~~~~~~~~~~~~~~~~~~~~~~~~~~~~~~~~~~~~~~~~~~~~~~~~~~~~~~~~~~~~~~~
20200814 14:51:12.516 - INFO - +---- START KW: SeleniumLibrary.Location Should Be [ ${PAGE_REGISTER_URL} ]
20200814 14:51:12.517 - DEBUG - Test timeout 2 minutes active. 112.085 seconds left.
20200814 14:51:12.797 - INFO - Current location is 'http://bs-local.com:3000/en/registration'.
20200814 14:51:12.797 - INFO - +---- END KW: SeleniumLibrary.Location Should Be (281)
~~~~~~~~~~~~~~~~~~~~~~~~~~~~~~~~~~~~~~~~~~~~~~~~~~~~~~~~~~~~~~~~~~~~~~~~~~~~~~
20200814 14:51:12.798 - INFO - +---- START KW: SeleniumLibrary.Page Should Contain [ Sorry but this mail address is already in use. ]
20200814 14:51:12.798 - DEBUG - Test timeout 2 minutes active. 111.804 seconds left.
20200814 14:51:13.075 - INFO - Current page contains text 'Sorry but this mail address is already in use.'.
20200814 14:51:13.075 - INFO - +---- END KW: SeleniumLibrary.Page Should Contain (277)
------------------------------------------------------------------------------
20200814 14:51:13.076 - INFO - +--- END TEST: Email is already taken (8473)
------------------------------------------------------------------------------
20200814 14:51:13.077 - INFO - +--- START TEST: Form content keeped [ ]
------------------------------------------------------------------------------
20200814 14:51:13.078 - INFO - +---- START KW: DependencyLibrary.Depends On Test [ Email is already taken ]
20200814 14:51:13.078 - DEBUG - Test timeout 2 minutes active. 119.999 seconds left.
20200814 14:51:13.078 - INFO - +---- END KW: DependencyLibrary.Depends On Test (0)
~~~~~~~~~~~~~~~~~~~~~~~~~~~~~~~~~~~~~~~~~~~~~~~~~~~~~~~~~~~~~~~~~~~~~~~~~~~~~~
20200814 14:51:13.079 - INFO - +---- START KW: SeleniumLibrary.Textfield Value Should Be [ ${REGISTRATION_USERNAME_INPUT} | ${USERNAME_2} ]
20200814 14:51:13.079 - DEBUG - Test timeout 2 minutes active. 119.998 seconds left.
20200814 14:51:13.602 - INFO - Content of text field '//*[@id="usernameInput"]' is 'username2'.
20200814 14:51:13.602 - INFO - +---- END KW: SeleniumLibrary.Textfield Value Should Be (524)
~~~~~~~~~~~~~~~~~~~~~~~~~~~~~~~~~~~~~~~~~~~~~~~~~~~~~~~~~~~~~~~~~~~~~~~~~~~~~~
20200814 14:51:13.602 - INFO - +---- START KW: SeleniumLibrary.Textfield Value Should Be [ ${REGISTRATION_EMAIL_INPUT} | ${EMAIL_1} ]
20200814 14:51:13.603 - DEBUG - Test timeout 2 minutes active. 119.474 seconds left.
20200814 14:51:14.186 - INFO - Content of text field '//*[@id="emailInput"]' is 'username1+qa@geokrety.org'.
20200814 14:51:14.186 - INFO - +---- END KW: SeleniumLibrary.Textfield Value Should Be (584)
~~~~~~~~~~~~~~~~~~~~~~~~~~~~~~~~~~~~~~~~~~~~~~~~~~~~~~~~~~~~~~~~~~~~~~~~~~~~~~
20200814 14:51:14.186 - INFO - +---- START KW: SeleniumLibrary.Textfield Value Should Be [ ${REGISTRATION_PASSWORD_INPUT} | ${EMPTY} ]
20200814 14:51:14.187 - DEBUG - Test timeout 2 minutes active. 118.89 seconds left.
20200814 14:51:14.739 - INFO - Content of text field '//*[@id="passwordInput"]' is ''.
20200814 14:51:14.739 - INFO - +---- END KW: SeleniumLibrary.Textfield Value Should Be (553)
~~~~~~~~~~~~~~~~~~~~~~~~~~~~~~~~~~~~~~~~~~~~~~~~~~~~~~~~~~~~~~~~~~~~~~~~~~~~~~
20200814 14:51:14.739 - INFO - +---- START KW: SeleniumLibrary.Textfield Value Should Be [ ${REGISTRATION_PASSWORD_CONFIRM_INPUT} | ${EMPTY} ]
20200814 14:51:14.740 - DEBUG - Test timeout 2 minutes active. 118.337 seconds left.
20200814 14:51:15.263 - INFO - Content of text field '//*[@id="passwordConfirmInput"]' is ''.
20200814 14:51:15.264 - INFO - +---- END KW: SeleniumLibrary.Textfield Value Should Be (525)
~~~~~~~~~~~~~~~~~~~~~~~~~~~~~~~~~~~~~~~~~~~~~~~~~~~~~~~~~~~~~~~~~~~~~~~~~~~~~~
20200814 14:51:15.264 - INFO - +---- START KW: SeleniumLibrary.Get Selected List Value [ ${REGISTRATION_PREFERRED_LANGUAGE_SELECT} ]
20200814 14:51:15.264 - DEBUG - Test timeout 2 minutes active. 117.812 seconds left.
20200814 14:51:16.448 - INFO - ${language} = fr
20200814 14:51:16.448 - INFO - +---- END KW: SeleniumLibrary.Get Selected List Value (1184)
~~~~~~~~~~~~~~~~~~~~~~~~~~~~~~~~~~~~~~~~~~~~~~~~~~~~~~~~~~~~~~~~~~~~~~~~~~~~~~
20200814 14:51:16.449 - INFO - +---- START KW: BuiltIn.Should Be Equal As Strings [ ${LANGUAGE} | ${LANGUAGE_2} ]
20200814 14:51:16.449 - DEBUG - Test timeout 2 minutes active. 116.627 seconds left.
20200814 14:51:16.449 - DEBUG - Argument types are:
<type 'unicode'>
<type 'unicode'>
20200814 14:51:16.450 - INFO - +---- END KW: BuiltIn.Should Be Equal As Strings (0)
~~~~~~~~~~~~~~~~~~~~~~~~~~~~~~~~~~~~~~~~~~~~~~~~~~~~~~~~~~~~~~~~~~~~~~~~~~~~~~
20200814 14:51:16.450 - INFO - +---- START KW: SeleniumLibrary.Checkbox Should Be Selected [ ${REGISTRATION_DAILY_MAIL_CHECKBOX} ]
20200814 14:51:16.450 - DEBUG - Test timeout 2 minutes active. 116.627 seconds left.
20200814 14:51:16.450 - INFO - Verifying checkbox '//*[@id="dailyMailsInput"]' is selected.
20200814 14:51:17.172 - INFO - +---- END KW: SeleniumLibrary.Checkbox Should Be Selected (722)
~~~~~~~~~~~~~~~~~~~~~~~~~~~~~~~~~~~~~~~~~~~~~~~~~~~~~~~~~~~~~~~~~~~~~~~~~~~~~~
20200814 14:51:17.172 - INFO - +---- START KW: SeleniumLibrary.Checkbox Should Be Selected [ ${REGISTRATION_TERMS_OF_USE_CHECKBOX} ]
20200814 14:51:17.173 - DEBUG - Test timeout 2 minutes active. 115.904 seconds left.
20200814 14:51:17.173 - INFO - Verifying checkbox '//*[@id="termsOfUseInput"]' is selected.
20200814 14:51:17.696 - INFO - +---- END KW: SeleniumLibrary.Checkbox Should Be Selected (524)
------------------------------------------------------------------------------
20200814 14:51:17.697 - INFO - +--- END TEST: Form content keeped (4620)
------------------------------------------------------------------------------
20200814 14:51:17.700 - INFO - +-- END SUITE: Acceptance.010 UserRegistration.011 EmailAlreadyExists (15835)
==============================================================================
20200814 14:51:17.711 - INFO - +-- START SUITE: Acceptance.010 UserRegistration.020 UsernameValid [ ]
==============================================================================
20200814 14:51:17.712 - INFO - +--- START TEST: Seed an account [ ]
------------------------------------------------------------------------------
20200814 14:51:17.714 - INFO - +---- START KW: FunctionsGlobal.Clear Database [ ]
20200814 14:51:17.715 - INFO - +----- START KW: FunctionsGlobal.Go To Url [ ${PAGE_DEV_RESET_DB_URL} ]
20200814 14:51:17.715 - INFO - +------ START KW: SeleniumLibrary.Go To [ ${url} ]
20200814 14:51:17.716 - DEBUG - Test timeout 2 minutes active. 119.996 seconds left.
20200814 14:51:17.716 - INFO - Opening url 'http://bs-local.com:3000/devel/db/reset'
20200814 14:51:19.353 - INFO - +------ END KW: SeleniumLibrary.Go To (1638)
20200814 14:51:19.354 - INFO - +----- END KW: FunctionsGlobal.Go To Url (1639)
20200814 14:51:19.354 - INFO - +----- START KW: SeleniumLibrary.Page Should Contain [ OK ]
20200814 14:51:19.354 - DEBUG - Test timeout 2 minutes active. 118.357 seconds left.
20200814 14:51:19.648 - INFO - Current page contains text 'OK'.
20200814 14:51:19.648 - INFO - +----- END KW: SeleniumLibrary.Page Should Contain (294)
20200814 14:51:19.648 - INFO - +---- END KW: FunctionsGlobal.Clear Database (1934)
~~~~~~~~~~~~~~~~~~~~~~~~~~~~~~~~~~~~~~~~~~~~~~~~~~~~~~~~~~~~~~~~~~~~~~~~~~~~~~
20200814 14:51:19.649 - INFO - +---- START KW: FunctionsGlobal.Seed 1 users [ ]
20200814 14:51:19.649 - INFO - +----- START KW: FunctionsGlobal.Go To Url [ ${PAGE_SEED_USER}/${count} ]
20200814 14:51:19.650 - INFO - +------ START KW: SeleniumLibrary.Go To [ ${url} ]
20200814 14:51:19.650 - DEBUG - Test timeout 2 minutes active. 118.062 seconds left.
20200814 14:51:19.650 - INFO - Opening url 'http://bs-local.com:3000/devel/db/users/seed/1'
20200814 14:51:20.432 - INFO - +------ END KW: SeleniumLibrary.Go To (782)
20200814 14:51:20.432 - INFO - +----- END KW: FunctionsGlobal.Go To Url (783)
20200814 14:51:20.432 - INFO - +---- END KW: FunctionsGlobal.Seed 1 users (783)
------------------------------------------------------------------------------
20200814 14:51:20.433 - INFO - +--- END TEST: Seed an account (2721)
------------------------------------------------------------------------------
20200814 14:51:20.434 - INFO - +--- START TEST: Check username [ ]
------------------------------------------------------------------------------
20200814 14:51:20.435 - INFO - +---- START KW: Fill username [ ${USERNAME_2} ]
20200814 14:51:20.436 - INFO - +----- START KW: FunctionsGlobal.Go To Url [ ${PAGE_REGISTER_URL} ]
20200814 14:51:20.436 - INFO - +------ START KW: SeleniumLibrary.Go To [ ${url} ]
20200814 14:51:20.436 - DEBUG - Test timeout 2 minutes active. 119.997 seconds left.
20200814 14:51:20.436 - INFO - Opening url 'http://bs-local.com:3000/en/registration'
20200814 14:51:21.215 - INFO - +------ END KW: SeleniumLibrary.Go To (779)
20200814 14:51:21.215 - INFO - +----- END KW: FunctionsGlobal.Go To Url (779)
20200814 14:51:21.216 - INFO - +----- START KW: SeleniumLibrary.Input Text [ ${REGISTRATION_USERNAME_INPUT} | ${username} ]
20200814 14:51:21.216 - DEBUG - Test timeout 2 minutes active. 119.217 seconds left.
20200814 14:51:21.216 - INFO - Typing text 'username2' into text field '//*[@id="usernameInput"]'.
20200814 14:51:21.753 - INFO - +----- END KW: SeleniumLibrary.Input Text (537)
20200814 14:51:21.753 - INFO - +----- START KW: SeleniumLibrary.Simulate Event [ ${REGISTRATION_USERNAME_INPUT} | blur ]
20200814 14:51:21.753 - DEBUG - Test timeout 2 minutes active. 118.68 seconds left.
20200814 14:51:22.061 - INFO - +----- END KW: SeleniumLibrary.Simulate Event (308)
20200814 14:51:22.061 - INFO - +----- START KW: FunctionsGlobal.Input validation has success [ ${REGISTRATION_USERNAME_INPUT} ]
20200814 14:51:22.062 - INFO - +------ START KW: SeleniumLibrary.Wait Until Page Contains Element [ ${element}/ancestor::div[contains(@class, "form-group") and contains(@class, 'has-success')] | timeout=2 ]
20200814 14:51:22.063 - DEBUG - Test timeout 2 minutes active. 118.371 seconds left.
20200814 14:51:22.871 - INFO - +------ END KW: SeleniumLibrary.Wait Until Page Contains Element (809)
20200814 14:51:22.871 - INFO - +----- END KW: FunctionsGlobal.Input validation has success (810)
20200814 14:51:22.872 - INFO - +---- END KW: Fill username (2437)
~~~~~~~~~~~~~~~~~~~~~~~~~~~~~~~~~~~~~~~~~~~~~~~~~~~~~~~~~~~~~~~~~~~~~~~~~~~~~~
20200814 14:51:22.872 - INFO - +---- START KW: Fill username [ ${EMAIL_2} ]
20200814 14:51:22.873 - INFO - +----- START KW: FunctionsGlobal.Go To Url [ ${PAGE_REGISTER_URL} ]
20200814 14:51:22.873 - INFO - +------ START KW: SeleniumLibrary.Go To [ ${url} ]
20200814 14:51:22.873 - DEBUG - Test timeout 2 minutes active. 117.56 seconds left.
20200814 14:51:22.873 - INFO - Opening url 'http://bs-local.com:3000/en/registration'
20200814 14:51:23.555 - INFO - +------ END KW: SeleniumLibrary.Go To (682)
20200814 14:51:23.555 - INFO - +----- END KW: FunctionsGlobal.Go To Url (682)
20200814 14:51:23.556 - INFO - +----- START KW: SeleniumLibrary.Input Text [ ${REGISTRATION_USERNAME_INPUT} | ${username} ]
20200814 14:51:23.556 - DEBUG - Test timeout 2 minutes active. 116.877 seconds left.
20200814 14:51:23.556 - INFO - Typing text 'username2+qa@geokrety.org' into text field '//*[@id="usernameInput"]'.
20200814 14:51:24.121 - INFO - +----- END KW: SeleniumLibrary.Input Text (565)
20200814 14:51:24.122 - INFO - +----- START KW: SeleniumLibrary.Simulate Event [ ${REGISTRATION_USERNAME_INPUT} | blur ]
20200814 14:51:24.122 - DEBUG - Test timeout 2 minutes active. 116.311 seconds left.
20200814 14:51:24.405 - INFO - +----- END KW: SeleniumLibrary.Simulate Event (283)
20200814 14:51:24.405 - INFO - +----- START KW: FunctionsGlobal.Input validation has success [ ${REGISTRATION_USERNAME_INPUT} ]
20200814 14:51:24.406 - INFO - +------ START KW: SeleniumLibrary.Wait Until Page Contains Element [ ${element}/ancestor::div[contains(@class, "form-group") and contains(@class, 'has-success')] | timeout=2 ]
20200814 14:51:24.406 - DEBUG - Test timeout 2 minutes active. 116.027 seconds left.
20200814 14:51:25.245 - INFO - +------ END KW: SeleniumLibrary.Wait Until Page Contains Element (839)
20200814 14:51:25.245 - INFO - +----- END KW: FunctionsGlobal.Input validation has success (840)
20200814 14:51:25.245 - INFO - +---- END KW: Fill username (2373)
~~~~~~~~~~~~~~~~~~~~~~~~~~~~~~~~~~~~~~~~~~~~~~~~~~~~~~~~~~~~~~~~~~~~~~~~~~~~~~
20200814 14:51:25.245 - INFO - +---- START KW: Fill username [ 🦧 Orangutan ]
20200814 14:51:25.246 - INFO - +----- START KW: FunctionsGlobal.Go To Url [ ${PAGE_REGISTER_URL} ]
20200814 14:51:25.247 - INFO - +------ START KW: SeleniumLibrary.Go To [ ${url} ]
20200814 14:51:25.247 - DEBUG - Test timeout 2 minutes active. 115.187 seconds left.
20200814 14:51:25.247 - INFO - Opening url 'http://bs-local.com:3000/en/registration'
20200814 14:51:26.112 - INFO - +------ END KW: SeleniumLibrary.Go To (865)
20200814 14:51:26.113 - INFO - +----- END KW: FunctionsGlobal.Go To Url (867)
20200814 14:51:26.113 - INFO - +----- START KW: SeleniumLibrary.Input Text [ ${REGISTRATION_USERNAME_INPUT} | ${username} ]
20200814 14:51:26.113 - DEBUG - Test timeout 2 minutes active. 114.32 seconds left.
20200814 14:51:26.113 - INFO - Typing text '🦧 Orangutan' into text field '//*[@id="usernameInput"]'.
20200814 14:51:26.715 - INFO - +----- END KW: SeleniumLibrary.Input Text (602)
20200814 14:51:26.715 - INFO - +----- START KW: SeleniumLibrary.Simulate Event [ ${REGISTRATION_USERNAME_INPUT} | blur ]
20200814 14:51:26.715 - DEBUG - Test timeout 2 minutes active. 113.718 seconds left.
20200814 14:51:26.957 - INFO - +----- END KW: SeleniumLibrary.Simulate Event (242)
20200814 14:51:26.957 - INFO - +----- START KW: FunctionsGlobal.Input validation has success [ ${REGISTRATION_USERNAME_INPUT} ]
20200814 14:51:26.958 - INFO - +------ START KW: SeleniumLibrary.Wait Until Page Contains Element [ ${element}/ancestor::div[contains(@class, "form-group") and contains(@class, 'has-success')] | timeout=2 ]
20200814 14:51:26.958 - DEBUG - Test timeout 2 minutes active. 113.475 seconds left.
20200814 14:51:27.861 - INFO - +------ END KW: SeleniumLibrary.Wait Until Page Contains Element (903)
20200814 14:51:27.861 - INFO - +----- END KW: FunctionsGlobal.Input validation has success (904)
20200814 14:51:27.861 - INFO - +---- END KW: Fill username (2616)
~~~~~~~~~~~~~~~~~~~~~~~~~~~~~~~~~~~~~~~~~~~~~~~~~~~~~~~~~~~~~~~~~~~~~~~~~~~~~~
20200814 14:51:27.862 - INFO - +---- START KW: Fill username [ 🐂🐃🐄 ]
20200814 14:51:27.863 - INFO - +----- START KW: FunctionsGlobal.Go To Url [ ${PAGE_REGISTER_URL} ]
20200814 14:51:27.863 - INFO - +------ START KW: SeleniumLibrary.Go To [ ${url} ]
20200814 14:51:27.863 - DEBUG - Test timeout 2 minutes active. 112.57 seconds left.
20200814 14:51:27.863 - INFO - Opening url 'http://bs-local.com:3000/en/registration'
20200814 14:51:28.531 - INFO - +------ END KW: SeleniumLibrary.Go To (667)
20200814 14:51:28.531 - INFO - +----- END KW: FunctionsGlobal.Go To Url (669)
20200814 14:51:28.531 - INFO - +----- START KW: SeleniumLibrary.Input Text [ ${REGISTRATION_USERNAME_INPUT} | ${username} ]
20200814 14:51:28.532 - DEBUG - Test timeout 2 minutes active. 111.902 seconds left.
20200814 14:51:28.532 - INFO - Typing text '🐂🐃🐄' into text field '//*[@id="usernameInput"]'.
20200814 14:51:29.088 - INFO - +----- END KW: SeleniumLibrary.Input Text (557)
20200814 14:51:29.089 - INFO - +----- START KW: SeleniumLibrary.Simulate Event [ ${REGISTRATION_USERNAME_INPUT} | blur ]
20200814 14:51:29.089 - DEBUG - Test timeout 2 minutes active. 111.344 seconds left.
20200814 14:51:29.379 - INFO - +----- END KW: SeleniumLibrary.Simulate Event (290)
20200814 14:51:29.380 - INFO - +----- START KW: FunctionsGlobal.Input validation has success [ ${REGISTRATION_USERNAME_INPUT} ]
20200814 14:51:29.381 - INFO - +------ START KW: SeleniumLibrary.Wait Until Page Contains Element [ ${element}/ancestor::div[contains(@class, "form-group") and contains(@class, 'has-success')] | timeout=2 ]
20200814 14:51:29.381 - DEBUG - Test timeout 2 minutes active. 111.053 seconds left.
20200814 14:51:30.295 - INFO - +------ END KW: SeleniumLibrary.Wait Until Page Contains Element (914)
20200814 14:51:30.295 - INFO - +----- END KW: FunctionsGlobal.Input validation has success (915)
20200814 14:51:30.295 - INFO - +---- END KW: Fill username (2433)
~~~~~~~~~~~~~~~~~~~~~~~~~~~~~~~~~~~~~~~~~~~~~~~~~~~~~~~~~~~~~~~~~~~~~~~~~~~~~~
20200814 14:51:30.295 - INFO - +---- START KW: Fill username [ 🐂🐃🐄👶👼🎅🤶 ]
20200814 14:51:30.296 - INFO - +----- START KW: FunctionsGlobal.Go To Url [ ${PAGE_REGISTER_URL} ]
20200814 14:51:30.296 - INFO - +------ START KW: SeleniumLibrary.Go To [ ${url} ]
20200814 14:51:30.296 - DEBUG - Test timeout 2 minutes active. 110.137 seconds left.
20200814 14:51:30.297 - INFO - Opening url 'http://bs-local.com:3000/en/registration'
20200814 14:51:30.999 - INFO - +------ END KW: SeleniumLibrary.Go To (703)
20200814 14:51:30.999 - INFO - +----- END KW: FunctionsGlobal.Go To Url (703)
20200814 14:51:31.000 - INFO - +----- START KW: SeleniumLibrary.Input Text [ ${REGISTRATION_USERNAME_INPUT} | ${username} ]
20200814 14:51:31.000 - DEBUG - Test timeout 2 minutes active. 109.433 seconds left.
20200814 14:51:31.000 - INFO - Typing text '🐂🐃🐄👶👼🎅🤶' into text field '//*[@id="usernameInput"]'.
20200814 14:51:31.560 - INFO - +----- END KW: SeleniumLibrary.Input Text (560)
20200814 14:51:31.561 - INFO - +----- START KW: SeleniumLibrary.Simulate Event [ ${REGISTRATION_USERNAME_INPUT} | blur ]
20200814 14:51:31.561 - DEBUG - Test timeout 2 minutes active. 108.872 seconds left.
20200814 14:51:31.851 - INFO - +----- END KW: SeleniumLibrary.Simulate Event (290)
20200814 14:51:31.851 - INFO - +----- START KW: FunctionsGlobal.Input validation has success [ ${REGISTRATION_USERNAME_INPUT} ]
20200814 14:51:31.852 - INFO - +------ START KW: SeleniumLibrary.Wait Until Page Contains Element [ ${element}/ancestor::div[contains(@class, "form-group") and contains(@class, 'has-success')] | timeout=2 ]
20200814 14:51:31.852 - DEBUG - Test timeout 2 minutes active. 108.581 seconds left.
20200814 14:51:32.654 - INFO - +------ END KW: SeleniumLibrary.Wait Until Page Contains Element (802)
20200814 14:51:32.654 - INFO - +----- END KW: FunctionsGlobal.Input validation has success (803)
20200814 14:51:32.655 - INFO - +---- END KW: Fill username (2360)
------------------------------------------------------------------------------
20200814 14:51:32.655 - INFO - +--- END TEST: Check username (12222)
------------------------------------------------------------------------------
20200814 14:51:32.658 - INFO - +-- END SUITE: Acceptance.010 UserRegistration.020 UsernameValid (14955)
==============================================================================
20200814 14:51:32.668 - INFO - +-- START SUITE: Acceptance.010 UserRegistration.030 ActivationMailFollowUserLanguage [ ]
==============================================================================
20200814 14:51:32.669 - INFO - +--- START TEST: Create an account [ ]
------------------------------------------------------------------------------
20200814 14:51:32.670 - INFO - +---- START KW: FunctionsGlobal.Clear Database [ ]
20200814 14:51:32.670 - INFO - +----- START KW: FunctionsGlobal.Go To Url [ ${PAGE_DEV_RESET_DB_URL} ]
20200814 14:51:32.671 - INFO - +------ START KW: SeleniumLibrary.Go To [ ${url} ]
20200814 14:51:32.671 - DEBUG - Test timeout 2 minutes active. 119.997 seconds left.
20200814 14:51:32.671 - INFO - Opening url 'http://bs-local.com:3000/devel/db/reset'
20200814 14:51:34.313 - INFO - +------ END KW: SeleniumLibrary.Go To (1642)
20200814 14:51:34.313 - INFO - +----- END KW: FunctionsGlobal.Go To Url (1643)
20200814 14:51:34.313 - INFO - +----- START KW: SeleniumLibrary.Page Should Contain [ OK ]
20200814 14:51:34.314 - DEBUG - Test timeout 2 minutes active. 118.355 seconds left.
20200814 14:51:34.595 - INFO - Current page contains text 'OK'.
20200814 14:51:34.596 - INFO - +----- END KW: SeleniumLibrary.Page Should Contain (283)
20200814 14:51:34.596 - INFO - +---- END KW: FunctionsGlobal.Clear Database (1926)
~~~~~~~~~~~~~~~~~~~~~~~~~~~~~~~~~~~~~~~~~~~~~~~~~~~~~~~~~~~~~~~~~~~~~~~~~~~~~~
20200814 14:51:34.596 - INFO - +---- START KW: PageRegistration.Create User [ ${USERNAME_1} | language=fr ]
20200814 14:51:34.597 - INFO - +----- START KW: FunctionsGlobal.Go To Url [ ${PAGE_REGISTER_URL} ]
20200814 14:51:34.598 - INFO - +------ START KW: SeleniumLibrary.Go To [ ${url} ]
20200814 14:51:34.598 - DEBUG - Test timeout 2 minutes active. 118.071 seconds left.
20200814 14:51:34.598 - INFO - Opening url 'http://bs-local.com:3000/en/registration'
20200814 14:51:35.294 - INFO - +------ END KW: SeleniumLibrary.Go To (696)
20200814 14:51:35.295 - INFO - +----- END KW: FunctionsGlobal.Go To Url (698)
20200814 14:51:35.295 - INFO - +----- START KW: PageRegistration.Fill Registration Form [ ${username} | ${email} | ${password} | ${language} | ${daily_mail} | ${terms_of_use} ]
20200814 14:51:35.297 - INFO - +------ START KW: SeleniumLibrary.Input Text [ ${REGISTRATION_USERNAME_INPUT} | ${username} ]
20200814 14:51:35.297 - DEBUG - Test timeout 2 minutes active. 117.372 seconds left.
20200814 14:51:35.297 - INFO - Typing text 'username1' into text field '//*[@id="usernameInput"]'.
20200814 14:51:35.900 - INFO - +------ END KW: SeleniumLibrary.Input Text (603)
20200814 14:51:35.901 - INFO - +------ START KW: SeleniumLibrary.Input Text [ ${REGISTRATION_EMAIL_INPUT} | ${email} ]
20200814 14:51:35.901 - DEBUG - Test timeout 2 minutes active. 116.767 seconds left.
20200814 14:51:35.901 - INFO - Typing text 'username1+qa@geokrety.org' into text field '//*[@id="emailInput"]'.
20200814 14:51:36.639 - INFO - +------ END KW: SeleniumLibrary.Input Text (737)
20200814 14:51:36.639 - INFO - +------ START KW: SeleniumLibrary.Input Text [ ${REGISTRATION_PASSWORD_INPUT} | ${password} ]
20200814 14:51:36.639 - DEBUG - Test timeout 2 minutes active. 116.029 seconds left.
20200814 14:51:36.640 - INFO - Typing text 'password' into text field '//*[@id="passwordInput"]'.
20200814 14:51:37.147 - INFO - +------ END KW: SeleniumLibrary.Input Text (508)
20200814 14:51:37.147 - INFO - +------ START KW: SeleniumLibrary.Input Text [ ${REGISTRATION_PASSWORD_CONFIRM_INPUT} | ${password} ]
20200814 14:51:37.148 - DEBUG - Test timeout 2 minutes active. 115.521 seconds left.
20200814 14:51:37.148 - INFO - Typing text 'password' into text field '//*[@id="passwordConfirmInput"]'.
20200814 14:51:37.625 - INFO - +------ END KW: SeleniumLibrary.Input Text (478)
20200814 14:51:37.626 - INFO - +------ START KW: SeleniumLibrary.Select From List By Value [ ${REGISTRATION_PREFERRED_LANGUAGE_SELECT} | ${language} ]
20200814 14:51:37.626 - DEBUG - Test timeout 2 minutes active. 115.043 seconds left.
20200814 14:51:37.626 - INFO - Selecting options from selection list '//*[@id="preferredLanguageInput"]' by value fr.
20200814 14:51:38.832 - INFO - +------ END KW: SeleniumLibrary.Select From List By Value (1206)
20200814 14:51:38.833 - INFO - +------ START KW: BuiltIn.Run Keyword If [ ${daily_mail} | Select Checkbox | ${REGISTRATION_DAILY_MAIL_CHECKBOX} ]
20200814 14:51:38.833 - INFO - +------ END KW: BuiltIn.Run Keyword If (0)
20200814 14:51:38.834 - INFO - +------ START KW: BuiltIn.Run Keyword If [ ${terms_of_use} | Select Checkbox | ${REGISTRATION_TERMS_OF_USE_CHECKBOX} ]
20200814 14:51:38.834 - INFO - +------- START KW: SeleniumLibrary.Select Checkbox [ ${REGISTRATION_TERMS_OF_USE_CHECKBOX} ]
20200814 14:51:38.834 - DEBUG - Test timeout 2 minutes active. 113.835 seconds left.
20200814 14:51:38.834 - INFO - Selecting checkbox '//*[@id="termsOfUseInput"]'.
20200814 14:51:39.657 - INFO - +------- END KW: SeleniumLibrary.Select Checkbox (822)
20200814 14:51:39.657 - INFO - +------ END KW: BuiltIn.Run Keyword If (823)
20200814 14:51:39.657 - INFO - +----- END KW: PageRegistration.Fill Registration Form (4362)
20200814 14:51:39.658 - INFO - +----- START KW: SeleniumLibrary.Click Button [ ${REGISTRATION_REGISTER_BUTTON} ]
20200814 14:51:39.658 - DEBUG - Test timeout 2 minutes active. 113.011 seconds left.
20200814 14:51:39.658 - INFO - Clicking button '//*[@id="registerButton"]'.
20200814 14:51:42.002 - INFO - +----- END KW: SeleniumLibrary.Click Button (2345)
20200814 14:51:42.002 - INFO - +----- START KW: SeleniumLibrary.Location Should Contain [ ${GK_URL}en/users/ ]
20200814 14:51:42.002 - DEBUG - Test timeout 2 minutes active. 110.666 seconds left.
20200814 14:51:42.194 - INFO - Current location contains 'http://bs-local.com:3000/en/users/'.
20200814 14:51:42.194 - INFO - +----- END KW: SeleniumLibrary.Location Should Contain (192)
20200814 14:51:42.195 - INFO - +----- START KW: SeleniumLibrary.Page Should Not Contain [ No such item! ]
20200814 14:51:42.195 - DEBUG - Test timeout 2 minutes active. 110.474 seconds left.
20200814 14:51:42.608 - DEBUG - Current frame has 0 subframes.
20200814 14:51:42.608 - INFO - Current page does not contain text 'No such item!'.
20200814 14:51:42.609 - INFO - +----- END KW: SeleniumLibrary.Page Should Not Contain (413)
20200814 14:51:42.609 - INFO - +---- END KW: PageRegistration.Create User (8013)
~~~~~~~~~~~~~~~~~~~~~~~~~~~~~~~~~~~~~~~~~~~~~~~~~~~~~~~~~~~~~~~~~~~~~~~~~~~~~~
20200814 14:51:42.609 - INFO - +---- START KW: FunctionsGlobal.Go To Url [ ${PAGE_DEV_MAILBOX_URL} ]
20200814 14:51:42.610 - INFO - +----- START KW: SeleniumLibrary.Go To [ ${url} ]
20200814 14:51:42.610 - DEBUG - Test timeout 2 minutes active. 110.059 seconds left.
20200814 14:51:42.610 - INFO - Opening url 'http://bs-local.com:3000/devel/mail'
20200814 14:51:43.289 - INFO - +----- END KW: SeleniumLibrary.Go To (679)
20200814 14:51:43.289 - INFO - +---- END KW: FunctionsGlobal.Go To Url (680)
~~~~~~~~~~~~~~~~~~~~~~~~~~~~~~~~~~~~~~~~~~~~~~~~~~~~~~~~~~~~~~~~~~~~~~~~~~~~~~
20200814 14:51:43.290 - INFO - +---- START KW: SeleniumLibrary.Element Should Contain [ ${DEV_MAILBOX_FIRST_MAIL_LINK} | Bienvenue sur GeoKrety.org ]
20200814 14:51:43.290 - DEBUG - Test timeout 2 minutes active. 109.378 seconds left.
20200814 14:51:43.544 - INFO - Element '//*[@id="mailsTable"]/tbody/tr/td[@class="mail_id" and text()="0"]/parent::tr//a[contains(@class, "displayMailLink")]' contains text 'Bienvenue sur GeoKrety.org'.
20200814 14:51:43.545 - INFO - +---- END KW: SeleniumLibrary.Element Should Contain (255)
------------------------------------------------------------------------------
20200814 14:51:43.546 - INFO - +--- END TEST: Create an account (10876)
------------------------------------------------------------------------------
20200814 14:51:43.548 - INFO - +-- END SUITE: Acceptance.010 UserRegistration.030 ActivationMailFollowUserLanguage (10888)
==============================================================================
20200814 14:51:43.559 - INFO - +-- START SUITE: Acceptance.010 UserRegistration.040 TermsofUseMandatory [ ]
==============================================================================
20200814 14:51:43.560 - INFO - +--- START TEST: Terms of use unchecked [ ]
------------------------------------------------------------------------------
20200814 14:51:43.561 - INFO - +---- START KW: FunctionsGlobal.Clear Database [ ]
20200814 14:51:43.562 - INFO - +----- START KW: FunctionsGlobal.Go To Url [ ${PAGE_DEV_RESET_DB_URL} ]
20200814 14:51:43.563 - INFO - +------ START KW: SeleniumLibrary.Go To [ ${url} ]
20200814 14:51:43.563 - DEBUG - Test timeout 2 minutes active. 119.997 seconds left.
20200814 14:51:43.563 - INFO - Opening url 'http://bs-local.com:3000/devel/db/reset'
20200814 14:51:45.222 - INFO - +------ END KW: SeleniumLibrary.Go To (1659)
20200814 14:51:45.223 - INFO - +----- END KW: FunctionsGlobal.Go To Url (1661)
20200814 14:51:45.223 - INFO - +----- START KW: SeleniumLibrary.Page Should Contain [ OK ]
20200814 14:51:45.223 - DEBUG - Test timeout 2 minutes active. 118.337 seconds left.
20200814 14:51:45.545 - INFO - Current page contains text 'OK'.
20200814 14:51:45.545 - INFO - +----- END KW: SeleniumLibrary.Page Should Contain (322)
20200814 14:51:45.545 - INFO - +---- END KW: FunctionsGlobal.Clear Database (1984)
~~~~~~~~~~~~~~~~~~~~~~~~~~~~~~~~~~~~~~~~~~~~~~~~~~~~~~~~~~~~~~~~~~~~~~~~~~~~~~
20200814 14:51:45.546 - INFO - +---- START KW: FunctionsGlobal.Go To Url [ ${PAGE_REGISTER_URL} ]
20200814 14:51:45.547 - INFO - +----- START KW: SeleniumLibrary.Go To [ ${url} ]
20200814 14:51:45.547 - DEBUG - Test timeout 2 minutes active. 118.013 seconds left.
20200814 14:51:45.547 - INFO - Opening url 'http://bs-local.com:3000/en/registration'
20200814 14:51:46.460 - INFO - +----- END KW: SeleniumLibrary.Go To (913)
20200814 14:51:46.460 - INFO - +---- END KW: FunctionsGlobal.Go To Url (914)
~~~~~~~~~~~~~~~~~~~~~~~~~~~~~~~~~~~~~~~~~~~~~~~~~~~~~~~~~~~~~~~~~~~~~~~~~~~~~~
20200814 14:51:46.460 - INFO - +---- START KW: PageRegistration.Fill Registration Form [ ${USERNAME_1} | terms_of_use=${FALSE} ]
20200814 14:51:46.461 - INFO - +----- START KW: SeleniumLibrary.Input Text [ ${REGISTRATION_USERNAME_INPUT} | ${username} ]
20200814 14:51:46.462 - DEBUG - Test timeout 2 minutes active. 117.098 seconds left.
20200814 14:51:46.462 - INFO - Typing text 'username1' into text field '//*[@id="usernameInput"]'.
20200814 14:51:46.990 - INFO - +----- END KW: SeleniumLibrary.Input Text (529)
20200814 14:51:46.990 - INFO - +----- START KW: SeleniumLibrary.Input Text [ ${REGISTRATION_EMAIL_INPUT} | ${email} ]
20200814 14:51:46.991 - DEBUG - Test timeout 2 minutes active. 116.569 seconds left.
20200814 14:51:46.991 - INFO - Typing text 'username1+qa@geokrety.org' into text field '//*[@id="emailInput"]'.
20200814 14:51:47.527 - INFO - +----- END KW: SeleniumLibrary.Input Text (537)
20200814 14:51:47.528 - INFO - +----- START KW: SeleniumLibrary.Input Text [ ${REGISTRATION_PASSWORD_INPUT} | ${password} ]
20200814 14:51:47.528 - DEBUG - Test timeout 2 minutes active. 116.032 seconds left.
20200814 14:51:47.528 - INFO - Typing text 'password' into text field '//*[@id="passwordInput"]'.
20200814 14:51:48.110 - INFO - +----- END KW: SeleniumLibrary.Input Text (582)
20200814 14:51:48.111 - INFO - +----- START KW: SeleniumLibrary.Input Text [ ${REGISTRATION_PASSWORD_CONFIRM_INPUT} | ${password} ]
20200814 14:51:48.111 - DEBUG - Test timeout 2 minutes active. 115.449 seconds left.
20200814 14:51:48.111 - INFO - Typing text 'password' into text field '//*[@id="passwordConfirmInput"]'.
20200814 14:51:48.565 - INFO - +----- END KW: SeleniumLibrary.Input Text (455)
20200814 14:51:48.566 - INFO - +----- START KW: SeleniumLibrary.Select From List By Value [ ${REGISTRATION_PREFERRED_LANGUAGE_SELECT} | ${language} ]
20200814 14:51:48.566 - DEBUG - Test timeout 2 minutes active. 114.994 seconds left.
20200814 14:51:48.566 - INFO - Selecting options from selection list '//*[@id="preferredLanguageInput"]' by value en.
20200814 14:51:49.441 - INFO - +----- END KW: SeleniumLibrary.Select From List By Value (874)
20200814 14:51:49.441 - INFO - +----- START KW: BuiltIn.Run Keyword If [ ${daily_mail} | Select Checkbox | ${REGISTRATION_DAILY_MAIL_CHECKBOX} ]
20200814 14:51:49.441 - INFO - +----- END KW: BuiltIn.Run Keyword If (0)
20200814 14:51:49.442 - INFO - +----- START KW: BuiltIn.Run Keyword If [ ${terms_of_use} | Select Checkbox | ${REGISTRATION_TERMS_OF_USE_CHECKBOX} ]
20200814 14:51:49.442 - INFO - +----- END KW: BuiltIn.Run Keyword If (1)
20200814 14:51:49.442 - INFO - +---- END KW: PageRegistration.Fill Registration Form (2982)
~~~~~~~~~~~~~~~~~~~~~~~~~~~~~~~~~~~~~~~~~~~~~~~~~~~~~~~~~~~~~~~~~~~~~~~~~~~~~~
20200814 14:51:49.442 - INFO - +---- START KW: SeleniumLibrary.Click Button [ ${REGISTRATION_REGISTER_BUTTON} ]
20200814 14:51:49.442 - DEBUG - Test timeout 2 minutes active. 114.118 seconds left.
20200814 14:51:49.442 - INFO - Clicking button '//*[@id="registerButton"]'.
20200814 14:51:50.551 - INFO - +---- END KW: SeleniumLibrary.Click Button (1109)
~~~~~~~~~~~~~~~~~~~~~~~~~~~~~~~~~~~~~~~~~~~~~~~~~~~~~~~~~~~~~~~~~~~~~~~~~~~~~~
20200814 14:51:50.552 - INFO - +---- START KW: SeleniumLibrary.Location Should Be [ ${PAGE_REGISTER_URL} ]
20200814 14:51:50.552 - DEBUG - Test timeout 2 minutes active. 113.008 seconds left.
20200814 14:51:50.689 - INFO - Current location is 'http://bs-local.com:3000/en/registration'.
20200814 14:51:50.689 - INFO - +---- END KW: SeleniumLibrary.Location Should Be (137)
~~~~~~~~~~~~~~~~~~~~~~~~~~~~~~~~~~~~~~~~~~~~~~~~~~~~~~~~~~~~~~~~~~~~~~~~~~~~~~
20200814 14:51:50.689 - INFO - +---- START KW: FunctionsGlobal.Input validation has error [ ${REGISTRATION_TERMS_OF_USE_CHECKBOX} ]
20200814 14:51:50.690 - INFO - +----- START KW: SeleniumLibrary.Wait Until Page Contains Element [ ${element}/ancestor::div[contains(@class, "form-group") and contains(@class, 'has-error')] | timeout=2 ]
20200814 14:51:50.691 - DEBUG - Test timeout 2 minutes active. 112.87 seconds left.
20200814 14:51:50.823 - INFO - +----- END KW: SeleniumLibrary.Wait Until Page Contains Element (133)
20200814 14:51:50.824 - INFO - +---- END KW: FunctionsGlobal.Input validation has error (134)
------------------------------------------------------------------------------
20200814 14:51:50.825 - INFO - +--- END TEST: Terms of use unchecked (7264)
------------------------------------------------------------------------------
20200814 14:51:50.825 - INFO - +--- START TEST: Terms of use checked [ ]
------------------------------------------------------------------------------
20200814 14:51:50.826 - INFO - +---- START KW: DependencyLibrary.Depends On Test [ Terms of use unchecked ]
20200814 14:51:50.826 - DEBUG - Test timeout 2 minutes active. 119.999 seconds left.
20200814 14:51:50.827 - INFO - +---- END KW: DependencyLibrary.Depends On Test (0)
~~~~~~~~~~~~~~~~~~~~~~~~~~~~~~~~~~~~~~~~~~~~~~~~~~~~~~~~~~~~~~~~~~~~~~~~~~~~~~
20200814 14:51:50.827 - INFO - +---- START KW: SeleniumLibrary.Select Checkbox [ ${REGISTRATION_TERMS_OF_USE_CHECKBOX} ]
20200814 14:51:50.827 - DEBUG - Test timeout 2 minutes active. 119.998 seconds left.
20200814 14:51:50.827 - INFO - Selecting checkbox '//*[@id="termsOfUseInput"]'.
20200814 14:51:51.738 - INFO - +---- END KW: SeleniumLibrary.Select Checkbox (911)
~~~~~~~~~~~~~~~~~~~~~~~~~~~~~~~~~~~~~~~~~~~~~~~~~~~~~~~~~~~~~~~~~~~~~~~~~~~~~~
20200814 14:51:51.738 - INFO - +---- START KW: FunctionsGlobal.Input validation has success [ ${REGISTRATION_TERMS_OF_USE_CHECKBOX} ]
20200814 14:51:51.739 - INFO - +----- START KW: SeleniumLibrary.Wait Until Page Contains Element [ ${element}/ancestor::div[contains(@class, "form-group") and contains(@class, 'has-success')] | timeout=2 ]
20200814 14:51:51.740 - DEBUG - Test timeout 2 minutes active. 119.086 seconds left.
20200814 14:51:51.865 - INFO - +----- END KW: SeleniumLibrary.Wait Until Page Contains Element (126)
20200814 14:51:51.866 - INFO - +---- END KW: FunctionsGlobal.Input validation has success (128)
~~~~~~~~~~~~~~~~~~~~~~~~~~~~~~~~~~~~~~~~~~~~~~~~~~~~~~~~~~~~~~~~~~~~~~~~~~~~~~
20200814 14:51:51.866 - INFO - +---- START KW: SeleniumLibrary.Click Button [ ${REGISTRATION_REGISTER_BUTTON} ]
20200814 14:51:51.866 - DEBUG - Test timeout 2 minutes active. 118.959 seconds left.
20200814 14:51:51.867 - INFO - Clicking button '//*[@id="registerButton"]'.
20200814 14:51:53.985 - INFO - +---- END KW: SeleniumLibrary.Click Button (2119)
~~~~~~~~~~~~~~~~~~~~~~~~~~~~~~~~~~~~~~~~~~~~~~~~~~~~~~~~~~~~~~~~~~~~~~~~~~~~~~
20200814 14:51:53.986 - INFO - +---- START KW: SeleniumLibrary.Location Should Contain [ ${GK_URL}en/users/ ]
20200814 14:51:53.986 - DEBUG - Test timeout 2 minutes active. 116.839 seconds left.
20200814 14:51:54.106 - INFO - Current location contains 'http://bs-local.com:3000/en/users/'.
20200814 14:51:54.106 - INFO - +---- END KW: SeleniumLibrary.Location Should Contain (120)
~~~~~~~~~~~~~~~~~~~~~~~~~~~~~~~~~~~~~~~~~~~~~~~~~~~~~~~~~~~~~~~~~~~~~~~~~~~~~~
20200814 14:51:54.107 - INFO - +---- START KW: SeleniumLibrary.Page Should Not Contain [ No such item! ]
20200814 14:51:54.107 - DEBUG - Test timeout 2 minutes active. 116.718 seconds left.
20200814 14:51:54.538 - DEBUG - Current frame has 0 subframes.
20200814 14:51:54.538 - INFO - Current page does not contain text 'No such item!'.
20200814 14:51:54.538 - INFO - +---- END KW: SeleniumLibrary.Page Should Not Contain (431)
------------------------------------------------------------------------------
20200814 14:51:54.540 - INFO - +--- END TEST: Terms of use checked (3714)
------------------------------------------------------------------------------
20200814 14:51:54.542 - INFO - +-- END SUITE: Acceptance.010 UserRegistration.040 TermsofUseMandatory (10992)
==============================================================================
20200814 14:51:54.544 - INFO - +-- START TEARDOWN: FunctionsGlobal.Global TearDown [ ]
20200814 14:51:54.544 - INFO - +--- START KW: SeleniumLibrary.Close Browser [ ]
20200814 14:51:54.544 - DEBUG - Closing browser with session id be8f2fbed2ee2c308441e94e5ba8cdfa542b58ad.
20200814 14:51:55.909 - INFO - +--- END KW: SeleniumLibrary.Close Browser (1365)
20200814 14:51:55.909 - INFO - +-- END TEARDOWN: FunctionsGlobal.Global TearDown (1365)
==============================================================================
20200814 14:51:55.917 - INFO - +- END SUITE: Acceptance.010 UserRegistration (120222)
==============================================================================
20200814 14:51:55.925 - INFO - +- START SUITE: Acceptance.020 SignIn.robot [ ]
==============================================================================
20200814 14:51:55.926 - INFO - +-- START SETUP: FunctionsGlobal.Global Setup [ ]
20200814 14:51:55.926 - INFO - +--- START KW: FunctionsGlobal.!Open GeoKrety Browser [ ${browser} ]
20200814 14:51:55.927 - INFO - +---- START KW: BuiltIn.Run Keyword If [ '${BS_ENABLED}' != 'false' | !Open GeoKrety BrowserStack | ${browser} | ELSE | !Open GeoKrety Browser Local | ${browser} ]
20200814 14:51:55.927 - INFO - +----- START KW: FunctionsGlobal.!Open GeoKrety BrowserStack [ ${browser} ]
20200814 14:51:55.928 - INFO - +------ START KW: BuiltIn.Run Keyword If [ "${browser}"=="Firefox" | !Open GeoKrety BrowserStack Windows10 Firefox ]
20200814 14:51:55.928 - INFO - +------- START KW: FunctionsGlobal.!Open GeoKrety BrowserStack Windows10 Firefox [ ]
20200814 14:51:55.929 - INFO - +-------- START KW: BuiltIn.Log [ Open Browserstack Windows10 Firefox ]
20200814 14:51:55.929 - INFO - Open Browserstack Windows10 Firefox
20200814 14:51:55.929 - INFO - +-------- END KW: BuiltIn.Log (0)
20200814 14:51:55.929 - INFO - +-------- START KW: BuiltIn.Log [ ${DC_Win10Firefox} ]
20200814 14:51:55.930 - INFO - "os:Windows,os_version:10,browser:Firefox,browser_version:79.0,browserstack.local:true,browserstack.localIdentifier:travis-tests-in-docker-6411,project:GeoKrety"
20200814 14:51:55.930 - INFO - +-------- END KW: BuiltIn.Log (1)
20200814 14:51:55.930 - INFO - +-------- START KW: SeleniumLibrary.Open Browser [ ${GK_URL} | remote_url=${BS_HUB} | desired_capabilities=${DC_Win10Firefox} ]
20200814 14:51:55.931 - INFO - Opening browser 'firefox' to base url 'http://bs-local.com:3000/' through remote server at 'https://geokretygeokrety1:e53qu2x85DsykVPqRsst@hub.browserstack.com/wd/hub'.
20200814 14:52:25.293 - DEBUG - Opened browser with session id a7e334d3b1010ffe7ee02e1cf25fbb88c5185be3.
20200814 14:52:25.294 - INFO - +-------- END KW: SeleniumLibrary.Open Browser (29364)
20200814 14:52:25.294 - INFO - +------- END KW: FunctionsGlobal.!Open GeoKrety BrowserStack Windows10 Firefox (29366)
20200814 14:52:25.294 - INFO - +------ END KW: BuiltIn.Run Keyword If (29366)
20200814 14:52:25.295 - INFO - +------ START KW: BuiltIn.Run Keyword If [ "${browser}"=="Chrome" | !Open GeoKrety BrowserStack Windows10 Chrome ]
20200814 14:52:25.295 - INFO - +------ END KW: BuiltIn.Run Keyword If (0)
20200814 14:52:25.295 - INFO - +----- END KW: FunctionsGlobal.!Open GeoKrety BrowserStack (29368)
20200814 14:52:25.295 - INFO - +---- END KW: BuiltIn.Run Keyword If (29368)
20200814 14:52:25.295 - INFO - +---- START KW: SeleniumLibrary.Set Selenium Timeout [ 0.45 ]
20200814 14:52:25.513 - INFO - +---- END KW: SeleniumLibrary.Set Selenium Timeout (218)
20200814 14:52:25.513 - INFO - +--- END KW: FunctionsGlobal.!Open GeoKrety Browser (29587)
20200814 14:52:25.513 - INFO - +--- START KW: FunctionsGlobal.Clear Database [ ]
20200814 14:52:25.514 - INFO - +---- START KW: FunctionsGlobal.Go To Url [ ${PAGE_DEV_RESET_DB_URL} ]
20200814 14:52:25.514 - INFO - +----- START KW: SeleniumLibrary.Go To [ ${url} ]
20200814 14:52:25.514 - INFO - Opening url 'http://bs-local.com:3000/devel/db/reset'
20200814 14:52:27.346 - INFO - +----- END KW: SeleniumLibrary.Go To (1832)
20200814 14:52:27.346 - INFO - +---- END KW: FunctionsGlobal.Go To Url (1832)
20200814 14:52:27.347 - INFO - +---- START KW: SeleniumLibrary.Page Should Contain [ OK ]
20200814 14:52:27.809 - INFO - Current page contains text 'OK'.
20200814 14:52:27.810 - INFO - +---- END KW: SeleniumLibrary.Page Should Contain (462)
20200814 14:52:27.810 - INFO - +--- END KW: FunctionsGlobal.Clear Database (2297)
20200814 14:52:27.810 - INFO - +-- END SETUP: FunctionsGlobal.Global Setup (31884)
==============================================================================
20200814 14:52:27.819 - INFO - +-- START SUITE: Acceptance.020 SignIn.robot.010 AccountMustBeActivatedFirst [ ]
==============================================================================
20200814 14:52:27.820 - INFO - +--- START TEST: Create an account [ ]
------------------------------------------------------------------------------
20200814 14:52:27.821 - INFO - +---- START KW: FunctionsGlobal.Clear Database [ ]
20200814 14:52:27.821 - INFO - +----- START KW: FunctionsGlobal.Go To Url [ ${PAGE_DEV_RESET_DB_URL} ]
20200814 14:52:27.822 - INFO - +------ START KW: SeleniumLibrary.Go To [ ${url} ]
20200814 14:52:27.822 - DEBUG - Test timeout 2 minutes active. 119.998 seconds left.
20200814 14:52:27.822 - INFO - Opening url 'http://bs-local.com:3000/devel/db/reset'
20200814 14:52:29.419 - INFO - +------ END KW: SeleniumLibrary.Go To (1597)
20200814 14:52:29.420 - INFO - +----- END KW: FunctionsGlobal.Go To Url (1598)
20200814 14:52:29.420 - INFO - +----- START KW: SeleniumLibrary.Page Should Contain [ OK ]
20200814 14:52:29.420 - DEBUG - Test timeout 2 minutes active. 118.4 seconds left.
20200814 14:52:29.704 - INFO - Current page contains text 'OK'.
20200814 14:52:29.704 - INFO - +----- END KW: SeleniumLibrary.Page Should Contain (284)
20200814 14:52:29.705 - INFO - +---- END KW: FunctionsGlobal.Clear Database (1884)
~~~~~~~~~~~~~~~~~~~~~~~~~~~~~~~~~~~~~~~~~~~~~~~~~~~~~~~~~~~~~~~~~~~~~~~~~~~~~~
20200814 14:52:29.705 - INFO - +---- START KW: PageRegistration.Create User [ ${USERNAME_1} ]
20200814 14:52:29.706 - INFO - +----- START KW: FunctionsGlobal.Go To Url [ ${PAGE_REGISTER_URL} ]
20200814 14:52:29.706 - INFO - +------ START KW: SeleniumLibrary.Go To [ ${url} ]
20200814 14:52:29.707 - DEBUG - Test timeout 2 minutes active. 118.113 seconds left.
20200814 14:52:29.707 - INFO - Opening url 'http://bs-local.com:3000/en/registration'
20200814 14:52:31.269 - INFO - +------ END KW: SeleniumLibrary.Go To (1563)
20200814 14:52:31.269 - INFO - +----- END KW: FunctionsGlobal.Go To Url (1563)
20200814 14:52:31.270 - INFO - +----- START KW: PageRegistration.Fill Registration Form [ ${username} | ${email} | ${password} | ${language} | ${daily_mail} | ${terms_of_use} ]
20200814 14:52:31.270 - INFO - +------ START KW: SeleniumLibrary.Input Text [ ${REGISTRATION_USERNAME_INPUT} | ${username} ]
20200814 14:52:31.271 - DEBUG - Test timeout 2 minutes active. 116.549 seconds left.
20200814 14:52:31.271 - INFO - Typing text 'username1' into text field '//*[@id="usernameInput"]'.
20200814 14:52:31.771 - INFO - +------ END KW: SeleniumLibrary.Input Text (501)
20200814 14:52:31.771 - INFO - +------ START KW: SeleniumLibrary.Input Text [ ${REGISTRATION_EMAIL_INPUT} | ${email} ]
20200814 14:52:31.772 - DEBUG - Test timeout 2 minutes active. 116.048 seconds left.
20200814 14:52:31.772 - INFO - Typing text 'username1+qa@geokrety.org' into text field '//*[@id="emailInput"]'.
20200814 14:52:32.216 - INFO - +------ END KW: SeleniumLibrary.Input Text (445)
20200814 14:52:32.217 - INFO - +------ START KW: SeleniumLibrary.Input Text [ ${REGISTRATION_PASSWORD_INPUT} | ${password} ]
20200814 14:52:32.217 - DEBUG - Test timeout 2 minutes active. 115.603 seconds left.
20200814 14:52:32.218 - INFO - Typing text 'password' into text field '//*[@id="passwordInput"]'.
20200814 14:52:32.711 - INFO - +------ END KW: SeleniumLibrary.Input Text (494)
20200814 14:52:32.712 - INFO - +------ START KW: SeleniumLibrary.Input Text [ ${REGISTRATION_PASSWORD_CONFIRM_INPUT} | ${password} ]
20200814 14:52:32.712 - DEBUG - Test timeout 2 minutes active. 115.108 seconds left.
20200814 14:52:32.712 - INFO - Typing text 'password' into text field '//*[@id="passwordConfirmInput"]'.
20200814 14:52:33.170 - INFO - +------ END KW: SeleniumLibrary.Input Text (457)
20200814 14:52:33.170 - INFO - +------ START KW: SeleniumLibrary.Select From List By Value [ ${REGISTRATION_PREFERRED_LANGUAGE_SELECT} | ${language} ]
20200814 14:52:33.170 - DEBUG - Test timeout 2 minutes active. 114.65 seconds left.
20200814 14:52:33.170 - INFO - Selecting options from selection list '//*[@id="preferredLanguageInput"]' by value en.
20200814 14:52:34.120 - INFO - +------ END KW: SeleniumLibrary.Select From List By Value (950)
20200814 14:52:34.121 - INFO - +------ START KW: BuiltIn.Run Keyword If [ ${daily_mail} | Select Checkbox | ${REGISTRATION_DAILY_MAIL_CHECKBOX} ]
20200814 14:52:34.121 - INFO - +------ END KW: BuiltIn.Run Keyword If (0)
20200814 14:52:34.122 - INFO - +------ START KW: BuiltIn.Run Keyword If [ ${terms_of_use} | Select Checkbox | ${REGISTRATION_TERMS_OF_USE_CHECKBOX} ]
20200814 14:52:34.122 - INFO - +------- START KW: SeleniumLibrary.Select Checkbox [ ${REGISTRATION_TERMS_OF_USE_CHECKBOX} ]
20200814 14:52:34.122 - DEBUG - Test timeout 2 minutes active. 113.698 seconds left.
20200814 14:52:34.122 - INFO - Selecting checkbox '//*[@id="termsOfUseInput"]'.
20200814 14:52:34.991 - INFO - +------- END KW: SeleniumLibrary.Select Checkbox (869)
20200814 14:52:34.991 - INFO - +------ END KW: BuiltIn.Run Keyword If (869)
20200814 14:52:34.991 - INFO - +----- END KW: PageRegistration.Fill Registration Form (3721)
20200814 14:52:34.992 - INFO - +----- START KW: SeleniumLibrary.Click Button [ ${REGISTRATION_REGISTER_BUTTON} ]
20200814 14:52:34.992 - DEBUG - Test timeout 2 minutes active. 112.828 seconds left.
20200814 14:52:34.992 - INFO - Clicking button '//*[@id="registerButton"]'.
20200814 14:52:37.223 - INFO - +----- END KW: SeleniumLibrary.Click Button (2231)
20200814 14:52:37.224 - INFO - +----- START KW: SeleniumLibrary.Location Should Contain [ ${GK_URL}en/users/ ]
20200814 14:52:37.224 - DEBUG - Test timeout 2 minutes active. 110.596 seconds left.
20200814 14:52:37.362 - INFO - Current location contains 'http://bs-local.com:3000/en/users/'.
20200814 14:52:37.363 - INFO - +----- END KW: SeleniumLibrary.Location Should Contain (139)
20200814 14:52:37.363 - INFO - +----- START KW: SeleniumLibrary.Page Should Not Contain [ No such item! ]
20200814 14:52:37.363 - DEBUG - Test timeout 2 minutes active. 110.457 seconds left.
20200814 14:52:37.790 - DEBUG - Current frame has 0 subframes.
20200814 14:52:37.790 - INFO - Current page does not contain text 'No such item!'.
20200814 14:52:37.790 - INFO - +----- END KW: SeleniumLibrary.Page Should Not Contain (427)
20200814 14:52:37.790 - INFO - +---- END KW: PageRegistration.Create User (8085)
~~~~~~~~~~~~~~~~~~~~~~~~~~~~~~~~~~~~~~~~~~~~~~~~~~~~~~~~~~~~~~~~~~~~~~~~~~~~~~
20200814 14:52:37.791 - INFO - +---- START KW: FunctionsGlobal.Empty Dev Mailbox [ ]
20200814 14:52:37.791 - INFO - +----- START KW: FunctionsGlobal.Go To Url [ ${PAGE_DEV_MAILBOX_URL} ]
20200814 14:52:37.792 - INFO - +------ START KW: SeleniumLibrary.Go To [ ${url} ]
20200814 14:52:37.792 - DEBUG - Test timeout 2 minutes active. 110.028 seconds left.
20200814 14:52:37.792 - INFO - Opening url 'http://bs-local.com:3000/devel/mail'
20200814 14:52:38.380 - INFO - +------ END KW: SeleniumLibrary.Go To (588)
20200814 14:52:38.380 - INFO - +----- END KW: FunctionsGlobal.Go To Url (589)
20200814 14:52:38.381 - INFO - +----- START KW: SeleniumLibrary.Click Element [ ${DEV_MAILBOX_DELETE_ALL_MAILS_BUTTON} ]
20200814 14:52:38.381 - DEBUG - Test timeout 2 minutes active. 109.439 seconds left.
20200814 14:52:38.381 - INFO - Clicking element '//*[@id="deleteAllMailsButton"]'.
20200814 14:52:39.200 - INFO - +----- END KW: SeleniumLibrary.Click Element (819)
20200814 14:52:39.201 - INFO - +----- START KW: SeleniumLibrary.Element Text Should Be [ ${NAVBAR_DEV_MAILBOX_COUNTER} | 0 ]
20200814 14:52:39.201 - DEBUG - Test timeout 2 minutes active. 108.619 seconds left.
20200814 14:52:39.201 - INFO - Verifying element '//*[@id="navbar-localmail"]/span[@class="badge"]' contains exact text '0'.
20200814 14:52:39.469 - INFO - +----- END KW: SeleniumLibrary.Element Text Should Be (267)
20200814 14:52:39.469 - INFO - +---- END KW: FunctionsGlobal.Empty Dev Mailbox (1678)
------------------------------------------------------------------------------
20200814 14:52:39.470 - INFO - +--- END TEST: Create an account (11649)
------------------------------------------------------------------------------
20200814 14:52:39.471 - INFO - +--- START TEST: Account not active [ ]
------------------------------------------------------------------------------
20200814 14:52:39.471 - INFO - +---- START KW: DependencyLibrary.Depends On Test [ Create an account ]
20200814 14:52:39.472 - DEBUG - Test timeout 2 minutes active. 119.999 seconds left.
20200814 14:52:39.472 - INFO - +---- END KW: DependencyLibrary.Depends On Test (1)
~~~~~~~~~~~~~~~~~~~~~~~~~~~~~~~~~~~~~~~~~~~~~~~~~~~~~~~~~~~~~~~~~~~~~~~~~~~~~~
20200814 14:52:39.472 - INFO - +---- START KW: FunctionsGlobal.Go To Url [ ${PAGE_HOME_URL} ]
20200814 14:52:39.473 - INFO - +----- START KW: SeleniumLibrary.Go To [ ${url} ]
20200814 14:52:39.473 - DEBUG - Test timeout 2 minutes active. 119.998 seconds left.
20200814 14:52:39.473 - INFO - Opening url 'http://bs-local.com:3000/en'
20200814 14:52:39.958 - INFO - +----- END KW: SeleniumLibrary.Go To (485)
20200814 14:52:39.958 - INFO - +---- END KW: FunctionsGlobal.Go To Url (486)
~~~~~~~~~~~~~~~~~~~~~~~~~~~~~~~~~~~~~~~~~~~~~~~~~~~~~~~~~~~~~~~~~~~~~~~~~~~~~~
20200814 14:52:39.958 - INFO - +---- START KW: FunctionsGlobal.Sign In User [ ${USERNAME_1} ]
20200814 14:52:39.959 - INFO - +----- START KW: SeleniumLibrary.Click Element [ ${NAVBAR_SIGN_IN_LINK} ]
20200814 14:52:39.959 - DEBUG - Test timeout 2 minutes active. 119.511 seconds left.
20200814 14:52:39.959 - INFO - Clicking element '//*[@id="navbar-profile-login"]'.
20200814 14:52:40.511 - INFO - +----- END KW: SeleniumLibrary.Click Element (552)
20200814 14:52:40.512 - INFO - +----- START KW: SeleniumLibrary.Wait Until Page Contains Element [ ${MODAL_DIALOG} ]
20200814 14:52:40.512 - DEBUG - Test timeout 2 minutes active. 118.958 seconds left.
20200814 14:52:40.647 - INFO - +----- END KW: SeleniumLibrary.Wait Until Page Contains Element (135)
20200814 14:52:40.648 - INFO - +----- START KW: SeleniumLibrary.Wait Until Page Contains Element [ ${SIGN_IN_FORM_SIGN_IN_BUTTON} ]
20200814 14:52:40.648 - DEBUG - Test timeout 2 minutes active. 118.822 seconds left.
20200814 14:52:40.782 - INFO - +----- END KW: SeleniumLibrary.Wait Until Page Contains Element (134)
20200814 14:52:40.782 - INFO - +----- START KW: SeleniumLibrary.Input Text [ ${SIGN_IN_FORM_USERNAME_INPUT} | ${username} ]
20200814 14:52:40.783 - DEBUG - Test timeout 2 minutes active. 118.687 seconds left.
20200814 14:52:40.783 - INFO - Typing text 'username1' into text field '//div[@class="modal-dialog"]//form//input[@name="login"]'.
20200814 14:52:41.204 - INFO - +----- END KW: SeleniumLibrary.Input Text (422)
20200814 14:52:41.205 - INFO - +----- START KW: SeleniumLibrary.Input Text [ ${SIGN_IN_FORM_PASSWORD_INPUT} | ${password} ]
20200814 14:52:41.205 - DEBUG - Test timeout 2 minutes active. 118.265 seconds left.
20200814 14:52:41.206 - INFO - Typing text 'password' into text field '//div[@class="modal-dialog"]//form//input[@name="password"]'.
20200814 14:52:41.634 - INFO - +----- END KW: SeleniumLibrary.Input Text (429)
20200814 14:52:41.634 - INFO - +----- START KW: SeleniumLibrary.Click Button [ ${SIGN_IN_FORM_SIGN_IN_BUTTON} ]
20200814 14:52:41.634 - DEBUG - Test timeout 2 minutes active. 117.836 seconds left.
20200814 14:52:41.634 - INFO - Clicking button '//div[@class="modal-dialog"]//form//button[@type="submit"]'.
20200814 14:52:43.329 - INFO - +----- END KW: SeleniumLibrary.Click Button (1694)
20200814 14:52:43.329 - INFO - +---- END KW: FunctionsGlobal.Sign In User (3371)
~~~~~~~~~~~~~~~~~~~~~~~~~~~~~~~~~~~~~~~~~~~~~~~~~~~~~~~~~~~~~~~~~~~~~~~~~~~~~~
20200814 14:52:43.329 - INFO - +---- START KW: SeleniumLibrary.Page Should Contain [ Your account is not yet active. ]
20200814 14:52:43.330 - DEBUG - Test timeout 2 minutes active. 116.141 seconds left.
20200814 14:52:43.614 - INFO - Current page contains text 'Your account is not yet active.'.
20200814 14:52:43.614 - INFO - +---- END KW: SeleniumLibrary.Page Should Contain (285)
------------------------------------------------------------------------------
20200814 14:52:43.615 - INFO - +--- END TEST: Account not active (4145)
------------------------------------------------------------------------------
20200814 14:52:43.616 - INFO - +--- START TEST: Confirmation mail sent again [ ]
------------------------------------------------------------------------------
20200814 14:52:43.617 - INFO - +---- START KW: DependencyLibrary.Depends On Test [ Account not active ]
20200814 14:52:43.617 - DEBUG - Test timeout 2 minutes active. 119.999 seconds left.
20200814 14:52:43.617 - INFO - +---- END KW: DependencyLibrary.Depends On Test (0)
~~~~~~~~~~~~~~~~~~~~~~~~~~~~~~~~~~~~~~~~~~~~~~~~~~~~~~~~~~~~~~~~~~~~~~~~~~~~~~
20200814 14:52:43.618 - INFO - +---- START KW: FunctionsGlobal.Go To Url [ ${PAGE_DEV_MAILBOX_URL} ]
20200814 14:52:43.618 - INFO - +----- START KW: SeleniumLibrary.Go To [ ${url} ]
20200814 14:52:43.618 - DEBUG - Test timeout 2 minutes active. 119.998 seconds left.
20200814 14:52:43.618 - INFO - Opening url 'http://bs-local.com:3000/devel/mail'
20200814 14:52:44.163 - INFO - +----- END KW: SeleniumLibrary.Go To (545)
20200814 14:52:44.163 - INFO - +---- END KW: FunctionsGlobal.Go To Url (545)
~~~~~~~~~~~~~~~~~~~~~~~~~~~~~~~~~~~~~~~~~~~~~~~~~~~~~~~~~~~~~~~~~~~~~~~~~~~~~~
20200814 14:52:44.164 - INFO - +---- START KW: SeleniumLibrary.Get Element Count [ ${DEV_MAILBOX_MAILS_TABLE_ROWS} ]
20200814 14:52:44.164 - DEBUG - Test timeout 2 minutes active. 119.452 seconds left.
20200814 14:52:44.288 - INFO - ${rowCount} = 1
20200814 14:52:44.288 - INFO - +---- END KW: SeleniumLibrary.Get Element Count (124)
~~~~~~~~~~~~~~~~~~~~~~~~~~~~~~~~~~~~~~~~~~~~~~~~~~~~~~~~~~~~~~~~~~~~~~~~~~~~~~
20200814 14:52:44.289 - INFO - +---- START KW: BuiltIn.Should Be Equal As Integers [ 1 | ${rowCount} ]
20200814 14:52:44.289 - DEBUG - Test timeout 2 minutes active. 119.327 seconds left.
20200814 14:52:44.289 - INFO - Argument types are:
<type 'unicode'>
<type 'int'>
20200814 14:52:44.289 - INFO - +---- END KW: BuiltIn.Should Be Equal As Integers (1)
------------------------------------------------------------------------------
20200814 14:52:44.290 - INFO - +--- END TEST: Confirmation mail sent again (673)
------------------------------------------------------------------------------
20200814 14:52:44.291 - INFO - +--- START TEST: Validated account can login [ ]
------------------------------------------------------------------------------
20200814 14:52:44.291 - INFO - +---- START KW: DependencyLibrary.Depends On Test [ Confirmation mail sent again ]
20200814 14:52:44.291 - DEBUG - Test timeout 2 minutes active. 119.999 seconds left.
20200814 14:52:44.292 - INFO - +---- END KW: DependencyLibrary.Depends On Test (1)
~~~~~~~~~~~~~~~~~~~~~~~~~~~~~~~~~~~~~~~~~~~~~~~~~~~~~~~~~~~~~~~~~~~~~~~~~~~~~~
20200814 14:52:44.292 - INFO - +---- START KW: PageRegistration.Activate user account [ ]
20200814 14:52:44.292 - INFO - +----- START KW: FunctionsGlobal.Go To Url [ ${PAGE_DEV_MAILBOX_URL} ]
20200814 14:52:44.293 - INFO - +------ START KW: SeleniumLibrary.Go To [ ${url} ]
20200814 14:52:44.293 - DEBUG - Test timeout 2 minutes active. 119.997 seconds left.
20200814 14:52:44.293 - INFO - Opening url 'http://bs-local.com:3000/devel/mail'
20200814 14:52:44.763 - INFO - +------ END KW: SeleniumLibrary.Go To (470)
20200814 14:52:44.763 - INFO - +----- END KW: FunctionsGlobal.Go To Url (471)
20200814 14:52:44.764 - INFO - +----- START KW: SeleniumLibrary.Click Link [ ${DEV_MAILBOX_FIRST_MAIL_LINK} ]
20200814 14:52:44.764 - DEBUG - Test timeout 2 minutes active. 119.526 seconds left.
20200814 14:52:44.764 - INFO - Clicking link '//*[@id="mailsTable"]/tbody/tr/td[@class="mail_id" and text()="0"]/parent::tr//a[contains(@class, "displayMailLink")]'.
20200814 14:52:45.487 - INFO - +----- END KW: SeleniumLibrary.Click Link (723)
20200814 14:52:45.488 - INFO - +----- START KW: SeleniumLibrary.Location Should Be [ ${PAGE_DEV_MAILBOX_FIRST_MAIL_URL} ]
20200814 14:52:45.488 - DEBUG - Test timeout 2 minutes active. 118.802 seconds left.
20200814 14:52:45.621 - INFO - Current location is 'http://bs-local.com:3000/devel/mail/0'.
20200814 14:52:45.622 - INFO - +----- END KW: SeleniumLibrary.Location Should Be (134)
20200814 14:52:45.622 - INFO - +----- START KW: SeleniumLibrary.Page Should Contain [ Welcome to GeoKrety.org ]
20200814 14:52:45.623 - DEBUG - Test timeout 2 minutes active. 118.667 seconds left.
20200814 14:52:45.939 - INFO - Current page contains text 'Welcome to GeoKrety.org'.
20200814 14:52:45.939 - INFO - +----- END KW: SeleniumLibrary.Page Should Contain (317)
20200814 14:52:45.939 - INFO - +----- START KW: SeleniumLibrary.Page Should Contain [ Activate your account ]
20200814 14:52:45.940 - DEBUG - Test timeout 2 minutes active. 118.351 seconds left.
20200814 14:52:46.206 - INFO - Current page contains text 'Activate your account'.
20200814 14:52:46.207 - INFO - +----- END KW: SeleniumLibrary.Page Should Contain (267)
20200814 14:52:46.207 - INFO - +----- START KW: FunctionsGlobal.Click Link With Text [ Activate your account ]
20200814 14:52:46.208 - INFO - +------ START KW: SeleniumLibrary.Click Link [ //a[contains(text(),'${text}')] ]
20200814 14:52:46.209 - DEBUG - Test timeout 2 minutes active. 118.082 seconds left.
20200814 14:52:46.209 - INFO - Clicking link '//a[contains(text(),'Activate your account')]'.
20200814 14:52:48.673 - INFO - +------ END KW: SeleniumLibrary.Click Link (2465)
20200814 14:52:48.673 - INFO - +----- END KW: FunctionsGlobal.Click Link With Text (2466)
20200814 14:52:48.674 - INFO - +----- START KW: SeleniumLibrary.Wait Until Page Contains [ Welcome to the GeoKrety.org community! ]
20200814 14:52:48.674 - DEBUG - Test timeout 2 minutes active. 115.616 seconds left.
20200814 14:52:48.823 - INFO - +----- END KW: SeleniumLibrary.Wait Until Page Contains (148)
20200814 14:52:48.823 - INFO - +----- START KW: FunctionsGlobal.Delete First Mail in Mailbox [ ]
20200814 14:52:48.823 - INFO - +------ START KW: FunctionsGlobal.Go To Url [ ${PAGE_DEV_MAILBOX_URL} ]
20200814 14:52:48.824 - INFO - +------- START KW: SeleniumLibrary.Go To [ ${url} ]
20200814 14:52:48.824 - DEBUG - Test timeout 2 minutes active. 115.466 seconds left.
20200814 14:52:48.824 - INFO - Opening url 'http://bs-local.com:3000/devel/mail'
20200814 14:52:49.475 - INFO - +------- END KW: SeleniumLibrary.Go To (651)
20200814 14:52:49.475 - INFO - +------ END KW: FunctionsGlobal.Go To Url (652)
20200814 14:52:49.476 - INFO - +------ START KW: SeleniumLibrary.Click Element [ ${DEV_MAILBOX_FIRST_MAIL_DELETE_LINK} ]
20200814 14:52:49.476 - DEBUG - Test timeout 2 minutes active. 114.814 seconds left.
20200814 14:52:49.476 - INFO - Clicking element '//*[@id="mailsTable"]/tbody/tr/td[@class="mail_id" and text()="0"]/parent::tr//a[contains(@class, "deleteMailLink")]'.
20200814 14:52:50.203 - INFO - +------ END KW: SeleniumLibrary.Click Element (727)
20200814 14:52:50.203 - INFO - +----- END KW: FunctionsGlobal.Delete First Mail in Mailbox (1380)
20200814 14:52:50.203 - INFO - +---- END KW: PageRegistration.Activate user account (5911)
~~~~~~~~~~~~~~~~~~~~~~~~~~~~~~~~~~~~~~~~~~~~~~~~~~~~~~~~~~~~~~~~~~~~~~~~~~~~~~
20200814 14:52:50.203 - INFO - +---- START KW: FunctionsGlobal.Go To Url [ ${PAGE_HOME_URL} ]
20200814 14:52:50.204 - INFO - +----- START KW: SeleniumLibrary.Go To [ ${url} ]
20200814 14:52:50.204 - DEBUG - Test timeout 2 minutes active. 114.086 seconds left.
20200814 14:52:50.204 - INFO - Opening url 'http://bs-local.com:3000/en'
20200814 14:52:50.704 - INFO - +----- END KW: SeleniumLibrary.Go To (500)
20200814 14:52:50.704 - INFO - +---- END KW: FunctionsGlobal.Go To Url (501)
~~~~~~~~~~~~~~~~~~~~~~~~~~~~~~~~~~~~~~~~~~~~~~~~~~~~~~~~~~~~~~~~~~~~~~~~~~~~~~
20200814 14:52:50.704 - INFO - +---- START KW: FunctionsGlobal.Sign In User [ ${USERNAME_1} ]
20200814 14:52:50.705 - INFO - +----- START KW: SeleniumLibrary.Click Element [ ${NAVBAR_SIGN_IN_LINK} ]
20200814 14:52:50.705 - DEBUG - Test timeout 2 minutes active. 113.585 seconds left.
20200814 14:52:50.705 - INFO - Clicking element '//*[@id="navbar-profile-login"]'.
20200814 14:52:51.255 - INFO - +----- END KW: SeleniumLibrary.Click Element (549)
20200814 14:52:51.255 - INFO - +----- START KW: SeleniumLibrary.Wait Until Page Contains Element [ ${MODAL_DIALOG} ]
20200814 14:52:51.255 - DEBUG - Test timeout 2 minutes active. 113.035 seconds left.
20200814 14:52:51.425 - INFO - +----- END KW: SeleniumLibrary.Wait Until Page Contains Element (170)
20200814 14:52:51.426 - INFO - +----- START KW: SeleniumLibrary.Wait Until Page Contains Element [ ${SIGN_IN_FORM_SIGN_IN_BUTTON} ]
20200814 14:52:51.426 - DEBUG - Test timeout 2 minutes active. 112.864 seconds left.
20200814 14:52:51.563 - INFO - +----- END KW: SeleniumLibrary.Wait Until Page Contains Element (137)
20200814 14:52:51.564 - INFO - +----- START KW: SeleniumLibrary.Input Text [ ${SIGN_IN_FORM_USERNAME_INPUT} | ${username} ]
20200814 14:52:51.564 - DEBUG - Test timeout 2 minutes active. 112.726 seconds left.
20200814 14:52:51.564 - INFO - Typing text 'username1' into text field '//div[@class="modal-dialog"]//form//input[@name="login"]'.
20200814 14:52:51.967 - INFO - +----- END KW: SeleniumLibrary.Input Text (403)
20200814 14:52:51.967 - INFO - +----- START KW: SeleniumLibrary.Input Text [ ${SIGN_IN_FORM_PASSWORD_INPUT} | ${password} ]
20200814 14:52:51.968 - DEBUG - Test timeout 2 minutes active. 112.322 seconds left.
20200814 14:52:51.968 - INFO - Typing text 'password' into text field '//div[@class="modal-dialog"]//form//input[@name="password"]'.
20200814 14:52:52.434 - INFO - +----- END KW: SeleniumLibrary.Input Text (467)
20200814 14:52:52.435 - INFO - +----- START KW: SeleniumLibrary.Click Button [ ${SIGN_IN_FORM_SIGN_IN_BUTTON} ]
20200814 14:52:52.435 - DEBUG - Test timeout 2 minutes active. 111.855 seconds left.
20200814 14:52:52.435 - INFO - Clicking button '//div[@class="modal-dialog"]//form//button[@type="submit"]'.
20200814 14:52:53.943 - INFO - +----- END KW: SeleniumLibrary.Click Button (1508)
20200814 14:52:53.943 - INFO - +---- END KW: FunctionsGlobal.Sign In User (3239)
~~~~~~~~~~~~~~~~~~~~~~~~~~~~~~~~~~~~~~~~~~~~~~~~~~~~~~~~~~~~~~~~~~~~~~~~~~~~~~
20200814 14:52:53.944 - INFO - +---- START KW: SeleniumLibrary.Page Should Contain [ Welcome on board ]
20200814 14:52:53.944 - DEBUG - Test timeout 2 minutes active. 110.346 seconds left.
20200814 14:52:54.316 - INFO - Current page contains text 'Welcome on board'.
20200814 14:52:54.316 - INFO - +---- END KW: SeleniumLibrary.Page Should Contain (372)
------------------------------------------------------------------------------
20200814 14:52:54.317 - INFO - +--- END TEST: Validated account can login (10026)
------------------------------------------------------------------------------
20200814 14:52:54.320 - INFO - +-- END SUITE: Acceptance.020 SignIn.robot.010 AccountMustBeActivatedFirst (26508)
==============================================================================
20200814 14:52:54.330 - INFO - +-- START SUITE: Acceptance.020 SignIn.robot.020 GoodBadPassword [ ]
==============================================================================
20200814 14:52:54.332 - INFO - +--- START TEST: Seed an account [ ]
------------------------------------------------------------------------------
20200814 14:52:54.334 - INFO - +---- START KW: FunctionsGlobal.Clear Database [ ]
20200814 14:52:54.335 - INFO - +----- START KW: FunctionsGlobal.Go To Url [ ${PAGE_DEV_RESET_DB_URL} ]
20200814 14:52:54.335 - INFO - +------ START KW: SeleniumLibrary.Go To [ ${url} ]
20200814 14:52:54.336 - DEBUG - Test timeout 2 minutes active. 119.996 seconds left.
20200814 14:52:54.336 - INFO - Opening url 'http://bs-local.com:3000/devel/db/reset'
20200814 14:52:55.846 - INFO - +------ END KW: SeleniumLibrary.Go To (1511)
20200814 14:52:55.846 - INFO - +----- END KW: FunctionsGlobal.Go To Url (1511)
20200814 14:52:55.847 - INFO - +----- START KW: SeleniumLibrary.Page Should Contain [ OK ]
20200814 14:52:55.847 - DEBUG - Test timeout 2 minutes active. 118.485 seconds left.
20200814 14:52:56.104 - INFO - Current page contains text 'OK'.
20200814 14:52:56.105 - INFO - +----- END KW: SeleniumLibrary.Page Should Contain (258)
20200814 14:52:56.105 - INFO - +---- END KW: FunctionsGlobal.Clear Database (1771)
~~~~~~~~~~~~~~~~~~~~~~~~~~~~~~~~~~~~~~~~~~~~~~~~~~~~~~~~~~~~~~~~~~~~~~~~~~~~~~
20200814 14:52:56.106 - INFO - +---- START KW: FunctionsGlobal.Seed 1 users [ ]
20200814 14:52:56.106 - INFO - +----- START KW: FunctionsGlobal.Go To Url [ ${PAGE_SEED_USER}/${count} ]
20200814 14:52:56.106 - INFO - +------ START KW: SeleniumLibrary.Go To [ ${url} ]
20200814 14:52:56.107 - DEBUG - Test timeout 2 minutes active. 118.225 seconds left.
20200814 14:52:56.107 - INFO - Opening url 'http://bs-local.com:3000/devel/db/users/seed/1'
20200814 14:52:56.716 - INFO - +------ END KW: SeleniumLibrary.Go To (610)
20200814 14:52:56.717 - INFO - +----- END KW: FunctionsGlobal.Go To Url (611)
20200814 14:52:56.717 - INFO - +---- END KW: FunctionsGlobal.Seed 1 users (611)
------------------------------------------------------------------------------
20200814 14:52:56.717 - INFO - +--- END TEST: Seed an account (2386)
------------------------------------------------------------------------------
20200814 14:52:56.719 - INFO - +--- START TEST: Sign In user [ ]
------------------------------------------------------------------------------
20200814 14:52:56.719 - INFO - +---- START KW: FunctionsGlobal.Go To Url [ ${PAGE_HOME_URL} ]
20200814 14:52:56.720 - INFO - +----- START KW: SeleniumLibrary.Go To [ ${url} ]
20200814 14:52:56.720 - DEBUG - Test timeout 2 minutes active. 119.998 seconds left.
20200814 14:52:56.720 - INFO - Opening url 'http://bs-local.com:3000/en'
20200814 14:52:57.206 - INFO - +----- END KW: SeleniumLibrary.Go To (486)
20200814 14:52:57.206 - INFO - +---- END KW: FunctionsGlobal.Go To Url (487)
~~~~~~~~~~~~~~~~~~~~~~~~~~~~~~~~~~~~~~~~~~~~~~~~~~~~~~~~~~~~~~~~~~~~~~~~~~~~~~
20200814 14:52:57.206 - INFO - +---- START KW: FunctionsGlobal.Sign In User [ ${USERNAME_1} ]
20200814 14:52:57.207 - INFO - +----- START KW: SeleniumLibrary.Click Element [ ${NAVBAR_SIGN_IN_LINK} ]
20200814 14:52:57.207 - DEBUG - Test timeout 2 minutes active. 119.511 seconds left.
20200814 14:52:57.207 - INFO - Clicking element '//*[@id="navbar-profile-login"]'.
20200814 14:52:57.770 - INFO - +----- END KW: SeleniumLibrary.Click Element (563)
20200814 14:52:57.771 - INFO - +----- START KW: SeleniumLibrary.Wait Until Page Contains Element [ ${MODAL_DIALOG} ]
20200814 14:52:57.771 - DEBUG - Test timeout 2 minutes active. 118.947 seconds left.
20200814 14:52:57.892 - INFO - +----- END KW: SeleniumLibrary.Wait Until Page Contains Element (121)
20200814 14:52:57.892 - INFO - +----- START KW: SeleniumLibrary.Wait Until Page Contains Element [ ${SIGN_IN_FORM_SIGN_IN_BUTTON} ]
20200814 14:52:57.893 - DEBUG - Test timeout 2 minutes active. 118.826 seconds left.
20200814 14:52:58.047 - INFO - +----- END KW: SeleniumLibrary.Wait Until Page Contains Element (155)
20200814 14:52:58.048 - INFO - +----- START KW: SeleniumLibrary.Input Text [ ${SIGN_IN_FORM_USERNAME_INPUT} | ${username} ]
20200814 14:52:58.048 - DEBUG - Test timeout 2 minutes active. 118.67 seconds left.
20200814 14:52:58.048 - INFO - Typing text 'username1' into text field '//div[@class="modal-dialog"]//form//input[@name="login"]'.
20200814 14:52:58.452 - INFO - +----- END KW: SeleniumLibrary.Input Text (405)
20200814 14:52:58.452 - INFO - +----- START KW: SeleniumLibrary.Input Text [ ${SIGN_IN_FORM_PASSWORD_INPUT} | ${password} ]
20200814 14:52:58.453 - DEBUG - Test timeout 2 minutes active. 118.266 seconds left.
20200814 14:52:58.453 - INFO - Typing text 'password' into text field '//div[@class="modal-dialog"]//form//input[@name="password"]'.
20200814 14:52:58.847 - INFO - +----- END KW: SeleniumLibrary.Input Text (395)
20200814 14:52:58.848 - INFO - +----- START KW: SeleniumLibrary.Click Button [ ${SIGN_IN_FORM_SIGN_IN_BUTTON} ]
20200814 14:52:58.848 - DEBUG - Test timeout 2 minutes active. 117.87 seconds left.
20200814 14:52:58.848 - INFO - Clicking button '//div[@class="modal-dialog"]//form//button[@type="submit"]'.
20200814 14:53:00.371 - INFO - +----- END KW: SeleniumLibrary.Click Button (1523)
20200814 14:53:00.372 - INFO - +---- END KW: FunctionsGlobal.Sign In User (3166)
~~~~~~~~~~~~~~~~~~~~~~~~~~~~~~~~~~~~~~~~~~~~~~~~~~~~~~~~~~~~~~~~~~~~~~~~~~~~~~
20200814 14:53:00.372 - INFO - +---- START KW: SeleniumLibrary.Page Should Not Contain [ Username and password doesn't match. ]
20200814 14:53:00.372 - DEBUG - Test timeout 2 minutes active. 116.346 seconds left.
20200814 14:53:00.759 - DEBUG - Current frame has 0 subframes.
20200814 14:53:00.759 - INFO - Current page does not contain text 'Username and password doesn't match.'.
20200814 14:53:00.759 - INFO - +---- END KW: SeleniumLibrary.Page Should Not Contain (387)
~~~~~~~~~~~~~~~~~~~~~~~~~~~~~~~~~~~~~~~~~~~~~~~~~~~~~~~~~~~~~~~~~~~~~~~~~~~~~~
20200814 14:53:00.760 - INFO - +---- START KW: SeleniumLibrary.Page Should Contain [ Welcome on board ]
20200814 14:53:00.760 - DEBUG - Test timeout 2 minutes active. 115.958 seconds left.
20200814 14:53:01.020 - INFO - Current page contains text 'Welcome on board'.
20200814 14:53:01.020 - INFO - +---- END KW: SeleniumLibrary.Page Should Contain (260)
~~~~~~~~~~~~~~~~~~~~~~~~~~~~~~~~~~~~~~~~~~~~~~~~~~~~~~~~~~~~~~~~~~~~~~~~~~~~~~
20200814 14:53:01.021 - INFO - +---- START KW: FunctionsGlobal.Sign Out User [ ]
20200814 14:53:01.021 - INFO - +----- START KW: SeleniumLibrary.Click Link [ ${NAVBAR_PROFILE_LINK} ]
20200814 14:53:01.022 - DEBUG - Test timeout 2 minutes active. 115.697 seconds left.
20200814 14:53:01.022 - INFO - Clicking link '//*[@id="navbar-profile-user"]'.
20200814 14:53:01.630 - INFO - +----- END KW: SeleniumLibrary.Click Link (608)
20200814 14:53:01.630 - INFO - +----- START KW: SeleniumLibrary.Click Link [ ${NAVBAR_SIGN_OUR_LINK} ]
20200814 14:53:01.630 - DEBUG - Test timeout 2 minutes active. 115.088 seconds left.
20200814 14:53:01.630 - INFO - Clicking link '//*[@id="navbar-profile-user-logout"]'.
20200814 14:53:02.517 - INFO - +----- END KW: SeleniumLibrary.Click Link (887)
20200814 14:53:02.517 - INFO - +---- END KW: FunctionsGlobal.Sign Out User (1497)
------------------------------------------------------------------------------
20200814 14:53:02.518 - INFO - +--- END TEST: Sign In user (5800)
------------------------------------------------------------------------------
20200814 14:53:02.519 - INFO - +--- START TEST: Sign In user with wrong password [ ]
------------------------------------------------------------------------------
20200814 14:53:02.520 - INFO - +---- START KW: FunctionsGlobal.Go To Url [ ${PAGE_HOME_URL} ]
20200814 14:53:02.521 - INFO - +----- START KW: SeleniumLibrary.Go To [ ${url} ]
20200814 14:53:02.521 - DEBUG - Test timeout 2 minutes active. 119.998 seconds left.
20200814 14:53:02.521 - INFO - Opening url 'http://bs-local.com:3000/en'
20200814 14:53:02.951 - INFO - +----- END KW: SeleniumLibrary.Go To (430)
20200814 14:53:02.951 - INFO - +---- END KW: FunctionsGlobal.Go To Url (431)
~~~~~~~~~~~~~~~~~~~~~~~~~~~~~~~~~~~~~~~~~~~~~~~~~~~~~~~~~~~~~~~~~~~~~~~~~~~~~~
20200814 14:53:02.952 - INFO - +---- START KW: FunctionsGlobal.Sign In User [ ${USERNAME_1} | bad password ]
20200814 14:53:02.952 - INFO - +----- START KW: SeleniumLibrary.Click Element [ ${NAVBAR_SIGN_IN_LINK} ]
20200814 14:53:02.953 - DEBUG - Test timeout 2 minutes active. 119.566 seconds left.
20200814 14:53:02.953 - INFO - Clicking element '//*[@id="navbar-profile-login"]'.
20200814 14:53:03.539 - INFO - +----- END KW: SeleniumLibrary.Click Element (587)
20200814 14:53:03.539 - INFO - +----- START KW: SeleniumLibrary.Wait Until Page Contains Element [ ${MODAL_DIALOG} ]
20200814 14:53:03.540 - DEBUG - Test timeout 2 minutes active. 118.979 seconds left.
20200814 14:53:03.701 - INFO - +----- END KW: SeleniumLibrary.Wait Until Page Contains Element (162)
20200814 14:53:03.702 - INFO - +----- START KW: SeleniumLibrary.Wait Until Page Contains Element [ ${SIGN_IN_FORM_SIGN_IN_BUTTON} ]
20200814 14:53:03.702 - DEBUG - Test timeout 2 minutes active. 118.817 seconds left.
20200814 14:53:03.828 - INFO - +----- END KW: SeleniumLibrary.Wait Until Page Contains Element (126)
20200814 14:53:03.829 - INFO - +----- START KW: SeleniumLibrary.Input Text [ ${SIGN_IN_FORM_USERNAME_INPUT} | ${username} ]
20200814 14:53:03.829 - DEBUG - Test timeout 2 minutes active. 118.69 seconds left.
20200814 14:53:03.829 - INFO - Typing text 'username1' into text field '//div[@class="modal-dialog"]//form//input[@name="login"]'.
20200814 14:53:04.261 - INFO - +----- END KW: SeleniumLibrary.Input Text (432)
20200814 14:53:04.262 - INFO - +----- START KW: SeleniumLibrary.Input Text [ ${SIGN_IN_FORM_PASSWORD_INPUT} | ${password} ]
20200814 14:53:04.262 - DEBUG - Test timeout 2 minutes active. 118.257 seconds left.
20200814 14:53:04.262 - INFO - Typing text 'bad password' into text field '//div[@class="modal-dialog"]//form//input[@name="password"]'.
20200814 14:53:04.694 - INFO - +----- END KW: SeleniumLibrary.Input Text (432)
20200814 14:53:04.694 - INFO - +----- START KW: SeleniumLibrary.Click Button [ ${SIGN_IN_FORM_SIGN_IN_BUTTON} ]
20200814 14:53:04.695 - DEBUG - Test timeout 2 minutes active. 117.824 seconds left.
20200814 14:53:04.695 - INFO - Clicking button '//div[@class="modal-dialog"]//form//button[@type="submit"]'.
20200814 14:53:06.529 - INFO - +----- END KW: SeleniumLibrary.Click Button (1835)
20200814 14:53:06.529 - INFO - +---- END KW: FunctionsGlobal.Sign In User (3577)
~~~~~~~~~~~~~~~~~~~~~~~~~~~~~~~~~~~~~~~~~~~~~~~~~~~~~~~~~~~~~~~~~~~~~~~~~~~~~~
20200814 14:53:06.530 - INFO - +---- START KW: SeleniumLibrary.Page Should Contain [ Username and password doesn't match. ]
20200814 14:53:06.530 - DEBUG - Test timeout 2 minutes active. 115.989 seconds left.
20200814 14:53:06.785 - INFO - Current page contains text 'Username and password doesn't match.'.
20200814 14:53:06.785 - INFO - +---- END KW: SeleniumLibrary.Page Should Contain (255)
~~~~~~~~~~~~~~~~~~~~~~~~~~~~~~~~~~~~~~~~~~~~~~~~~~~~~~~~~~~~~~~~~~~~~~~~~~~~~~
20200814 14:53:06.785 - INFO - +---- START KW: SeleniumLibrary.Location Should Contain [ ${PAGE_SIGN_IN_URL} ]
20200814 14:53:06.786 - DEBUG - Test timeout 2 minutes active. 115.733 seconds left.
20200814 14:53:06.900 - INFO - Current location contains 'http://bs-local.com:3000/en/login'.
20200814 14:53:06.901 - INFO - +---- END KW: SeleniumLibrary.Location Should Contain (115)
------------------------------------------------------------------------------
20200814 14:53:06.901 - INFO - +--- END TEST: Sign In user with wrong password (4383)
------------------------------------------------------------------------------
20200814 14:53:06.902 - INFO - +--- START TEST: Sign In user with non existent username [ ]
------------------------------------------------------------------------------
20200814 14:53:06.904 - INFO - +---- START KW: FunctionsGlobal.Go To Url [ ${PAGE_HOME_URL} ]
20200814 14:53:06.905 - INFO - +----- START KW: SeleniumLibrary.Go To [ ${url} ]
20200814 14:53:06.905 - DEBUG - Test timeout 2 minutes active. 119.997 seconds left.
20200814 14:53:06.905 - INFO - Opening url 'http://bs-local.com:3000/en'
20200814 14:53:07.413 - INFO - +----- END KW: SeleniumLibrary.Go To (509)
20200814 14:53:07.414 - INFO - +---- END KW: FunctionsGlobal.Go To Url (510)
~~~~~~~~~~~~~~~~~~~~~~~~~~~~~~~~~~~~~~~~~~~~~~~~~~~~~~~~~~~~~~~~~~~~~~~~~~~~~~
20200814 14:53:07.414 - INFO - +---- START KW: FunctionsGlobal.Sign In User [ someone innexistent | password ]
20200814 14:53:07.415 - INFO - +----- START KW: SeleniumLibrary.Click Element [ ${NAVBAR_SIGN_IN_LINK} ]
20200814 14:53:07.415 - DEBUG - Test timeout 2 minutes active. 119.487 seconds left.
20200814 14:53:07.415 - INFO - Clicking element '//*[@id="navbar-profile-login"]'.
20200814 14:53:08.027 - INFO - +----- END KW: SeleniumLibrary.Click Element (612)
20200814 14:53:08.027 - INFO - +----- START KW: SeleniumLibrary.Wait Until Page Contains Element [ ${MODAL_DIALOG} ]
20200814 14:53:08.028 - DEBUG - Test timeout 2 minutes active. 118.874 seconds left.
20200814 14:53:08.191 - INFO - +----- END KW: SeleniumLibrary.Wait Until Page Contains Element (164)
20200814 14:53:08.192 - INFO - +----- START KW: SeleniumLibrary.Wait Until Page Contains Element [ ${SIGN_IN_FORM_SIGN_IN_BUTTON} ]
20200814 14:53:08.192 - DEBUG - Test timeout 2 minutes active. 118.71 seconds left.
20200814 14:53:08.327 - INFO - +----- END KW: SeleniumLibrary.Wait Until Page Contains Element (135)
20200814 14:53:08.328 - INFO - +----- START KW: SeleniumLibrary.Input Text [ ${SIGN_IN_FORM_USERNAME_INPUT} | ${username} ]
20200814 14:53:08.329 - DEBUG - Test timeout 2 minutes active. 118.573 seconds left.
20200814 14:53:08.329 - INFO - Typing text 'someone innexistent' into text field '//div[@class="modal-dialog"]//form//input[@name="login"]'.
20200814 14:53:08.738 - INFO - +----- END KW: SeleniumLibrary.Input Text (410)
20200814 14:53:08.738 - INFO - +----- START KW: SeleniumLibrary.Input Text [ ${SIGN_IN_FORM_PASSWORD_INPUT} | ${password} ]
20200814 14:53:08.739 - DEBUG - Test timeout 2 minutes active. 118.163 seconds left.
20200814 14:53:08.739 - INFO - Typing text 'password' into text field '//div[@class="modal-dialog"]//form//input[@name="password"]'.
20200814 14:53:09.144 - INFO - +----- END KW: SeleniumLibrary.Input Text (405)
20200814 14:53:09.144 - INFO - +----- START KW: SeleniumLibrary.Click Button [ ${SIGN_IN_FORM_SIGN_IN_BUTTON} ]
20200814 14:53:09.144 - DEBUG - Test timeout 2 minutes active. 117.757 seconds left.
20200814 14:53:09.145 - INFO - Clicking button '//div[@class="modal-dialog"]//form//button[@type="submit"]'.
20200814 14:53:10.892 - INFO - +----- END KW: SeleniumLibrary.Click Button (1748)
20200814 14:53:10.893 - INFO - +---- END KW: FunctionsGlobal.Sign In User (3478)
~~~~~~~~~~~~~~~~~~~~~~~~~~~~~~~~~~~~~~~~~~~~~~~~~~~~~~~~~~~~~~~~~~~~~~~~~~~~~~
20200814 14:53:10.893 - INFO - +---- START KW: SeleniumLibrary.Page Should Contain [ Username and password doesn't match. ]
20200814 14:53:10.893 - DEBUG - Test timeout 2 minutes active. 116.008 seconds left.
20200814 14:53:11.159 - INFO - Current page contains text 'Username and password doesn't match.'.
20200814 14:53:11.160 - INFO - +---- END KW: SeleniumLibrary.Page Should Contain (266)
~~~~~~~~~~~~~~~~~~~~~~~~~~~~~~~~~~~~~~~~~~~~~~~~~~~~~~~~~~~~~~~~~~~~~~~~~~~~~~
20200814 14:53:11.160 - INFO - +---- START KW: SeleniumLibrary.Location Should Contain [ ${PAGE_SIGN_IN_URL} ]
20200814 14:53:11.160 - DEBUG - Test timeout 2 minutes active. 115.741 seconds left.
20200814 14:53:11.300 - INFO - Current location contains 'http://bs-local.com:3000/en/login'.
20200814 14:53:11.300 - INFO - +---- END KW: SeleniumLibrary.Location Should Contain (140)
------------------------------------------------------------------------------
20200814 14:53:11.301 - INFO - +--- END TEST: Sign In user with non existent username (4398)
------------------------------------------------------------------------------
20200814 14:53:11.304 - INFO - +-- END SUITE: Acceptance.020 SignIn.robot.020 GoodBadPassword (16981)
==============================================================================
20200814 14:53:11.314 - INFO - +-- START SUITE: Acceptance.020 SignIn.robot.030 MustAcceptTermOfUse [ ]
==============================================================================
20200814 14:53:11.315 - INFO - +--- START TEST: Seeded are fully valid [ ]
------------------------------------------------------------------------------
20200814 14:53:11.315 - INFO - +---- START SETUP: FunctionsGlobal.Clear Database [ ]
20200814 14:53:11.316 - INFO - +----- START KW: FunctionsGlobal.Go To Url [ ${PAGE_DEV_RESET_DB_URL} ]
20200814 14:53:11.317 - INFO - +------ START KW: SeleniumLibrary.Go To [ ${url} ]
20200814 14:53:11.317 - DEBUG - Test timeout 2 minutes active. 119.997 seconds left.
20200814 14:53:11.317 - INFO - Opening url 'http://bs-local.com:3000/devel/db/reset'
20200814 14:53:12.824 - INFO - +------ END KW: SeleniumLibrary.Go To (1508)
20200814 14:53:12.824 - INFO - +----- END KW: FunctionsGlobal.Go To Url (1508)
20200814 14:53:12.825 - INFO - +----- START KW: SeleniumLibrary.Page Should Contain [ OK ]
20200814 14:53:12.825 - DEBUG - Test timeout 2 minutes active. 118.49 seconds left.
20200814 14:53:13.100 - INFO - Current page contains text 'OK'.
20200814 14:53:13.101 - INFO - +----- END KW: SeleniumLibrary.Page Should Contain (275)
20200814 14:53:13.101 - INFO - +---- END SETUP: FunctionsGlobal.Clear Database (1786)
~~~~~~~~~~~~~~~~~~~~~~~~~~~~~~~~~~~~~~~~~~~~~~~~~~~~~~~~~~~~~~~~~~~~~~~~~~~~~~
20200814 14:53:13.101 - INFO - +---- START KW: FunctionsGlobal.Seed 1 users [ ]
20200814 14:53:13.102 - INFO - +----- START KW: FunctionsGlobal.Go To Url [ ${PAGE_SEED_USER}/${count} ]
20200814 14:53:13.102 - INFO - +------ START KW: SeleniumLibrary.Go To [ ${url} ]
20200814 14:53:13.102 - DEBUG - Test timeout 2 minutes active. 118.212 seconds left.
20200814 14:53:13.102 - INFO - Opening url 'http://bs-local.com:3000/devel/db/users/seed/1'
20200814 14:53:13.710 - INFO - +------ END KW: SeleniumLibrary.Go To (608)
20200814 14:53:13.710 - INFO - +----- END KW: FunctionsGlobal.Go To Url (608)
20200814 14:53:13.710 - INFO - +---- END KW: FunctionsGlobal.Seed 1 users (609)
~~~~~~~~~~~~~~~~~~~~~~~~~~~~~~~~~~~~~~~~~~~~~~~~~~~~~~~~~~~~~~~~~~~~~~~~~~~~~~
20200814 14:53:13.710 - INFO - +---- START KW: FunctionsGlobal.Go To Url [ ${PAGE_HOME_URL} ]
20200814 14:53:13.711 - INFO - +----- START KW: SeleniumLibrary.Go To [ ${url} ]
20200814 14:53:13.712 - DEBUG - Test timeout 2 minutes active. 117.603 seconds left.
20200814 14:53:13.712 - INFO - Opening url 'http://bs-local.com:3000/en'
20200814 14:53:14.248 - INFO - +----- END KW: SeleniumLibrary.Go To (537)
20200814 14:53:14.249 - INFO - +---- END KW: FunctionsGlobal.Go To Url (539)
~~~~~~~~~~~~~~~~~~~~~~~~~~~~~~~~~~~~~~~~~~~~~~~~~~~~~~~~~~~~~~~~~~~~~~~~~~~~~~
20200814 14:53:14.249 - INFO - +---- START KW: FunctionsGlobal.Sign In User [ ${USERNAME_1} ]
20200814 14:53:14.250 - INFO - +----- START KW: SeleniumLibrary.Click Element [ ${NAVBAR_SIGN_IN_LINK} ]
20200814 14:53:14.251 - DEBUG - Test timeout 2 minutes active. 117.064 seconds left.
20200814 14:53:14.251 - INFO - Clicking element '//*[@id="navbar-profile-login"]'.
20200814 14:53:14.785 - INFO - +----- END KW: SeleniumLibrary.Click Element (535)
20200814 14:53:14.786 - INFO - +----- START KW: SeleniumLibrary.Wait Until Page Contains Element [ ${MODAL_DIALOG} ]
20200814 14:53:14.786 - DEBUG - Test timeout 2 minutes active. 116.528 seconds left.
20200814 14:53:14.916 - INFO - +----- END KW: SeleniumLibrary.Wait Until Page Contains Element (130)
20200814 14:53:14.916 - INFO - +----- START KW: SeleniumLibrary.Wait Until Page Contains Element [ ${SIGN_IN_FORM_SIGN_IN_BUTTON} ]
20200814 14:53:14.917 - DEBUG - Test timeout 2 minutes active. 116.398 seconds left.
20200814 14:53:15.044 - INFO - +----- END KW: SeleniumLibrary.Wait Until Page Contains Element (128)
20200814 14:53:15.045 - INFO - +----- START KW: SeleniumLibrary.Input Text [ ${SIGN_IN_FORM_USERNAME_INPUT} | ${username} ]
20200814 14:53:15.045 - DEBUG - Test timeout 2 minutes active. 116.269 seconds left.
20200814 14:53:15.046 - INFO - Typing text 'username1' into text field '//div[@class="modal-dialog"]//form//input[@name="login"]'.
20200814 14:53:15.433 - INFO - +----- END KW: SeleniumLibrary.Input Text (388)
20200814 14:53:15.434 - INFO - +----- START KW: SeleniumLibrary.Input Text [ ${SIGN_IN_FORM_PASSWORD_INPUT} | ${password} ]
20200814 14:53:15.434 - DEBUG - Test timeout 2 minutes active. 115.88 seconds left.
20200814 14:53:15.434 - INFO - Typing text 'password' into text field '//div[@class="modal-dialog"]//form//input[@name="password"]'.
20200814 14:53:15.815 - INFO - +----- END KW: SeleniumLibrary.Input Text (381)
20200814 14:53:15.816 - INFO - +----- START KW: SeleniumLibrary.Click Button [ ${SIGN_IN_FORM_SIGN_IN_BUTTON} ]
20200814 14:53:15.816 - DEBUG - Test timeout 2 minutes active. 115.498 seconds left.
20200814 14:53:15.816 - INFO - Clicking button '//div[@class="modal-dialog"]//form//button[@type="submit"]'.
20200814 14:53:17.236 - INFO - +----- END KW: SeleniumLibrary.Click Button (1419)
20200814 14:53:17.236 - INFO - +---- END KW: FunctionsGlobal.Sign In User (2987)
~~~~~~~~~~~~~~~~~~~~~~~~~~~~~~~~~~~~~~~~~~~~~~~~~~~~~~~~~~~~~~~~~~~~~~~~~~~~~~
20200814 14:53:17.236 - INFO - +---- START KW: FunctionsGlobal.Location Should Not Be [ ${PAGE_TERMS_OF_USE_URL} ]
20200814 14:53:17.236 - INFO - +----- START KW: BuiltIn.Run Keyword And Expect Error [ Location should have been '${url}' but was * | Location Should Be | ${url} ]
20200814 14:53:17.237 - INFO - +------ START KW: SeleniumLibrary.Location Should Be [ ${url} ]
20200814 14:53:17.371 - INFO - +------- START KW: SeleniumLibrary.Capture Page Screenshot [ ]
20200814 14:53:17.371 - DEBUG - Test timeout 2 minutes active. 113.943 seconds left.
20200814 14:53:17.759 - INFO - </td></tr><tr><td colspan="3"><a href="selenium-screenshot-1.png"><img src="selenium-screenshot-1.png" width="800px"></a>
20200814 14:53:17.759 - INFO - +------- END KW: SeleniumLibrary.Capture Page Screenshot (388)
20200814 14:53:17.237 - DEBUG - Test timeout 2 minutes active. 114.077 seconds left.
20200814 14:53:17.760 - FAIL - Location should have been 'http://bs-local.com:3000/en/terms-of-use' but was 'http://bs-local.com:3000/en'.
20200814 14:53:17.760 - DEBUG - Traceback (most recent call last):
  File "/home/travis/.local/lib/python2.7/site-packages/SeleniumLibrary/__init__.py", line 471, in run_keyword
    return DynamicCore.run_keyword(self, name, args, kwargs)
  File "/home/travis/.local/lib/python2.7/site-packages/robotlibcore.py", line 103, in run_keyword
    return self.keywords[name](*args, **(kwargs or {}))
  File "/home/travis/.local/lib/python2.7/site-packages/SeleniumLibrary/keywords/browsermanagement.py", line 480, in location_should_be
    raise AssertionError(message)
20200814 14:53:17.760 - INFO - +------ END KW: SeleniumLibrary.Location Should Be (523)
20200814 14:53:17.760 - INFO - +----- END KW: BuiltIn.Run Keyword And Expect Error (524)
20200814 14:53:17.761 - INFO - +---- END KW: FunctionsGlobal.Location Should Not Be (525)
~~~~~~~~~~~~~~~~~~~~~~~~~~~~~~~~~~~~~~~~~~~~~~~~~~~~~~~~~~~~~~~~~~~~~~~~~~~~~~
20200814 14:53:17.761 - INFO - +---- START TEARDOWN: FunctionsGlobal.Sign Out User [ ]
20200814 14:53:17.761 - INFO - +----- START KW: SeleniumLibrary.Click Link [ ${NAVBAR_PROFILE_LINK} ]
20200814 14:53:17.762 - INFO - Clicking link '//*[@id="navbar-profile-user"]'.
20200814 14:53:18.388 - INFO - +----- END KW: SeleniumLibrary.Click Link (627)
20200814 14:53:18.389 - INFO - +----- START KW: SeleniumLibrary.Click Link [ ${NAVBAR_SIGN_OUR_LINK} ]
20200814 14:53:18.389 - INFO - Clicking link '//*[@id="navbar-profile-user-logout"]'.
20200814 14:53:19.341 - INFO - +----- END KW: SeleniumLibrary.Click Link (952)
20200814 14:53:19.341 - INFO - +---- END TEARDOWN: FunctionsGlobal.Sign Out User (1580)
------------------------------------------------------------------------------
20200814 14:53:19.342 - INFO - +--- END TEST: Seeded are fully valid (8027)
------------------------------------------------------------------------------
20200814 14:53:19.343 - INFO - +--- START TEST: Freshly created accounts are fully valid [ ]
------------------------------------------------------------------------------
20200814 14:53:19.343 - INFO - +---- START SETUP: FunctionsGlobal.Clear Database [ ]
20200814 14:53:19.344 - INFO - +----- START KW: FunctionsGlobal.Go To Url [ ${PAGE_DEV_RESET_DB_URL} ]
20200814 14:53:19.344 - INFO - +------ START KW: SeleniumLibrary.Go To [ ${url} ]
20200814 14:53:19.345 - DEBUG - Test timeout 2 minutes active. 119.998 seconds left.
20200814 14:53:19.345 - INFO - Opening url 'http://bs-local.com:3000/devel/db/reset'
20200814 14:53:20.951 - INFO - +------ END KW: SeleniumLibrary.Go To (1607)
20200814 14:53:20.951 - INFO - +----- END KW: FunctionsGlobal.Go To Url (1607)
20200814 14:53:20.952 - INFO - +----- START KW: SeleniumLibrary.Page Should Contain [ OK ]
20200814 14:53:20.952 - DEBUG - Test timeout 2 minutes active. 118.39 seconds left.
20200814 14:53:21.435 - INFO - Current page contains text 'OK'.
20200814 14:53:21.435 - INFO - +----- END KW: SeleniumLibrary.Page Should Contain (483)
20200814 14:53:21.436 - INFO - +---- END SETUP: FunctionsGlobal.Clear Database (2093)
~~~~~~~~~~~~~~~~~~~~~~~~~~~~~~~~~~~~~~~~~~~~~~~~~~~~~~~~~~~~~~~~~~~~~~~~~~~~~~
20200814 14:53:21.436 - INFO - +---- START KW: PageRegistration.Create User [ ${USERNAME_2} ]
20200814 14:53:21.437 - INFO - +----- START KW: FunctionsGlobal.Go To Url [ ${PAGE_REGISTER_URL} ]
20200814 14:53:21.437 - INFO - +------ START KW: SeleniumLibrary.Go To [ ${url} ]
20200814 14:53:21.437 - DEBUG - Test timeout 2 minutes active. 117.905 seconds left.
20200814 14:53:21.438 - INFO - Opening url 'http://bs-local.com:3000/en/registration'
20200814 14:53:22.903 - INFO - +------ END KW: SeleniumLibrary.Go To (1466)
20200814 14:53:22.904 - INFO - +----- END KW: FunctionsGlobal.Go To Url (1467)
20200814 14:53:22.904 - INFO - +----- START KW: PageRegistration.Fill Registration Form [ ${username} | ${email} | ${password} | ${language} | ${daily_mail} | ${terms_of_use} ]
20200814 14:53:22.905 - INFO - +------ START KW: SeleniumLibrary.Input Text [ ${REGISTRATION_USERNAME_INPUT} | ${username} ]
20200814 14:53:22.905 - DEBUG - Test timeout 2 minutes active. 116.437 seconds left.
20200814 14:53:22.906 - INFO - Typing text 'username2' into text field '//*[@id="usernameInput"]'.
20200814 14:53:23.370 - INFO - +------ END KW: SeleniumLibrary.Input Text (465)
20200814 14:53:23.371 - INFO - +------ START KW: SeleniumLibrary.Input Text [ ${REGISTRATION_EMAIL_INPUT} | ${email} ]
20200814 14:53:23.371 - DEBUG - Test timeout 2 minutes active. 115.971 seconds left.
20200814 14:53:23.371 - INFO - Typing text 'username2+qa@geokrety.org' into text field '//*[@id="emailInput"]'.
20200814 14:53:23.816 - INFO - +------ END KW: SeleniumLibrary.Input Text (445)
20200814 14:53:23.816 - INFO - +------ START KW: SeleniumLibrary.Input Text [ ${REGISTRATION_PASSWORD_INPUT} | ${password} ]
20200814 14:53:23.817 - DEBUG - Test timeout 2 minutes active. 115.526 seconds left.
20200814 14:53:23.817 - INFO - Typing text 'password' into text field '//*[@id="passwordInput"]'.
20200814 14:53:24.377 - INFO - +------ END KW: SeleniumLibrary.Input Text (561)
20200814 14:53:24.377 - INFO - +------ START KW: SeleniumLibrary.Input Text [ ${REGISTRATION_PASSWORD_CONFIRM_INPUT} | ${password} ]
20200814 14:53:24.378 - DEBUG - Test timeout 2 minutes active. 114.965 seconds left.
20200814 14:53:24.378 - INFO - Typing text 'password' into text field '//*[@id="passwordConfirmInput"]'.
20200814 14:53:24.822 - INFO - +------ END KW: SeleniumLibrary.Input Text (445)
20200814 14:53:24.822 - INFO - +------ START KW: SeleniumLibrary.Select From List By Value [ ${REGISTRATION_PREFERRED_LANGUAGE_SELECT} | ${language} ]
20200814 14:53:24.822 - DEBUG - Test timeout 2 minutes active. 114.52 seconds left.
20200814 14:53:24.823 - INFO - Selecting options from selection list '//*[@id="preferredLanguageInput"]' by value en.
20200814 14:53:25.622 - INFO - +------ END KW: SeleniumLibrary.Select From List By Value (800)
20200814 14:53:25.623 - INFO - +------ START KW: BuiltIn.Run Keyword If [ ${daily_mail} | Select Checkbox | ${REGISTRATION_DAILY_MAIL_CHECKBOX} ]
20200814 14:53:25.623 - INFO - +------ END KW: BuiltIn.Run Keyword If (0)
20200814 14:53:25.624 - INFO - +------ START KW: BuiltIn.Run Keyword If [ ${terms_of_use} | Select Checkbox | ${REGISTRATION_TERMS_OF_USE_CHECKBOX} ]
20200814 14:53:25.624 - INFO - +------- START KW: SeleniumLibrary.Select Checkbox [ ${REGISTRATION_TERMS_OF_USE_CHECKBOX} ]
20200814 14:53:25.624 - DEBUG - Test timeout 2 minutes active. 113.718 seconds left.
20200814 14:53:25.624 - INFO - Selecting checkbox '//*[@id="termsOfUseInput"]'.
20200814 14:53:26.532 - INFO - +------- END KW: SeleniumLibrary.Select Checkbox (908)
20200814 14:53:26.532 - INFO - +------ END KW: BuiltIn.Run Keyword If (908)
20200814 14:53:26.533 - INFO - +----- END KW: PageRegistration.Fill Registration Form (3628)
20200814 14:53:26.533 - INFO - +----- START KW: SeleniumLibrary.Click Button [ ${REGISTRATION_REGISTER_BUTTON} ]
20200814 14:53:26.533 - DEBUG - Test timeout 2 minutes active. 112.809 seconds left.
20200814 14:53:26.533 - INFO - Clicking button '//*[@id="registerButton"]'.
20200814 14:53:28.720 - INFO - +----- END KW: SeleniumLibrary.Click Button (2187)
20200814 14:53:28.720 - INFO - +----- START KW: SeleniumLibrary.Location Should Contain [ ${GK_URL}en/users/ ]
20200814 14:53:28.721 - DEBUG - Test timeout 2 minutes active. 110.622 seconds left.
20200814 14:53:28.856 - INFO - Current location contains 'http://bs-local.com:3000/en/users/'.
20200814 14:53:28.857 - INFO - +----- END KW: SeleniumLibrary.Location Should Contain (137)
20200814 14:53:28.857 - INFO - +----- START KW: SeleniumLibrary.Page Should Not Contain [ No such item! ]
20200814 14:53:28.857 - DEBUG - Test timeout 2 minutes active. 110.485 seconds left.
20200814 14:53:29.342 - DEBUG - Current frame has 0 subframes.
20200814 14:53:29.342 - INFO - Current page does not contain text 'No such item!'.
20200814 14:53:29.342 - INFO - +----- END KW: SeleniumLibrary.Page Should Not Contain (485)
20200814 14:53:29.343 - INFO - +---- END KW: PageRegistration.Create User (7906)
~~~~~~~~~~~~~~~~~~~~~~~~~~~~~~~~~~~~~~~~~~~~~~~~~~~~~~~~~~~~~~~~~~~~~~~~~~~~~~
20200814 14:53:29.343 - INFO - +---- START KW: PageRegistration.Activate user account [ ]
20200814 14:53:29.343 - INFO - +----- START KW: FunctionsGlobal.Go To Url [ ${PAGE_DEV_MAILBOX_URL} ]
20200814 14:53:29.344 - INFO - +------ START KW: SeleniumLibrary.Go To [ ${url} ]
20200814 14:53:29.344 - DEBUG - Test timeout 2 minutes active. 109.998 seconds left.
20200814 14:53:29.344 - INFO - Opening url 'http://bs-local.com:3000/devel/mail'
20200814 14:53:29.818 - INFO - +------ END KW: SeleniumLibrary.Go To (474)
20200814 14:53:29.819 - INFO - +----- END KW: FunctionsGlobal.Go To Url (476)
20200814 14:53:29.819 - INFO - +----- START KW: SeleniumLibrary.Click Link [ ${DEV_MAILBOX_FIRST_MAIL_LINK} ]
20200814 14:53:29.819 - DEBUG - Test timeout 2 minutes active. 109.523 seconds left.
20200814 14:53:29.819 - INFO - Clicking link '//*[@id="mailsTable"]/tbody/tr/td[@class="mail_id" and text()="0"]/parent::tr//a[contains(@class, "displayMailLink")]'.
20200814 14:53:30.465 - INFO - +----- END KW: SeleniumLibrary.Click Link (645)
20200814 14:53:30.465 - INFO - +----- START KW: SeleniumLibrary.Location Should Be [ ${PAGE_DEV_MAILBOX_FIRST_MAIL_URL} ]
20200814 14:53:30.465 - DEBUG - Test timeout 2 minutes active. 108.877 seconds left.
20200814 14:53:30.583 - INFO - Current location is 'http://bs-local.com:3000/devel/mail/0'.
20200814 14:53:30.583 - INFO - +----- END KW: SeleniumLibrary.Location Should Be (118)
20200814 14:53:30.584 - INFO - +----- START KW: SeleniumLibrary.Page Should Contain [ Welcome to GeoKrety.org ]
20200814 14:53:30.584 - DEBUG - Test timeout 2 minutes active. 108.759 seconds left.
20200814 14:53:30.910 - INFO - Current page contains text 'Welcome to GeoKrety.org'.
20200814 14:53:30.911 - INFO - +----- END KW: SeleniumLibrary.Page Should Contain (326)
20200814 14:53:30.911 - INFO - +----- START KW: SeleniumLibrary.Page Should Contain [ Activate your account ]
20200814 14:53:30.911 - DEBUG - Test timeout 2 minutes active. 108.431 seconds left.
20200814 14:53:31.182 - INFO - Current page contains text 'Activate your account'.
20200814 14:53:31.183 - INFO - +----- END KW: SeleniumLibrary.Page Should Contain (271)
20200814 14:53:31.183 - INFO - +----- START KW: FunctionsGlobal.Click Link With Text [ Activate your account ]
20200814 14:53:31.184 - INFO - +------ START KW: SeleniumLibrary.Click Link [ //a[contains(text(),'${text}')] ]
20200814 14:53:31.184 - DEBUG - Test timeout 2 minutes active. 108.159 seconds left.
20200814 14:53:31.184 - INFO - Clicking link '//a[contains(text(),'Activate your account')]'.
20200814 14:53:33.323 - INFO - +------ END KW: SeleniumLibrary.Click Link (2138)
20200814 14:53:33.323 - INFO - +----- END KW: FunctionsGlobal.Click Link With Text (2140)
20200814 14:53:33.323 - INFO - +----- START KW: SeleniumLibrary.Wait Until Page Contains [ Welcome to the GeoKrety.org community! ]
20200814 14:53:33.323 - DEBUG - Test timeout 2 minutes active. 106.019 seconds left.
20200814 14:53:33.499 - INFO - +----- END KW: SeleniumLibrary.Wait Until Page Contains (176)
20200814 14:53:33.499 - INFO - +----- START KW: FunctionsGlobal.Delete First Mail in Mailbox [ ]
20200814 14:53:33.500 - INFO - +------ START KW: FunctionsGlobal.Go To Url [ ${PAGE_DEV_MAILBOX_URL} ]
20200814 14:53:33.500 - INFO - +------- START KW: SeleniumLibrary.Go To [ ${url} ]
20200814 14:53:33.500 - DEBUG - Test timeout 2 minutes active. 105.842 seconds left.
20200814 14:53:33.500 - INFO - Opening url 'http://bs-local.com:3000/devel/mail'
20200814 14:53:33.969 - INFO - +------- END KW: SeleniumLibrary.Go To (468)
20200814 14:53:33.969 - INFO - +------ END KW: FunctionsGlobal.Go To Url (469)
20200814 14:53:33.969 - INFO - +------ START KW: SeleniumLibrary.Click Element [ ${DEV_MAILBOX_FIRST_MAIL_DELETE_LINK} ]
20200814 14:53:33.970 - DEBUG - Test timeout 2 minutes active. 105.373 seconds left.
20200814 14:53:33.970 - INFO - Clicking element '//*[@id="mailsTable"]/tbody/tr/td[@class="mail_id" and text()="0"]/parent::tr//a[contains(@class, "deleteMailLink")]'.
20200814 14:53:34.921 - INFO - +------ END KW: SeleniumLibrary.Click Element (952)
20200814 14:53:34.922 - INFO - +----- END KW: FunctionsGlobal.Delete First Mail in Mailbox (1423)
20200814 14:53:34.922 - INFO - +---- END KW: PageRegistration.Activate user account (5579)
~~~~~~~~~~~~~~~~~~~~~~~~~~~~~~~~~~~~~~~~~~~~~~~~~~~~~~~~~~~~~~~~~~~~~~~~~~~~~~
20200814 14:53:34.922 - INFO - +---- START KW: FunctionsGlobal.Go To Url [ ${PAGE_HOME_URL} ]
20200814 14:53:34.923 - INFO - +----- START KW: SeleniumLibrary.Go To [ ${url} ]
20200814 14:53:34.923 - DEBUG - Test timeout 2 minutes active. 104.419 seconds left.
20200814 14:53:34.923 - INFO - Opening url 'http://bs-local.com:3000/en'
20200814 14:53:35.493 - INFO - +----- END KW: SeleniumLibrary.Go To (570)
20200814 14:53:35.493 - INFO - +---- END KW: FunctionsGlobal.Go To Url (571)
~~~~~~~~~~~~~~~~~~~~~~~~~~~~~~~~~~~~~~~~~~~~~~~~~~~~~~~~~~~~~~~~~~~~~~~~~~~~~~
20200814 14:53:35.493 - INFO - +---- START KW: FunctionsGlobal.Sign In User [ ${USERNAME_2} ]
20200814 14:53:35.494 - INFO - +----- START KW: SeleniumLibrary.Click Element [ ${NAVBAR_SIGN_IN_LINK} ]
20200814 14:53:35.494 - DEBUG - Test timeout 2 minutes active. 103.848 seconds left.
20200814 14:53:35.494 - INFO - Clicking element '//*[@id="navbar-profile-login"]'.
20200814 14:53:36.128 - INFO - +----- END KW: SeleniumLibrary.Click Element (634)
20200814 14:53:36.129 - INFO - +----- START KW: SeleniumLibrary.Wait Until Page Contains Element [ ${MODAL_DIALOG} ]
20200814 14:53:36.129 - DEBUG - Test timeout 2 minutes active. 103.214 seconds left.
20200814 14:53:36.317 - INFO - +----- END KW: SeleniumLibrary.Wait Until Page Contains Element (188)
20200814 14:53:36.317 - INFO - +----- START KW: SeleniumLibrary.Wait Until Page Contains Element [ ${SIGN_IN_FORM_SIGN_IN_BUTTON} ]
20200814 14:53:36.318 - DEBUG - Test timeout 2 minutes active. 103.025 seconds left.
20200814 14:53:36.508 - INFO - +----- END KW: SeleniumLibrary.Wait Until Page Contains Element (191)
20200814 14:53:36.509 - INFO - +----- START KW: SeleniumLibrary.Input Text [ ${SIGN_IN_FORM_USERNAME_INPUT} | ${username} ]
20200814 14:53:36.509 - DEBUG - Test timeout 2 minutes active. 102.833 seconds left.
20200814 14:53:36.509 - INFO - Typing text 'username2' into text field '//div[@class="modal-dialog"]//form//input[@name="login"]'.
20200814 14:53:37.241 - INFO - +----- END KW: SeleniumLibrary.Input Text (732)
20200814 14:53:37.241 - INFO - +----- START KW: SeleniumLibrary.Input Text [ ${SIGN_IN_FORM_PASSWORD_INPUT} | ${password} ]
20200814 14:53:37.242 - DEBUG - Test timeout 2 minutes active. 102.101 seconds left.
20200814 14:53:37.242 - INFO - Typing text 'password' into text field '//div[@class="modal-dialog"]//form//input[@name="password"]'.
20200814 14:53:37.705 - INFO - +----- END KW: SeleniumLibrary.Input Text (464)
20200814 14:53:37.706 - INFO - +----- START KW: SeleniumLibrary.Click Button [ ${SIGN_IN_FORM_SIGN_IN_BUTTON} ]
20200814 14:53:37.706 - DEBUG - Test timeout 2 minutes active. 101.636 seconds left.
20200814 14:53:37.706 - INFO - Clicking button '//div[@class="modal-dialog"]//form//button[@type="submit"]'.
20200814 14:53:39.207 - INFO - +----- END KW: SeleniumLibrary.Click Button (1501)
20200814 14:53:39.208 - INFO - +---- END KW: FunctionsGlobal.Sign In User (3715)
~~~~~~~~~~~~~~~~~~~~~~~~~~~~~~~~~~~~~~~~~~~~~~~~~~~~~~~~~~~~~~~~~~~~~~~~~~~~~~
20200814 14:53:39.208 - INFO - +---- START KW: FunctionsGlobal.Location Should Not Be [ ${PAGE_TERMS_OF_USE_URL} ]
20200814 14:53:39.209 - INFO - +----- START KW: BuiltIn.Run Keyword And Expect Error [ Location should have been '${url}' but was * | Location Should Be | ${url} ]
20200814 14:53:39.209 - INFO - +------ START KW: SeleniumLibrary.Location Should Be [ ${url} ]
20200814 14:53:39.342 - INFO - +------- START KW: SeleniumLibrary.Capture Page Screenshot [ ]
20200814 14:53:39.342 - DEBUG - Test timeout 2 minutes active. 100.0 seconds left.
20200814 14:53:39.695 - INFO - </td></tr><tr><td colspan="3"><a href="selenium-screenshot-2.png"><img src="selenium-screenshot-2.png" width="800px"></a>
20200814 14:53:39.696 - INFO - +------- END KW: SeleniumLibrary.Capture Page Screenshot (354)
20200814 14:53:39.209 - DEBUG - Test timeout 2 minutes active. 100.133 seconds left.
20200814 14:53:39.696 - FAIL - Location should have been 'http://bs-local.com:3000/en/terms-of-use' but was 'http://bs-local.com:3000/en'.
20200814 14:53:39.696 - DEBUG - Traceback (most recent call last):
  File "/home/travis/.local/lib/python2.7/site-packages/SeleniumLibrary/__init__.py", line 471, in run_keyword
    return DynamicCore.run_keyword(self, name, args, kwargs)
  File "/home/travis/.local/lib/python2.7/site-packages/robotlibcore.py", line 103, in run_keyword
    return self.keywords[name](*args, **(kwargs or {}))
  File "/home/travis/.local/lib/python2.7/site-packages/SeleniumLibrary/keywords/browsermanagement.py", line 480, in location_should_be
    raise AssertionError(message)
20200814 14:53:39.696 - INFO - +------ END KW: SeleniumLibrary.Location Should Be (487)
20200814 14:53:39.696 - INFO - +----- END KW: BuiltIn.Run Keyword And Expect Error (487)
20200814 14:53:39.697 - INFO - +---- END KW: FunctionsGlobal.Location Should Not Be (489)
~~~~~~~~~~~~~~~~~~~~~~~~~~~~~~~~~~~~~~~~~~~~~~~~~~~~~~~~~~~~~~~~~~~~~~~~~~~~~~
20200814 14:53:39.697 - INFO - +---- START TEARDOWN: FunctionsGlobal.Sign Out User [ ]
20200814 14:53:39.697 - INFO - +----- START KW: SeleniumLibrary.Click Link [ ${NAVBAR_PROFILE_LINK} ]
20200814 14:53:39.698 - INFO - Clicking link '//*[@id="navbar-profile-user"]'.
20200814 14:53:40.364 - INFO - +----- END KW: SeleniumLibrary.Click Link (667)
20200814 14:53:40.365 - INFO - +----- START KW: SeleniumLibrary.Click Link [ ${NAVBAR_SIGN_OUR_LINK} ]
20200814 14:53:40.365 - INFO - Clicking link '//*[@id="navbar-profile-user-logout"]'.
20200814 14:53:41.387 - INFO - +----- END KW: SeleniumLibrary.Click Link (1022)
20200814 14:53:41.387 - INFO - +---- END TEARDOWN: FunctionsGlobal.Sign Out User (1690)
------------------------------------------------------------------------------
20200814 14:53:41.388 - INFO - +--- END TEST: Freshly created accounts are fully valid (22045)
------------------------------------------------------------------------------
20200814 14:53:41.389 - INFO - +--- START TEST: Legacy accounts are asked for terms of use [ ]
------------------------------------------------------------------------------
20200814 14:53:41.390 - INFO - +---- START SETUP: FunctionsGlobal.Clear Database [ ]
20200814 14:53:41.391 - INFO - +----- START KW: FunctionsGlobal.Go To Url [ ${PAGE_DEV_RESET_DB_URL} ]
20200814 14:53:41.391 - INFO - +------ START KW: SeleniumLibrary.Go To [ ${url} ]
20200814 14:53:41.391 - DEBUG - Test timeout 2 minutes active. 119.998 seconds left.
20200814 14:53:41.392 - INFO - Opening url 'http://bs-local.com:3000/devel/db/reset'
20200814 14:53:43.111 - INFO - +------ END KW: SeleniumLibrary.Go To (1719)
20200814 14:53:43.111 - INFO - +----- END KW: FunctionsGlobal.Go To Url (1721)
20200814 14:53:43.111 - INFO - +----- START KW: SeleniumLibrary.Page Should Contain [ OK ]
20200814 14:53:43.111 - DEBUG - Test timeout 2 minutes active. 118.278 seconds left.
20200814 14:53:43.386 - INFO - Current page contains text 'OK'.
20200814 14:53:43.386 - INFO - +----- END KW: SeleniumLibrary.Page Should Contain (275)
20200814 14:53:43.387 - INFO - +---- END SETUP: FunctionsGlobal.Clear Database (1997)
~~~~~~~~~~~~~~~~~~~~~~~~~~~~~~~~~~~~~~~~~~~~~~~~~~~~~~~~~~~~~~~~~~~~~~~~~~~~~~
20200814 14:53:43.387 - INFO - +---- START KW: FunctionsGlobal.Seed 1 users without terms of use [ ]
20200814 14:53:43.388 - INFO - +----- START KW: FunctionsGlobal.Go To Url [ ${PAGE_SEED_USER}/${count}/no-terms-of-use ]
20200814 14:53:43.388 - INFO - +------ START KW: SeleniumLibrary.Go To [ ${url} ]
20200814 14:53:43.388 - DEBUG - Test timeout 2 minutes active. 118.001 seconds left.
20200814 14:53:43.388 - INFO - Opening url 'http://bs-local.com:3000/devel/db/users/seed/1/no-terms-of-use'
20200814 14:53:44.090 - INFO - +------ END KW: SeleniumLibrary.Go To (701)
20200814 14:53:44.090 - INFO - +----- END KW: FunctionsGlobal.Go To Url (702)
20200814 14:53:44.090 - INFO - +---- END KW: FunctionsGlobal.Seed 1 users without terms of use (703)
~~~~~~~~~~~~~~~~~~~~~~~~~~~~~~~~~~~~~~~~~~~~~~~~~~~~~~~~~~~~~~~~~~~~~~~~~~~~~~
20200814 14:53:44.090 - INFO - +---- START KW: FunctionsGlobal.Go To Url [ ${PAGE_HOME_URL} ]
20200814 14:53:44.091 - INFO - +----- START KW: SeleniumLibrary.Go To [ ${url} ]
20200814 14:53:44.091 - DEBUG - Test timeout 2 minutes active. 117.298 seconds left.
20200814 14:53:44.091 - INFO - Opening url 'http://bs-local.com:3000/en'
20200814 14:53:44.564 - INFO - +----- END KW: SeleniumLibrary.Go To (473)
20200814 14:53:44.565 - INFO - +---- END KW: FunctionsGlobal.Go To Url (474)
~~~~~~~~~~~~~~~~~~~~~~~~~~~~~~~~~~~~~~~~~~~~~~~~~~~~~~~~~~~~~~~~~~~~~~~~~~~~~~
20200814 14:53:44.565 - INFO - +---- START KW: FunctionsGlobal.Sign In User [ ${USERNAME_1} ]
20200814 14:53:44.566 - INFO - +----- START KW: SeleniumLibrary.Click Element [ ${NAVBAR_SIGN_IN_LINK} ]
20200814 14:53:44.566 - DEBUG - Test timeout 2 minutes active. 116.823 seconds left.
20200814 14:53:44.566 - INFO - Clicking element '//*[@id="navbar-profile-login"]'.
20200814 14:53:45.102 - INFO - +----- END KW: SeleniumLibrary.Click Element (536)
20200814 14:53:45.102 - INFO - +----- START KW: SeleniumLibrary.Wait Until Page Contains Element [ ${MODAL_DIALOG} ]
20200814 14:53:45.102 - DEBUG - Test timeout 2 minutes active. 116.287 seconds left.
20200814 14:53:45.241 - INFO - +----- END KW: SeleniumLibrary.Wait Until Page Contains Element (139)
20200814 14:53:45.241 - INFO - +----- START KW: SeleniumLibrary.Wait Until Page Contains Element [ ${SIGN_IN_FORM_SIGN_IN_BUTTON} ]
20200814 14:53:45.242 - DEBUG - Test timeout 2 minutes active. 116.147 seconds left.
20200814 14:53:45.379 - INFO - +----- END KW: SeleniumLibrary.Wait Until Page Contains Element (138)
20200814 14:53:45.379 - INFO - +----- START KW: SeleniumLibrary.Input Text [ ${SIGN_IN_FORM_USERNAME_INPUT} | ${username} ]
20200814 14:53:45.380 - DEBUG - Test timeout 2 minutes active. 116.009 seconds left.
20200814 14:53:45.380 - INFO - Typing text 'username1' into text field '//div[@class="modal-dialog"]//form//input[@name="login"]'.
20200814 14:53:45.808 - INFO - +----- END KW: SeleniumLibrary.Input Text (428)
20200814 14:53:45.808 - INFO - +----- START KW: SeleniumLibrary.Input Text [ ${SIGN_IN_FORM_PASSWORD_INPUT} | ${password} ]
20200814 14:53:45.808 - DEBUG - Test timeout 2 minutes active. 115.581 seconds left.
20200814 14:53:45.809 - INFO - Typing text 'password' into text field '//div[@class="modal-dialog"]//form//input[@name="password"]'.
20200814 14:53:46.197 - INFO - +----- END KW: SeleniumLibrary.Input Text (389)
20200814 14:53:46.197 - INFO - +----- START KW: SeleniumLibrary.Click Button [ ${SIGN_IN_FORM_SIGN_IN_BUTTON} ]
20200814 14:53:46.198 - DEBUG - Test timeout 2 minutes active. 115.191 seconds left.
20200814 14:53:46.198 - INFO - Clicking button '//div[@class="modal-dialog"]//form//button[@type="submit"]'.
20200814 14:53:47.915 - INFO - +----- END KW: SeleniumLibrary.Click Button (1718)
20200814 14:53:47.916 - INFO - +---- END KW: FunctionsGlobal.Sign In User (3350)
~~~~~~~~~~~~~~~~~~~~~~~~~~~~~~~~~~~~~~~~~~~~~~~~~~~~~~~~~~~~~~~~~~~~~~~~~~~~~~
20200814 14:53:47.916 - INFO - +---- START KW: SeleniumLibrary.Location Should Be [ ${PAGE_TERMS_OF_USE_URL} ]
20200814 14:53:47.916 - DEBUG - Test timeout 2 minutes active. 113.473 seconds left.
20200814 14:53:48.038 - INFO - Current location is 'http://bs-local.com:3000/en/terms-of-use'.
20200814 14:53:48.038 - INFO - +---- END KW: SeleniumLibrary.Location Should Be (122)
~~~~~~~~~~~~~~~~~~~~~~~~~~~~~~~~~~~~~~~~~~~~~~~~~~~~~~~~~~~~~~~~~~~~~~~~~~~~~~
20200814 14:53:48.039 - INFO - +---- START TEARDOWN: FunctionsGlobal.Sign Out User [ ]
20200814 14:53:48.039 - INFO - +----- START KW: SeleniumLibrary.Click Link [ ${NAVBAR_PROFILE_LINK} ]
20200814 14:53:48.040 - INFO - Clicking link '//*[@id="navbar-profile-user"]'.
20200814 14:53:48.682 - INFO - +----- END KW: SeleniumLibrary.Click Link (643)
20200814 14:53:48.682 - INFO - +----- START KW: SeleniumLibrary.Click Link [ ${NAVBAR_SIGN_OUR_LINK} ]
20200814 14:53:48.683 - INFO - Clicking link '//*[@id="navbar-profile-user-logout"]'.
20200814 14:53:49.826 - INFO - +----- END KW: SeleniumLibrary.Click Link (1144)
20200814 14:53:49.827 - INFO - +---- END TEARDOWN: FunctionsGlobal.Sign Out User (1788)
------------------------------------------------------------------------------
20200814 14:53:49.828 - INFO - +--- END TEST: Legacy accounts are asked for terms of use (8439)
------------------------------------------------------------------------------
20200814 14:53:49.830 - INFO - +-- END SUITE: Acceptance.020 SignIn.robot.030 MustAcceptTermOfUse (38524)
==============================================================================
20200814 14:53:49.841 - INFO - +-- START SUITE: Acceptance.020 SignIn.robot.040 RedirectToPageAfterLogin [ ]
==============================================================================
20200814 14:53:49.842 - INFO - +--- START TEST: Seed [ ]
------------------------------------------------------------------------------
20200814 14:53:49.842 - INFO - +---- START KW: FunctionsGlobal.Clear Database [ ]
20200814 14:53:49.843 - INFO - +----- START KW: FunctionsGlobal.Go To Url [ ${PAGE_DEV_RESET_DB_URL} ]
20200814 14:53:49.844 - INFO - +------ START KW: SeleniumLibrary.Go To [ ${url} ]
20200814 14:53:49.844 - DEBUG - Test timeout 2 minutes active. 119.997 seconds left.
20200814 14:53:49.844 - INFO - Opening url 'http://bs-local.com:3000/devel/db/reset'
20200814 14:53:51.724 - INFO - +------ END KW: SeleniumLibrary.Go To (1880)
20200814 14:53:51.724 - INFO - +----- END KW: FunctionsGlobal.Go To Url (1881)
20200814 14:53:51.724 - INFO - +----- START KW: SeleniumLibrary.Page Should Contain [ OK ]
20200814 14:53:51.725 - DEBUG - Test timeout 2 minutes active. 118.117 seconds left.
20200814 14:53:52.039 - INFO - Current page contains text 'OK'.
20200814 14:53:52.039 - INFO - +----- END KW: SeleniumLibrary.Page Should Contain (315)
20200814 14:53:52.040 - INFO - +---- END KW: FunctionsGlobal.Clear Database (2198)
~~~~~~~~~~~~~~~~~~~~~~~~~~~~~~~~~~~~~~~~~~~~~~~~~~~~~~~~~~~~~~~~~~~~~~~~~~~~~~
20200814 14:53:52.040 - INFO - +---- START KW: FunctionsGlobal.Seed 1 users [ ]
20200814 14:53:52.041 - INFO - +----- START KW: FunctionsGlobal.Go To Url [ ${PAGE_SEED_USER}/${count} ]
20200814 14:53:52.041 - INFO - +------ START KW: SeleniumLibrary.Go To [ ${url} ]
20200814 14:53:52.041 - DEBUG - Test timeout 2 minutes active. 117.8 seconds left.
20200814 14:53:52.041 - INFO - Opening url 'http://bs-local.com:3000/devel/db/users/seed/1'
20200814 14:53:52.685 - INFO - +------ END KW: SeleniumLibrary.Go To (644)
20200814 14:53:52.685 - INFO - +----- END KW: FunctionsGlobal.Go To Url (644)
20200814 14:53:52.686 - INFO - +---- END KW: FunctionsGlobal.Seed 1 users (645)
------------------------------------------------------------------------------
20200814 14:53:52.686 - INFO - +--- END TEST: Seed (2845)
------------------------------------------------------------------------------
20200814 14:53:52.687 - INFO - +--- START TEST: Redirects to last page [ ]
------------------------------------------------------------------------------
20200814 14:53:52.688 - INFO - +---- START KW: FunctionsGlobal.Go To Url [ ${PAGE_NEWS_URL} ]
20200814 14:53:52.689 - INFO - +----- START KW: SeleniumLibrary.Go To [ ${url} ]
20200814 14:53:52.689 - DEBUG - Test timeout 2 minutes active. 119.998 seconds left.
20200814 14:53:52.689 - INFO - Opening url 'http://bs-local.com:3000/en/news'
20200814 14:53:53.159 - INFO - +----- END KW: SeleniumLibrary.Go To (470)
20200814 14:53:53.159 - INFO - +---- END KW: FunctionsGlobal.Go To Url (471)
~~~~~~~~~~~~~~~~~~~~~~~~~~~~~~~~~~~~~~~~~~~~~~~~~~~~~~~~~~~~~~~~~~~~~~~~~~~~~~
20200814 14:53:53.159 - INFO - +---- START KW: FunctionsGlobal.Sign In User [ ${USERNAME_1} ]
20200814 14:53:53.160 - INFO - +----- START KW: SeleniumLibrary.Click Element [ ${NAVBAR_SIGN_IN_LINK} ]
20200814 14:53:53.160 - DEBUG - Test timeout 2 minutes active. 119.526 seconds left.
20200814 14:53:53.160 - INFO - Clicking element '//*[@id="navbar-profile-login"]'.
20200814 14:53:53.803 - INFO - +----- END KW: SeleniumLibrary.Click Element (643)
20200814 14:53:53.803 - INFO - +----- START KW: SeleniumLibrary.Wait Until Page Contains Element [ ${MODAL_DIALOG} ]
20200814 14:53:53.804 - DEBUG - Test timeout 2 minutes active. 118.883 seconds left.
20200814 14:53:53.941 - INFO - +----- END KW: SeleniumLibrary.Wait Until Page Contains Element (137)
20200814 14:53:53.941 - INFO - +----- START KW: SeleniumLibrary.Wait Until Page Contains Element [ ${SIGN_IN_FORM_SIGN_IN_BUTTON} ]
20200814 14:53:53.941 - DEBUG - Test timeout 2 minutes active. 118.745 seconds left.
20200814 14:53:54.064 - INFO - +----- END KW: SeleniumLibrary.Wait Until Page Contains Element (123)
20200814 14:53:54.065 - INFO - +----- START KW: SeleniumLibrary.Input Text [ ${SIGN_IN_FORM_USERNAME_INPUT} | ${username} ]
20200814 14:53:54.066 - DEBUG - Test timeout 2 minutes active. 118.621 seconds left.
20200814 14:53:54.066 - INFO - Typing text 'username1' into text field '//div[@class="modal-dialog"]//form//input[@name="login"]'.
20200814 14:53:54.707 - INFO - +----- END KW: SeleniumLibrary.Input Text (642)
20200814 14:53:54.708 - INFO - +----- START KW: SeleniumLibrary.Input Text [ ${SIGN_IN_FORM_PASSWORD_INPUT} | ${password} ]
20200814 14:53:54.708 - DEBUG - Test timeout 2 minutes active. 117.978 seconds left.
20200814 14:53:54.708 - INFO - Typing text 'password' into text field '//div[@class="modal-dialog"]//form//input[@name="password"]'.
20200814 14:53:55.143 - INFO - +----- END KW: SeleniumLibrary.Input Text (435)
20200814 14:53:55.144 - INFO - +----- START KW: SeleniumLibrary.Click Button [ ${SIGN_IN_FORM_SIGN_IN_BUTTON} ]
20200814 14:53:55.144 - DEBUG - Test timeout 2 minutes active. 117.543 seconds left.
20200814 14:53:55.144 - INFO - Clicking button '//div[@class="modal-dialog"]//form//button[@type="submit"]'.
20200814 14:53:56.657 - INFO - +----- END KW: SeleniumLibrary.Click Button (1513)
20200814 14:53:56.657 - INFO - +---- END KW: FunctionsGlobal.Sign In User (3498)
~~~~~~~~~~~~~~~~~~~~~~~~~~~~~~~~~~~~~~~~~~~~~~~~~~~~~~~~~~~~~~~~~~~~~~~~~~~~~~
20200814 14:53:56.657 - INFO - +---- START KW: SeleniumLibrary.Location Should Be [ ${PAGE_NEWS_URL} ]
20200814 14:53:56.658 - DEBUG - Test timeout 2 minutes active. 116.029 seconds left.
20200814 14:53:56.819 - INFO - Current location is 'http://bs-local.com:3000/en/news'.
20200814 14:53:56.820 - INFO - +---- END KW: SeleniumLibrary.Location Should Be (163)
~~~~~~~~~~~~~~~~~~~~~~~~~~~~~~~~~~~~~~~~~~~~~~~~~~~~~~~~~~~~~~~~~~~~~~~~~~~~~~
20200814 14:53:56.820 - INFO - +---- START KW: FunctionsGlobal.Sign Out User [ ]
20200814 14:53:56.821 - INFO - +----- START KW: SeleniumLibrary.Click Link [ ${NAVBAR_PROFILE_LINK} ]
20200814 14:53:56.821 - DEBUG - Test timeout 2 minutes active. 115.866 seconds left.
20200814 14:53:56.821 - INFO - Clicking link '//*[@id="navbar-profile-user"]'.
20200814 14:53:57.505 - INFO - +----- END KW: SeleniumLibrary.Click Link (684)
20200814 14:53:57.506 - INFO - +----- START KW: SeleniumLibrary.Click Link [ ${NAVBAR_SIGN_OUR_LINK} ]
20200814 14:53:57.507 - DEBUG - Test timeout 2 minutes active. 115.18 seconds left.
20200814 14:53:57.507 - INFO - Clicking link '//*[@id="navbar-profile-user-logout"]'.
20200814 14:53:58.491 - INFO - +----- END KW: SeleniumLibrary.Click Link (985)
20200814 14:53:58.491 - INFO - +---- END KW: FunctionsGlobal.Sign Out User (1671)
------------------------------------------------------------------------------
20200814 14:53:58.493 - INFO - +--- END TEST: Redirects to last page (5806)
------------------------------------------------------------------------------
20200814 14:53:58.493 - INFO - +--- START TEST: No redirect urls [ ]
------------------------------------------------------------------------------
20200814 14:53:58.494 - INFO - +---- START KW: Redirect to home [ ${PAGE_SIGN_IN_URL} ]
20200814 14:53:58.495 - INFO - +----- START KW: FunctionsGlobal.Go To Url [ ${url} ]
20200814 14:53:58.495 - INFO - +------ START KW: SeleniumLibrary.Go To [ ${url} ]
20200814 14:53:58.495 - DEBUG - Test timeout 2 minutes active. 119.998 seconds left.
20200814 14:53:58.495 - INFO - Opening url 'http://bs-local.com:3000/en/login'
20200814 14:53:58.977 - INFO - +------ END KW: SeleniumLibrary.Go To (481)
20200814 14:53:58.977 - INFO - +----- END KW: FunctionsGlobal.Go To Url (482)
20200814 14:53:58.977 - INFO - +----- START KW: FunctionsGlobal.Sign In User [ ${USERNAME_1} ]
20200814 14:53:58.978 - INFO - +------ START KW: SeleniumLibrary.Click Element [ ${NAVBAR_SIGN_IN_LINK} ]
20200814 14:53:58.978 - DEBUG - Test timeout 2 minutes active. 119.515 seconds left.
20200814 14:53:58.978 - INFO - Clicking element '//*[@id="navbar-profile-login"]'.
20200814 14:53:59.511 - INFO - +------ END KW: SeleniumLibrary.Click Element (533)
20200814 14:53:59.512 - INFO - +------ START KW: SeleniumLibrary.Wait Until Page Contains Element [ ${MODAL_DIALOG} ]
20200814 14:53:59.512 - DEBUG - Test timeout 2 minutes active. 118.981 seconds left.
20200814 14:53:59.649 - INFO - +------ END KW: SeleniumLibrary.Wait Until Page Contains Element (137)
20200814 14:53:59.650 - INFO - +------ START KW: SeleniumLibrary.Wait Until Page Contains Element [ ${SIGN_IN_FORM_SIGN_IN_BUTTON} ]
20200814 14:53:59.650 - DEBUG - Test timeout 2 minutes active. 118.843 seconds left.
20200814 14:53:59.790 - INFO - +------ END KW: SeleniumLibrary.Wait Until Page Contains Element (140)
20200814 14:53:59.791 - INFO - +------ START KW: SeleniumLibrary.Input Text [ ${SIGN_IN_FORM_USERNAME_INPUT} | ${username} ]
20200814 14:53:59.792 - DEBUG - Test timeout 2 minutes active. 118.701 seconds left.
20200814 14:53:59.792 - INFO - Typing text 'username1' into text field '//div[@class="modal-dialog"]//form//input[@name="login"]'.
20200814 14:54:00.233 - INFO - +------ END KW: SeleniumLibrary.Input Text (442)
20200814 14:54:00.234 - INFO - +------ START KW: SeleniumLibrary.Input Text [ ${SIGN_IN_FORM_PASSWORD_INPUT} | ${password} ]
20200814 14:54:00.234 - DEBUG - Test timeout 2 minutes active. 118.259 seconds left.
20200814 14:54:00.234 - INFO - Typing text 'password' into text field '//div[@class="modal-dialog"]//form//input[@name="password"]'.
20200814 14:54:00.627 - INFO - +------ END KW: SeleniumLibrary.Input Text (393)
20200814 14:54:00.628 - INFO - +------ START KW: SeleniumLibrary.Click Button [ ${SIGN_IN_FORM_SIGN_IN_BUTTON} ]
20200814 14:54:00.628 - DEBUG - Test timeout 2 minutes active. 117.865 seconds left.
20200814 14:54:00.628 - INFO - Clicking button '//div[@class="modal-dialog"]//form//button[@type="submit"]'.
20200814 14:54:02.235 - INFO - +------ END KW: SeleniumLibrary.Click Button (1607)
20200814 14:54:02.235 - INFO - +----- END KW: FunctionsGlobal.Sign In User (3258)
20200814 14:54:02.236 - INFO - +----- START KW: SeleniumLibrary.Location Should Be [ ${PAGE_HOME_URL} ]
20200814 14:54:02.236 - DEBUG - Test timeout 2 minutes active. 116.257 seconds left.
20200814 14:54:02.366 - INFO - Current location is 'http://bs-local.com:3000/en'.
20200814 14:54:02.366 - INFO - +----- END KW: SeleniumLibrary.Location Should Be (130)
20200814 14:54:02.367 - INFO - +----- START KW: FunctionsGlobal.Sign Out User [ ]
20200814 14:54:02.367 - INFO - +------ START KW: SeleniumLibrary.Click Link [ ${NAVBAR_PROFILE_LINK} ]
20200814 14:54:02.368 - DEBUG - Test timeout 2 minutes active. 116.125 seconds left.
20200814 14:54:02.368 - INFO - Clicking link '//*[@id="navbar-profile-user"]'.
20200814 14:54:03.064 - INFO - +------ END KW: SeleniumLibrary.Click Link (697)
20200814 14:54:03.064 - INFO - +------ START KW: SeleniumLibrary.Click Link [ ${NAVBAR_SIGN_OUR_LINK} ]
20200814 14:54:03.065 - DEBUG - Test timeout 2 minutes active. 115.428 seconds left.
20200814 14:54:03.065 - INFO - Clicking link '//*[@id="navbar-profile-user-logout"]'.
20200814 14:54:03.938 - INFO - +------ END KW: SeleniumLibrary.Click Link (874)
20200814 14:54:03.938 - INFO - +----- END KW: FunctionsGlobal.Sign Out User (1571)
20200814 14:54:03.939 - INFO - +---- END KW: Redirect to home (5445)
~~~~~~~~~~~~~~~~~~~~~~~~~~~~~~~~~~~~~~~~~~~~~~~~~~~~~~~~~~~~~~~~~~~~~~~~~~~~~~
20200814 14:54:03.939 - INFO - +---- START KW: Redirect to home [ ${PAGE_REGISTER_URL} ]
20200814 14:54:03.940 - INFO - +----- START KW: FunctionsGlobal.Go To Url [ ${url} ]
20200814 14:54:03.940 - INFO - +------ START KW: SeleniumLibrary.Go To [ ${url} ]
20200814 14:54:03.940 - DEBUG - Test timeout 2 minutes active. 114.553 seconds left.
20200814 14:54:03.940 - INFO - Opening url 'http://bs-local.com:3000/en/registration'
20200814 14:54:04.559 - INFO - +------ END KW: SeleniumLibrary.Go To (619)
20200814 14:54:04.559 - INFO - +----- END KW: FunctionsGlobal.Go To Url (619)
20200814 14:54:04.559 - INFO - +----- START KW: FunctionsGlobal.Sign In User [ ${USERNAME_1} ]
20200814 14:54:04.560 - INFO - +------ START KW: SeleniumLibrary.Click Element [ ${NAVBAR_SIGN_IN_LINK} ]
20200814 14:54:04.560 - DEBUG - Test timeout 2 minutes active. 113.933 seconds left.
20200814 14:54:04.560 - INFO - Clicking element '//*[@id="navbar-profile-login"]'.
20200814 14:54:05.251 - INFO - +------ END KW: SeleniumLibrary.Click Element (691)
20200814 14:54:05.252 - INFO - +------ START KW: SeleniumLibrary.Wait Until Page Contains Element [ ${MODAL_DIALOG} ]
20200814 14:54:05.252 - DEBUG - Test timeout 2 minutes active. 113.241 seconds left.
20200814 14:54:05.416 - INFO - +------ END KW: SeleniumLibrary.Wait Until Page Contains Element (164)
20200814 14:54:05.416 - INFO - +------ START KW: SeleniumLibrary.Wait Until Page Contains Element [ ${SIGN_IN_FORM_SIGN_IN_BUTTON} ]
20200814 14:54:05.417 - DEBUG - Test timeout 2 minutes active. 113.076 seconds left.
20200814 14:54:05.563 - INFO - +------ END KW: SeleniumLibrary.Wait Until Page Contains Element (147)
20200814 14:54:05.564 - INFO - +------ START KW: SeleniumLibrary.Input Text [ ${SIGN_IN_FORM_USERNAME_INPUT} | ${username} ]
20200814 14:54:05.564 - DEBUG - Test timeout 2 minutes active. 112.929 seconds left.
20200814 14:54:05.564 - INFO - Typing text 'username1' into text field '//div[@class="modal-dialog"]//form//input[@name="login"]'.
20200814 14:54:05.976 - INFO - +------ END KW: SeleniumLibrary.Input Text (411)
20200814 14:54:05.976 - INFO - +------ START KW: SeleniumLibrary.Input Text [ ${SIGN_IN_FORM_PASSWORD_INPUT} | ${password} ]
20200814 14:54:05.976 - DEBUG - Test timeout 2 minutes active. 112.517 seconds left.
20200814 14:54:05.976 - INFO - Typing text 'password' into text field '//div[@class="modal-dialog"]//form//input[@name="password"]'.
20200814 14:54:06.584 - INFO - +------ END KW: SeleniumLibrary.Input Text (608)
20200814 14:54:06.585 - INFO - +------ START KW: SeleniumLibrary.Click Button [ ${SIGN_IN_FORM_SIGN_IN_BUTTON} ]
20200814 14:54:06.585 - DEBUG - Test timeout 2 minutes active. 111.908 seconds left.
20200814 14:54:06.585 - INFO - Clicking button '//div[@class="modal-dialog"]//form//button[@type="submit"]'.
20200814 14:54:08.111 - INFO - +------ END KW: SeleniumLibrary.Click Button (1526)
20200814 14:54:08.112 - INFO - +----- END KW: FunctionsGlobal.Sign In User (3553)
20200814 14:54:08.112 - INFO - +----- START KW: SeleniumLibrary.Location Should Be [ ${PAGE_HOME_URL} ]
20200814 14:54:08.112 - DEBUG - Test timeout 2 minutes active. 110.381 seconds left.
20200814 14:54:08.246 - INFO - Current location is 'http://bs-local.com:3000/en'.
20200814 14:54:08.246 - INFO - +----- END KW: SeleniumLibrary.Location Should Be (134)
20200814 14:54:08.246 - INFO - +----- START KW: FunctionsGlobal.Sign Out User [ ]
20200814 14:54:08.247 - INFO - +------ START KW: SeleniumLibrary.Click Link [ ${NAVBAR_PROFILE_LINK} ]
20200814 14:54:08.247 - DEBUG - Test timeout 2 minutes active. 110.246 seconds left.
20200814 14:54:08.247 - INFO - Clicking link '//*[@id="navbar-profile-user"]'.
20200814 14:54:08.906 - INFO - +------ END KW: SeleniumLibrary.Click Link (659)
20200814 14:54:08.906 - INFO - +------ START KW: SeleniumLibrary.Click Link [ ${NAVBAR_SIGN_OUR_LINK} ]
20200814 14:54:08.907 - DEBUG - Test timeout 2 minutes active. 109.586 seconds left.
20200814 14:54:08.907 - INFO - Clicking link '//*[@id="navbar-profile-user-logout"]'.
20200814 14:54:09.810 - INFO - +------ END KW: SeleniumLibrary.Click Link (904)
20200814 14:54:09.810 - INFO - +----- END KW: FunctionsGlobal.Sign Out User (1564)
20200814 14:54:09.810 - INFO - +---- END KW: Redirect to home (5871)
~~~~~~~~~~~~~~~~~~~~~~~~~~~~~~~~~~~~~~~~~~~~~~~~~~~~~~~~~~~~~~~~~~~~~~~~~~~~~~
20200814 14:54:09.811 - INFO - +---- START KW: Redirect to home [ ${GK_URL}en/registration/fake_token/activate ]
20200814 14:54:09.811 - INFO - +----- START KW: FunctionsGlobal.Go To Url [ ${url} ]
20200814 14:54:09.812 - INFO - +------ START KW: SeleniumLibrary.Go To [ ${url} ]
20200814 14:54:09.812 - DEBUG - Test timeout 2 minutes active. 108.681 seconds left.
20200814 14:54:09.812 - INFO - Opening url 'http://bs-local.com:3000/en/registration/fake_token/activate'
20200814 14:54:10.402 - INFO - +------ END KW: SeleniumLibrary.Go To (590)
20200814 14:54:10.402 - INFO - +----- END KW: FunctionsGlobal.Go To Url (591)
20200814 14:54:10.403 - INFO - +----- START KW: FunctionsGlobal.Sign In User [ ${USERNAME_1} ]
20200814 14:54:10.404 - INFO - +------ START KW: SeleniumLibrary.Click Element [ ${NAVBAR_SIGN_IN_LINK} ]
20200814 14:54:10.404 - DEBUG - Test timeout 2 minutes active. 108.089 seconds left.
20200814 14:54:10.404 - INFO - Clicking element '//*[@id="navbar-profile-login"]'.
20200814 14:54:10.962 - INFO - +------ END KW: SeleniumLibrary.Click Element (558)
20200814 14:54:10.962 - INFO - +------ START KW: SeleniumLibrary.Wait Until Page Contains Element [ ${MODAL_DIALOG} ]
20200814 14:54:10.963 - DEBUG - Test timeout 2 minutes active. 107.53 seconds left.
20200814 14:54:11.114 - INFO - +------ END KW: SeleniumLibrary.Wait Until Page Contains Element (152)
20200814 14:54:11.115 - INFO - +------ START KW: SeleniumLibrary.Wait Until Page Contains Element [ ${SIGN_IN_FORM_SIGN_IN_BUTTON} ]
20200814 14:54:11.116 - DEBUG - Test timeout 2 minutes active. 107.377 seconds left.
20200814 14:54:11.429 - INFO - +------ END KW: SeleniumLibrary.Wait Until Page Contains Element (314)
20200814 14:54:11.429 - INFO - +------ START KW: SeleniumLibrary.Input Text [ ${SIGN_IN_FORM_USERNAME_INPUT} | ${username} ]
20200814 14:54:11.430 - DEBUG - Test timeout 2 minutes active. 107.063 seconds left.
20200814 14:54:11.430 - INFO - Typing text 'username1' into text field '//div[@class="modal-dialog"]//form//input[@name="login"]'.
20200814 14:54:11.898 - INFO - +------ END KW: SeleniumLibrary.Input Text (469)
20200814 14:54:11.899 - INFO - +------ START KW: SeleniumLibrary.Input Text [ ${SIGN_IN_FORM_PASSWORD_INPUT} | ${password} ]
20200814 14:54:11.899 - DEBUG - Test timeout 2 minutes active. 106.594 seconds left.
20200814 14:54:11.899 - INFO - Typing text 'password' into text field '//div[@class="modal-dialog"]//form//input[@name="password"]'.
20200814 14:54:12.274 - INFO - +------ END KW: SeleniumLibrary.Input Text (375)
20200814 14:54:12.274 - INFO - +------ START KW: SeleniumLibrary.Click Button [ ${SIGN_IN_FORM_SIGN_IN_BUTTON} ]
20200814 14:54:12.275 - DEBUG - Test timeout 2 minutes active. 106.218 seconds left.
20200814 14:54:12.275 - INFO - Clicking button '//div[@class="modal-dialog"]//form//button[@type="submit"]'.
20200814 14:54:14.705 - INFO - +------ END KW: SeleniumLibrary.Click Button (2431)
20200814 14:54:14.705 - INFO - +----- END KW: FunctionsGlobal.Sign In User (4302)
20200814 14:54:14.706 - INFO - +----- START KW: SeleniumLibrary.Location Should Be [ ${PAGE_HOME_URL} ]
20200814 14:54:14.706 - DEBUG - Test timeout 2 minutes active. 103.787 seconds left.
20200814 14:54:14.827 - INFO - Current location is 'http://bs-local.com:3000/en'.
20200814 14:54:14.827 - INFO - +----- END KW: SeleniumLibrary.Location Should Be (121)
20200814 14:54:14.827 - INFO - +----- START KW: FunctionsGlobal.Sign Out User [ ]
20200814 14:54:14.828 - INFO - +------ START KW: SeleniumLibrary.Click Link [ ${NAVBAR_PROFILE_LINK} ]
20200814 14:54:14.828 - DEBUG - Test timeout 2 minutes active. 103.665 seconds left.
20200814 14:54:14.828 - INFO - Clicking link '//*[@id="navbar-profile-user"]'.
20200814 14:54:15.514 - INFO - +------ END KW: SeleniumLibrary.Click Link (686)
20200814 14:54:15.515 - INFO - +------ START KW: SeleniumLibrary.Click Link [ ${NAVBAR_SIGN_OUR_LINK} ]
20200814 14:54:15.515 - DEBUG - Test timeout 2 minutes active. 102.978 seconds left.
20200814 14:54:15.515 - INFO - Clicking link '//*[@id="navbar-profile-user-logout"]'.
20200814 14:54:16.427 - INFO - +------ END KW: SeleniumLibrary.Click Link (912)
20200814 14:54:16.428 - INFO - +----- END KW: FunctionsGlobal.Sign Out User (1601)
20200814 14:54:16.428 - INFO - +---- END KW: Redirect to home (6617)
------------------------------------------------------------------------------
20200814 14:54:16.428 - INFO - +--- END TEST: No redirect urls (17935)
------------------------------------------------------------------------------
20200814 14:54:16.431 - INFO - +-- END SUITE: Acceptance.020 SignIn.robot.040 RedirectToPageAfterLogin (26598)
==============================================================================
20200814 14:54:16.433 - INFO - +-- START TEARDOWN: FunctionsGlobal.Global TearDown [ ]
20200814 14:54:16.434 - INFO - +--- START KW: SeleniumLibrary.Close Browser [ ]
20200814 14:54:16.434 - DEBUG - Closing browser with session id a7e334d3b1010ffe7ee02e1cf25fbb88c5185be3.
20200814 14:54:17.070 - INFO - +--- END KW: SeleniumLibrary.Close Browser (635)
20200814 14:54:17.070 - INFO - +-- END TEARDOWN: FunctionsGlobal.Global TearDown (637)
==============================================================================
20200814 14:54:17.076 - INFO - +- END SUITE: Acceptance.020 SignIn.robot (141153)
==============================================================================
20200814 14:54:17.089 - INFO - + END SUITE: Acceptance (303060)
==============================================================================
