<?xml version="1.0" encoding="UTF-8"?>
<robot rpa="false" generated="20200818 22:44:08.299" generator="Robot 3.2.1 (Python 2.7.17 on linux2)">
<suite source="/home/travis/build/geokrety/geokrety-website/tests-qa/acceptance" id="s1" name="Acceptance">
<suite source="/home/travis/build/geokrety/geokrety-website/tests-qa/acceptance/001_HomePage" id="s1-s1" name="001 HomePage">
<kw type="setup" name="Global Setup" library="FunctionsGlobal">
<kw name="!Open GeoKrety Browser" library="FunctionsGlobal">
<arguments>
<arg>${browser}</arg>
</arguments>
<kw name="Run Keyword If" library="BuiltIn">
<doc>Runs the given keyword with the given arguments, if ``condition`` is true.</doc>
<arguments>
<arg>'${BS_ENABLED}' != 'false'</arg>
<arg>!Open GeoKrety BrowserStack</arg>
<arg>${browser}</arg>
<arg>ELSE</arg>
<arg>!Open GeoKrety Browser Local</arg>
<arg>${browser}</arg>
</arguments>
<msg timestamp="20200818 22:44:08.813" level="FAIL">Variable '${BS_ENABLED}' not found.</msg>
<status status="FAIL" endtime="20200818 22:44:08.814" starttime="20200818 22:44:08.810"></status>
</kw>
<status status="FAIL" endtime="20200818 22:44:08.814" starttime="20200818 22:44:08.809"></status>
</kw>
<status status="FAIL" endtime="20200818 22:44:08.814" starttime="20200818 22:44:08.808"></status>
</kw>
<suite source="/home/travis/build/geokrety/geokrety-website/tests-qa/acceptance/001_HomePage/000_Languages.robot" id="s1-s1-s1" name="000 Languages">
<test id="s1-s1-s1-t1" name="Welcome: (EN)">
<doc>Default english welcome page</doc>
<tags>
<tag>EN</tag>
<tag>Languages</tag>
</tags>
<timeout value="2 minutes"></timeout>
<status status="FAIL" endtime="20200818 22:44:08.817" critical="yes" starttime="20200818 22:44:08.816">Parent suite setup failed:
Variable '${BS_ENABLED}' not found.</status>
</test>
<test id="s1-s1-s1-t2" name="Welcome: (FR)">
<doc>Welcome page in french</doc>
<tags>
<tag>FR</tag>
<tag>Languages</tag>
</tags>
<timeout value="2 minutes"></timeout>
<status status="FAIL" endtime="20200818 22:44:08.819" critical="yes" starttime="20200818 22:44:08.818">Parent suite setup failed:
Variable '${BS_ENABLED}' not found.</status>
</test>
<status status="FAIL" endtime="20200818 22:44:08.819" starttime="20200818 22:44:08.815">Parent suite setup failed:
Variable '${BS_ENABLED}' not found.</status>
</suite>
<suite source="/home/travis/build/geokrety/geokrety-website/tests-qa/acceptance/001_HomePage/010_Found_GeoKret.robot" id="s1-s1-s2" name="010 Found GeoKret">
<test id="s1-s1-s2-t1" name="Welcome: (EN) input geokret code">
<doc>Tracking code should redirect to moves</doc>
<tags>
<tag>Movement</tag>
</tags>
<timeout value="2 minutes"></timeout>
<status status="FAIL" endtime="20200818 22:44:08.823" critical="yes" starttime="20200818 22:44:08.822">Parent suite setup failed:
Variable '${BS_ENABLED}' not found.</status>
</test>
<status status="FAIL" endtime="20200818 22:44:08.824" starttime="20200818 22:44:08.821">Parent suite setup failed:
Variable '${BS_ENABLED}' not found.</status>
</suite>
<kw type="teardown" name="Global TearDown" library="FunctionsGlobal">
<kw name="Close Browser" library="SeleniumLibrary">
<doc>Closes the current browser.</doc>
<status status="PASS" endtime="20200818 22:44:08.830" starttime="20200818 22:44:08.828"></status>
</kw>
<status status="PASS" endtime="20200818 22:44:08.830" starttime="20200818 22:44:08.827"></status>
</kw>
<status status="FAIL" endtime="20200818 22:44:08.831" starttime="20200818 22:44:08.326">Suite setup failed:
Variable '${BS_ENABLED}' not found.</status>
</suite>
<suite source="/home/travis/build/geokrety/geokrety-website/tests-qa/acceptance/010_UserRegistration" id="s1-s2" name="010 UserRegistration">
<kw type="setup" name="Global Setup" library="FunctionsGlobal">
<kw name="!Open GeoKrety Browser" library="FunctionsGlobal">
<arguments>
<arg>${browser}</arg>
</arguments>
<kw name="Run Keyword If" library="BuiltIn">
<doc>Runs the given keyword with the given arguments, if ``condition`` is true.</doc>
<arguments>
<arg>'${BS_ENABLED}' != 'false'</arg>
<arg>!Open GeoKrety BrowserStack</arg>
<arg>${browser}</arg>
<arg>ELSE</arg>
<arg>!Open GeoKrety Browser Local</arg>
<arg>${browser}</arg>
</arguments>
<msg timestamp="20200818 22:44:09.317" level="FAIL">Variable '${BS_ENABLED}' not found.</msg>
<status status="FAIL" endtime="20200818 22:44:09.318" starttime="20200818 22:44:09.313"></status>
</kw>
<status status="FAIL" endtime="20200818 22:44:09.318" starttime="20200818 22:44:09.312"></status>
</kw>
<status status="FAIL" endtime="20200818 22:44:09.319" starttime="20200818 22:44:09.312"></status>
</kw>
<suite source="/home/travis/build/geokrety/geokrety-website/tests-qa/acceptance/010_UserRegistration/000_create_account.robot" id="s1-s2-s1" name="000 Create Account">
<test id="s1-s2-s1-t1" name="Create first account">
<doc>Create an account</doc>
<tags>
<tag>CreateAccount</tag>
</tags>
<timeout value="2 minutes"></timeout>
<status status="FAIL" endtime="20200818 22:44:09.321" critical="yes" starttime="20200818 22:44:09.320">Parent suite setup failed:
Variable '${BS_ENABLED}' not found.</status>
</test>
<test id="s1-s2-s1-t2" name="Activate account">
<doc>Activate account (mail link)</doc>
<tags>
<tag>CreateAccount</tag>
</tags>
<timeout value="2 minutes"></timeout>
<status status="FAIL" endtime="20200818 22:44:09.323" critical="yes" starttime="20200818 22:44:09.322">Parent suite setup failed:
Variable '${BS_ENABLED}' not found.</status>
</test>
<test id="s1-s2-s1-t3" name="Email activation confirmation received">
<doc>Validated account should be confirmed via email</doc>
<tags>
<tag>CreateAccount</tag>
</tags>
<timeout value="2 minutes"></timeout>
<status status="FAIL" endtime="20200818 22:44:09.325" critical="yes" starttime="20200818 22:44:09.324">Parent suite setup failed:
Variable '${BS_ENABLED}' not found.</status>
</test>
<test id="s1-s2-s1-t4" name="Sign In user">
<doc>User can sign in</doc>
<tags>
<tag>CreateAccount</tag>
</tags>
<timeout value="2 minutes"></timeout>
<status status="FAIL" endtime="20200818 22:44:09.327" critical="yes" starttime="20200818 22:44:09.326">Parent suite setup failed:
Variable '${BS_ENABLED}' not found.</status>
</test>
<test id="s1-s2-s1-t5" name="Sign Out user">
<doc>User can sign out</doc>
<tags>
<tag>CreateAccount</tag>
</tags>
<timeout value="2 minutes"></timeout>
<status status="FAIL" endtime="20200818 22:44:09.328" critical="yes" starttime="20200818 22:44:09.327">Parent suite setup failed:
Variable '${BS_ENABLED}' not found.</status>
</test>
<status status="FAIL" endtime="20200818 22:44:09.329" starttime="20200818 22:44:09.319">Parent suite setup failed:
Variable '${BS_ENABLED}' not found.</status>
</suite>
<suite source="/home/travis/build/geokrety/geokrety-website/tests-qa/acceptance/010_UserRegistration/010_UsernameAlreadyExists.robot" id="s1-s2-s2" name="010 UsernameAlreadyExists">
<test id="s1-s2-s2-t1" name="Seed an account">
<doc>Seed an account</doc>
<tags>
<tag>CreateAccount</tag>
</tags>
<timeout value="2 minutes"></timeout>
<status status="FAIL" endtime="20200818 22:44:09.333" critical="yes" starttime="20200818 22:44:09.332">Parent suite setup failed:
Variable '${BS_ENABLED}' not found.</status>
</test>
<test id="s1-s2-s2-t2" name="Check username">
<tags>
<tag>CreateAccount</tag>
</tags>
<timeout value="2 minutes"></timeout>
<status status="FAIL" endtime="20200818 22:44:09.335" critical="yes" starttime="20200818 22:44:09.334">Parent suite setup failed:
Variable '${BS_ENABLED}' not found.</status>
</test>
<status status="FAIL" endtime="20200818 22:44:09.336" starttime="20200818 22:44:09.331">Parent suite setup failed:
Variable '${BS_ENABLED}' not found.</status>
</suite>
<suite source="/home/travis/build/geokrety/geokrety-website/tests-qa/acceptance/010_UserRegistration/011_EmailAlreadyExists.robot" id="s1-s2-s3" name="011 EmailAlreadyExists">
<test id="s1-s2-s3-t1" name="Seed an account">
<doc>Seed an account</doc>
<tags>
<tag>CreateAccount</tag>
</tags>
<timeout value="2 minutes"></timeout>
<status status="FAIL" endtime="20200818 22:44:09.340" critical="yes" starttime="20200818 22:44:09.339">Parent suite setup failed:
Variable '${BS_ENABLED}' not found.</status>
</test>
<test id="s1-s2-s3-t2" name="Email is already taken">
<doc>Prevent usage of already used email addresses</doc>
<tags>
<tag>CreateAccount</tag>
</tags>
<timeout value="2 minutes"></timeout>
<status status="FAIL" endtime="20200818 22:44:09.341" critical="yes" starttime="20200818 22:44:09.340">Parent suite setup failed:
Variable '${BS_ENABLED}' not found.</status>
</test>
<test id="s1-s2-s3-t3" name="Form content keeped">
<doc>On error the form content should be displayed again
But password fileds stayed empty</doc>
<tags>
<tag>CreateAccount</tag>
</tags>
<timeout value="2 minutes"></timeout>
<status status="FAIL" endtime="20200818 22:44:09.343" critical="yes" starttime="20200818 22:44:09.342">Parent suite setup failed:
Variable '${BS_ENABLED}' not found.</status>
</test>
<status status="FAIL" endtime="20200818 22:44:09.344" starttime="20200818 22:44:09.337">Parent suite setup failed:
Variable '${BS_ENABLED}' not found.</status>
</suite>
<suite source="/home/travis/build/geokrety/geokrety-website/tests-qa/acceptance/010_UserRegistration/020_UsernameValid.robot" id="s1-s2-s4" name="020 UsernameValid">
<test id="s1-s2-s4-t1" name="Seed an account">
<doc>Seed an account</doc>
<tags>
<tag>CreateAccount</tag>
</tags>
<timeout value="2 minutes"></timeout>
<status status="FAIL" endtime="20200818 22:44:09.348" critical="yes" starttime="20200818 22:44:09.348">Parent suite setup failed:
Variable '${BS_ENABLED}' not found.</status>
</test>
<test id="s1-s2-s4-t2" name="Check username">
<tags>
<tag>CreateAccount</tag>
</tags>
<timeout value="2 minutes"></timeout>
<status status="FAIL" endtime="20200818 22:44:09.350" critical="yes" starttime="20200818 22:44:09.349">Parent suite setup failed:
Variable '${BS_ENABLED}' not found.</status>
</test>
<status status="FAIL" endtime="20200818 22:44:09.351" starttime="20200818 22:44:09.346">Parent suite setup failed:
Variable '${BS_ENABLED}' not found.</status>
</suite>
<suite source="/home/travis/build/geokrety/geokrety-website/tests-qa/acceptance/010_UserRegistration/030_ActivationMailFollowUserLanguage.robot" id="s1-s2-s5" name="030 ActivationMailFollowUserLanguage">
<test id="s1-s2-s5-t1" name="Create an account">
<doc>Create an account</doc>
<tags>
<tag>CreateAccount</tag>
</tags>
<timeout value="2 minutes"></timeout>
<status status="FAIL" endtime="20200818 22:44:09.355" critical="yes" starttime="20200818 22:44:09.354">Parent suite setup failed:
Variable '${BS_ENABLED}' not found.</status>
</test>
<status status="FAIL" endtime="20200818 22:44:09.355" starttime="20200818 22:44:09.352">Parent suite setup failed:
Variable '${BS_ENABLED}' not found.</status>
</suite>
<suite source="/home/travis/build/geokrety/geokrety-website/tests-qa/acceptance/010_UserRegistration/040_TermsofUseMandatory.robot" id="s1-s2-s6" name="040 TermsofUseMandatory">
<test id="s1-s2-s6-t1" name="Terms of use unchecked">
<doc>When unckecked form cannot be submitted</doc>
<tags>
<tag>CreateAccount</tag>
</tags>
<timeout value="2 minutes"></timeout>
<status status="FAIL" endtime="20200818 22:44:09.359" critical="yes" starttime="20200818 22:44:09.358">Parent suite setup failed:
Variable '${BS_ENABLED}' not found.</status>
</test>
<test id="s1-s2-s6-t2" name="Terms of use checked">
<doc>When ckecked form can be submitted</doc>
<tags>
<tag>CreateAccount</tag>
</tags>
<timeout value="2 minutes"></timeout>
<status status="FAIL" endtime="20200818 22:44:09.361" critical="yes" starttime="20200818 22:44:09.360">Parent suite setup failed:
Variable '${BS_ENABLED}' not found.</status>
</test>
<status status="FAIL" endtime="20200818 22:44:09.362" starttime="20200818 22:44:09.357">Parent suite setup failed:
Variable '${BS_ENABLED}' not found.</status>
</suite>
<kw type="teardown" name="Global TearDown" library="FunctionsGlobal">
<kw name="Close Browser" library="SeleniumLibrary">
<doc>Closes the current browser.</doc>
<status status="PASS" endtime="20200818 22:44:09.366" starttime="20200818 22:44:09.365"></status>
</kw>
<status status="PASS" endtime="20200818 22:44:09.366" starttime="20200818 22:44:09.364"></status>
</kw>
<status status="FAIL" endtime="20200818 22:44:09.366" starttime="20200818 22:44:08.836">Suite setup failed:
Variable '${BS_ENABLED}' not found.</status>
</suite>
<suite source="/home/travis/build/geokrety/geokrety-website/tests-qa/acceptance/020_SignIn.robot" id="s1-s3" name="020 SignIn.robot">
<kw type="setup" name="Global Setup" library="FunctionsGlobal">
<kw name="!Open GeoKrety Browser" library="FunctionsGlobal">
<arguments>
<arg>${browser}</arg>
</arguments>
<kw name="Run Keyword If" library="BuiltIn">
<doc>Runs the given keyword with the given arguments, if ``condition`` is true.</doc>
<arguments>
<arg>'${BS_ENABLED}' != 'false'</arg>
<arg>!Open GeoKrety BrowserStack</arg>
<arg>${browser}</arg>
<arg>ELSE</arg>
<arg>!Open GeoKrety Browser Local</arg>
<arg>${browser}</arg>
</arguments>
<msg timestamp="20200818 22:44:09.790" level="FAIL">Variable '${BS_ENABLED}' not found.</msg>
<status status="FAIL" endtime="20200818 22:44:09.791" starttime="20200818 22:44:09.786"></status>
</kw>
<status status="FAIL" endtime="20200818 22:44:09.791" starttime="20200818 22:44:09.785"></status>
</kw>
<status status="FAIL" endtime="20200818 22:44:09.792" starttime="20200818 22:44:09.785"></status>
</kw>
<suite source="/home/travis/build/geokrety/geokrety-website/tests-qa/acceptance/020_SignIn.robot/010_AccountMustBeActivatedFirst.robot" id="s1-s3-s1" name="010 AccountMustBeActivatedFirst">
<test id="s1-s3-s1-t1" name="Create an account">
<doc>Create an account</doc>
<tags>
<tag>CreateAccount</tag>
</tags>
<timeout value="2 minutes"></timeout>
<status status="FAIL" endtime="20200818 22:44:09.794" critical="yes" starttime="20200818 22:44:09.793">Parent suite setup failed:
Variable '${BS_ENABLED}' not found.</status>
</test>
<test id="s1-s3-s1-t2" name="Account not active">
<doc>Non activated accounts could not be used to login</doc>
<tags>
<tag>CreateAccount</tag>
</tags>
<timeout value="2 minutes"></timeout>
<status status="FAIL" endtime="20200818 22:44:09.796" critical="yes" starttime="20200818 22:44:09.795">Parent suite setup failed:
Variable '${BS_ENABLED}' not found.</status>
</test>
<test id="s1-s3-s1-t3" name="Confirmation mail sent again">
<tags>
<tag>CreateAccount</tag>
</tags>
<timeout value="2 minutes"></timeout>
<status status="FAIL" endtime="20200818 22:44:09.798" critical="yes" starttime="20200818 22:44:09.797">Parent suite setup failed:
Variable '${BS_ENABLED}' not found.</status>
</test>
<test id="s1-s3-s1-t4" name="Validated account can login">
<tags>
<tag>CreateAccount</tag>
</tags>
<timeout value="2 minutes"></timeout>
<status status="FAIL" endtime="20200818 22:44:09.799" critical="yes" starttime="20200818 22:44:09.799">Parent suite setup failed:
Variable '${BS_ENABLED}' not found.</status>
</test>
<status status="FAIL" endtime="20200818 22:44:09.800" starttime="20200818 22:44:09.792">Parent suite setup failed:
Variable '${BS_ENABLED}' not found.</status>
</suite>
<suite source="/home/travis/build/geokrety/geokrety-website/tests-qa/acceptance/020_SignIn.robot/020_GoodBadPassword.robot" id="s1-s3-s2" name="020 GoodBadPassword">
<test id="s1-s3-s2-t1" name="Seed an account">
<doc>Seed an account</doc>
<tags>
<tag>CreateAccount</tag>
</tags>
<timeout value="2 minutes"></timeout>
<status status="FAIL" endtime="20200818 22:44:09.805" critical="yes" starttime="20200818 22:44:09.804">Parent suite setup failed:
Variable '${BS_ENABLED}' not found.</status>
</test>
<test id="s1-s3-s2-t2" name="Sign In user">
<doc>Good password</doc>
<tags>
<tag>CreateAccount</tag>
</tags>
<timeout value="2 minutes"></timeout>
<status status="FAIL" endtime="20200818 22:44:09.806" critical="yes" starttime="20200818 22:44:09.805">Parent suite setup failed:
Variable '${BS_ENABLED}' not found.</status>
</test>
<test id="s1-s3-s2-t3" name="Sign In user with wrong password">
<doc>Wrong password</doc>
<tags>
<tag>CreateAccount</tag>
</tags>
<timeout value="2 minutes"></timeout>
<status status="FAIL" endtime="20200818 22:44:09.808" critical="yes" starttime="20200818 22:44:09.807">Parent suite setup failed:
Variable '${BS_ENABLED}' not found.</status>
</test>
<test id="s1-s3-s2-t4" name="Sign In user with non existent username">
<doc>Wrong password</doc>
<tags>
<tag>CreateAccount</tag>
</tags>
<timeout value="2 minutes"></timeout>
<status status="FAIL" endtime="20200818 22:44:09.810" critical="yes" starttime="20200818 22:44:09.809">Parent suite setup failed:
Variable '${BS_ENABLED}' not found.</status>
</test>
<test id="s1-s3-s2-t5" name="Fast devel login">
<doc>Validate the fast sign in function in devel mode</doc>
<tags>
<tag>CreateAccount</tag>
</tags>
<timeout value="2 minutes"></timeout>
<status status="FAIL" endtime="20200818 22:44:09.812" critical="yes" starttime="20200818 22:44:09.811">Parent suite setup failed:
Variable '${BS_ENABLED}' not found.</status>
</test>
<test id="s1-s3-s2-t6" name="Fast devel logout">
<doc>Validate the fast sign out function in devel mode</doc>
<tags>
<tag>CreateAccount</tag>
</tags>
<timeout value="2 minutes"></timeout>
<status status="FAIL" endtime="20200818 22:44:09.813" critical="yes" starttime="20200818 22:44:09.812">Parent suite setup failed:
Variable '${BS_ENABLED}' not found.</status>
</test>
<status status="FAIL" endtime="20200818 22:44:09.814" starttime="20200818 22:44:09.802">Parent suite setup failed:
Variable '${BS_ENABLED}' not found.</status>
</suite>
<suite source="/home/travis/build/geokrety/geokrety-website/tests-qa/acceptance/020_SignIn.robot/030_MustAcceptTermOfUse.robot" id="s1-s3-s3" name="030 MustAcceptTermOfUse">
<test id="s1-s3-s3-t1" name="Seeded are fully valid">
<doc>No TermsOfUse question for seeded users</doc>
<tags>
<tag>CreateAccount</tag>
</tags>
<timeout value="2 minutes"></timeout>
<status status="FAIL" endtime="20200818 22:44:09.819" critical="yes" starttime="20200818 22:44:09.818">Parent suite setup failed:
Variable '${BS_ENABLED}' not found.</status>
</test>
<test id="s1-s3-s3-t2" name="Freshly created accounts are fully valid">
<doc>No TermsOfUse question for fresh users</doc>
<tags>
<tag>CreateAccount</tag>
</tags>
<timeout value="2 minutes"></timeout>
<status status="FAIL" endtime="20200818 22:44:09.820" critical="yes" starttime="20200818 22:44:09.819">Parent suite setup failed:
Variable '${BS_ENABLED}' not found.</status>
</test>
<test id="s1-s3-s3-t3" name="Legacy accounts are asked for terms of use">
<doc>Already present accounts are asked for terms of use</doc>
<tags>
<tag>CreateAccount</tag>
</tags>
<timeout value="2 minutes"></timeout>
<status status="FAIL" endtime="20200818 22:44:09.879" critical="yes" starttime="20200818 22:44:09.821">Parent suite setup failed:
Variable '${BS_ENABLED}' not found.</status>
</test>
<status status="FAIL" endtime="20200818 22:44:09.880" starttime="20200818 22:44:09.816">Parent suite setup failed:
Variable '${BS_ENABLED}' not found.</status>
</suite>
<suite source="/home/travis/build/geokrety/geokrety-website/tests-qa/acceptance/020_SignIn.robot/040_RedirectToPageAfterLogin.robot" id="s1-s3-s4" name="040 RedirectToPageAfterLogin">
<test id="s1-s3-s4-t1" name="Seed">
<tags>
<tag>CreateAccount</tag>
</tags>
<timeout value="2 minutes"></timeout>
<status status="FAIL" endtime="20200818 22:44:09.885" critical="yes" starttime="20200818 22:44:09.884">Parent suite setup failed:
Variable '${BS_ENABLED}' not found.</status>
</test>
<test id="s1-s3-s4-t2" name="Redirects to last page">
<doc>Redirect back on news page</doc>
<tags>
<tag>CreateAccount</tag>
</tags>
<timeout value="2 minutes"></timeout>
<status status="FAIL" endtime="20200818 22:44:09.886" critical="yes" starttime="20200818 22:44:09.885">Parent suite setup failed:
Variable '${BS_ENABLED}' not found.</status>
</test>
<test id="s1-s3-s4-t3" name="No redirect urls">
<doc>Redirect back on home page</doc>
<tags>
<tag>CreateAccount</tag>
</tags>
<timeout value="2 minutes"></timeout>
<status status="FAIL" endtime="20200818 22:44:09.888" critical="yes" starttime="20200818 22:44:09.887">Parent suite setup failed:
Variable '${BS_ENABLED}' not found.</status>
</test>
<status status="FAIL" endtime="20200818 22:44:09.889" starttime="20200818 22:44:09.882">Parent suite setup failed:
Variable '${BS_ENABLED}' not found.</status>
</suite>
<kw type="teardown" name="Global TearDown" library="FunctionsGlobal">
<kw name="Close Browser" library="SeleniumLibrary">
<doc>Closes the current browser.</doc>
<status status="PASS" endtime="20200818 22:44:09.893" starttime="20200818 22:44:09.893"></status>
</kw>
<status status="PASS" endtime="20200818 22:44:09.894" starttime="20200818 22:44:09.892"></status>
</kw>
<status status="FAIL" endtime="20200818 22:44:09.894" starttime="20200818 22:44:09.370">Suite setup failed:
Variable '${BS_ENABLED}' not found.</status>
</suite>
<suite source="/home/travis/build/geokrety/geokrety-website/tests-qa/acceptance/030_GeokretyCreation" id="s1-s4" name="030 GeokretyCreation">
<kw type="setup" name="Global Setup" library="FunctionsGlobal">
<kw name="!Open GeoKrety Browser" library="FunctionsGlobal">
<arguments>
<arg>${browser}</arg>
</arguments>
<kw name="Run Keyword If" library="BuiltIn">
<doc>Runs the given keyword with the given arguments, if ``condition`` is true.</doc>
<arguments>
<arg>'${BS_ENABLED}' != 'false'</arg>
<arg>!Open GeoKrety BrowserStack</arg>
<arg>${browser}</arg>
<arg>ELSE</arg>
<arg>!Open GeoKrety Browser Local</arg>
<arg>${browser}</arg>
</arguments>
<msg timestamp="20200818 22:44:10.297" level="FAIL">Variable '${BS_ENABLED}' not found.</msg>
<status status="FAIL" endtime="20200818 22:44:10.298" starttime="20200818 22:44:10.294"></status>
</kw>
<status status="FAIL" endtime="20200818 22:44:10.298" starttime="20200818 22:44:10.293"></status>
</kw>
<status status="FAIL" endtime="20200818 22:44:10.298" starttime="20200818 22:44:10.292"></status>
</kw>
<suite source="/home/travis/build/geokrety/geokrety-website/tests-qa/acceptance/030_GeokretyCreation/010_FormAccess.robot" id="s1-s4-s1" name="010 FormAccess">
<test id="s1-s4-s1-t1" name="Seed">
<tags>
<tag>CreateAccount</tag>
</tags>
<timeout value="2 minutes"></timeout>
<status status="FAIL" endtime="20200818 22:44:10.300" critical="yes" starttime="20200818 22:44:10.299">Parent suite setup failed:
Variable '${BS_ENABLED}' not found.</status>
</test>
<test id="s1-s4-s1-t2" name="No link present in navbar for anonymous users">
<tags>
<tag>CreateAccount</tag>
</tags>
<timeout value="2 minutes"></timeout>
<status status="FAIL" endtime="20200818 22:44:10.302" critical="yes" starttime="20200818 22:44:10.301">Parent suite setup failed:
Variable '${BS_ENABLED}' not found.</status>
</test>
<test id="s1-s4-s1-t3" name="No link present in profile actions for signed in users">
<tags>
<tag>CreateAccount</tag>
</tags>
<timeout value="2 minutes"></timeout>
<status status="FAIL" endtime="20200818 22:44:10.305" critical="yes" starttime="20200818 22:44:10.303">Parent suite setup failed:
Variable '${BS_ENABLED}' not found.</status>
</test>
<test id="s1-s4-s1-t4" name="Forbidden for anonymous users">
<tags>
<tag>CreateAccount</tag>
<tag>TODO</tag>
</tags>
<timeout value="2 minutes"></timeout>
<status status="FAIL" endtime="20200818 22:44:10.307" critical="yes" starttime="20200818 22:44:10.306">Parent suite setup failed:
Variable '${BS_ENABLED}' not found.</status>
</test>
<test id="s1-s4-s1-t5" name="Sign in">
<tags>
<tag>CreateAccount</tag>
</tags>
<timeout value="2 minutes"></timeout>
<status status="FAIL" endtime="20200818 22:44:10.309" critical="yes" starttime="20200818 22:44:10.308">Parent suite setup failed:
Variable '${BS_ENABLED}' not found.</status>
</test>
<test id="s1-s4-s1-t6" name="Link present in navbar for signed in users">
<tags>
<tag>CreateAccount</tag>
</tags>
<timeout value="2 minutes"></timeout>
<status status="FAIL" endtime="20200818 22:44:10.312" critical="yes" starttime="20200818 22:44:10.310">Parent suite setup failed:
Variable '${BS_ENABLED}' not found.</status>
</test>
<test id="s1-s4-s1-t7" name="Link present on user's profile actions for signed in users">
<tags>
<tag>CreateAccount</tag>
</tags>
<timeout value="2 minutes"></timeout>
<status status="FAIL" endtime="20200818 22:44:10.315" critical="yes" starttime="20200818 22:44:10.313">Parent suite setup failed:
Variable '${BS_ENABLED}' not found.</status>
</test>
<test id="s1-s4-s1-t8" name="Link absent on someone else profile actions">
<tags>
<tag>CreateAccount</tag>
</tags>
<timeout value="2 minutes"></timeout>
<status status="FAIL" endtime="20200818 22:44:10.318" critical="yes" starttime="20200818 22:44:10.316">Parent suite setup failed:
Variable '${BS_ENABLED}' not found.</status>
</test>
<test id="s1-s4-s1-t9" name="Use navbar link to access form">
<tags>
<tag>CreateAccount</tag>
</tags>
<timeout value="2 minutes"></timeout>
<status status="FAIL" endtime="20200818 22:44:10.320" critical="yes" starttime="20200818 22:44:10.319">Parent suite setup failed:
Variable '${BS_ENABLED}' not found.</status>
</test>
<test id="s1-s4-s1-t10" name="Use profile action link to access form">
<tags>
<tag>CreateAccount</tag>
</tags>
<timeout value="2 minutes"></timeout>
<status status="FAIL" endtime="20200818 22:44:10.323" critical="yes" starttime="20200818 22:44:10.322">Parent suite setup failed:
Variable '${BS_ENABLED}' not found.</status>
</test>
<test id="s1-s4-s1-t11" name="Direct link access to form">
<tags>
<tag>CreateAccount</tag>
</tags>
<timeout value="2 minutes"></timeout>
<status status="FAIL" endtime="20200818 22:44:10.326" critical="yes" starttime="20200818 22:44:10.324">Parent suite setup failed:
Variable '${BS_ENABLED}' not found.</status>
</test>
<status status="FAIL" endtime="20200818 22:44:10.327" starttime="20200818 22:44:10.298">Parent suite setup failed:
Variable '${BS_ENABLED}' not found.</status>
</suite>
<suite source="/home/travis/build/geokrety/geokrety-website/tests-qa/acceptance/030_GeokretyCreation/020_CreateGeoKret.robot" id="s1-s4-s2" name="020 CreateGeoKret">
<test id="s1-s4-s2-t1" name="Seed">
<tags>
<tag>CreateAccount</tag>
</tags>
<timeout value="2 minutes"></timeout>
<status status="FAIL" endtime="20200818 22:44:10.335" critical="yes" starttime="20200818 22:44:10.333">Parent suite setup failed:
Variable '${BS_ENABLED}' not found.</status>
</test>
<test id="s1-s4-s2-t2" name="Create A GeoKret">
<tags>
<tag>CreateAccount</tag>
</tags>
<timeout value="2 minutes"></timeout>
<status status="FAIL" endtime="20200818 22:44:10.337" critical="yes" starttime="20200818 22:44:10.336">Parent suite setup failed:
Variable '${BS_ENABLED}' not found.</status>
</test>
<status status="FAIL" endtime="20200818 22:44:10.338" starttime="20200818 22:44:10.331">Parent suite setup failed:
Variable '${BS_ENABLED}' not found.</status>
</suite>
<suite source="/home/travis/build/geokrety/geokrety-website/tests-qa/acceptance/030_GeokretyCreation/030_GeoKretName.robot" id="s1-s4-s3" name="030 GeoKretName">
<test id="s1-s4-s3-t1" name="Seed">
<tags>
<tag>CreateAccount</tag>
</tags>
<timeout value="2 minutes"></timeout>
<status status="FAIL" endtime="20200818 22:44:10.346" critical="yes" starttime="20200818 22:44:10.344">Parent suite setup failed:
Variable '${BS_ENABLED}' not found.</status>
</test>
<test id="s1-s4-s3-t2" name="Name invalid">
<tags>
<tag>CreateAccount</tag>
</tags>
<timeout value="2 minutes"></timeout>
<status status="FAIL" endtime="20200818 22:44:10.349" critical="yes" starttime="20200818 22:44:10.347">Parent suite setup failed:
Variable '${BS_ENABLED}' not found.</status>
</test>
<test id="s1-s4-s3-t3" name="Name invalid (check after submit)">
<tags>
<tag>CreateAccount</tag>
<tag>TODO</tag>
</tags>
<timeout value="2 minutes"></timeout>
<status status="FAIL" endtime="20200818 22:44:10.351" critical="yes" starttime="20200818 22:44:10.350">Parent suite setup failed:
Variable '${BS_ENABLED}' not found.</status>
</test>
<test id="s1-s4-s3-t4" name="Name valid">
<tags>
<tag>CreateAccount</tag>
</tags>
<timeout value="2 minutes"></timeout>
<status status="FAIL" endtime="20200818 22:44:10.354" critical="yes" starttime="20200818 22:44:10.352">Parent suite setup failed:
Variable '${BS_ENABLED}' not found.</status>
</test>
<status status="FAIL" endtime="20200818 22:44:10.355" starttime="20200818 22:44:10.341">Parent suite setup failed:
Variable '${BS_ENABLED}' not found.</status>
</suite>
<suite source="/home/travis/build/geokrety/geokrety-website/tests-qa/acceptance/030_GeokretyCreation/040_GeoKretType.robot" id="s1-s4-s4" name="040 GeoKretType">
<test id="s1-s4-s4-t1" name="Seed">
<tags>
<tag>CreateAccount</tag>
</tags>
<timeout value="2 minutes"></timeout>
<status status="FAIL" endtime="20200818 22:44:10.363" critical="yes" starttime="20200818 22:44:10.361">Parent suite setup failed:
Variable '${BS_ENABLED}' not found.</status>
</test>
<test id="s1-s4-s4-t2" name="Type valid">
<tags>
<tag>CreateAccount</tag>
</tags>
<timeout value="2 minutes"></timeout>
<status status="FAIL" endtime="20200818 22:44:10.365" critical="yes" starttime="20200818 22:44:10.364">Parent suite setup failed:
Variable '${BS_ENABLED}' not found.</status>
</test>
<status status="FAIL" endtime="20200818 22:44:10.366" starttime="20200818 22:44:10.358">Parent suite setup failed:
Variable '${BS_ENABLED}' not found.</status>
</suite>
<suite source="/home/travis/build/geokrety/geokrety-website/tests-qa/acceptance/030_GeokretyCreation/050_GeoKretMission.robot" id="s1-s4-s5" name="050 GeoKretMission">
<test id="s1-s4-s5-t1" name="Seed">
<tags>
<tag>CreateAccount</tag>
</tags>
<timeout value="2 minutes"></timeout>
<status status="FAIL" endtime="20200818 22:44:10.374" critical="yes" starttime="20200818 22:44:10.372">Parent suite setup failed:
Variable '${BS_ENABLED}' not found.</status>
</test>
<test id="s1-s4-s5-t2" name="Text valid">
<tags>
<tag>CreateAccount</tag>
</tags>
<timeout value="2 minutes"></timeout>
<status status="FAIL" endtime="20200818 22:44:10.376" critical="yes" starttime="20200818 22:44:10.375">Parent suite setup failed:
Variable '${BS_ENABLED}' not found.</status>
</test>
<status status="FAIL" endtime="20200818 22:44:10.377" starttime="20200818 22:44:10.369">Parent suite setup failed:
Variable '${BS_ENABLED}' not found.</status>
</suite>
<kw type="teardown" name="Global TearDown" library="FunctionsGlobal">
<kw name="Close Browser" library="SeleniumLibrary">
<doc>Closes the current browser.</doc>
<status status="PASS" endtime="20200818 22:44:10.384" starttime="20200818 22:44:10.383"></status>
</kw>
<status status="PASS" endtime="20200818 22:44:10.384" starttime="20200818 22:44:10.382"></status>
</kw>
<status status="FAIL" endtime="20200818 22:44:10.385" starttime="20200818 22:44:09.898">Suite setup failed:
Variable '${BS_ENABLED}' not found.</status>
</suite>
<suite source="/home/travis/build/geokrety/geokrety-website/tests-qa/acceptance/040_GeokretyDetails" id="s1-s5" name="040 GeokretyDetails">
<kw type="setup" name="Global Setup" library="FunctionsGlobal">
<kw name="!Open GeoKrety Browser" library="FunctionsGlobal">
<arguments>
<arg>${browser}</arg>
</arguments>
<kw name="Run Keyword If" library="BuiltIn">
<doc>Runs the given keyword with the given arguments, if ``condition`` is true.</doc>
<arguments>
<arg>'${BS_ENABLED}' != 'false'</arg>
<arg>!Open GeoKrety BrowserStack</arg>
<arg>${browser}</arg>
<arg>ELSE</arg>
<arg>!Open GeoKrety Browser Local</arg>
<arg>${browser}</arg>
</arguments>
<msg timestamp="20200818 22:44:10.806" level="FAIL">Variable '${BS_ENABLED}' not found.</msg>
<status status="FAIL" endtime="20200818 22:44:10.806" starttime="20200818 22:44:10.803"></status>
</kw>
<status status="FAIL" endtime="20200818 22:44:10.806" starttime="20200818 22:44:10.802"></status>
</kw>
<status status="FAIL" endtime="20200818 22:44:10.806" starttime="20200818 22:44:10.801"></status>
</kw>
<suite source="/home/travis/build/geokrety/geokrety-website/tests-qa/acceptance/040_GeokretyDetails/010_Details.robot" id="s1-s5-s1" name="010 Details">
<test id="s1-s5-s1-t1" name="Seed">
<tags>
<tag>CreateAccount</tag>
</tags>
<timeout value="2 minutes"></timeout>
<status status="FAIL" endtime="20200818 22:44:10.809" critical="yes" starttime="20200818 22:44:10.808">Parent suite setup failed:
Variable '${BS_ENABLED}' not found.</status>
</test>
<test id="s1-s5-s1-t2" name="Public Information Visible - anonymous">
<tags>
<tag>CreateAccount</tag>
</tags>
<timeout value="2 minutes"></timeout>
<status status="FAIL" endtime="20200818 22:44:10.811" critical="yes" starttime="20200818 22:44:10.810">Parent suite setup failed:
Variable '${BS_ENABLED}' not found.</status>
</test>
<test id="s1-s5-s1-t3" name="Private Information Not Visible - anonymous">
<tags>
<tag>CreateAccount</tag>
</tags>
<timeout value="2 minutes"></timeout>
<status status="FAIL" endtime="20200818 22:44:10.814" critical="yes" starttime="20200818 22:44:10.812">Parent suite setup failed:
Variable '${BS_ENABLED}' not found.</status>
</test>
<test id="s1-s5-s1-t4" name="Public Information Visible - authenticated">
<tags>
<tag>CreateAccount</tag>
</tags>
<timeout value="2 minutes"></timeout>
<status status="FAIL" endtime="20200818 22:44:10.816" critical="yes" starttime="20200818 22:44:10.815">Parent suite setup failed:
Variable '${BS_ENABLED}' not found.</status>
</test>
<test id="s1-s5-s1-t5" name="Private Information Visible - authenticated - owned">
<tags>
<tag>CreateAccount</tag>
</tags>
<timeout value="2 minutes"></timeout>
<status status="FAIL" endtime="20200818 22:44:10.818" critical="yes" starttime="20200818 22:44:10.817">Parent suite setup failed:
Variable '${BS_ENABLED}' not found.</status>
</test>
<test id="s1-s5-s1-t6" name="Private Information Not Visible - authenticated - not owned">
<tags>
<tag>CreateAccount</tag>
</tags>
<timeout value="2 minutes"></timeout>
<status status="FAIL" endtime="20200818 22:44:10.821" critical="yes" starttime="20200818 22:44:10.819">Parent suite setup failed:
Variable '${BS_ENABLED}' not found.</status>
</test>
<status status="FAIL" endtime="20200818 22:44:10.822" starttime="20200818 22:44:10.807">Parent suite setup failed:
Variable '${BS_ENABLED}' not found.</status>
</suite>
<suite source="/home/travis/build/geokrety/geokrety-website/tests-qa/acceptance/040_GeokretyDetails/020_Mission.robot" id="s1-s5-s2" name="020 Mission">
<test id="s1-s5-s2-t1" name="Seed">
<tags>
<tag>CreateAccount</tag>
</tags>
<timeout value="2 minutes"></timeout>
<status status="FAIL" endtime="20200818 22:44:10.828" critical="yes" starttime="20200818 22:44:10.827">Parent suite setup failed:
Variable '${BS_ENABLED}' not found.</status>
</test>
<test id="s1-s5-s2-t2" name="Mission is shown - anonymous">
<tags>
<tag>CreateAccount</tag>
</tags>
<timeout value="2 minutes"></timeout>
<status status="FAIL" endtime="20200818 22:44:10.831" critical="yes" starttime="20200818 22:44:10.829">Parent suite setup failed:
Variable '${BS_ENABLED}' not found.</status>
</test>
<test id="s1-s5-s2-t3" name="Placeholder when no mission - anonymous">
<tags>
<tag>CreateAccount</tag>
</tags>
<timeout value="2 minutes"></timeout>
<status status="FAIL" endtime="20200818 22:44:10.833" critical="yes" starttime="20200818 22:44:10.832">Parent suite setup failed:
Variable '${BS_ENABLED}' not found.</status>
</test>
<test id="s1-s5-s2-t4" name="Mission is shown - authenticated - owned">
<tags>
<tag>CreateAccount</tag>
</tags>
<timeout value="2 minutes"></timeout>
<status status="FAIL" endtime="20200818 22:44:10.835" critical="yes" starttime="20200818 22:44:10.834">Parent suite setup failed:
Variable '${BS_ENABLED}' not found.</status>
</test>
<test id="s1-s5-s2-t5" name="Placeholder when no mission - authenticated - owned">
<tags>
<tag>CreateAccount</tag>
</tags>
<timeout value="2 minutes"></timeout>
<status status="FAIL" endtime="20200818 22:44:10.837" critical="yes" starttime="20200818 22:44:10.836">Parent suite setup failed:
Variable '${BS_ENABLED}' not found.</status>
</test>
<test id="s1-s5-s2-t6" name="Mission is shown - authenticated - not owned">
<tags>
<tag>CreateAccount</tag>
</tags>
<timeout value="2 minutes"></timeout>
<status status="FAIL" endtime="20200818 22:44:10.840" critical="yes" starttime="20200818 22:44:10.838">Parent suite setup failed:
Variable '${BS_ENABLED}' not found.</status>
</test>
<test id="s1-s5-s2-t7" name="Placeholder when no mission - authenticated - not owned">
<tags>
<tag>CreateAccount</tag>
</tags>
<timeout value="2 minutes"></timeout>
<status status="FAIL" endtime="20200818 22:44:10.842" critical="yes" starttime="20200818 22:44:10.841">Parent suite setup failed:
Variable '${BS_ENABLED}' not found.</status>
</test>
<status status="FAIL" endtime="20200818 22:44:10.843" starttime="20200818 22:44:10.825">Parent suite setup failed:
Variable '${BS_ENABLED}' not found.</status>
</suite>
<kw type="teardown" name="Global TearDown" library="FunctionsGlobal">
<kw name="Close Browser" library="SeleniumLibrary">
<doc>Closes the current browser.</doc>
<status status="PASS" endtime="20200818 22:44:10.850" starttime="20200818 22:44:10.849"></status>
</kw>
<status status="PASS" endtime="20200818 22:44:10.850" starttime="20200818 22:44:10.847"></status>
</kw>
<status status="FAIL" endtime="20200818 22:44:10.850" starttime="20200818 22:44:10.394">Suite setup failed:
Variable '${BS_ENABLED}' not found.</status>
</suite>
<suite source="/home/travis/build/geokrety/geokrety-website/tests-qa/acceptance/050_UsersDetails" id="s1-s6" name="050 UsersDetails">
<kw type="setup" name="Global Setup" library="FunctionsGlobal">
<kw name="!Open GeoKrety Browser" library="FunctionsGlobal">
<arguments>
<arg>${browser}</arg>
</arguments>
<kw name="Run Keyword If" library="BuiltIn">
<doc>Runs the given keyword with the given arguments, if ``condition`` is true.</doc>
<arguments>
<arg>'${BS_ENABLED}' != 'false'</arg>
<arg>!Open GeoKrety BrowserStack</arg>
<arg>${browser}</arg>
<arg>ELSE</arg>
<arg>!Open GeoKrety Browser Local</arg>
<arg>${browser}</arg>
</arguments>
<msg timestamp="20200818 22:44:11.224" level="FAIL">Variable '${BS_ENABLED}' not found.</msg>
<status status="FAIL" endtime="20200818 22:44:11.224" starttime="20200818 22:44:11.221"></status>
</kw>
<status status="FAIL" endtime="20200818 22:44:11.224" starttime="20200818 22:44:11.219"></status>
</kw>
<status status="FAIL" endtime="20200818 22:44:11.225" starttime="20200818 22:44:11.218"></status>
</kw>
<suite source="/home/travis/build/geokrety/geokrety-website/tests-qa/acceptance/050_UsersDetails/010_Details.robot" id="s1-s6-s1" name="010 Details">
<test id="s1-s6-s1-t1" name="Seed">
<timeout value="2 minutes"></timeout>
<status status="FAIL" endtime="20200818 22:44:11.227" critical="yes" starttime="20200818 22:44:11.226">Parent suite setup failed:
Variable '${BS_ENABLED}' not found.</status>
</test>
<test id="s1-s6-s1-t2" name="Public Information Visible - anonymous">
<timeout value="2 minutes"></timeout>
<status status="FAIL" endtime="20200818 22:44:11.229" critical="yes" starttime="20200818 22:44:11.228">Parent suite setup failed:
Variable '${BS_ENABLED}' not found.</status>
</test>
<test id="s1-s6-s1-t3" name="Private Information Not Visible - anonymous">
<timeout value="2 minutes"></timeout>
<status status="FAIL" endtime="20200818 22:44:11.231" critical="yes" starttime="20200818 22:44:11.230">Parent suite setup failed:
Variable '${BS_ENABLED}' not found.</status>
</test>
<test id="s1-s6-s1-t4" name="Public Information Visible - authenticated">
<timeout value="2 minutes"></timeout>
<status status="FAIL" endtime="20200818 22:44:11.233" critical="yes" starttime="20200818 22:44:11.232">Parent suite setup failed:
Variable '${BS_ENABLED}' not found.</status>
</test>
<test id="s1-s6-s1-t5" name="Private Information Visible - authenticated - himself">
<timeout value="2 minutes"></timeout>
<status status="FAIL" endtime="20200818 22:44:11.235" critical="yes" starttime="20200818 22:44:11.234">Parent suite setup failed:
Variable '${BS_ENABLED}' not found.</status>
</test>
<test id="s1-s6-s1-t6" name="Private Information Not Visible - authenticated - someone else">
<timeout value="2 minutes"></timeout>
<status status="FAIL" endtime="20200818 22:44:11.238" critical="yes" starttime="20200818 22:44:11.236">Parent suite setup failed:
Variable '${BS_ENABLED}' not found.</status>
</test>
<status status="FAIL" endtime="20200818 22:44:11.239" starttime="20200818 22:44:11.225">Parent suite setup failed:
Variable '${BS_ENABLED}' not found.</status>
</suite>
<suite source="/home/travis/build/geokrety/geokrety-website/tests-qa/acceptance/050_UsersDetails/020_Awards.robot" id="s1-s6-s2" name="020 Awards">
<test id="s1-s6-s2-t1" name="Seed">
<timeout value="2 minutes"></timeout>
<status status="FAIL" endtime="20200818 22:44:11.248" critical="yes" starttime="20200818 22:44:11.247">Parent suite setup failed:
Variable '${BS_ENABLED}' not found.</status>
</test>
<test id="s1-s6-s2-t2" name="Panel should be present">
<timeout value="2 minutes"></timeout>
<status status="FAIL" endtime="20200818 22:44:11.251" critical="yes" starttime="20200818 22:44:11.249">Parent suite setup failed:
Variable '${BS_ENABLED}' not found.</status>
</test>
<test id="s1-s6-s2-t3" name="Stats present">
<timeout value="2 minutes"></timeout>
<status status="FAIL" endtime="20200818 22:44:11.253" critical="yes" starttime="20200818 22:44:11.252">Parent suite setup failed:
Variable '${BS_ENABLED}' not found.</status>
</test>
<test id="s1-s6-s2-t4" name="Stats are per user">
<timeout value="2 minutes"></timeout>
<status status="FAIL" endtime="20200818 22:44:11.255" critical="yes" starttime="20200818 22:44:11.254">Parent suite setup failed:
Variable '${BS_ENABLED}' not found.</status>
</test>
<test id="s1-s6-s2-t5" name="Stat created incremented">
<timeout value="10 minutes"></timeout>
<status status="FAIL" endtime="20200818 22:44:11.257" critical="yes" starttime="20200818 22:44:11.256">Parent suite setup failed:
Variable '${BS_ENABLED}' not found.</status>
</test>
<status status="FAIL" endtime="20200818 22:44:11.258" starttime="20200818 22:44:11.242">Parent suite setup failed:
Variable '${BS_ENABLED}' not found.</status>
</suite>
<suite source="/home/travis/build/geokrety/geokrety-website/tests-qa/acceptance/050_UsersDetails/030_Statpic.robot" id="s1-s6-s3" name="030 Statpic">
<test id="s1-s6-s3-t1" name="Statpic generated on user create">
<timeout value="2 minutes"></timeout>
<status status="FAIL" endtime="20200818 22:44:11.264" critical="yes" starttime="20200818 22:44:11.262">Parent suite setup failed:
Variable '${BS_ENABLED}' not found.</status>
</test>
<test id="s1-s6-s3-t2" name="Statpic updated on geokrety create">
<timeout value="2 minutes"></timeout>
<status status="FAIL" endtime="20200818 22:44:11.266" critical="yes" starttime="20200818 22:44:11.265">Parent suite setup failed:
Variable '${BS_ENABLED}' not found.</status>
</test>
<status status="FAIL" endtime="20200818 22:44:11.267" starttime="20200818 22:44:11.260">Parent suite setup failed:
Variable '${BS_ENABLED}' not found.</status>
</suite>
<suite source="/home/travis/build/geokrety/geokrety-website/tests-qa/acceptance/050_UsersDetails/040_ProfileEditable.robot" id="s1-s6-s4" name="040 ProfileEditable">
<test id="s1-s6-s4-t1" name="Seed">
<timeout value="2 minutes"></timeout>
<status status="FAIL" endtime="20200818 22:44:11.273" critical="yes" starttime="20200818 22:44:11.272">Parent suite setup failed:
Variable '${BS_ENABLED}' not found.</status>
</test>
<test id="s1-s6-s4-t2" name="Buttons shown for anonymous users">
<timeout value="2 minutes"></timeout>
<status status="FAIL" endtime="20200818 22:44:11.275" critical="yes" starttime="20200818 22:44:11.274">Parent suite setup failed:
Variable '${BS_ENABLED}' not found.</status>
</test>
<test id="s1-s6-s4-t3" name="Buttons shown for authenticated users">
<timeout value="2 minutes"></timeout>
<status status="FAIL" endtime="20200818 22:44:11.277" critical="yes" starttime="20200818 22:44:11.276">Parent suite setup failed:
Variable '${BS_ENABLED}' not found.</status>
</test>
<test id="s1-s6-s4-t4" name="Buttons shown for authenticated users - himself">
<timeout value="2 minutes"></timeout>
<status status="FAIL" endtime="20200818 22:44:11.279" critical="yes" starttime="20200818 22:44:11.278">Parent suite setup failed:
Variable '${BS_ENABLED}' not found.</status>
</test>
<status status="FAIL" endtime="20200818 22:44:11.280" starttime="20200818 22:44:11.269">Parent suite setup failed:
Variable '${BS_ENABLED}' not found.</status>
</suite>
<suite source="/home/travis/build/geokrety/geokrety-website/tests-qa/acceptance/050_UsersDetails/050_BanerTemplate.robot" id="s1-s6-s5" name="050 BanerTemplate">
<test id="s1-s6-s5-t1" name="Seed">
<timeout value="2 minutes"></timeout>
<status status="FAIL" endtime="20200818 22:44:11.286" critical="yes" starttime="20200818 22:44:11.285">Parent suite setup failed:
Variable '${BS_ENABLED}' not found.</status>
</test>
<test id="s1-s6-s5-t2" name="Anonymous users are refused">
<timeout value="2 minutes"></timeout>
<status status="FAIL" endtime="20200818 22:44:11.288" critical="yes" starttime="20200818 22:44:11.287">Parent suite setup failed:
Variable '${BS_ENABLED}' not found.</status>
</test>
<test id="s1-s6-s5-t3" name="Users cannot edit other user banner">
<tags>
<tag>TODO</tag>
</tags>
<timeout value="2 minutes"></timeout>
<status status="FAIL" endtime="20200818 22:44:11.290" critical="yes" starttime="20200818 22:44:11.289">Parent suite setup failed:
Variable '${BS_ENABLED}' not found.</status>
</test>
<test id="s1-s6-s5-t4" name="Select banner">
<timeout value="2 minutes"></timeout>
<status status="FAIL" endtime="20200818 22:44:11.292" critical="yes" starttime="20200818 22:44:11.291">Parent suite setup failed:
Variable '${BS_ENABLED}' not found.</status>
</test>
<status status="FAIL" endtime="20200818 22:44:11.294" starttime="20200818 22:44:11.283">Parent suite setup failed:
Variable '${BS_ENABLED}' not found.</status>
</suite>
<suite source="/home/travis/build/geokrety/geokrety-website/tests-qa/acceptance/050_UsersDetails/060_ObservationArea.robot" id="s1-s6-s6" name="060 ObservationArea">
<test id="s1-s6-s6-t1" name="Seed">
<timeout value="2 minutes"></timeout>
<status status="FAIL" endtime="20200818 22:44:11.302" critical="yes" starttime="20200818 22:44:11.301">Parent suite setup failed:
Variable '${BS_ENABLED}' not found.</status>
</test>
<test id="s1-s6-s6-t2" name="Anonymous users are refused">
<timeout value="2 minutes"></timeout>
<status status="FAIL" endtime="20200818 22:44:11.304" critical="yes" starttime="20200818 22:44:11.303">Parent suite setup failed:
Variable '${BS_ENABLED}' not found.</status>
</test>
<test id="s1-s6-s6-t3" name="Users cannot edit other user observation area">
<tags>
<tag>TODO</tag>
</tags>
<timeout value="2 minutes"></timeout>
<status status="FAIL" endtime="20200818 22:44:11.306" critical="yes" starttime="20200818 22:44:11.305">Parent suite setup failed:
Variable '${BS_ENABLED}' not found.</status>
</test>
<test id="s1-s6-s6-t4" name="Move pan should update coordinates field">
<timeout value="2 minutes"></timeout>
<status status="FAIL" endtime="20200818 22:44:11.308" critical="yes" starttime="20200818 22:44:11.307">Parent suite setup failed:
Variable '${BS_ENABLED}' not found.</status>
</test>
<test id="s1-s6-s6-t5" name="Observation radius is set to 0 by default">
<timeout value="2 minutes"></timeout>
<status status="FAIL" endtime="20200818 22:44:11.310" critical="yes" starttime="20200818 22:44:11.309">Parent suite setup failed:
Variable '${BS_ENABLED}' not found.</status>
</test>
<test id="s1-s6-s6-t6" name="Observation radius between 0-10">
<timeout value="2 minutes"></timeout>
<status status="FAIL" endtime="20200818 22:44:11.312" critical="yes" starttime="20200818 22:44:11.311">Parent suite setup failed:
Variable '${BS_ENABLED}' not found.</status>
</test>
<test id="s1-s6-s6-t7" name="Observation radius outside range">
<timeout value="2 minutes"></timeout>
<status status="FAIL" endtime="20200818 22:44:11.314" critical="yes" starttime="20200818 22:44:11.313">Parent suite setup failed:
Variable '${BS_ENABLED}' not found.</status>
</test>
<test id="s1-s6-s6-t8" name="Map should reflect manual coordinates input">
<timeout value="2 minutes"></timeout>
<status status="FAIL" endtime="20200818 22:44:11.316" critical="yes" starttime="20200818 22:44:11.315">Parent suite setup failed:
Variable '${BS_ENABLED}' not found.</status>
</test>
<test id="s1-s6-s6-t9" name="Map circle should reflect observation radius 0">
<timeout value="2 minutes"></timeout>
<status status="FAIL" endtime="20200818 22:44:11.318" critical="yes" starttime="20200818 22:44:11.317">Parent suite setup failed:
Variable '${BS_ENABLED}' not found.</status>
</test>
<test id="s1-s6-s6-t10" name="Map circle should reflect observation radius 1">
<timeout value="2 minutes"></timeout>
<status status="FAIL" endtime="20200818 22:44:11.319" critical="yes" starttime="20200818 22:44:11.318">Parent suite setup failed:
Variable '${BS_ENABLED}' not found.</status>
</test>
<test id="s1-s6-s6-t11" name="Map circle should reflect observation radius 5">
<timeout value="2 minutes"></timeout>
<status status="FAIL" endtime="20200818 22:44:11.320" critical="yes" starttime="20200818 22:44:11.319">Parent suite setup failed:
Variable '${BS_ENABLED}' not found.</status>
</test>
<test id="s1-s6-s6-t12" name="Map circle should reflect observation radius 10">
<timeout value="2 minutes"></timeout>
<status status="FAIL" endtime="20200818 22:44:11.321" critical="yes" starttime="20200818 22:44:11.320">Parent suite setup failed:
Variable '${BS_ENABLED}' not found.</status>
</test>
<test id="s1-s6-s6-t13" name="Check valid coordinates">
<timeout value="2 minutes"></timeout>
<status status="FAIL" endtime="20200818 22:44:11.322" critical="yes" starttime="20200818 22:44:11.321">Parent suite setup failed:
Variable '${BS_ENABLED}' not found.</status>
</test>
<test id="s1-s6-s6-t14" name="Check invalid coordinates">
<timeout value="2 minutes"></timeout>
<status status="FAIL" endtime="20200818 22:44:11.323" critical="yes" starttime="20200818 22:44:11.322">Parent suite setup failed:
Variable '${BS_ENABLED}' not found.</status>
</test>
<test id="s1-s6-s6-t15" name="Save Observation Area Preferences">
<timeout value="2 minutes"></timeout>
<status status="FAIL" endtime="20200818 22:44:11.324" critical="yes" starttime="20200818 22:44:11.323">Parent suite setup failed:
Variable '${BS_ENABLED}' not found.</status>
</test>
<status status="FAIL" endtime="20200818 22:44:11.325" starttime="20200818 22:44:11.296">Parent suite setup failed:
Variable '${BS_ENABLED}' not found.</status>
</suite>
<kw type="teardown" name="Global TearDown" library="FunctionsGlobal">
<kw name="Close Browser" library="SeleniumLibrary">
<doc>Closes the current browser.</doc>
<status status="PASS" endtime="20200818 22:44:11.330" starttime="20200818 22:44:11.330"></status>
</kw>
<status status="PASS" endtime="20200818 22:44:11.331" starttime="20200818 22:44:11.329"></status>
</kw>
<status status="FAIL" endtime="20200818 22:44:11.331" starttime="20200818 22:44:10.856">Suite setup failed:
Variable '${BS_ENABLED}' not found.</status>
</suite>
<suite source="/home/travis/build/geokrety/geokrety-website/tests-qa/acceptance/060_UserAvatar.robot" id="s1-s7" name="060 UserAvatar.robot">
<kw type="setup" name="Global Setup" library="FunctionsGlobal">
<kw name="!Open GeoKrety Browser" library="FunctionsGlobal">
<arguments>
<arg>${browser}</arg>
</arguments>
<kw name="Run Keyword If" library="BuiltIn">
<doc>Runs the given keyword with the given arguments, if ``condition`` is true.</doc>
<arguments>
<arg>'${BS_ENABLED}' != 'false'</arg>
<arg>!Open GeoKrety BrowserStack</arg>
<arg>${browser}</arg>
<arg>ELSE</arg>
<arg>!Open GeoKrety Browser Local</arg>
<arg>${browser}</arg>
</arguments>
<msg timestamp="20200818 22:44:11.753" level="FAIL">Variable '${BS_ENABLED}' not found.</msg>
<status status="FAIL" endtime="20200818 22:44:11.753" starttime="20200818 22:44:11.750"></status>
</kw>
<status status="FAIL" endtime="20200818 22:44:11.754" starttime="20200818 22:44:11.748"></status>
</kw>
<status status="FAIL" endtime="20200818 22:44:11.754" starttime="20200818 22:44:11.747"></status>
</kw>
<suite source="/home/travis/build/geokrety/geokrety-website/tests-qa/acceptance/060_UserAvatar.robot/010_Access.robot" id="s1-s7-s1" name="010 Access">
<test id="s1-s7-s1-t1" name="Seed">
<timeout value="2 minutes"></timeout>
<status status="FAIL" endtime="20200818 22:44:11.756" critical="yes" starttime="20200818 22:44:11.755">Parent suite setup failed:
Variable '${BS_ENABLED}' not found.</status>
</test>
<test id="s1-s7-s1-t2" name="Anonymous should not see draggable">
<timeout value="2 minutes"></timeout>
<status status="FAIL" endtime="20200818 22:44:11.758" critical="yes" starttime="20200818 22:44:11.757">Parent suite setup failed:
Variable '${BS_ENABLED}' not found.</status>
</test>
<test id="s1-s7-s1-t3" name="User himself should see draggable">
<timeout value="2 minutes"></timeout>
<status status="FAIL" endtime="20200818 22:44:11.761" critical="yes" starttime="20200818 22:44:11.759">Parent suite setup failed:
Variable '${BS_ENABLED}' not found.</status>
</test>
<test id="s1-s7-s1-t4" name="Authenticated should not see draggable for other users">
<timeout value="2 minutes"></timeout>
<status status="FAIL" endtime="20200818 22:44:11.763" critical="yes" starttime="20200818 22:44:11.761">Parent suite setup failed:
Variable '${BS_ENABLED}' not found.</status>
</test>
<status status="FAIL" endtime="20200818 22:44:11.764" starttime="20200818 22:44:11.754">Parent suite setup failed:
Variable '${BS_ENABLED}' not found.</status>
</suite>
<suite source="/home/travis/build/geokrety/geokrety-website/tests-qa/acceptance/060_UserAvatar.robot/020_AvatarUpload.robot" id="s1-s7-s2" name="020 AvatarUpload">
<test id="s1-s7-s2-t1" name="Upload image via button">
<timeout value="2 minutes"></timeout>
<status status="FAIL" endtime="20200818 22:44:11.770" critical="yes" starttime="20200818 22:44:11.769">Parent suite setup failed:
Variable '${BS_ENABLED}' not found.</status>
</test>
<test id="s1-s7-s2-t2" name="Upload image via Drag/Drop - same page">
<timeout value="2 minutes"></timeout>
<status status="FAIL" endtime="20200818 22:44:11.772" critical="yes" starttime="20200818 22:44:11.771">Parent suite setup failed:
Variable '${BS_ENABLED}' not found.</status>
</test>
<status status="FAIL" endtime="20200818 22:44:11.774" starttime="20200818 22:44:11.767">Parent suite setup failed:
Variable '${BS_ENABLED}' not found.</status>
</suite>
<suite source="/home/travis/build/geokrety/geokrety-website/tests-qa/acceptance/060_UserAvatar.robot/030_DefineAsMain.robot" id="s1-s7-s3" name="030 DefineAsMain">
<test id="s1-s7-s3-t1" name="Set image as main avatar">
<timeout value="2 minutes"></timeout>
<status status="FAIL" endtime="20200818 22:44:11.779" critical="yes" starttime="20200818 22:44:11.778">Parent suite setup failed:
Variable '${BS_ENABLED}' not found.</status>
</test>
<test id="s1-s7-s3-t2" name="Set second image as main avatar">
<timeout value="2 minutes"></timeout>
<status status="FAIL" endtime="20200818 22:44:11.782" critical="yes" starttime="20200818 22:44:11.780">Parent suite setup failed:
Variable '${BS_ENABLED}' not found.</status>
</test>
<status status="FAIL" endtime="20200818 22:44:11.783" starttime="20200818 22:44:11.776">Parent suite setup failed:
Variable '${BS_ENABLED}' not found.</status>
</suite>
<suite source="/home/travis/build/geokrety/geokrety-website/tests-qa/acceptance/060_UserAvatar.robot/040_UpdateCaption.robot" id="s1-s7-s4" name="040 UpdateCaption">
<test id="s1-s7-s4-t1" name="Seed">
<timeout value="2 minutes"></timeout>
<status status="FAIL" endtime="20200818 22:44:11.789" critical="yes" starttime="20200818 22:44:11.788">Parent suite setup failed:
Variable '${BS_ENABLED}' not found.</status>
</test>
<test id="s1-s7-s4-t2" name="Define Picture Caption">
<timeout value="2 minutes"></timeout>
<status status="FAIL" endtime="20200818 22:44:11.791" critical="yes" starttime="20200818 22:44:11.790">Parent suite setup failed:
Variable '${BS_ENABLED}' not found.</status>
</test>
<status status="FAIL" endtime="20200818 22:44:11.793" starttime="20200818 22:44:11.786">Parent suite setup failed:
Variable '${BS_ENABLED}' not found.</status>
</suite>
<suite source="/home/travis/build/geokrety/geokrety-website/tests-qa/acceptance/060_UserAvatar.robot/050_DeletePicture.robot" id="s1-s7-s5" name="050 DeletePicture">
<test id="s1-s7-s5-t1" name="Delete Picture">
<timeout value="2 minutes"></timeout>
<status status="FAIL" endtime="20200818 22:44:11.800" critical="yes" starttime="20200818 22:44:11.798">Parent suite setup failed:
Variable '${BS_ENABLED}' not found.</status>
</test>
<test id="s1-s7-s5-t2" name="Delete 1 picture should leave other present">
<timeout value="2 minutes"></timeout>
<status status="FAIL" endtime="20200818 22:44:11.803" critical="yes" starttime="20200818 22:44:11.801">Parent suite setup failed:
Variable '${BS_ENABLED}' not found.</status>
</test>
<status status="FAIL" endtime="20200818 22:44:11.804" starttime="20200818 22:44:11.795">Parent suite setup failed:
Variable '${BS_ENABLED}' not found.</status>
</suite>
<suite source="/home/travis/build/geokrety/geokrety-website/tests-qa/acceptance/060_UserAvatar.robot/060_ShowOnHomepage.robot" id="s1-s7-s6" name="060 ShowOnHomepage">
<test id="s1-s7-s6-t1" name="Should be shown on Homepage">
<timeout value="2 minutes"></timeout>
<status status="FAIL" endtime="20200818 22:44:11.813" critical="yes" starttime="20200818 22:44:11.811">Parent suite setup failed:
Variable '${BS_ENABLED}' not found.</status>
</test>
<status status="FAIL" endtime="20200818 22:44:11.815" starttime="20200818 22:44:11.808">Parent suite setup failed:
Variable '${BS_ENABLED}' not found.</status>
</suite>
<kw type="teardown" name="Global TearDown" library="FunctionsGlobal">
<kw name="Close Browser" library="SeleniumLibrary">
<doc>Closes the current browser.</doc>
<status status="PASS" endtime="20200818 22:44:11.822" starttime="20200818 22:44:11.821"></status>
</kw>
<status status="PASS" endtime="20200818 22:44:11.822" starttime="20200818 22:44:11.819"></status>
</kw>
<status status="FAIL" endtime="20200818 22:44:11.823" starttime="20200818 22:44:11.341">Suite setup failed:
Variable '${BS_ENABLED}' not found.</status>
</suite>
<suite source="/home/travis/build/geokrety/geokrety-website/tests-qa/acceptance/070_UserPassword" id="s1-s8" name="070 UserPassword">
<kw type="setup" name="Global Setup" library="FunctionsGlobal">
<kw name="!Open GeoKrety Browser" library="FunctionsGlobal">
<arguments>
<arg>${browser}</arg>
</arguments>
<kw name="Run Keyword If" library="BuiltIn">
<doc>Runs the given keyword with the given arguments, if ``condition`` is true.</doc>
<arguments>
<arg>'${BS_ENABLED}' != 'false'</arg>
<arg>!Open GeoKrety BrowserStack</arg>
<arg>${browser}</arg>
<arg>ELSE</arg>
<arg>!Open GeoKrety Browser Local</arg>
<arg>${browser}</arg>
</arguments>
<msg timestamp="20200818 22:44:12.207" level="FAIL">Variable '${BS_ENABLED}' not found.</msg>
<status status="FAIL" endtime="20200818 22:44:12.207" starttime="20200818 22:44:12.204"></status>
</kw>
<status status="FAIL" endtime="20200818 22:44:12.208" starttime="20200818 22:44:12.204"></status>
</kw>
<status status="FAIL" endtime="20200818 22:44:12.208" starttime="20200818 22:44:12.203"></status>
</kw>
<suite source="/home/travis/build/geokrety/geokrety-website/tests-qa/acceptance/070_UserPassword/010_Access.robot" id="s1-s8-s1" name="010 Access">
<test id="s1-s8-s1-t1" name="Seed">
<timeout value="2 minutes"></timeout>
<status status="FAIL" endtime="20200818 22:44:12.211" critical="yes" starttime="20200818 22:44:12.210">Parent suite setup failed:
Variable '${BS_ENABLED}' not found.</status>
</test>
<test id="s1-s8-s1-t2" name="Anonymous users should not access form">
<timeout value="2 minutes"></timeout>
<status status="FAIL" endtime="20200818 22:44:12.212" critical="yes" starttime="20200818 22:44:12.211">Parent suite setup failed:
Variable '${BS_ENABLED}' not found.</status>
</test>
<test id="s1-s8-s1-t3" name="User himself can access form - Form">
<timeout value="2 minutes"></timeout>
<status status="FAIL" endtime="20200818 22:44:12.214" critical="yes" starttime="20200818 22:44:12.213">Parent suite setup failed:
Variable '${BS_ENABLED}' not found.</status>
</test>
<test id="s1-s8-s1-t4" name="User himself can access form - Modal">
<timeout value="2 minutes"></timeout>
<status status="FAIL" endtime="20200818 22:44:12.216" critical="yes" starttime="20200818 22:44:12.215">Parent suite setup failed:
Variable '${BS_ENABLED}' not found.</status>
</test>
<test id="s1-s8-s1-t5" name="Expired session ask to login">
<timeout value="2 minutes"></timeout>
<status status="FAIL" endtime="20200818 22:44:12.217" critical="yes" starttime="20200818 22:44:12.216">Parent suite setup failed:
Variable '${BS_ENABLED}' not found.</status>
</test>
<status status="FAIL" endtime="20200818 22:44:12.218" starttime="20200818 22:44:12.208">Parent suite setup failed:
Variable '${BS_ENABLED}' not found.</status>
</suite>
<suite source="/home/travis/build/geokrety/geokrety-website/tests-qa/acceptance/070_UserPassword/020_ChangeValid.robot" id="s1-s8-s2" name="020 ChangeValid">
<test id="s1-s8-s2-t1" name="Valid password change - modal">
<timeout value="2 minutes"></timeout>
<status status="FAIL" endtime="20200818 22:44:12.223" critical="yes" starttime="20200818 22:44:12.222">Parent suite setup failed:
Variable '${BS_ENABLED}' not found.</status>
</test>
<test id="s1-s8-s2-t2" name="Valid password change - page form">
<timeout value="2 minutes"></timeout>
<status status="FAIL" endtime="20200818 22:44:12.224" critical="yes" starttime="20200818 22:44:12.223">Parent suite setup failed:
Variable '${BS_ENABLED}' not found.</status>
</test>
<test id="s1-s8-s2-t3" name="Confirmation mail should be sent">
<timeout value="2 minutes"></timeout>
<status status="FAIL" endtime="20200818 22:44:12.226" critical="yes" starttime="20200818 22:44:12.225">Parent suite setup failed:
Variable '${BS_ENABLED}' not found.</status>
</test>
<status status="FAIL" endtime="20200818 22:44:12.227" starttime="20200818 22:44:12.220">Parent suite setup failed:
Variable '${BS_ENABLED}' not found.</status>
</suite>
<suite source="/home/travis/build/geokrety/geokrety-website/tests-qa/acceptance/070_UserPassword/030_ChangeInvalid.robot" id="s1-s8-s3" name="030 ChangeInvalid">
<test id="s1-s8-s3-t1" name="Wrong old password">
<timeout value="2 minutes"></timeout>
<status status="FAIL" endtime="20200818 22:44:12.231" critical="yes" starttime="20200818 22:44:12.230">Parent suite setup failed:
Variable '${BS_ENABLED}' not found.</status>
</test>
<test id="s1-s8-s3-t2" name="New password does not match confirm">
<timeout value="2 minutes"></timeout>
<status status="FAIL" endtime="20200818 22:44:12.233" critical="yes" starttime="20200818 22:44:12.232">Parent suite setup failed:
Variable '${BS_ENABLED}' not found.</status>
</test>
<status status="FAIL" endtime="20200818 22:44:12.233" starttime="20200818 22:44:12.228">Parent suite setup failed:
Variable '${BS_ENABLED}' not found.</status>
</suite>
<kw type="teardown" name="Global TearDown" library="FunctionsGlobal">
<kw name="Close Browser" library="SeleniumLibrary">
<doc>Closes the current browser.</doc>
<status status="PASS" endtime="20200818 22:44:12.237" starttime="20200818 22:44:12.237"></status>
</kw>
<status status="PASS" endtime="20200818 22:44:12.238" starttime="20200818 22:44:12.236"></status>
</kw>
<status status="FAIL" endtime="20200818 22:44:12.238" starttime="20200818 22:44:11.831">Suite setup failed:
Variable '${BS_ENABLED}' not found.</status>
</suite>
<suite source="/home/travis/build/geokrety/geokrety-website/tests-qa/acceptance/080_UserLanguageChange" id="s1-s9" name="080 UserLanguageChange">
<kw type="setup" name="Global Setup" library="FunctionsGlobal">
<kw name="!Open GeoKrety Browser" library="FunctionsGlobal">
<arguments>
<arg>${browser}</arg>
</arguments>
<kw name="Run Keyword If" library="BuiltIn">
<doc>Runs the given keyword with the given arguments, if ``condition`` is true.</doc>
<arguments>
<arg>'${BS_ENABLED}' != 'false'</arg>
<arg>!Open GeoKrety BrowserStack</arg>
<arg>${browser}</arg>
<arg>ELSE</arg>
<arg>!Open GeoKrety Browser Local</arg>
<arg>${browser}</arg>
</arguments>
<msg timestamp="20200818 22:44:12.604" level="FAIL">Variable '${BS_ENABLED}' not found.</msg>
<status status="FAIL" endtime="20200818 22:44:12.604" starttime="20200818 22:44:12.600"></status>
</kw>
<status status="FAIL" endtime="20200818 22:44:12.605" starttime="20200818 22:44:12.599"></status>
</kw>
<status status="FAIL" endtime="20200818 22:44:12.605" starttime="20200818 22:44:12.598"></status>
</kw>
<suite source="/home/travis/build/geokrety/geokrety-website/tests-qa/acceptance/080_UserLanguageChange/010_Access.robot" id="s1-s9-s1" name="010 Access">
<test id="s1-s9-s1-t1" name="Seed">
<timeout value="2 minutes"></timeout>
<status status="FAIL" endtime="20200818 22:44:12.608" critical="yes" starttime="20200818 22:44:12.607">Parent suite setup failed:
Variable '${BS_ENABLED}' not found.</status>
</test>
<test id="s1-s9-s1-t2" name="Anonymous users should not access form">
<timeout value="2 minutes"></timeout>
<status status="FAIL" endtime="20200818 22:44:12.609" critical="yes" starttime="20200818 22:44:12.608">Parent suite setup failed:
Variable '${BS_ENABLED}' not found.</status>
</test>
<test id="s1-s9-s1-t3" name="User himself can access form - Form">
<timeout value="2 minutes"></timeout>
<status status="FAIL" endtime="20200818 22:44:12.611" critical="yes" starttime="20200818 22:44:12.610">Parent suite setup failed:
Variable '${BS_ENABLED}' not found.</status>
</test>
<test id="s1-s9-s1-t4" name="User himself can access form - Modal">
<timeout value="2 minutes"></timeout>
<status status="FAIL" endtime="20200818 22:44:12.613" critical="yes" starttime="20200818 22:44:12.612">Parent suite setup failed:
Variable '${BS_ENABLED}' not found.</status>
</test>
<test id="s1-s9-s1-t5" name="Expired session ask to login">
<timeout value="2 minutes"></timeout>
<status status="FAIL" endtime="20200818 22:44:12.614" critical="yes" starttime="20200818 22:44:12.613">Parent suite setup failed:
Variable '${BS_ENABLED}' not found.</status>
</test>
<status status="FAIL" endtime="20200818 22:44:12.615" starttime="20200818 22:44:12.606">Parent suite setup failed:
Variable '${BS_ENABLED}' not found.</status>
</suite>
<suite source="/home/travis/build/geokrety/geokrety-website/tests-qa/acceptance/080_UserLanguageChange/020_Change.robot" id="s1-s9-s2" name="020 Change">
<test id="s1-s9-s2-t1" name="Language should be changed immediately">
<tags>
<tag>TODO</tag>
</tags>
<timeout value="2 minutes"></timeout>
<status status="FAIL" endtime="20200818 22:44:12.620" critical="yes" starttime="20200818 22:44:12.619">Parent suite setup failed:
Variable '${BS_ENABLED}' not found.</status>
</test>
<test id="s1-s9-s2-t2" name="Language should be changed on sign in">
<tags>
<tag>TODO</tag>
</tags>
<timeout value="2 minutes"></timeout>
<status status="FAIL" endtime="20200818 22:44:12.622" critical="yes" starttime="20200818 22:44:12.621">Parent suite setup failed:
Variable '${BS_ENABLED}' not found.</status>
</test>
<test id="s1-s9-s2-t3" name="Language should be changed on root domain access">
<tags>
<tag>TODO</tag>
</tags>
<timeout value="2 minutes"></timeout>
<status status="FAIL" endtime="20200818 22:44:12.623" critical="yes" starttime="20200818 22:44:12.622">Parent suite setup failed:
Variable '${BS_ENABLED}' not found.</status>
</test>
<status status="FAIL" endtime="20200818 22:44:12.624" starttime="20200818 22:44:12.617">Parent suite setup failed:
Variable '${BS_ENABLED}' not found.</status>
</suite>
<kw type="teardown" name="Global TearDown" library="FunctionsGlobal">
<kw name="Close Browser" library="SeleniumLibrary">
<doc>Closes the current browser.</doc>
<status status="PASS" endtime="20200818 22:44:12.628" starttime="20200818 22:44:12.628"></status>
</kw>
<status status="PASS" endtime="20200818 22:44:12.629" starttime="20200818 22:44:12.627"></status>
</kw>
<status status="FAIL" endtime="20200818 22:44:12.629" starttime="20200818 22:44:12.242">Suite setup failed:
Variable '${BS_ENABLED}' not found.</status>
</suite>
<suite source="/home/travis/build/geokrety/geokrety-website/tests-qa/acceptance/090_UserSecidChange" id="s1-s10" name="090 UserSecidChange">
<kw type="setup" name="Global Setup" library="FunctionsGlobal">
<kw name="!Open GeoKrety Browser" library="FunctionsGlobal">
<arguments>
<arg>${browser}</arg>
</arguments>
<kw name="Run Keyword If" library="BuiltIn">
<doc>Runs the given keyword with the given arguments, if ``condition`` is true.</doc>
<arguments>
<arg>'${BS_ENABLED}' != 'false'</arg>
<arg>!Open GeoKrety BrowserStack</arg>
<arg>${browser}</arg>
<arg>ELSE</arg>
<arg>!Open GeoKrety Browser Local</arg>
<arg>${browser}</arg>
</arguments>
<msg timestamp="20200818 22:44:12.995" level="FAIL">Variable '${BS_ENABLED}' not found.</msg>
<status status="FAIL" endtime="20200818 22:44:12.995" starttime="20200818 22:44:12.991"></status>
</kw>
<status status="FAIL" endtime="20200818 22:44:12.995" starttime="20200818 22:44:12.990"></status>
</kw>
<status status="FAIL" endtime="20200818 22:44:12.996" starttime="20200818 22:44:12.989"></status>
</kw>
<suite source="/home/travis/build/geokrety/geokrety-website/tests-qa/acceptance/090_UserSecidChange/010_Access.robot" id="s1-s10-s1" name="010 Access">
<test id="s1-s10-s1-t1" name="Seed">
<timeout value="2 minutes"></timeout>
<status status="FAIL" endtime="20200818 22:44:12.998" critical="yes" starttime="20200818 22:44:12.997">Parent suite setup failed:
Variable '${BS_ENABLED}' not found.</status>
</test>
<test id="s1-s10-s1-t2" name="Anonymous users should not access form">
<timeout value="2 minutes"></timeout>
<status status="FAIL" endtime="20200818 22:44:13.000" critical="yes" starttime="20200818 22:44:12.999">Parent suite setup failed:
Variable '${BS_ENABLED}' not found.</status>
</test>
<test id="s1-s10-s1-t3" name="User himself can access form - Form">
<timeout value="2 minutes"></timeout>
<status status="FAIL" endtime="20200818 22:44:13.002" critical="yes" starttime="20200818 22:44:13.001">Parent suite setup failed:
Variable '${BS_ENABLED}' not found.</status>
</test>
<test id="s1-s10-s1-t4" name="User himself can access form - Modal">
<timeout value="2 minutes"></timeout>
<status status="FAIL" endtime="20200818 22:44:13.003" critical="yes" starttime="20200818 22:44:13.002">Parent suite setup failed:
Variable '${BS_ENABLED}' not found.</status>
</test>
<test id="s1-s10-s1-t5" name="Expired session ask to login">
<timeout value="2 minutes"></timeout>
<status status="FAIL" endtime="20200818 22:44:13.005" critical="yes" starttime="20200818 22:44:13.004">Parent suite setup failed:
Variable '${BS_ENABLED}' not found.</status>
</test>
<status status="FAIL" endtime="20200818 22:44:13.006" starttime="20200818 22:44:12.996">Parent suite setup failed:
Variable '${BS_ENABLED}' not found.</status>
</suite>
<suite source="/home/travis/build/geokrety/geokrety-website/tests-qa/acceptance/090_UserSecidChange/020_Change.robot" id="s1-s10-s2" name="020 Change">
<test id="s1-s10-s2-t1" name="Refresh should display a message">
<timeout value="2 minutes"></timeout>
<status status="FAIL" endtime="20200818 22:44:13.019" critical="yes" starttime="20200818 22:44:13.013">Parent suite setup failed:
Variable '${BS_ENABLED}' not found.</status>
</test>
<status status="FAIL" endtime="20200818 22:44:13.023" starttime="20200818 22:44:13.008">Parent suite setup failed:
Variable '${BS_ENABLED}' not found.</status>
</suite>
<kw type="teardown" name="Global TearDown" library="FunctionsGlobal">
<kw name="Close Browser" library="SeleniumLibrary">
<doc>Closes the current browser.</doc>
<status status="PASS" endtime="20200818 22:44:13.040" starttime="20200818 22:44:13.039"></status>
</kw>
<status status="PASS" endtime="20200818 22:44:13.042" starttime="20200818 22:44:13.036"></status>
</kw>
<status status="FAIL" endtime="20200818 22:44:13.042" starttime="20200818 22:44:12.632">Suite setup failed:
Variable '${BS_ENABLED}' not found.</status>
</suite>
<suite source="/home/travis/build/geokrety/geokrety-website/tests-qa/acceptance/100_UserEmailChange" id="s1-s11" name="100 UserEmailChange">
<kw type="setup" name="Global Setup" library="FunctionsGlobal">
<kw name="!Open GeoKrety Browser" library="FunctionsGlobal">
<arguments>
<arg>${browser}</arg>
</arguments>
<kw name="Run Keyword If" library="BuiltIn">
<doc>Runs the given keyword with the given arguments, if ``condition`` is true.</doc>
<arguments>
<arg>'${BS_ENABLED}' != 'false'</arg>
<arg>!Open GeoKrety BrowserStack</arg>
<arg>${browser}</arg>
<arg>ELSE</arg>
<arg>!Open GeoKrety Browser Local</arg>
<arg>${browser}</arg>
</arguments>
<msg timestamp="20200818 22:44:13.316" level="FAIL">Variable '${BS_ENABLED}' not found.</msg>
<status status="FAIL" endtime="20200818 22:44:13.316" starttime="20200818 22:44:13.313"></status>
</kw>
<status status="FAIL" endtime="20200818 22:44:13.317" starttime="20200818 22:44:13.312"></status>
</kw>
<status status="FAIL" endtime="20200818 22:44:13.317" starttime="20200818 22:44:13.312"></status>
</kw>
<suite source="/home/travis/build/geokrety/geokrety-website/tests-qa/acceptance/100_UserEmailChange/010_Access.robot" id="s1-s11-s1" name="010 Access">
<test id="s1-s11-s1-t1" name="Seed">
<timeout value="2 minutes"></timeout>
<status status="FAIL" endtime="20200818 22:44:13.319" critical="yes" starttime="20200818 22:44:13.319">Parent suite setup failed:
Variable '${BS_ENABLED}' not found.</status>
</test>
<test id="s1-s11-s1-t2" name="Anonymous users should not access form">
<timeout value="2 minutes"></timeout>
<status status="FAIL" endtime="20200818 22:44:13.321" critical="yes" starttime="20200818 22:44:13.320">Parent suite setup failed:
Variable '${BS_ENABLED}' not found.</status>
</test>
<test id="s1-s11-s1-t3" name="User himself can access form - Form">
<timeout value="2 minutes"></timeout>
<status status="FAIL" endtime="20200818 22:44:13.322" critical="yes" starttime="20200818 22:44:13.321">Parent suite setup failed:
Variable '${BS_ENABLED}' not found.</status>
</test>
<test id="s1-s11-s1-t4" name="User himself can access form - Modal">
<timeout value="2 minutes"></timeout>
<status status="FAIL" endtime="20200818 22:44:13.323" critical="yes" starttime="20200818 22:44:13.322">Parent suite setup failed:
Variable '${BS_ENABLED}' not found.</status>
</test>
<test id="s1-s11-s1-t5" name="Expired session ask to login">
<timeout value="2 minutes"></timeout>
<status status="FAIL" endtime="20200818 22:44:13.324" critical="yes" starttime="20200818 22:44:13.323">Parent suite setup failed:
Variable '${BS_ENABLED}' not found.</status>
</test>
<status status="FAIL" endtime="20200818 22:44:13.325" starttime="20200818 22:44:13.317">Parent suite setup failed:
Variable '${BS_ENABLED}' not found.</status>
</suite>
<suite source="/home/travis/build/geokrety/geokrety-website/tests-qa/acceptance/100_UserEmailChange/020_ChangeValid.robot" id="s1-s11-s2" name="020 ChangeValid">
<test id="s1-s11-s2-t1" name="Valid email change - modal">
<timeout value="2 minutes"></timeout>
<status status="FAIL" endtime="20200818 22:44:13.328" critical="yes" starttime="20200818 22:44:13.327">Parent suite setup failed:
Variable '${BS_ENABLED}' not found.</status>
</test>
<test id="s1-s11-s2-t2" name="Valid email change - page form">
<timeout value="2 minutes"></timeout>
<status status="FAIL" endtime="20200818 22:44:13.329" critical="yes" starttime="20200818 22:44:13.328">Parent suite setup failed:
Variable '${BS_ENABLED}' not found.</status>
</test>
<test id="s1-s11-s2-t3" name="Confirmation mail should be sent">
<timeout value="2 minutes"></timeout>
<status status="FAIL" endtime="20200818 22:44:13.330" critical="yes" starttime="20200818 22:44:13.330">Parent suite setup failed:
Variable '${BS_ENABLED}' not found.</status>
</test>
<status status="FAIL" endtime="20200818 22:44:13.331" starttime="20200818 22:44:13.326">Parent suite setup failed:
Variable '${BS_ENABLED}' not found.</status>
</suite>
<suite source="/home/travis/build/geokrety/geokrety-website/tests-qa/acceptance/100_UserEmailChange/030_OldUserRefuse.robot" id="s1-s11-s3" name="030 OldUserRefuse">
<test id="s1-s11-s3-t1" name="OLD mail REFUSE change">
<timeout value="2 minutes"></timeout>
<status status="FAIL" endtime="20200818 22:44:13.334" critical="yes" starttime="20200818 22:44:13.333">Parent suite setup failed:
Variable '${BS_ENABLED}' not found.</status>
</test>
<test id="s1-s11-s3-t2" name="Once decision taken, token is disabled - old user">
<timeout value="2 minutes"></timeout>
<status status="FAIL" endtime="20200818 22:44:13.335" critical="yes" starttime="20200818 22:44:13.335">Parent suite setup failed:
Variable '${BS_ENABLED}' not found.</status>
</test>
<test id="s1-s11-s3-t3" name="Once decision taken, token is disabled - new user">
<timeout value="2 minutes"></timeout>
<status status="FAIL" endtime="20200818 22:44:13.336" critical="yes" starttime="20200818 22:44:13.336">Parent suite setup failed:
Variable '${BS_ENABLED}' not found.</status>
</test>
<status status="FAIL" endtime="20200818 22:44:13.337" starttime="20200818 22:44:13.332">Parent suite setup failed:
Variable '${BS_ENABLED}' not found.</status>
</suite>
<suite source="/home/travis/build/geokrety/geokrety-website/tests-qa/acceptance/100_UserEmailChange/040_OldUserAccept.robot" id="s1-s11-s4" name="040 OldUserAccept">
<test id="s1-s11-s4-t1" name="OLD mail ACCEPT change">
<timeout value="2 minutes"></timeout>
<status status="FAIL" endtime="20200818 22:44:13.340" critical="yes" starttime="20200818 22:44:13.340">Parent suite setup failed:
Variable '${BS_ENABLED}' not found.</status>
</test>
<test id="s1-s11-s4-t2" name="On accept confirmation mails should be sent">
<timeout value="2 minutes"></timeout>
<status status="FAIL" endtime="20200818 22:44:13.342" critical="yes" starttime="20200818 22:44:13.341">Parent suite setup failed:
Variable '${BS_ENABLED}' not found.</status>
</test>
<test id="s1-s11-s4-t3" name="Token is then disabled for old email">
<timeout value="2 minutes"></timeout>
<status status="FAIL" endtime="20200818 22:44:13.343" critical="yes" starttime="20200818 22:44:13.342">Parent suite setup failed:
Variable '${BS_ENABLED}' not found.</status>
</test>
<test id="s1-s11-s4-t4" name="Token is then disabled for new email">
<timeout value="2 minutes"></timeout>
<status status="FAIL" endtime="20200818 22:44:13.344" critical="yes" starttime="20200818 22:44:13.343">Parent suite setup failed:
Variable '${BS_ENABLED}' not found.</status>
</test>
<status status="FAIL" endtime="20200818 22:44:13.344" starttime="20200818 22:44:13.338">Parent suite setup failed:
Variable '${BS_ENABLED}' not found.</status>
</suite>
<suite source="/home/travis/build/geokrety/geokrety-website/tests-qa/acceptance/100_UserEmailChange/050_NewUserAccept.robot" id="s1-s11-s5" name="050 NewUserAccept">
<test id="s1-s11-s5-t1" name="NEW mail ACCEPT change">
<timeout value="2 minutes"></timeout>
<status status="FAIL" endtime="20200818 22:44:13.348" critical="yes" starttime="20200818 22:44:13.347">Parent suite setup failed:
Variable '${BS_ENABLED}' not found.</status>
</test>
<test id="s1-s11-s5-t2" name="Once decision taken, token is disabled - old user">
<timeout value="2 minutes"></timeout>
<status status="FAIL" endtime="20200818 22:44:13.349" critical="yes" starttime="20200818 22:44:13.348">Parent suite setup failed:
Variable '${BS_ENABLED}' not found.</status>
</test>
<test id="s1-s11-s5-t3" name="Once decision taken, token is disabled - new user">
<timeout value="2 minutes"></timeout>
<status status="FAIL" endtime="20200818 22:44:13.350" critical="yes" starttime="20200818 22:44:13.349">Parent suite setup failed:
Variable '${BS_ENABLED}' not found.</status>
</test>
<status status="FAIL" endtime="20200818 22:44:13.351" starttime="20200818 22:44:13.346">Parent suite setup failed:
Variable '${BS_ENABLED}' not found.</status>
</suite>
<suite source="/home/travis/build/geokrety/geokrety-website/tests-qa/acceptance/100_UserEmailChange/060_NewUserRefuse.robot" id="s1-s11-s6" name="060 NewUserRefuse">
<test id="s1-s11-s6-t1" name="NEW mail ACCEPT change">
<timeout value="2 minutes"></timeout>
<status status="FAIL" endtime="20200818 22:44:13.354" critical="yes" starttime="20200818 22:44:13.353">Parent suite setup failed:
Variable '${BS_ENABLED}' not found.</status>
</test>
<test id="s1-s11-s6-t2" name="Once decision taken, token is disabled - old user">
<timeout value="2 minutes"></timeout>
<status status="FAIL" endtime="20200818 22:44:13.355" critical="yes" starttime="20200818 22:44:13.354">Parent suite setup failed:
Variable '${BS_ENABLED}' not found.</status>
</test>
<test id="s1-s11-s6-t3" name="Once decision taken, token is disabled - new user">
<timeout value="2 minutes"></timeout>
<status status="FAIL" endtime="20200818 22:44:13.356" critical="yes" starttime="20200818 22:44:13.355">Parent suite setup failed:
Variable '${BS_ENABLED}' not found.</status>
</test>
<status status="FAIL" endtime="20200818 22:44:13.357" starttime="20200818 22:44:13.352">Parent suite setup failed:
Variable '${BS_ENABLED}' not found.</status>
</suite>
<suite source="/home/travis/build/geokrety/geokrety-website/tests-qa/acceptance/100_UserEmailChange/070_Dismiss.robot" id="s1-s11-s7" name="070 Dismiss">
<test id="s1-s11-s7-t1" name="Dismiss button doesn't invalidate the token">
<timeout value="2 minutes"></timeout>
<status status="FAIL" endtime="20200818 22:44:13.360" critical="yes" starttime="20200818 22:44:13.359">Parent suite setup failed:
Variable '${BS_ENABLED}' not found.</status>
</test>
<test id="s1-s11-s7-t2" name="Once decision taken, token is disabled - new user">
<timeout value="2 minutes"></timeout>
<status status="FAIL" endtime="20200818 22:44:13.362" critical="yes" starttime="20200818 22:44:13.361">Parent suite setup failed:
Variable '${BS_ENABLED}' not found.</status>
</test>
<status status="FAIL" endtime="20200818 22:44:13.363" starttime="20200818 22:44:13.358">Parent suite setup failed:
Variable '${BS_ENABLED}' not found.</status>
</suite>
<suite source="/home/travis/build/geokrety/geokrety-website/tests-qa/acceptance/100_UserEmailChange/080_DailyMails.robot" id="s1-s11-s8" name="080 DailyMails">
<test id="s1-s11-s8-t1" name="Disable daily mails">
<timeout value="2 minutes"></timeout>
<status status="FAIL" endtime="20200818 22:44:13.367" critical="yes" starttime="20200818 22:44:13.366">Parent suite setup failed:
Variable '${BS_ENABLED}' not found.</status>
</test>
<test id="s1-s11-s8-t2" name="Enable daily mails">
<timeout value="2 minutes"></timeout>
<status status="FAIL" endtime="20200818 22:44:13.368" critical="yes" starttime="20200818 22:44:13.367">Parent suite setup failed:
Variable '${BS_ENABLED}' not found.</status>
</test>
<status status="FAIL" endtime="20200818 22:44:13.369" starttime="20200818 22:44:13.364">Parent suite setup failed:
Variable '${BS_ENABLED}' not found.</status>
</suite>
<suite source="/home/travis/build/geokrety/geokrety-website/tests-qa/acceptance/100_UserEmailChange/090_EmailAlreadyTaken.robot" id="s1-s11-s9" name="090 EmailAlreadyTaken">
<test id="s1-s11-s9-t1" name="Email address already PENDING by user himself">
<timeout value="2 minutes"></timeout>
<status status="FAIL" endtime="20200818 22:44:13.373" critical="yes" starttime="20200818 22:44:13.372">Parent suite setup failed:
Variable '${BS_ENABLED}' not found.</status>
</test>
<test id="s1-s11-s9-t2" name="Email address already USED by another user">
<timeout value="2 minutes"></timeout>
<status status="FAIL" endtime="20200818 22:44:13.374" critical="yes" starttime="20200818 22:44:13.374">Parent suite setup failed:
Variable '${BS_ENABLED}' not found.</status>
</test>
<test id="s1-s11-s9-t3" name="Email address already PENDING by another user">
<timeout value="2 minutes"></timeout>
<status status="FAIL" endtime="20200818 22:44:13.376" critical="yes" starttime="20200818 22:44:13.375">Parent suite setup failed:
Variable '${BS_ENABLED}' not found.</status>
</test>
<status status="FAIL" endtime="20200818 22:44:13.376" starttime="20200818 22:44:13.370">Parent suite setup failed:
Variable '${BS_ENABLED}' not found.</status>
</suite>
<kw type="teardown" name="Global TearDown" library="FunctionsGlobal">
<kw name="Close Browser" library="SeleniumLibrary">
<doc>Closes the current browser.</doc>
<status status="PASS" endtime="20200818 22:44:13.380" starttime="20200818 22:44:13.380"></status>
</kw>
<status status="PASS" endtime="20200818 22:44:13.380" starttime="20200818 22:44:13.379"></status>
</kw>
<status status="FAIL" endtime="20200818 22:44:13.381" starttime="20200818 22:44:13.055">Suite setup failed:
Variable '${BS_ENABLED}' not found.</status>
</suite>
<status status="FAIL" endtime="20200818 22:44:13.391" starttime="20200818 22:44:08.302"></status>
</suite>
<statistics>
<total>
<stat fail="169" pass="0">Critical Tests</stat>
<stat fail="169" pass="0">All Tests</stat>
</total>
<tag>
<stat fail="65" pass="0">CreateAccount</stat>
<stat fail="1" pass="0">EN</stat>
<stat fail="1" pass="0">FR</stat>
<stat fail="2" pass="0">Languages</stat>
<stat fail="1" pass="0">Movement</stat>
<stat fail="7" pass="0">TODO</stat>
</tag>
<suite>
<stat fail="169" id="s1" name="Acceptance" pass="0">Acceptance</stat>
<stat fail="3" id="s1-s1" name="001 HomePage" pass="0">Acceptance.001 HomePage</stat>
<stat fail="2" id="s1-s1-s1" name="000 Languages" pass="0">Acceptance.001 HomePage.000 Languages</stat>
<stat fail="1" id="s1-s1-s2" name="010 Found GeoKret" pass="0">Acceptance.001 HomePage.010 Found GeoKret</stat>
<stat fail="15" id="s1-s2" name="010 UserRegistration" pass="0">Acceptance.010 UserRegistration</stat>
<stat fail="5" id="s1-s2-s1" name="000 Create Account" pass="0">Acceptance.010 UserRegistration.000 Create Account</stat>
<stat fail="2" id="s1-s2-s2" name="010 UsernameAlreadyExists" pass="0">Acceptance.010 UserRegistration.010 UsernameAlreadyExists</stat>
<stat fail="3" id="s1-s2-s3" name="011 EmailAlreadyExists" pass="0">Acceptance.010 UserRegistration.011 EmailAlreadyExists</stat>
<stat fail="2" id="s1-s2-s4" name="020 UsernameValid" pass="0">Acceptance.010 UserRegistration.020 UsernameValid</stat>
<stat fail="1" id="s1-s2-s5" name="030 ActivationMailFollowUserLanguage" pass="0">Acceptance.010 UserRegistration.030 ActivationMailFollowUserLanguage</stat>
<stat fail="2" id="s1-s2-s6" name="040 TermsofUseMandatory" pass="0">Acceptance.010 UserRegistration.040 TermsofUseMandatory</stat>
<stat fail="16" id="s1-s3" name="020 SignIn.robot" pass="0">Acceptance.020 SignIn.robot</stat>
<stat fail="4" id="s1-s3-s1" name="010 AccountMustBeActivatedFirst" pass="0">Acceptance.020 SignIn.robot.010 AccountMustBeActivatedFirst</stat>
<stat fail="6" id="s1-s3-s2" name="020 GoodBadPassword" pass="0">Acceptance.020 SignIn.robot.020 GoodBadPassword</stat>
<stat fail="3" id="s1-s3-s3" name="030 MustAcceptTermOfUse" pass="0">Acceptance.020 SignIn.robot.030 MustAcceptTermOfUse</stat>
<stat fail="3" id="s1-s3-s4" name="040 RedirectToPageAfterLogin" pass="0">Acceptance.020 SignIn.robot.040 RedirectToPageAfterLogin</stat>
<stat fail="21" id="s1-s4" name="030 GeokretyCreation" pass="0">Acceptance.030 GeokretyCreation</stat>
<stat fail="11" id="s1-s4-s1" name="010 FormAccess" pass="0">Acceptance.030 GeokretyCreation.010 FormAccess</stat>
<stat fail="2" id="s1-s4-s2" name="020 CreateGeoKret" pass="0">Acceptance.030 GeokretyCreation.020 CreateGeoKret</stat>
<stat fail="4" id="s1-s4-s3" name="030 GeoKretName" pass="0">Acceptance.030 GeokretyCreation.030 GeoKretName</stat>
<stat fail="2" id="s1-s4-s4" name="040 GeoKretType" pass="0">Acceptance.030 GeokretyCreation.040 GeoKretType</stat>
<stat fail="2" id="s1-s4-s5" name="050 GeoKretMission" pass="0">Acceptance.030 GeokretyCreation.050 GeoKretMission</stat>
<stat fail="13" id="s1-s5" name="040 GeokretyDetails" pass="0">Acceptance.040 GeokretyDetails</stat>
<stat fail="6" id="s1-s5-s1" name="010 Details" pass="0">Acceptance.040 GeokretyDetails.010 Details</stat>
<stat fail="7" id="s1-s5-s2" name="020 Mission" pass="0">Acceptance.040 GeokretyDetails.020 Mission</stat>
<stat fail="36" id="s1-s6" name="050 UsersDetails" pass="0">Acceptance.050 UsersDetails</stat>
<stat fail="6" id="s1-s6-s1" name="010 Details" pass="0">Acceptance.050 UsersDetails.010 Details</stat>
<stat fail="5" id="s1-s6-s2" name="020 Awards" pass="0">Acceptance.050 UsersDetails.020 Awards</stat>
<stat fail="2" id="s1-s6-s3" name="030 Statpic" pass="0">Acceptance.050 UsersDetails.030 Statpic</stat>
<stat fail="4" id="s1-s6-s4" name="040 ProfileEditable" pass="0">Acceptance.050 UsersDetails.040 ProfileEditable</stat>
<stat fail="4" id="s1-s6-s5" name="050 BanerTemplate" pass="0">Acceptance.050 UsersDetails.050 BanerTemplate</stat>
<stat fail="15" id="s1-s6-s6" name="060 ObservationArea" pass="0">Acceptance.050 UsersDetails.060 ObservationArea</stat>
<stat fail="13" id="s1-s7" name="060 UserAvatar.robot" pass="0">Acceptance.060 UserAvatar.robot</stat>
<stat fail="4" id="s1-s7-s1" name="010 Access" pass="0">Acceptance.060 UserAvatar.robot.010 Access</stat>
<stat fail="2" id="s1-s7-s2" name="020 AvatarUpload" pass="0">Acceptance.060 UserAvatar.robot.020 AvatarUpload</stat>
<stat fail="2" id="s1-s7-s3" name="030 DefineAsMain" pass="0">Acceptance.060 UserAvatar.robot.030 DefineAsMain</stat>
<stat fail="2" id="s1-s7-s4" name="040 UpdateCaption" pass="0">Acceptance.060 UserAvatar.robot.040 UpdateCaption</stat>
<stat fail="2" id="s1-s7-s5" name="050 DeletePicture" pass="0">Acceptance.060 UserAvatar.robot.050 DeletePicture</stat>
<stat fail="1" id="s1-s7-s6" name="060 ShowOnHomepage" pass="0">Acceptance.060 UserAvatar.robot.060 ShowOnHomepage</stat>
<stat fail="10" id="s1-s8" name="070 UserPassword" pass="0">Acceptance.070 UserPassword</stat>
<stat fail="5" id="s1-s8-s1" name="010 Access" pass="0">Acceptance.070 UserPassword.010 Access</stat>
<stat fail="3" id="s1-s8-s2" name="020 ChangeValid" pass="0">Acceptance.070 UserPassword.020 ChangeValid</stat>
<stat fail="2" id="s1-s8-s3" name="030 ChangeInvalid" pass="0">Acceptance.070 UserPassword.030 ChangeInvalid</stat>
<stat fail="8" id="s1-s9" name="080 UserLanguageChange" pass="0">Acceptance.080 UserLanguageChange</stat>
<stat fail="5" id="s1-s9-s1" name="010 Access" pass="0">Acceptance.080 UserLanguageChange.010 Access</stat>
<stat fail="3" id="s1-s9-s2" name="020 Change" pass="0">Acceptance.080 UserLanguageChange.020 Change</stat>
<stat fail="6" id="s1-s10" name="090 UserSecidChange" pass="0">Acceptance.090 UserSecidChange</stat>
<stat fail="5" id="s1-s10-s1" name="010 Access" pass="0">Acceptance.090 UserSecidChange.010 Access</stat>
<stat fail="1" id="s1-s10-s2" name="020 Change" pass="0">Acceptance.090 UserSecidChange.020 Change</stat>
<stat fail="28" id="s1-s11" name="100 UserEmailChange" pass="0">Acceptance.100 UserEmailChange</stat>
<stat fail="5" id="s1-s11-s1" name="010 Access" pass="0">Acceptance.100 UserEmailChange.010 Access</stat>
<stat fail="3" id="s1-s11-s2" name="020 ChangeValid" pass="0">Acceptance.100 UserEmailChange.020 ChangeValid</stat>
<stat fail="3" id="s1-s11-s3" name="030 OldUserRefuse" pass="0">Acceptance.100 UserEmailChange.030 OldUserRefuse</stat>
<stat fail="4" id="s1-s11-s4" name="040 OldUserAccept" pass="0">Acceptance.100 UserEmailChange.040 OldUserAccept</stat>
<stat fail="3" id="s1-s11-s5" name="050 NewUserAccept" pass="0">Acceptance.100 UserEmailChange.050 NewUserAccept</stat>
<stat fail="3" id="s1-s11-s6" name="060 NewUserRefuse" pass="0">Acceptance.100 UserEmailChange.060 NewUserRefuse</stat>
<stat fail="2" id="s1-s11-s7" name="070 Dismiss" pass="0">Acceptance.100 UserEmailChange.070 Dismiss</stat>
<stat fail="2" id="s1-s11-s8" name="080 DailyMails" pass="0">Acceptance.100 UserEmailChange.080 DailyMails</stat>
<stat fail="3" id="s1-s11-s9" name="090 EmailAlreadyTaken" pass="0">Acceptance.100 UserEmailChange.090 EmailAlreadyTaken</stat>
</suite>
</statistics>
<errors>
<msg timestamp="20200818 22:44:08.300" level="ERROR">Processing variable file '/home/travis/build/geokrety/geokrety-website/tests-qa/acceptance/vars/robot-vars.py' failed: Importing variable file '/home/travis/build/geokrety/geokrety-website/tests-qa/acceptance/vars/robot-vars.py' failed: NameError: name 'BS_LOCAL_ID' is not defined
Traceback (most recent call last):
  File "/home/travis/build/geokrety/geokrety-website/tests-qa/acceptance/vars/robot-vars.py", line 35, in &lt;module&gt;
    if BS_LOCAL_ID is None:
PYTHONPATH:
  /home/travis/.local/bin
  /usr/lib/python2.7
  /usr/lib/python2.7/plat-x86_64-linux-gnu
  /usr/lib/python2.7/lib-tk
  /usr/lib/python2.7/lib-old
  /usr/lib/python2.7/lib-dynload
  /home/travis/.local/lib/python2.7/site-packages
  /usr/local/lib/python2.7/dist-packages
  /usr/lib/python2.7/dist-packages</msg>
<msg timestamp="20200818 22:44:08.498" level="ERROR">Error in file '/home/travis/build/geokrety/geokrety-website/tests-qa/acceptance/functions/FunctionsGlobal.robot' on line 10: Setting variable '${BS_CONFIG}' failed: Variable '${BS_LOCAL}' not found.</msg>
<msg timestamp="20200818 22:44:08.510" level="ERROR">Error in file '/home/travis/build/geokrety/geokrety-website/tests-qa/acceptance/functions/FunctionsGlobal.robot' on line 19: Setting variable '${DC_GalaxyTab}' failed: Variable '${BS_CONFIG}' not found.</msg>
<msg timestamp="20200818 22:44:08.521" level="ERROR">Error in file '/home/travis/build/geokrety/geokrety-website/tests-qa/acceptance/functions/FunctionsGlobal.robot' on line 21: Setting variable '${DC_Win10Chrome}' failed: Variable '${BS_CONFIG}' not found.</msg>
<msg timestamp="20200818 22:44:08.532" level="ERROR">Error in file '/home/travis/build/geokrety/geokrety-website/tests-qa/acceptance/functions/FunctionsGlobal.robot' on line 23: Setting variable '${DC_Win10Firefox}' failed: Variable '${BS_CONFIG}' not found.</msg>
<msg timestamp="20200818 22:44:08.545" level="ERROR">Error in file '/home/travis/build/geokrety/geokrety-website/tests-qa/acceptance/functions/Urls.robot' on line 11: Setting variable '${PAGE_DEV_MAILBOX_FIRST_MAIL_URL}' failed: Variable '${GK_URL}' not found.</msg>
<msg timestamp="20200818 22:44:08.558" level="ERROR">Error in file '/home/travis/build/geokrety/geokrety-website/tests-qa/acceptance/functions/Urls.robot' on line 14: Setting variable '${PAGE_DEV_MAILBOX_FOURTH_MAIL_URL}' failed: Variable '${GK_URL}' not found.</msg>
<msg timestamp="20200818 22:44:08.570" level="ERROR">Error in file '/home/travis/build/geokrety/geokrety-website/tests-qa/acceptance/functions/Urls.robot' on line 12: Setting variable '${PAGE_DEV_MAILBOX_SECOND_MAIL_URL}' failed: Variable '${GK_URL}' not found.</msg>
<msg timestamp="20200818 22:44:08.581" level="ERROR">Error in file '/home/travis/build/geokrety/geokrety-website/tests-qa/acceptance/functions/Urls.robot' on line 13: Setting variable '${PAGE_DEV_MAILBOX_THIRD_MAIL_URL}' failed: Variable '${GK_URL}' not found.</msg>
<msg timestamp="20200818 22:44:08.598" level="ERROR">Error in file '/home/travis/build/geokrety/geokrety-website/tests-qa/acceptance/functions/Urls.robot' on line 10: Setting variable '${PAGE_DEV_MAILBOX_URL}' failed: Variable '${GK_URL}' not found.</msg>
<msg timestamp="20200818 22:44:08.605" level="ERROR">Error in file '/home/travis/build/geokrety/geokrety-website/tests-qa/acceptance/functions/Urls.robot' on line 15: Setting variable '${PAGE_DEV_RESET_DB_URL}' failed: Variable '${GK_URL}' not found.</msg>
<msg timestamp="20200818 22:44:08.612" level="ERROR">Error in file '/home/travis/build/geokrety/geokrety-website/tests-qa/acceptance/functions/Urls.robot' on line 38: Setting variable '${PAGE_GEOKRETY_1_DETAILS_URL}' failed: Variable '${GK_URL}' not found.</msg>
<msg timestamp="20200818 22:44:08.620" level="ERROR">Error in file '/home/travis/build/geokrety/geokrety-website/tests-qa/acceptance/functions/Urls.robot' on line 39: Setting variable '${PAGE_GEOKRETY_2_DETAILS_URL}' failed: Variable '${GK_URL}' not found.</msg>
<msg timestamp="20200818 22:44:08.627" level="ERROR">Error in file '/home/travis/build/geokrety/geokrety-website/tests-qa/acceptance/functions/Urls.robot' on line 40: Setting variable '${PAGE_GEOKRETY_3_DETAILS_URL}' failed: Variable '${GK_URL}' not found.</msg>
<msg timestamp="20200818 22:44:08.635" level="ERROR">Error in file '/home/travis/build/geokrety/geokrety-website/tests-qa/acceptance/functions/Urls.robot' on line 36: Setting variable '${PAGE_GEOKRETY_CREATE_URL}' failed: Variable '${GK_URL}' not found.</msg>
<msg timestamp="20200818 22:44:08.642" level="ERROR">Error in file '/home/travis/build/geokrety/geokrety-website/tests-qa/acceptance/functions/Urls.robot' on line 17: Setting variable '${PAGE_HOME_URL}' failed: Variable '${GK_URL}' not found.</msg>
<msg timestamp="20200818 22:44:08.649" level="ERROR">Error in file '/home/travis/build/geokrety/geokrety-website/tests-qa/acceptance/functions/Urls.robot' on line 18: Setting variable '${PAGE_HOME_URL_FR}' failed: Variable '${GK_URL}' not found.</msg>
<msg timestamp="20200818 22:44:08.656" level="ERROR">Error in file '/home/travis/build/geokrety/geokrety-website/tests-qa/acceptance/functions/Urls.robot' on line 23: Setting variable '${PAGE_NEWS_URL}' failed: Variable '${GK_URL}' not found.</msg>
<msg timestamp="20200818 22:44:08.664" level="ERROR">Error in file '/home/travis/build/geokrety/geokrety-website/tests-qa/acceptance/functions/Urls.robot' on line 20: Setting variable '${PAGE_REGISTER_URL}' failed: Variable '${GK_URL}' not found.</msg>
<msg timestamp="20200818 22:44:08.671" level="ERROR">Error in file '/home/travis/build/geokrety/geokrety-website/tests-qa/acceptance/functions/Urls.robot' on line 4: Setting variable '${PAGE_SEED_GEOKRETY}' failed: Variable '${GK_URL}' not found.</msg>
<msg timestamp="20200818 22:44:08.679" level="ERROR">Error in file '/home/travis/build/geokrety/geokrety-website/tests-qa/acceptance/functions/Urls.robot' on line 5: Setting variable '${PAGE_SEED_GEOKRETY_OWNED_BY_USER_1}' failed: Variable '${GK_URL}' not found.</msg>
<msg timestamp="20200818 22:44:08.688" level="ERROR">Error in file '/home/travis/build/geokrety/geokrety-website/tests-qa/acceptance/functions/Urls.robot' on line 6: Setting variable '${PAGE_SEED_GEOKRETY_OWNED_BY_USER_2}' failed: Variable '${GK_URL}' not found.</msg>
<msg timestamp="20200818 22:44:08.696" level="ERROR">Error in file '/home/travis/build/geokrety/geokrety-website/tests-qa/acceptance/functions/Urls.robot' on line 3: Setting variable '${PAGE_SEED_USER}' failed: Variable '${GK_URL}' not found.</msg>
<msg timestamp="20200818 22:44:08.708" level="ERROR">Error in file '/home/travis/build/geokrety/geokrety-website/tests-qa/acceptance/functions/Urls.robot' on line 21: Setting variable '${PAGE_SIGN_IN_URL}' failed: Variable '${GK_URL}' not found.</msg>
<msg timestamp="20200818 22:44:08.716" level="ERROR">Error in file '/home/travis/build/geokrety/geokrety-website/tests-qa/acceptance/functions/Urls.robot' on line 22: Setting variable '${PAGE_SIGN_OUT_URL}' failed: Variable '${GK_URL}' not found.</msg>
<msg timestamp="20200818 22:44:08.724" level="ERROR">Error in file '/home/travis/build/geokrety/geokrety-website/tests-qa/acceptance/functions/Urls.robot' on line 19: Setting variable '${PAGE_TERMS_OF_USE_URL}' failed: Variable '${GK_URL}' not found.</msg>
<msg timestamp="20200818 22:44:08.732" level="ERROR">Error in file '/home/travis/build/geokrety/geokrety-website/tests-qa/acceptance/functions/Urls.robot' on line 29: Setting variable '${PAGE_USER_1_BANER_TEMPLATE_URL}' failed: Variable '${GK_URL}' not found.</msg>
<msg timestamp="20200818 22:44:08.740" level="ERROR">Error in file '/home/travis/build/geokrety/geokrety-website/tests-qa/acceptance/functions/Urls.robot' on line 30: Setting variable '${PAGE_USER_1_OBSERVATION_AREA_URL}' failed: Variable '${GK_URL}' not found.</msg>
<msg timestamp="20200818 22:44:08.748" level="ERROR">Error in file '/home/travis/build/geokrety/geokrety-website/tests-qa/acceptance/functions/Urls.robot' on line 25: Setting variable '${PAGE_USER_1_PROFILE_URL}' failed: Variable '${GK_URL}' not found.</msg>
<msg timestamp="20200818 22:44:08.755" level="ERROR">Error in file '/home/travis/build/geokrety/geokrety-website/tests-qa/acceptance/functions/Urls.robot' on line 27: Setting variable '${PAGE_USER_1_PROFILE_URL_FR}' failed: Variable '${GK_URL}' not found.</msg>
<msg timestamp="20200818 22:44:08.763" level="ERROR">Error in file '/home/travis/build/geokrety/geokrety-website/tests-qa/acceptance/functions/Urls.robot' on line 26: Setting variable '${PAGE_USER_2_PROFILE_URL}' failed: Variable '${GK_URL}' not found.</msg>
<msg timestamp="20200818 22:44:08.770" level="ERROR">Error in file '/home/travis/build/geokrety/geokrety-website/tests-qa/acceptance/functions/Urls.robot' on line 34: Setting variable '${PAGE_USER_CHANGE_EMAIL_URL}' failed: Variable '${GK_URL}' not found.</msg>
<msg timestamp="20200818 22:44:08.777" level="ERROR">Error in file '/home/travis/build/geokrety/geokrety-website/tests-qa/acceptance/functions/Urls.robot' on line 32: Setting variable '${PAGE_USER_CHANGE_LANGUAGE_URL}' failed: Variable '${GK_URL}' not found.</msg>
<msg timestamp="20200818 22:44:08.784" level="ERROR">Error in file '/home/travis/build/geokrety/geokrety-website/tests-qa/acceptance/functions/Urls.robot' on line 31: Setting variable '${PAGE_USER_CHANGE_PASSWORD_URL}' failed: Variable '${GK_URL}' not found.</msg>
<msg timestamp="20200818 22:44:08.791" level="ERROR">Error in file '/home/travis/build/geokrety/geokrety-website/tests-qa/acceptance/functions/Urls.robot' on line 42: Setting variable '${PAGE_USER_EMAIL_CHANGE_VALIDATE_URL}' failed: Variable '${GK_URL}' not found.</msg>
<msg timestamp="20200818 22:44:08.799" level="ERROR">Error in file '/home/travis/build/geokrety/geokrety-website/tests-qa/acceptance/functions/Urls.robot' on line 33: Setting variable '${PAGE_USER_REFRESH_SECID_URL}' failed: Variable '${GK_URL}' not found.</msg>
<msg timestamp="20200818 22:44:08.882" level="ERROR">Error in file '/home/travis/build/geokrety/geokrety-website/tests-qa/acceptance/functions/FunctionsGlobal.robot' on line 10: Setting variable '${BS_CONFIG}' failed: Variable '${BS_LOCAL}' not found.</msg>
<msg timestamp="20200818 22:44:08.890" level="ERROR">Error in file '/home/travis/build/geokrety/geokrety-website/tests-qa/acceptance/functions/FunctionsGlobal.robot' on line 19: Setting variable '${DC_GalaxyTab}' failed: Variable '${BS_CONFIG}' not found.</msg>
<msg timestamp="20200818 22:44:08.897" level="ERROR">Error in file '/home/travis/build/geokrety/geokrety-website/tests-qa/acceptance/functions/FunctionsGlobal.robot' on line 21: Setting variable '${DC_Win10Chrome}' failed: Variable '${BS_CONFIG}' not found.</msg>
<msg timestamp="20200818 22:44:08.905" level="ERROR">Error in file '/home/travis/build/geokrety/geokrety-website/tests-qa/acceptance/functions/FunctionsGlobal.robot' on line 23: Setting variable '${DC_Win10Firefox}' failed: Variable '${BS_CONFIG}' not found.</msg>
<msg timestamp="20200818 22:44:08.916" level="ERROR">Error in file '/home/travis/build/geokrety/geokrety-website/tests-qa/acceptance/functions/Urls.robot' on line 11: Setting variable '${PAGE_DEV_MAILBOX_FIRST_MAIL_URL}' failed: Variable '${GK_URL}' not found.</msg>
<msg timestamp="20200818 22:44:08.925" level="ERROR">Error in file '/home/travis/build/geokrety/geokrety-website/tests-qa/acceptance/functions/Urls.robot' on line 14: Setting variable '${PAGE_DEV_MAILBOX_FOURTH_MAIL_URL}' failed: Variable '${GK_URL}' not found.</msg>
<msg timestamp="20200818 22:44:08.934" level="ERROR">Error in file '/home/travis/build/geokrety/geokrety-website/tests-qa/acceptance/functions/Urls.robot' on line 12: Setting variable '${PAGE_DEV_MAILBOX_SECOND_MAIL_URL}' failed: Variable '${GK_URL}' not found.</msg>
<msg timestamp="20200818 22:44:08.942" level="ERROR">Error in file '/home/travis/build/geokrety/geokrety-website/tests-qa/acceptance/functions/Urls.robot' on line 13: Setting variable '${PAGE_DEV_MAILBOX_THIRD_MAIL_URL}' failed: Variable '${GK_URL}' not found.</msg>
<msg timestamp="20200818 22:44:08.950" level="ERROR">Error in file '/home/travis/build/geokrety/geokrety-website/tests-qa/acceptance/functions/Urls.robot' on line 10: Setting variable '${PAGE_DEV_MAILBOX_URL}' failed: Variable '${GK_URL}' not found.</msg>
<msg timestamp="20200818 22:44:08.958" level="ERROR">Error in file '/home/travis/build/geokrety/geokrety-website/tests-qa/acceptance/functions/Urls.robot' on line 15: Setting variable '${PAGE_DEV_RESET_DB_URL}' failed: Variable '${GK_URL}' not found.</msg>
<msg timestamp="20200818 22:44:08.965" level="ERROR">Error in file '/home/travis/build/geokrety/geokrety-website/tests-qa/acceptance/functions/Urls.robot' on line 38: Setting variable '${PAGE_GEOKRETY_1_DETAILS_URL}' failed: Variable '${GK_URL}' not found.</msg>
<msg timestamp="20200818 22:44:08.974" level="ERROR">Error in file '/home/travis/build/geokrety/geokrety-website/tests-qa/acceptance/functions/Urls.robot' on line 39: Setting variable '${PAGE_GEOKRETY_2_DETAILS_URL}' failed: Variable '${GK_URL}' not found.</msg>
<msg timestamp="20200818 22:44:08.982" level="ERROR">Error in file '/home/travis/build/geokrety/geokrety-website/tests-qa/acceptance/functions/Urls.robot' on line 40: Setting variable '${PAGE_GEOKRETY_3_DETAILS_URL}' failed: Variable '${GK_URL}' not found.</msg>
<msg timestamp="20200818 22:44:08.990" level="ERROR">Error in file '/home/travis/build/geokrety/geokrety-website/tests-qa/acceptance/functions/Urls.robot' on line 36: Setting variable '${PAGE_GEOKRETY_CREATE_URL}' failed: Variable '${GK_URL}' not found.</msg>
<msg timestamp="20200818 22:44:08.997" level="ERROR">Error in file '/home/travis/build/geokrety/geokrety-website/tests-qa/acceptance/functions/Urls.robot' on line 17: Setting variable '${PAGE_HOME_URL}' failed: Variable '${GK_URL}' not found.</msg>
<msg timestamp="20200818 22:44:09.005" level="ERROR">Error in file '/home/travis/build/geokrety/geokrety-website/tests-qa/acceptance/functions/Urls.robot' on line 18: Setting variable '${PAGE_HOME_URL_FR}' failed: Variable '${GK_URL}' not found.</msg>
<msg timestamp="20200818 22:44:09.012" level="ERROR">Error in file '/home/travis/build/geokrety/geokrety-website/tests-qa/acceptance/functions/Urls.robot' on line 23: Setting variable '${PAGE_NEWS_URL}' failed: Variable '${GK_URL}' not found.</msg>
<msg timestamp="20200818 22:44:09.019" level="ERROR">Error in file '/home/travis/build/geokrety/geokrety-website/tests-qa/acceptance/functions/Urls.robot' on line 20: Setting variable '${PAGE_REGISTER_URL}' failed: Variable '${GK_URL}' not found.</msg>
<msg timestamp="20200818 22:44:09.025" level="ERROR">Error in file '/home/travis/build/geokrety/geokrety-website/tests-qa/acceptance/functions/Urls.robot' on line 4: Setting variable '${PAGE_SEED_GEOKRETY}' failed: Variable '${GK_URL}' not found.</msg>
<msg timestamp="20200818 22:44:09.050" level="ERROR">Error in file '/home/travis/build/geokrety/geokrety-website/tests-qa/acceptance/functions/Urls.robot' on line 5: Setting variable '${PAGE_SEED_GEOKRETY_OWNED_BY_USER_1}' failed: Variable '${GK_URL}' not found.</msg>
<msg timestamp="20200818 22:44:09.056" level="ERROR">Error in file '/home/travis/build/geokrety/geokrety-website/tests-qa/acceptance/functions/Urls.robot' on line 6: Setting variable '${PAGE_SEED_GEOKRETY_OWNED_BY_USER_2}' failed: Variable '${GK_URL}' not found.</msg>
<msg timestamp="20200818 22:44:09.081" level="ERROR">Error in file '/home/travis/build/geokrety/geokrety-website/tests-qa/acceptance/functions/Urls.robot' on line 3: Setting variable '${PAGE_SEED_USER}' failed: Variable '${GK_URL}' not found.</msg>
<msg timestamp="20200818 22:44:09.096" level="ERROR">Error in file '/home/travis/build/geokrety/geokrety-website/tests-qa/acceptance/functions/Urls.robot' on line 21: Setting variable '${PAGE_SIGN_IN_URL}' failed: Variable '${GK_URL}' not found.</msg>
<msg timestamp="20200818 22:44:09.107" level="ERROR">Error in file '/home/travis/build/geokrety/geokrety-website/tests-qa/acceptance/functions/Urls.robot' on line 22: Setting variable '${PAGE_SIGN_OUT_URL}' failed: Variable '${GK_URL}' not found.</msg>
<msg timestamp="20200818 22:44:09.127" level="ERROR">Error in file '/home/travis/build/geokrety/geokrety-website/tests-qa/acceptance/functions/Urls.robot' on line 19: Setting variable '${PAGE_TERMS_OF_USE_URL}' failed: Variable '${GK_URL}' not found.</msg>
<msg timestamp="20200818 22:44:09.144" level="ERROR">Error in file '/home/travis/build/geokrety/geokrety-website/tests-qa/acceptance/functions/Urls.robot' on line 29: Setting variable '${PAGE_USER_1_BANER_TEMPLATE_URL}' failed: Variable '${GK_URL}' not found.</msg>
<msg timestamp="20200818 22:44:09.161" level="ERROR">Error in file '/home/travis/build/geokrety/geokrety-website/tests-qa/acceptance/functions/Urls.robot' on line 30: Setting variable '${PAGE_USER_1_OBSERVATION_AREA_URL}' failed: Variable '${GK_URL}' not found.</msg>
<msg timestamp="20200818 22:44:09.178" level="ERROR">Error in file '/home/travis/build/geokrety/geokrety-website/tests-qa/acceptance/functions/Urls.robot' on line 25: Setting variable '${PAGE_USER_1_PROFILE_URL}' failed: Variable '${GK_URL}' not found.</msg>
<msg timestamp="20200818 22:44:09.196" level="ERROR">Error in file '/home/travis/build/geokrety/geokrety-website/tests-qa/acceptance/functions/Urls.robot' on line 27: Setting variable '${PAGE_USER_1_PROFILE_URL_FR}' failed: Variable '${GK_URL}' not found.</msg>
<msg timestamp="20200818 22:44:09.213" level="ERROR">Error in file '/home/travis/build/geokrety/geokrety-website/tests-qa/acceptance/functions/Urls.robot' on line 26: Setting variable '${PAGE_USER_2_PROFILE_URL}' failed: Variable '${GK_URL}' not found.</msg>
<msg timestamp="20200818 22:44:09.226" level="ERROR">Error in file '/home/travis/build/geokrety/geokrety-website/tests-qa/acceptance/functions/Urls.robot' on line 34: Setting variable '${PAGE_USER_CHANGE_EMAIL_URL}' failed: Variable '${GK_URL}' not found.</msg>
<msg timestamp="20200818 22:44:09.243" level="ERROR">Error in file '/home/travis/build/geokrety/geokrety-website/tests-qa/acceptance/functions/Urls.robot' on line 32: Setting variable '${PAGE_USER_CHANGE_LANGUAGE_URL}' failed: Variable '${GK_URL}' not found.</msg>
<msg timestamp="20200818 22:44:09.261" level="ERROR">Error in file '/home/travis/build/geokrety/geokrety-website/tests-qa/acceptance/functions/Urls.robot' on line 31: Setting variable '${PAGE_USER_CHANGE_PASSWORD_URL}' failed: Variable '${GK_URL}' not found.</msg>
<msg timestamp="20200818 22:44:09.284" level="ERROR">Error in file '/home/travis/build/geokrety/geokrety-website/tests-qa/acceptance/functions/Urls.robot' on line 42: Setting variable '${PAGE_USER_EMAIL_CHANGE_VALIDATE_URL}' failed: Variable '${GK_URL}' not found.</msg>
<msg timestamp="20200818 22:44:09.292" level="ERROR">Error in file '/home/travis/build/geokrety/geokrety-website/tests-qa/acceptance/functions/Urls.robot' on line 33: Setting variable '${PAGE_USER_REFRESH_SECID_URL}' failed: Variable '${GK_URL}' not found.</msg>
<msg timestamp="20200818 22:44:09.403" level="ERROR">Error in file '/home/travis/build/geokrety/geokrety-website/tests-qa/acceptance/functions/FunctionsGlobal.robot' on line 10: Setting variable '${BS_CONFIG}' failed: Variable '${BS_LOCAL}' not found.</msg>
<msg timestamp="20200818 22:44:09.410" level="ERROR">Error in file '/home/travis/build/geokrety/geokrety-website/tests-qa/acceptance/functions/FunctionsGlobal.robot' on line 19: Setting variable '${DC_GalaxyTab}' failed: Variable '${BS_CONFIG}' not found.</msg>
<msg timestamp="20200818 22:44:09.427" level="ERROR">Error in file '/home/travis/build/geokrety/geokrety-website/tests-qa/acceptance/functions/FunctionsGlobal.robot' on line 21: Setting variable '${DC_Win10Chrome}' failed: Variable '${BS_CONFIG}' not found.</msg>
<msg timestamp="20200818 22:44:09.445" level="ERROR">Error in file '/home/travis/build/geokrety/geokrety-website/tests-qa/acceptance/functions/FunctionsGlobal.robot' on line 23: Setting variable '${DC_Win10Firefox}' failed: Variable '${BS_CONFIG}' not found.</msg>
<msg timestamp="20200818 22:44:09.475" level="ERROR">Error in file '/home/travis/build/geokrety/geokrety-website/tests-qa/acceptance/functions/Urls.robot' on line 11: Setting variable '${PAGE_DEV_MAILBOX_FIRST_MAIL_URL}' failed: Variable '${GK_URL}' not found.</msg>
<msg timestamp="20200818 22:44:09.490" level="ERROR">Error in file '/home/travis/build/geokrety/geokrety-website/tests-qa/acceptance/functions/Urls.robot' on line 14: Setting variable '${PAGE_DEV_MAILBOX_FOURTH_MAIL_URL}' failed: Variable '${GK_URL}' not found.</msg>
<msg timestamp="20200818 22:44:09.511" level="ERROR">Error in file '/home/travis/build/geokrety/geokrety-website/tests-qa/acceptance/functions/Urls.robot' on line 12: Setting variable '${PAGE_DEV_MAILBOX_SECOND_MAIL_URL}' failed: Variable '${GK_URL}' not found.</msg>
<msg timestamp="20200818 22:44:09.530" level="ERROR">Error in file '/home/travis/build/geokrety/geokrety-website/tests-qa/acceptance/functions/Urls.robot' on line 13: Setting variable '${PAGE_DEV_MAILBOX_THIRD_MAIL_URL}' failed: Variable '${GK_URL}' not found.</msg>
<msg timestamp="20200818 22:44:09.550" level="ERROR">Error in file '/home/travis/build/geokrety/geokrety-website/tests-qa/acceptance/functions/Urls.robot' on line 10: Setting variable '${PAGE_DEV_MAILBOX_URL}' failed: Variable '${GK_URL}' not found.</msg>
<msg timestamp="20200818 22:44:09.559" level="ERROR">Error in file '/home/travis/build/geokrety/geokrety-website/tests-qa/acceptance/functions/Urls.robot' on line 15: Setting variable '${PAGE_DEV_RESET_DB_URL}' failed: Variable '${GK_URL}' not found.</msg>
<msg timestamp="20200818 22:44:09.568" level="ERROR">Error in file '/home/travis/build/geokrety/geokrety-website/tests-qa/acceptance/functions/Urls.robot' on line 38: Setting variable '${PAGE_GEOKRETY_1_DETAILS_URL}' failed: Variable '${GK_URL}' not found.</msg>
<msg timestamp="20200818 22:44:09.578" level="ERROR">Error in file '/home/travis/build/geokrety/geokrety-website/tests-qa/acceptance/functions/Urls.robot' on line 39: Setting variable '${PAGE_GEOKRETY_2_DETAILS_URL}' failed: Variable '${GK_URL}' not found.</msg>
<msg timestamp="20200818 22:44:09.588" level="ERROR">Error in file '/home/travis/build/geokrety/geokrety-website/tests-qa/acceptance/functions/Urls.robot' on line 40: Setting variable '${PAGE_GEOKRETY_3_DETAILS_URL}' failed: Variable '${GK_URL}' not found.</msg>
<msg timestamp="20200818 22:44:09.598" level="ERROR">Error in file '/home/travis/build/geokrety/geokrety-website/tests-qa/acceptance/functions/Urls.robot' on line 36: Setting variable '${PAGE_GEOKRETY_CREATE_URL}' failed: Variable '${GK_URL}' not found.</msg>
<msg timestamp="20200818 22:44:09.607" level="ERROR">Error in file '/home/travis/build/geokrety/geokrety-website/tests-qa/acceptance/functions/Urls.robot' on line 17: Setting variable '${PAGE_HOME_URL}' failed: Variable '${GK_URL}' not found.</msg>
<msg timestamp="20200818 22:44:09.615" level="ERROR">Error in file '/home/travis/build/geokrety/geokrety-website/tests-qa/acceptance/functions/Urls.robot' on line 18: Setting variable '${PAGE_HOME_URL_FR}' failed: Variable '${GK_URL}' not found.</msg>
<msg timestamp="20200818 22:44:09.624" level="ERROR">Error in file '/home/travis/build/geokrety/geokrety-website/tests-qa/acceptance/functions/Urls.robot' on line 23: Setting variable '${PAGE_NEWS_URL}' failed: Variable '${GK_URL}' not found.</msg>
<msg timestamp="20200818 22:44:09.632" level="ERROR">Error in file '/home/travis/build/geokrety/geokrety-website/tests-qa/acceptance/functions/Urls.robot' on line 20: Setting variable '${PAGE_REGISTER_URL}' failed: Variable '${GK_URL}' not found.</msg>
<msg timestamp="20200818 22:44:09.640" level="ERROR">Error in file '/home/travis/build/geokrety/geokrety-website/tests-qa/acceptance/functions/Urls.robot' on line 4: Setting variable '${PAGE_SEED_GEOKRETY}' failed: Variable '${GK_URL}' not found.</msg>
<msg timestamp="20200818 22:44:09.649" level="ERROR">Error in file '/home/travis/build/geokrety/geokrety-website/tests-qa/acceptance/functions/Urls.robot' on line 5: Setting variable '${PAGE_SEED_GEOKRETY_OWNED_BY_USER_1}' failed: Variable '${GK_URL}' not found.</msg>
<msg timestamp="20200818 22:44:09.658" level="ERROR">Error in file '/home/travis/build/geokrety/geokrety-website/tests-qa/acceptance/functions/Urls.robot' on line 6: Setting variable '${PAGE_SEED_GEOKRETY_OWNED_BY_USER_2}' failed: Variable '${GK_URL}' not found.</msg>
<msg timestamp="20200818 22:44:09.667" level="ERROR">Error in file '/home/travis/build/geokrety/geokrety-website/tests-qa/acceptance/functions/Urls.robot' on line 3: Setting variable '${PAGE_SEED_USER}' failed: Variable '${GK_URL}' not found.</msg>
<msg timestamp="20200818 22:44:09.674" level="ERROR">Error in file '/home/travis/build/geokrety/geokrety-website/tests-qa/acceptance/functions/Urls.robot' on line 21: Setting variable '${PAGE_SIGN_IN_URL}' failed: Variable '${GK_URL}' not found.</msg>
<msg timestamp="20200818 22:44:09.682" level="ERROR">Error in file '/home/travis/build/geokrety/geokrety-website/tests-qa/acceptance/functions/Urls.robot' on line 22: Setting variable '${PAGE_SIGN_OUT_URL}' failed: Variable '${GK_URL}' not found.</msg>
<msg timestamp="20200818 22:44:09.691" level="ERROR">Error in file '/home/travis/build/geokrety/geokrety-website/tests-qa/acceptance/functions/Urls.robot' on line 19: Setting variable '${PAGE_TERMS_OF_USE_URL}' failed: Variable '${GK_URL}' not found.</msg>
<msg timestamp="20200818 22:44:09.699" level="ERROR">Error in file '/home/travis/build/geokrety/geokrety-website/tests-qa/acceptance/functions/Urls.robot' on line 29: Setting variable '${PAGE_USER_1_BANER_TEMPLATE_URL}' failed: Variable '${GK_URL}' not found.</msg>
<msg timestamp="20200818 22:44:09.708" level="ERROR">Error in file '/home/travis/build/geokrety/geokrety-website/tests-qa/acceptance/functions/Urls.robot' on line 30: Setting variable '${PAGE_USER_1_OBSERVATION_AREA_URL}' failed: Variable '${GK_URL}' not found.</msg>
<msg timestamp="20200818 22:44:09.716" level="ERROR">Error in file '/home/travis/build/geokrety/geokrety-website/tests-qa/acceptance/functions/Urls.robot' on line 25: Setting variable '${PAGE_USER_1_PROFILE_URL}' failed: Variable '${GK_URL}' not found.</msg>
<msg timestamp="20200818 22:44:09.725" level="ERROR">Error in file '/home/travis/build/geokrety/geokrety-website/tests-qa/acceptance/functions/Urls.robot' on line 27: Setting variable '${PAGE_USER_1_PROFILE_URL_FR}' failed: Variable '${GK_URL}' not found.</msg>
<msg timestamp="20200818 22:44:09.733" level="ERROR">Error in file '/home/travis/build/geokrety/geokrety-website/tests-qa/acceptance/functions/Urls.robot' on line 26: Setting variable '${PAGE_USER_2_PROFILE_URL}' failed: Variable '${GK_URL}' not found.</msg>
<msg timestamp="20200818 22:44:09.741" level="ERROR">Error in file '/home/travis/build/geokrety/geokrety-website/tests-qa/acceptance/functions/Urls.robot' on line 34: Setting variable '${PAGE_USER_CHANGE_EMAIL_URL}' failed: Variable '${GK_URL}' not found.</msg>
<msg timestamp="20200818 22:44:09.749" level="ERROR">Error in file '/home/travis/build/geokrety/geokrety-website/tests-qa/acceptance/functions/Urls.robot' on line 32: Setting variable '${PAGE_USER_CHANGE_LANGUAGE_URL}' failed: Variable '${GK_URL}' not found.</msg>
<msg timestamp="20200818 22:44:09.758" level="ERROR">Error in file '/home/travis/build/geokrety/geokrety-website/tests-qa/acceptance/functions/Urls.robot' on line 31: Setting variable '${PAGE_USER_CHANGE_PASSWORD_URL}' failed: Variable '${GK_URL}' not found.</msg>
<msg timestamp="20200818 22:44:09.767" level="ERROR">Error in file '/home/travis/build/geokrety/geokrety-website/tests-qa/acceptance/functions/Urls.robot' on line 42: Setting variable '${PAGE_USER_EMAIL_CHANGE_VALIDATE_URL}' failed: Variable '${GK_URL}' not found.</msg>
<msg timestamp="20200818 22:44:09.774" level="ERROR">Error in file '/home/travis/build/geokrety/geokrety-website/tests-qa/acceptance/functions/Urls.robot' on line 33: Setting variable '${PAGE_USER_REFRESH_SECID_URL}' failed: Variable '${GK_URL}' not found.</msg>
<msg timestamp="20200818 22:44:09.930" level="ERROR">Error in file '/home/travis/build/geokrety/geokrety-website/tests-qa/acceptance/functions/FunctionsGlobal.robot' on line 10: Setting variable '${BS_CONFIG}' failed: Variable '${BS_LOCAL}' not found.</msg>
<msg timestamp="20200818 22:44:09.938" level="ERROR">Error in file '/home/travis/build/geokrety/geokrety-website/tests-qa/acceptance/functions/FunctionsGlobal.robot' on line 19: Setting variable '${DC_GalaxyTab}' failed: Variable '${BS_CONFIG}' not found.</msg>
<msg timestamp="20200818 22:44:09.947" level="ERROR">Error in file '/home/travis/build/geokrety/geokrety-website/tests-qa/acceptance/functions/FunctionsGlobal.robot' on line 21: Setting variable '${DC_Win10Chrome}' failed: Variable '${BS_CONFIG}' not found.</msg>
<msg timestamp="20200818 22:44:09.966" level="ERROR">Error in file '/home/travis/build/geokrety/geokrety-website/tests-qa/acceptance/functions/FunctionsGlobal.robot' on line 23: Setting variable '${DC_Win10Firefox}' failed: Variable '${BS_CONFIG}' not found.</msg>
<msg timestamp="20200818 22:44:10.011" level="ERROR">Error in file '/home/travis/build/geokrety/geokrety-website/tests-qa/acceptance/functions/Urls.robot' on line 11: Setting variable '${PAGE_DEV_MAILBOX_FIRST_MAIL_URL}' failed: Variable '${GK_URL}' not found.</msg>
<msg timestamp="20200818 22:44:10.040" level="ERROR">Error in file '/home/travis/build/geokrety/geokrety-website/tests-qa/acceptance/functions/Urls.robot' on line 14: Setting variable '${PAGE_DEV_MAILBOX_FOURTH_MAIL_URL}' failed: Variable '${GK_URL}' not found.</msg>
<msg timestamp="20200818 22:44:10.052" level="ERROR">Error in file '/home/travis/build/geokrety/geokrety-website/tests-qa/acceptance/functions/Urls.robot' on line 12: Setting variable '${PAGE_DEV_MAILBOX_SECOND_MAIL_URL}' failed: Variable '${GK_URL}' not found.</msg>
<msg timestamp="20200818 22:44:10.062" level="ERROR">Error in file '/home/travis/build/geokrety/geokrety-website/tests-qa/acceptance/functions/Urls.robot' on line 13: Setting variable '${PAGE_DEV_MAILBOX_THIRD_MAIL_URL}' failed: Variable '${GK_URL}' not found.</msg>
<msg timestamp="20200818 22:44:10.070" level="ERROR">Error in file '/home/travis/build/geokrety/geokrety-website/tests-qa/acceptance/functions/Urls.robot' on line 10: Setting variable '${PAGE_DEV_MAILBOX_URL}' failed: Variable '${GK_URL}' not found.</msg>
<msg timestamp="20200818 22:44:10.079" level="ERROR">Error in file '/home/travis/build/geokrety/geokrety-website/tests-qa/acceptance/functions/Urls.robot' on line 15: Setting variable '${PAGE_DEV_RESET_DB_URL}' failed: Variable '${GK_URL}' not found.</msg>
<msg timestamp="20200818 22:44:10.087" level="ERROR">Error in file '/home/travis/build/geokrety/geokrety-website/tests-qa/acceptance/functions/Urls.robot' on line 38: Setting variable '${PAGE_GEOKRETY_1_DETAILS_URL}' failed: Variable '${GK_URL}' not found.</msg>
<msg timestamp="20200818 22:44:10.096" level="ERROR">Error in file '/home/travis/build/geokrety/geokrety-website/tests-qa/acceptance/functions/Urls.robot' on line 39: Setting variable '${PAGE_GEOKRETY_2_DETAILS_URL}' failed: Variable '${GK_URL}' not found.</msg>
<msg timestamp="20200818 22:44:10.103" level="ERROR">Error in file '/home/travis/build/geokrety/geokrety-website/tests-qa/acceptance/functions/Urls.robot' on line 40: Setting variable '${PAGE_GEOKRETY_3_DETAILS_URL}' failed: Variable '${GK_URL}' not found.</msg>
<msg timestamp="20200818 22:44:10.112" level="ERROR">Error in file '/home/travis/build/geokrety/geokrety-website/tests-qa/acceptance/functions/Urls.robot' on line 36: Setting variable '${PAGE_GEOKRETY_CREATE_URL}' failed: Variable '${GK_URL}' not found.</msg>
<msg timestamp="20200818 22:44:10.120" level="ERROR">Error in file '/home/travis/build/geokrety/geokrety-website/tests-qa/acceptance/functions/Urls.robot' on line 17: Setting variable '${PAGE_HOME_URL}' failed: Variable '${GK_URL}' not found.</msg>
<msg timestamp="20200818 22:44:10.128" level="ERROR">Error in file '/home/travis/build/geokrety/geokrety-website/tests-qa/acceptance/functions/Urls.robot' on line 18: Setting variable '${PAGE_HOME_URL_FR}' failed: Variable '${GK_URL}' not found.</msg>
<msg timestamp="20200818 22:44:10.136" level="ERROR">Error in file '/home/travis/build/geokrety/geokrety-website/tests-qa/acceptance/functions/Urls.robot' on line 23: Setting variable '${PAGE_NEWS_URL}' failed: Variable '${GK_URL}' not found.</msg>
<msg timestamp="20200818 22:44:10.144" level="ERROR">Error in file '/home/travis/build/geokrety/geokrety-website/tests-qa/acceptance/functions/Urls.robot' on line 20: Setting variable '${PAGE_REGISTER_URL}' failed: Variable '${GK_URL}' not found.</msg>
<msg timestamp="20200818 22:44:10.152" level="ERROR">Error in file '/home/travis/build/geokrety/geokrety-website/tests-qa/acceptance/functions/Urls.robot' on line 4: Setting variable '${PAGE_SEED_GEOKRETY}' failed: Variable '${GK_URL}' not found.</msg>
<msg timestamp="20200818 22:44:10.160" level="ERROR">Error in file '/home/travis/build/geokrety/geokrety-website/tests-qa/acceptance/functions/Urls.robot' on line 5: Setting variable '${PAGE_SEED_GEOKRETY_OWNED_BY_USER_1}' failed: Variable '${GK_URL}' not found.</msg>
<msg timestamp="20200818 22:44:10.168" level="ERROR">Error in file '/home/travis/build/geokrety/geokrety-website/tests-qa/acceptance/functions/Urls.robot' on line 6: Setting variable '${PAGE_SEED_GEOKRETY_OWNED_BY_USER_2}' failed: Variable '${GK_URL}' not found.</msg>
<msg timestamp="20200818 22:44:10.177" level="ERROR">Error in file '/home/travis/build/geokrety/geokrety-website/tests-qa/acceptance/functions/Urls.robot' on line 3: Setting variable '${PAGE_SEED_USER}' failed: Variable '${GK_URL}' not found.</msg>
<msg timestamp="20200818 22:44:10.185" level="ERROR">Error in file '/home/travis/build/geokrety/geokrety-website/tests-qa/acceptance/functions/Urls.robot' on line 21: Setting variable '${PAGE_SIGN_IN_URL}' failed: Variable '${GK_URL}' not found.</msg>
<msg timestamp="20200818 22:44:10.192" level="ERROR">Error in file '/home/travis/build/geokrety/geokrety-website/tests-qa/acceptance/functions/Urls.robot' on line 22: Setting variable '${PAGE_SIGN_OUT_URL}' failed: Variable '${GK_URL}' not found.</msg>
<msg timestamp="20200818 22:44:10.200" level="ERROR">Error in file '/home/travis/build/geokrety/geokrety-website/tests-qa/acceptance/functions/Urls.robot' on line 19: Setting variable '${PAGE_TERMS_OF_USE_URL}' failed: Variable '${GK_URL}' not found.</msg>
<msg timestamp="20200818 22:44:10.208" level="ERROR">Error in file '/home/travis/build/geokrety/geokrety-website/tests-qa/acceptance/functions/Urls.robot' on line 29: Setting variable '${PAGE_USER_1_BANER_TEMPLATE_URL}' failed: Variable '${GK_URL}' not found.</msg>
<msg timestamp="20200818 22:44:10.216" level="ERROR">Error in file '/home/travis/build/geokrety/geokrety-website/tests-qa/acceptance/functions/Urls.robot' on line 30: Setting variable '${PAGE_USER_1_OBSERVATION_AREA_URL}' failed: Variable '${GK_URL}' not found.</msg>
<msg timestamp="20200818 22:44:10.225" level="ERROR">Error in file '/home/travis/build/geokrety/geokrety-website/tests-qa/acceptance/functions/Urls.robot' on line 25: Setting variable '${PAGE_USER_1_PROFILE_URL}' failed: Variable '${GK_URL}' not found.</msg>
<msg timestamp="20200818 22:44:10.234" level="ERROR">Error in file '/home/travis/build/geokrety/geokrety-website/tests-qa/acceptance/functions/Urls.robot' on line 27: Setting variable '${PAGE_USER_1_PROFILE_URL_FR}' failed: Variable '${GK_URL}' not found.</msg>
<msg timestamp="20200818 22:44:10.241" level="ERROR">Error in file '/home/travis/build/geokrety/geokrety-website/tests-qa/acceptance/functions/Urls.robot' on line 26: Setting variable '${PAGE_USER_2_PROFILE_URL}' failed: Variable '${GK_URL}' not found.</msg>
<msg timestamp="20200818 22:44:10.249" level="ERROR">Error in file '/home/travis/build/geokrety/geokrety-website/tests-qa/acceptance/functions/Urls.robot' on line 34: Setting variable '${PAGE_USER_CHANGE_EMAIL_URL}' failed: Variable '${GK_URL}' not found.</msg>
<msg timestamp="20200818 22:44:10.258" level="ERROR">Error in file '/home/travis/build/geokrety/geokrety-website/tests-qa/acceptance/functions/Urls.robot' on line 32: Setting variable '${PAGE_USER_CHANGE_LANGUAGE_URL}' failed: Variable '${GK_URL}' not found.</msg>
<msg timestamp="20200818 22:44:10.266" level="ERROR">Error in file '/home/travis/build/geokrety/geokrety-website/tests-qa/acceptance/functions/Urls.robot' on line 31: Setting variable '${PAGE_USER_CHANGE_PASSWORD_URL}' failed: Variable '${GK_URL}' not found.</msg>
<msg timestamp="20200818 22:44:10.275" level="ERROR">Error in file '/home/travis/build/geokrety/geokrety-website/tests-qa/acceptance/functions/Urls.robot' on line 42: Setting variable '${PAGE_USER_EMAIL_CHANGE_VALIDATE_URL}' failed: Variable '${GK_URL}' not found.</msg>
<msg timestamp="20200818 22:44:10.283" level="ERROR">Error in file '/home/travis/build/geokrety/geokrety-website/tests-qa/acceptance/functions/Urls.robot' on line 33: Setting variable '${PAGE_USER_REFRESH_SECID_URL}' failed: Variable '${GK_URL}' not found.</msg>
<msg timestamp="20200818 22:44:10.443" level="ERROR">Error in file '/home/travis/build/geokrety/geokrety-website/tests-qa/acceptance/functions/FunctionsGlobal.robot' on line 10: Setting variable '${BS_CONFIG}' failed: Variable '${BS_LOCAL}' not found.</msg>
<msg timestamp="20200818 22:44:10.455" level="ERROR">Error in file '/home/travis/build/geokrety/geokrety-website/tests-qa/acceptance/functions/FunctionsGlobal.robot' on line 19: Setting variable '${DC_GalaxyTab}' failed: Variable '${BS_CONFIG}' not found.</msg>
<msg timestamp="20200818 22:44:10.467" level="ERROR">Error in file '/home/travis/build/geokrety/geokrety-website/tests-qa/acceptance/functions/FunctionsGlobal.robot' on line 21: Setting variable '${DC_Win10Chrome}' failed: Variable '${BS_CONFIG}' not found.</msg>
<msg timestamp="20200818 22:44:10.480" level="ERROR">Error in file '/home/travis/build/geokrety/geokrety-website/tests-qa/acceptance/functions/FunctionsGlobal.robot' on line 23: Setting variable '${DC_Win10Firefox}' failed: Variable '${BS_CONFIG}' not found.</msg>
<msg timestamp="20200818 22:44:10.499" level="ERROR">Error in file '/home/travis/build/geokrety/geokrety-website/tests-qa/acceptance/functions/Urls.robot' on line 11: Setting variable '${PAGE_DEV_MAILBOX_FIRST_MAIL_URL}' failed: Variable '${GK_URL}' not found.</msg>
<msg timestamp="20200818 22:44:10.512" level="ERROR">Error in file '/home/travis/build/geokrety/geokrety-website/tests-qa/acceptance/functions/Urls.robot' on line 14: Setting variable '${PAGE_DEV_MAILBOX_FOURTH_MAIL_URL}' failed: Variable '${GK_URL}' not found.</msg>
<msg timestamp="20200818 22:44:10.526" level="ERROR">Error in file '/home/travis/build/geokrety/geokrety-website/tests-qa/acceptance/functions/Urls.robot' on line 12: Setting variable '${PAGE_DEV_MAILBOX_SECOND_MAIL_URL}' failed: Variable '${GK_URL}' not found.</msg>
<msg timestamp="20200818 22:44:10.539" level="ERROR">Error in file '/home/travis/build/geokrety/geokrety-website/tests-qa/acceptance/functions/Urls.robot' on line 13: Setting variable '${PAGE_DEV_MAILBOX_THIRD_MAIL_URL}' failed: Variable '${GK_URL}' not found.</msg>
<msg timestamp="20200818 22:44:10.552" level="ERROR">Error in file '/home/travis/build/geokrety/geokrety-website/tests-qa/acceptance/functions/Urls.robot' on line 10: Setting variable '${PAGE_DEV_MAILBOX_URL}' failed: Variable '${GK_URL}' not found.</msg>
<msg timestamp="20200818 22:44:10.565" level="ERROR">Error in file '/home/travis/build/geokrety/geokrety-website/tests-qa/acceptance/functions/Urls.robot' on line 15: Setting variable '${PAGE_DEV_RESET_DB_URL}' failed: Variable '${GK_URL}' not found.</msg>
<msg timestamp="20200818 22:44:10.577" level="ERROR">Error in file '/home/travis/build/geokrety/geokrety-website/tests-qa/acceptance/functions/Urls.robot' on line 38: Setting variable '${PAGE_GEOKRETY_1_DETAILS_URL}' failed: Variable '${GK_URL}' not found.</msg>
<msg timestamp="20200818 22:44:10.591" level="ERROR">Error in file '/home/travis/build/geokrety/geokrety-website/tests-qa/acceptance/functions/Urls.robot' on line 39: Setting variable '${PAGE_GEOKRETY_2_DETAILS_URL}' failed: Variable '${GK_URL}' not found.</msg>
<msg timestamp="20200818 22:44:10.604" level="ERROR">Error in file '/home/travis/build/geokrety/geokrety-website/tests-qa/acceptance/functions/Urls.robot' on line 40: Setting variable '${PAGE_GEOKRETY_3_DETAILS_URL}' failed: Variable '${GK_URL}' not found.</msg>
<msg timestamp="20200818 22:44:10.616" level="ERROR">Error in file '/home/travis/build/geokrety/geokrety-website/tests-qa/acceptance/functions/Urls.robot' on line 36: Setting variable '${PAGE_GEOKRETY_CREATE_URL}' failed: Variable '${GK_URL}' not found.</msg>
<msg timestamp="20200818 22:44:10.627" level="ERROR">Error in file '/home/travis/build/geokrety/geokrety-website/tests-qa/acceptance/functions/Urls.robot' on line 17: Setting variable '${PAGE_HOME_URL}' failed: Variable '${GK_URL}' not found.</msg>
<msg timestamp="20200818 22:44:10.635" level="ERROR">Error in file '/home/travis/build/geokrety/geokrety-website/tests-qa/acceptance/functions/Urls.robot' on line 18: Setting variable '${PAGE_HOME_URL_FR}' failed: Variable '${GK_URL}' not found.</msg>
<msg timestamp="20200818 22:44:10.643" level="ERROR">Error in file '/home/travis/build/geokrety/geokrety-website/tests-qa/acceptance/functions/Urls.robot' on line 23: Setting variable '${PAGE_NEWS_URL}' failed: Variable '${GK_URL}' not found.</msg>
<msg timestamp="20200818 22:44:10.651" level="ERROR">Error in file '/home/travis/build/geokrety/geokrety-website/tests-qa/acceptance/functions/Urls.robot' on line 20: Setting variable '${PAGE_REGISTER_URL}' failed: Variable '${GK_URL}' not found.</msg>
<msg timestamp="20200818 22:44:10.659" level="ERROR">Error in file '/home/travis/build/geokrety/geokrety-website/tests-qa/acceptance/functions/Urls.robot' on line 4: Setting variable '${PAGE_SEED_GEOKRETY}' failed: Variable '${GK_URL}' not found.</msg>
<msg timestamp="20200818 22:44:10.667" level="ERROR">Error in file '/home/travis/build/geokrety/geokrety-website/tests-qa/acceptance/functions/Urls.robot' on line 5: Setting variable '${PAGE_SEED_GEOKRETY_OWNED_BY_USER_1}' failed: Variable '${GK_URL}' not found.</msg>
<msg timestamp="20200818 22:44:10.676" level="ERROR">Error in file '/home/travis/build/geokrety/geokrety-website/tests-qa/acceptance/functions/Urls.robot' on line 6: Setting variable '${PAGE_SEED_GEOKRETY_OWNED_BY_USER_2}' failed: Variable '${GK_URL}' not found.</msg>
<msg timestamp="20200818 22:44:10.684" level="ERROR">Error in file '/home/travis/build/geokrety/geokrety-website/tests-qa/acceptance/functions/Urls.robot' on line 3: Setting variable '${PAGE_SEED_USER}' failed: Variable '${GK_URL}' not found.</msg>
<msg timestamp="20200818 22:44:10.692" level="ERROR">Error in file '/home/travis/build/geokrety/geokrety-website/tests-qa/acceptance/functions/Urls.robot' on line 21: Setting variable '${PAGE_SIGN_IN_URL}' failed: Variable '${GK_URL}' not found.</msg>
<msg timestamp="20200818 22:44:10.700" level="ERROR">Error in file '/home/travis/build/geokrety/geokrety-website/tests-qa/acceptance/functions/Urls.robot' on line 22: Setting variable '${PAGE_SIGN_OUT_URL}' failed: Variable '${GK_URL}' not found.</msg>
<msg timestamp="20200818 22:44:10.708" level="ERROR">Error in file '/home/travis/build/geokrety/geokrety-website/tests-qa/acceptance/functions/Urls.robot' on line 19: Setting variable '${PAGE_TERMS_OF_USE_URL}' failed: Variable '${GK_URL}' not found.</msg>
<msg timestamp="20200818 22:44:10.717" level="ERROR">Error in file '/home/travis/build/geokrety/geokrety-website/tests-qa/acceptance/functions/Urls.robot' on line 29: Setting variable '${PAGE_USER_1_BANER_TEMPLATE_URL}' failed: Variable '${GK_URL}' not found.</msg>
<msg timestamp="20200818 22:44:10.726" level="ERROR">Error in file '/home/travis/build/geokrety/geokrety-website/tests-qa/acceptance/functions/Urls.robot' on line 30: Setting variable '${PAGE_USER_1_OBSERVATION_AREA_URL}' failed: Variable '${GK_URL}' not found.</msg>
<msg timestamp="20200818 22:44:10.734" level="ERROR">Error in file '/home/travis/build/geokrety/geokrety-website/tests-qa/acceptance/functions/Urls.robot' on line 25: Setting variable '${PAGE_USER_1_PROFILE_URL}' failed: Variable '${GK_URL}' not found.</msg>
<msg timestamp="20200818 22:44:10.742" level="ERROR">Error in file '/home/travis/build/geokrety/geokrety-website/tests-qa/acceptance/functions/Urls.robot' on line 27: Setting variable '${PAGE_USER_1_PROFILE_URL_FR}' failed: Variable '${GK_URL}' not found.</msg>
<msg timestamp="20200818 22:44:10.751" level="ERROR">Error in file '/home/travis/build/geokrety/geokrety-website/tests-qa/acceptance/functions/Urls.robot' on line 26: Setting variable '${PAGE_USER_2_PROFILE_URL}' failed: Variable '${GK_URL}' not found.</msg>
<msg timestamp="20200818 22:44:10.759" level="ERROR">Error in file '/home/travis/build/geokrety/geokrety-website/tests-qa/acceptance/functions/Urls.robot' on line 34: Setting variable '${PAGE_USER_CHANGE_EMAIL_URL}' failed: Variable '${GK_URL}' not found.</msg>
<msg timestamp="20200818 22:44:10.767" level="ERROR">Error in file '/home/travis/build/geokrety/geokrety-website/tests-qa/acceptance/functions/Urls.robot' on line 32: Setting variable '${PAGE_USER_CHANGE_LANGUAGE_URL}' failed: Variable '${GK_URL}' not found.</msg>
<msg timestamp="20200818 22:44:10.774" level="ERROR">Error in file '/home/travis/build/geokrety/geokrety-website/tests-qa/acceptance/functions/Urls.robot' on line 31: Setting variable '${PAGE_USER_CHANGE_PASSWORD_URL}' failed: Variable '${GK_URL}' not found.</msg>
<msg timestamp="20200818 22:44:10.782" level="ERROR">Error in file '/home/travis/build/geokrety/geokrety-website/tests-qa/acceptance/functions/Urls.robot' on line 42: Setting variable '${PAGE_USER_EMAIL_CHANGE_VALIDATE_URL}' failed: Variable '${GK_URL}' not found.</msg>
<msg timestamp="20200818 22:44:10.791" level="ERROR">Error in file '/home/travis/build/geokrety/geokrety-website/tests-qa/acceptance/functions/Urls.robot' on line 33: Setting variable '${PAGE_USER_REFRESH_SECID_URL}' failed: Variable '${GK_URL}' not found.</msg>
<msg timestamp="20200818 22:44:10.900" level="ERROR">Error in file '/home/travis/build/geokrety/geokrety-website/tests-qa/acceptance/functions/FunctionsGlobal.robot' on line 10: Setting variable '${BS_CONFIG}' failed: Variable '${BS_LOCAL}' not found.</msg>
<msg timestamp="20200818 22:44:10.911" level="ERROR">Error in file '/home/travis/build/geokrety/geokrety-website/tests-qa/acceptance/functions/FunctionsGlobal.robot' on line 19: Setting variable '${DC_GalaxyTab}' failed: Variable '${BS_CONFIG}' not found.</msg>
<msg timestamp="20200818 22:44:10.923" level="ERROR">Error in file '/home/travis/build/geokrety/geokrety-website/tests-qa/acceptance/functions/FunctionsGlobal.robot' on line 21: Setting variable '${DC_Win10Chrome}' failed: Variable '${BS_CONFIG}' not found.</msg>
<msg timestamp="20200818 22:44:10.934" level="ERROR">Error in file '/home/travis/build/geokrety/geokrety-website/tests-qa/acceptance/functions/FunctionsGlobal.robot' on line 23: Setting variable '${DC_Win10Firefox}' failed: Variable '${BS_CONFIG}' not found.</msg>
<msg timestamp="20200818 22:44:10.952" level="ERROR">Error in file '/home/travis/build/geokrety/geokrety-website/tests-qa/acceptance/functions/Urls.robot' on line 11: Setting variable '${PAGE_DEV_MAILBOX_FIRST_MAIL_URL}' failed: Variable '${GK_URL}' not found.</msg>
<msg timestamp="20200818 22:44:10.966" level="ERROR">Error in file '/home/travis/build/geokrety/geokrety-website/tests-qa/acceptance/functions/Urls.robot' on line 14: Setting variable '${PAGE_DEV_MAILBOX_FOURTH_MAIL_URL}' failed: Variable '${GK_URL}' not found.</msg>
<msg timestamp="20200818 22:44:10.979" level="ERROR">Error in file '/home/travis/build/geokrety/geokrety-website/tests-qa/acceptance/functions/Urls.robot' on line 12: Setting variable '${PAGE_DEV_MAILBOX_SECOND_MAIL_URL}' failed: Variable '${GK_URL}' not found.</msg>
<msg timestamp="20200818 22:44:10.988" level="ERROR">Error in file '/home/travis/build/geokrety/geokrety-website/tests-qa/acceptance/functions/Urls.robot' on line 13: Setting variable '${PAGE_DEV_MAILBOX_THIRD_MAIL_URL}' failed: Variable '${GK_URL}' not found.</msg>
<msg timestamp="20200818 22:44:10.996" level="ERROR">Error in file '/home/travis/build/geokrety/geokrety-website/tests-qa/acceptance/functions/Urls.robot' on line 10: Setting variable '${PAGE_DEV_MAILBOX_URL}' failed: Variable '${GK_URL}' not found.</msg>
<msg timestamp="20200818 22:44:11.005" level="ERROR">Error in file '/home/travis/build/geokrety/geokrety-website/tests-qa/acceptance/functions/Urls.robot' on line 15: Setting variable '${PAGE_DEV_RESET_DB_URL}' failed: Variable '${GK_URL}' not found.</msg>
<msg timestamp="20200818 22:44:11.013" level="ERROR">Error in file '/home/travis/build/geokrety/geokrety-website/tests-qa/acceptance/functions/Urls.robot' on line 38: Setting variable '${PAGE_GEOKRETY_1_DETAILS_URL}' failed: Variable '${GK_URL}' not found.</msg>
<msg timestamp="20200818 22:44:11.022" level="ERROR">Error in file '/home/travis/build/geokrety/geokrety-website/tests-qa/acceptance/functions/Urls.robot' on line 39: Setting variable '${PAGE_GEOKRETY_2_DETAILS_URL}' failed: Variable '${GK_URL}' not found.</msg>
<msg timestamp="20200818 22:44:11.030" level="ERROR">Error in file '/home/travis/build/geokrety/geokrety-website/tests-qa/acceptance/functions/Urls.robot' on line 40: Setting variable '${PAGE_GEOKRETY_3_DETAILS_URL}' failed: Variable '${GK_URL}' not found.</msg>
<msg timestamp="20200818 22:44:11.039" level="ERROR">Error in file '/home/travis/build/geokrety/geokrety-website/tests-qa/acceptance/functions/Urls.robot' on line 36: Setting variable '${PAGE_GEOKRETY_CREATE_URL}' failed: Variable '${GK_URL}' not found.</msg>
<msg timestamp="20200818 22:44:11.047" level="ERROR">Error in file '/home/travis/build/geokrety/geokrety-website/tests-qa/acceptance/functions/Urls.robot' on line 17: Setting variable '${PAGE_HOME_URL}' failed: Variable '${GK_URL}' not found.</msg>
<msg timestamp="20200818 22:44:11.055" level="ERROR">Error in file '/home/travis/build/geokrety/geokrety-website/tests-qa/acceptance/functions/Urls.robot' on line 18: Setting variable '${PAGE_HOME_URL_FR}' failed: Variable '${GK_URL}' not found.</msg>
<msg timestamp="20200818 22:44:11.063" level="ERROR">Error in file '/home/travis/build/geokrety/geokrety-website/tests-qa/acceptance/functions/Urls.robot' on line 23: Setting variable '${PAGE_NEWS_URL}' failed: Variable '${GK_URL}' not found.</msg>
<msg timestamp="20200818 22:44:11.071" level="ERROR">Error in file '/home/travis/build/geokrety/geokrety-website/tests-qa/acceptance/functions/Urls.robot' on line 20: Setting variable '${PAGE_REGISTER_URL}' failed: Variable '${GK_URL}' not found.</msg>
<msg timestamp="20200818 22:44:11.079" level="ERROR">Error in file '/home/travis/build/geokrety/geokrety-website/tests-qa/acceptance/functions/Urls.robot' on line 4: Setting variable '${PAGE_SEED_GEOKRETY}' failed: Variable '${GK_URL}' not found.</msg>
<msg timestamp="20200818 22:44:11.086" level="ERROR">Error in file '/home/travis/build/geokrety/geokrety-website/tests-qa/acceptance/functions/Urls.robot' on line 5: Setting variable '${PAGE_SEED_GEOKRETY_OWNED_BY_USER_1}' failed: Variable '${GK_URL}' not found.</msg>
<msg timestamp="20200818 22:44:11.095" level="ERROR">Error in file '/home/travis/build/geokrety/geokrety-website/tests-qa/acceptance/functions/Urls.robot' on line 6: Setting variable '${PAGE_SEED_GEOKRETY_OWNED_BY_USER_2}' failed: Variable '${GK_URL}' not found.</msg>
<msg timestamp="20200818 22:44:11.104" level="ERROR">Error in file '/home/travis/build/geokrety/geokrety-website/tests-qa/acceptance/functions/Urls.robot' on line 3: Setting variable '${PAGE_SEED_USER}' failed: Variable '${GK_URL}' not found.</msg>
<msg timestamp="20200818 22:44:11.111" level="ERROR">Error in file '/home/travis/build/geokrety/geokrety-website/tests-qa/acceptance/functions/Urls.robot' on line 21: Setting variable '${PAGE_SIGN_IN_URL}' failed: Variable '${GK_URL}' not found.</msg>
<msg timestamp="20200818 22:44:11.119" level="ERROR">Error in file '/home/travis/build/geokrety/geokrety-website/tests-qa/acceptance/functions/Urls.robot' on line 22: Setting variable '${PAGE_SIGN_OUT_URL}' failed: Variable '${GK_URL}' not found.</msg>
<msg timestamp="20200818 22:44:11.127" level="ERROR">Error in file '/home/travis/build/geokrety/geokrety-website/tests-qa/acceptance/functions/Urls.robot' on line 19: Setting variable '${PAGE_TERMS_OF_USE_URL}' failed: Variable '${GK_URL}' not found.</msg>
<msg timestamp="20200818 22:44:11.135" level="ERROR">Error in file '/home/travis/build/geokrety/geokrety-website/tests-qa/acceptance/functions/Urls.robot' on line 29: Setting variable '${PAGE_USER_1_BANER_TEMPLATE_URL}' failed: Variable '${GK_URL}' not found.</msg>
<msg timestamp="20200818 22:44:11.143" level="ERROR">Error in file '/home/travis/build/geokrety/geokrety-website/tests-qa/acceptance/functions/Urls.robot' on line 30: Setting variable '${PAGE_USER_1_OBSERVATION_AREA_URL}' failed: Variable '${GK_URL}' not found.</msg>
<msg timestamp="20200818 22:44:11.152" level="ERROR">Error in file '/home/travis/build/geokrety/geokrety-website/tests-qa/acceptance/functions/Urls.robot' on line 25: Setting variable '${PAGE_USER_1_PROFILE_URL}' failed: Variable '${GK_URL}' not found.</msg>
<msg timestamp="20200818 22:44:11.160" level="ERROR">Error in file '/home/travis/build/geokrety/geokrety-website/tests-qa/acceptance/functions/Urls.robot' on line 27: Setting variable '${PAGE_USER_1_PROFILE_URL_FR}' failed: Variable '${GK_URL}' not found.</msg>
<msg timestamp="20200818 22:44:11.168" level="ERROR">Error in file '/home/travis/build/geokrety/geokrety-website/tests-qa/acceptance/functions/Urls.robot' on line 26: Setting variable '${PAGE_USER_2_PROFILE_URL}' failed: Variable '${GK_URL}' not found.</msg>
<msg timestamp="20200818 22:44:11.176" level="ERROR">Error in file '/home/travis/build/geokrety/geokrety-website/tests-qa/acceptance/functions/Urls.robot' on line 34: Setting variable '${PAGE_USER_CHANGE_EMAIL_URL}' failed: Variable '${GK_URL}' not found.</msg>
<msg timestamp="20200818 22:44:11.184" level="ERROR">Error in file '/home/travis/build/geokrety/geokrety-website/tests-qa/acceptance/functions/Urls.robot' on line 32: Setting variable '${PAGE_USER_CHANGE_LANGUAGE_URL}' failed: Variable '${GK_URL}' not found.</msg>
<msg timestamp="20200818 22:44:11.193" level="ERROR">Error in file '/home/travis/build/geokrety/geokrety-website/tests-qa/acceptance/functions/Urls.robot' on line 31: Setting variable '${PAGE_USER_CHANGE_PASSWORD_URL}' failed: Variable '${GK_URL}' not found.</msg>
<msg timestamp="20200818 22:44:11.201" level="ERROR">Error in file '/home/travis/build/geokrety/geokrety-website/tests-qa/acceptance/functions/Urls.robot' on line 42: Setting variable '${PAGE_USER_EMAIL_CHANGE_VALIDATE_URL}' failed: Variable '${GK_URL}' not found.</msg>
<msg timestamp="20200818 22:44:11.209" level="ERROR">Error in file '/home/travis/build/geokrety/geokrety-website/tests-qa/acceptance/functions/Urls.robot' on line 33: Setting variable '${PAGE_USER_REFRESH_SECID_URL}' failed: Variable '${GK_URL}' not found.</msg>
<msg timestamp="20200818 22:44:11.385" level="ERROR">Error in file '/home/travis/build/geokrety/geokrety-website/tests-qa/acceptance/functions/FunctionsGlobal.robot' on line 10: Setting variable '${BS_CONFIG}' failed: Variable '${BS_LOCAL}' not found.</msg>
<msg timestamp="20200818 22:44:11.396" level="ERROR">Error in file '/home/travis/build/geokrety/geokrety-website/tests-qa/acceptance/functions/FunctionsGlobal.robot' on line 19: Setting variable '${DC_GalaxyTab}' failed: Variable '${BS_CONFIG}' not found.</msg>
<msg timestamp="20200818 22:44:11.407" level="ERROR">Error in file '/home/travis/build/geokrety/geokrety-website/tests-qa/acceptance/functions/FunctionsGlobal.robot' on line 21: Setting variable '${DC_Win10Chrome}' failed: Variable '${BS_CONFIG}' not found.</msg>
<msg timestamp="20200818 22:44:11.418" level="ERROR">Error in file '/home/travis/build/geokrety/geokrety-website/tests-qa/acceptance/functions/FunctionsGlobal.robot' on line 23: Setting variable '${DC_Win10Firefox}' failed: Variable '${BS_CONFIG}' not found.</msg>
<msg timestamp="20200818 22:44:11.435" level="ERROR">Error in file '/home/travis/build/geokrety/geokrety-website/tests-qa/acceptance/functions/Urls.robot' on line 11: Setting variable '${PAGE_DEV_MAILBOX_FIRST_MAIL_URL}' failed: Variable '${GK_URL}' not found.</msg>
<msg timestamp="20200818 22:44:11.447" level="ERROR">Error in file '/home/travis/build/geokrety/geokrety-website/tests-qa/acceptance/functions/Urls.robot' on line 14: Setting variable '${PAGE_DEV_MAILBOX_FOURTH_MAIL_URL}' failed: Variable '${GK_URL}' not found.</msg>
<msg timestamp="20200818 22:44:11.460" level="ERROR">Error in file '/home/travis/build/geokrety/geokrety-website/tests-qa/acceptance/functions/Urls.robot' on line 12: Setting variable '${PAGE_DEV_MAILBOX_SECOND_MAIL_URL}' failed: Variable '${GK_URL}' not found.</msg>
<msg timestamp="20200818 22:44:11.473" level="ERROR">Error in file '/home/travis/build/geokrety/geokrety-website/tests-qa/acceptance/functions/Urls.robot' on line 13: Setting variable '${PAGE_DEV_MAILBOX_THIRD_MAIL_URL}' failed: Variable '${GK_URL}' not found.</msg>
<msg timestamp="20200818 22:44:11.485" level="ERROR">Error in file '/home/travis/build/geokrety/geokrety-website/tests-qa/acceptance/functions/Urls.robot' on line 10: Setting variable '${PAGE_DEV_MAILBOX_URL}' failed: Variable '${GK_URL}' not found.</msg>
<msg timestamp="20200818 22:44:11.497" level="ERROR">Error in file '/home/travis/build/geokrety/geokrety-website/tests-qa/acceptance/functions/Urls.robot' on line 15: Setting variable '${PAGE_DEV_RESET_DB_URL}' failed: Variable '${GK_URL}' not found.</msg>
<msg timestamp="20200818 22:44:11.508" level="ERROR">Error in file '/home/travis/build/geokrety/geokrety-website/tests-qa/acceptance/functions/Urls.robot' on line 38: Setting variable '${PAGE_GEOKRETY_1_DETAILS_URL}' failed: Variable '${GK_URL}' not found.</msg>
<msg timestamp="20200818 22:44:11.520" level="ERROR">Error in file '/home/travis/build/geokrety/geokrety-website/tests-qa/acceptance/functions/Urls.robot' on line 39: Setting variable '${PAGE_GEOKRETY_2_DETAILS_URL}' failed: Variable '${GK_URL}' not found.</msg>
<msg timestamp="20200818 22:44:11.528" level="ERROR">Error in file '/home/travis/build/geokrety/geokrety-website/tests-qa/acceptance/functions/Urls.robot' on line 40: Setting variable '${PAGE_GEOKRETY_3_DETAILS_URL}' failed: Variable '${GK_URL}' not found.</msg>
<msg timestamp="20200818 22:44:11.544" level="ERROR">Error in file '/home/travis/build/geokrety/geokrety-website/tests-qa/acceptance/functions/Urls.robot' on line 36: Setting variable '${PAGE_GEOKRETY_CREATE_URL}' failed: Variable '${GK_URL}' not found.</msg>
<msg timestamp="20200818 22:44:11.559" level="ERROR">Error in file '/home/travis/build/geokrety/geokrety-website/tests-qa/acceptance/functions/Urls.robot' on line 17: Setting variable '${PAGE_HOME_URL}' failed: Variable '${GK_URL}' not found.</msg>
<msg timestamp="20200818 22:44:11.583" level="ERROR">Error in file '/home/travis/build/geokrety/geokrety-website/tests-qa/acceptance/functions/Urls.robot' on line 18: Setting variable '${PAGE_HOME_URL_FR}' failed: Variable '${GK_URL}' not found.</msg>
<msg timestamp="20200818 22:44:11.588" level="ERROR">Error in file '/home/travis/build/geokrety/geokrety-website/tests-qa/acceptance/functions/Urls.robot' on line 23: Setting variable '${PAGE_NEWS_URL}' failed: Variable '${GK_URL}' not found.</msg>
<msg timestamp="20200818 22:44:11.598" level="ERROR">Error in file '/home/travis/build/geokrety/geokrety-website/tests-qa/acceptance/functions/Urls.robot' on line 20: Setting variable '${PAGE_REGISTER_URL}' failed: Variable '${GK_URL}' not found.</msg>
<msg timestamp="20200818 22:44:11.606" level="ERROR">Error in file '/home/travis/build/geokrety/geokrety-website/tests-qa/acceptance/functions/Urls.robot' on line 4: Setting variable '${PAGE_SEED_GEOKRETY}' failed: Variable '${GK_URL}' not found.</msg>
<msg timestamp="20200818 22:44:11.614" level="ERROR">Error in file '/home/travis/build/geokrety/geokrety-website/tests-qa/acceptance/functions/Urls.robot' on line 5: Setting variable '${PAGE_SEED_GEOKRETY_OWNED_BY_USER_1}' failed: Variable '${GK_URL}' not found.</msg>
<msg timestamp="20200818 22:44:11.623" level="ERROR">Error in file '/home/travis/build/geokrety/geokrety-website/tests-qa/acceptance/functions/Urls.robot' on line 6: Setting variable '${PAGE_SEED_GEOKRETY_OWNED_BY_USER_2}' failed: Variable '${GK_URL}' not found.</msg>
<msg timestamp="20200818 22:44:11.631" level="ERROR">Error in file '/home/travis/build/geokrety/geokrety-website/tests-qa/acceptance/functions/Urls.robot' on line 3: Setting variable '${PAGE_SEED_USER}' failed: Variable '${GK_URL}' not found.</msg>
<msg timestamp="20200818 22:44:11.639" level="ERROR">Error in file '/home/travis/build/geokrety/geokrety-website/tests-qa/acceptance/functions/Urls.robot' on line 21: Setting variable '${PAGE_SIGN_IN_URL}' failed: Variable '${GK_URL}' not found.</msg>
<msg timestamp="20200818 22:44:11.647" level="ERROR">Error in file '/home/travis/build/geokrety/geokrety-website/tests-qa/acceptance/functions/Urls.robot' on line 22: Setting variable '${PAGE_SIGN_OUT_URL}' failed: Variable '${GK_URL}' not found.</msg>
<msg timestamp="20200818 22:44:11.654" level="ERROR">Error in file '/home/travis/build/geokrety/geokrety-website/tests-qa/acceptance/functions/Urls.robot' on line 19: Setting variable '${PAGE_TERMS_OF_USE_URL}' failed: Variable '${GK_URL}' not found.</msg>
<msg timestamp="20200818 22:44:11.662" level="ERROR">Error in file '/home/travis/build/geokrety/geokrety-website/tests-qa/acceptance/functions/Urls.robot' on line 29: Setting variable '${PAGE_USER_1_BANER_TEMPLATE_URL}' failed: Variable '${GK_URL}' not found.</msg>
<msg timestamp="20200818 22:44:11.670" level="ERROR">Error in file '/home/travis/build/geokrety/geokrety-website/tests-qa/acceptance/functions/Urls.robot' on line 30: Setting variable '${PAGE_USER_1_OBSERVATION_AREA_URL}' failed: Variable '${GK_URL}' not found.</msg>
<msg timestamp="20200818 22:44:11.679" level="ERROR">Error in file '/home/travis/build/geokrety/geokrety-website/tests-qa/acceptance/functions/Urls.robot' on line 25: Setting variable '${PAGE_USER_1_PROFILE_URL}' failed: Variable '${GK_URL}' not found.</msg>
<msg timestamp="20200818 22:44:11.687" level="ERROR">Error in file '/home/travis/build/geokrety/geokrety-website/tests-qa/acceptance/functions/Urls.robot' on line 27: Setting variable '${PAGE_USER_1_PROFILE_URL_FR}' failed: Variable '${GK_URL}' not found.</msg>
<msg timestamp="20200818 22:44:11.695" level="ERROR">Error in file '/home/travis/build/geokrety/geokrety-website/tests-qa/acceptance/functions/Urls.robot' on line 26: Setting variable '${PAGE_USER_2_PROFILE_URL}' failed: Variable '${GK_URL}' not found.</msg>
<msg timestamp="20200818 22:44:11.704" level="ERROR">Error in file '/home/travis/build/geokrety/geokrety-website/tests-qa/acceptance/functions/Urls.robot' on line 34: Setting variable '${PAGE_USER_CHANGE_EMAIL_URL}' failed: Variable '${GK_URL}' not found.</msg>
<msg timestamp="20200818 22:44:11.712" level="ERROR">Error in file '/home/travis/build/geokrety/geokrety-website/tests-qa/acceptance/functions/Urls.robot' on line 32: Setting variable '${PAGE_USER_CHANGE_LANGUAGE_URL}' failed: Variable '${GK_URL}' not found.</msg>
<msg timestamp="20200818 22:44:11.721" level="ERROR">Error in file '/home/travis/build/geokrety/geokrety-website/tests-qa/acceptance/functions/Urls.robot' on line 31: Setting variable '${PAGE_USER_CHANGE_PASSWORD_URL}' failed: Variable '${GK_URL}' not found.</msg>
<msg timestamp="20200818 22:44:11.729" level="ERROR">Error in file '/home/travis/build/geokrety/geokrety-website/tests-qa/acceptance/functions/Urls.robot' on line 42: Setting variable '${PAGE_USER_EMAIL_CHANGE_VALIDATE_URL}' failed: Variable '${GK_URL}' not found.</msg>
<msg timestamp="20200818 22:44:11.738" level="ERROR">Error in file '/home/travis/build/geokrety/geokrety-website/tests-qa/acceptance/functions/Urls.robot' on line 33: Setting variable '${PAGE_USER_REFRESH_SECID_URL}' failed: Variable '${GK_URL}' not found.</msg>
<msg timestamp="20200818 22:44:11.898" level="ERROR">Error in file '/home/travis/build/geokrety/geokrety-website/tests-qa/acceptance/functions/FunctionsGlobal.robot' on line 10: Setting variable '${BS_CONFIG}' failed: Variable '${BS_LOCAL}' not found.</msg>
<msg timestamp="20200818 22:44:11.914" level="ERROR">Error in file '/home/travis/build/geokrety/geokrety-website/tests-qa/acceptance/functions/FunctionsGlobal.robot' on line 19: Setting variable '${DC_GalaxyTab}' failed: Variable '${BS_CONFIG}' not found.</msg>
<msg timestamp="20200818 22:44:11.931" level="ERROR">Error in file '/home/travis/build/geokrety/geokrety-website/tests-qa/acceptance/functions/FunctionsGlobal.robot' on line 21: Setting variable '${DC_Win10Chrome}' failed: Variable '${BS_CONFIG}' not found.</msg>
<msg timestamp="20200818 22:44:11.937" level="ERROR">Error in file '/home/travis/build/geokrety/geokrety-website/tests-qa/acceptance/functions/FunctionsGlobal.robot' on line 23: Setting variable '${DC_Win10Firefox}' failed: Variable '${BS_CONFIG}' not found.</msg>
<msg timestamp="20200818 22:44:11.945" level="ERROR">Error in file '/home/travis/build/geokrety/geokrety-website/tests-qa/acceptance/functions/Urls.robot' on line 11: Setting variable '${PAGE_DEV_MAILBOX_FIRST_MAIL_URL}' failed: Variable '${GK_URL}' not found.</msg>
<msg timestamp="20200818 22:44:11.955" level="ERROR">Error in file '/home/travis/build/geokrety/geokrety-website/tests-qa/acceptance/functions/Urls.robot' on line 14: Setting variable '${PAGE_DEV_MAILBOX_FOURTH_MAIL_URL}' failed: Variable '${GK_URL}' not found.</msg>
<msg timestamp="20200818 22:44:11.966" level="ERROR">Error in file '/home/travis/build/geokrety/geokrety-website/tests-qa/acceptance/functions/Urls.robot' on line 12: Setting variable '${PAGE_DEV_MAILBOX_SECOND_MAIL_URL}' failed: Variable '${GK_URL}' not found.</msg>
<msg timestamp="20200818 22:44:11.976" level="ERROR">Error in file '/home/travis/build/geokrety/geokrety-website/tests-qa/acceptance/functions/Urls.robot' on line 13: Setting variable '${PAGE_DEV_MAILBOX_THIRD_MAIL_URL}' failed: Variable '${GK_URL}' not found.</msg>
<msg timestamp="20200818 22:44:11.986" level="ERROR">Error in file '/home/travis/build/geokrety/geokrety-website/tests-qa/acceptance/functions/Urls.robot' on line 10: Setting variable '${PAGE_DEV_MAILBOX_URL}' failed: Variable '${GK_URL}' not found.</msg>
<msg timestamp="20200818 22:44:11.992" level="ERROR">Error in file '/home/travis/build/geokrety/geokrety-website/tests-qa/acceptance/functions/Urls.robot' on line 15: Setting variable '${PAGE_DEV_RESET_DB_URL}' failed: Variable '${GK_URL}' not found.</msg>
<msg timestamp="20200818 22:44:12.000" level="ERROR">Error in file '/home/travis/build/geokrety/geokrety-website/tests-qa/acceptance/functions/Urls.robot' on line 38: Setting variable '${PAGE_GEOKRETY_1_DETAILS_URL}' failed: Variable '${GK_URL}' not found.</msg>
<msg timestamp="20200818 22:44:12.009" level="ERROR">Error in file '/home/travis/build/geokrety/geokrety-website/tests-qa/acceptance/functions/Urls.robot' on line 39: Setting variable '${PAGE_GEOKRETY_2_DETAILS_URL}' failed: Variable '${GK_URL}' not found.</msg>
<msg timestamp="20200818 22:44:12.018" level="ERROR">Error in file '/home/travis/build/geokrety/geokrety-website/tests-qa/acceptance/functions/Urls.robot' on line 40: Setting variable '${PAGE_GEOKRETY_3_DETAILS_URL}' failed: Variable '${GK_URL}' not found.</msg>
<msg timestamp="20200818 22:44:12.027" level="ERROR">Error in file '/home/travis/build/geokrety/geokrety-website/tests-qa/acceptance/functions/Urls.robot' on line 36: Setting variable '${PAGE_GEOKRETY_CREATE_URL}' failed: Variable '${GK_URL}' not found.</msg>
<msg timestamp="20200818 22:44:12.036" level="ERROR">Error in file '/home/travis/build/geokrety/geokrety-website/tests-qa/acceptance/functions/Urls.robot' on line 17: Setting variable '${PAGE_HOME_URL}' failed: Variable '${GK_URL}' not found.</msg>
<msg timestamp="20200818 22:44:12.043" level="ERROR">Error in file '/home/travis/build/geokrety/geokrety-website/tests-qa/acceptance/functions/Urls.robot' on line 18: Setting variable '${PAGE_HOME_URL_FR}' failed: Variable '${GK_URL}' not found.</msg>
<msg timestamp="20200818 22:44:12.051" level="ERROR">Error in file '/home/travis/build/geokrety/geokrety-website/tests-qa/acceptance/functions/Urls.robot' on line 23: Setting variable '${PAGE_NEWS_URL}' failed: Variable '${GK_URL}' not found.</msg>
<msg timestamp="20200818 22:44:12.058" level="ERROR">Error in file '/home/travis/build/geokrety/geokrety-website/tests-qa/acceptance/functions/Urls.robot' on line 20: Setting variable '${PAGE_REGISTER_URL}' failed: Variable '${GK_URL}' not found.</msg>
<msg timestamp="20200818 22:44:12.066" level="ERROR">Error in file '/home/travis/build/geokrety/geokrety-website/tests-qa/acceptance/functions/Urls.robot' on line 4: Setting variable '${PAGE_SEED_GEOKRETY}' failed: Variable '${GK_URL}' not found.</msg>
<msg timestamp="20200818 22:44:12.074" level="ERROR">Error in file '/home/travis/build/geokrety/geokrety-website/tests-qa/acceptance/functions/Urls.robot' on line 5: Setting variable '${PAGE_SEED_GEOKRETY_OWNED_BY_USER_1}' failed: Variable '${GK_URL}' not found.</msg>
<msg timestamp="20200818 22:44:12.083" level="ERROR">Error in file '/home/travis/build/geokrety/geokrety-website/tests-qa/acceptance/functions/Urls.robot' on line 6: Setting variable '${PAGE_SEED_GEOKRETY_OWNED_BY_USER_2}' failed: Variable '${GK_URL}' not found.</msg>
<msg timestamp="20200818 22:44:12.091" level="ERROR">Error in file '/home/travis/build/geokrety/geokrety-website/tests-qa/acceptance/functions/Urls.robot' on line 3: Setting variable '${PAGE_SEED_USER}' failed: Variable '${GK_URL}' not found.</msg>
<msg timestamp="20200818 22:44:12.099" level="ERROR">Error in file '/home/travis/build/geokrety/geokrety-website/tests-qa/acceptance/functions/Urls.robot' on line 21: Setting variable '${PAGE_SIGN_IN_URL}' failed: Variable '${GK_URL}' not found.</msg>
<msg timestamp="20200818 22:44:12.106" level="ERROR">Error in file '/home/travis/build/geokrety/geokrety-website/tests-qa/acceptance/functions/Urls.robot' on line 22: Setting variable '${PAGE_SIGN_OUT_URL}' failed: Variable '${GK_URL}' not found.</msg>
<msg timestamp="20200818 22:44:12.114" level="ERROR">Error in file '/home/travis/build/geokrety/geokrety-website/tests-qa/acceptance/functions/Urls.robot' on line 19: Setting variable '${PAGE_TERMS_OF_USE_URL}' failed: Variable '${GK_URL}' not found.</msg>
<msg timestamp="20200818 22:44:12.122" level="ERROR">Error in file '/home/travis/build/geokrety/geokrety-website/tests-qa/acceptance/functions/Urls.robot' on line 29: Setting variable '${PAGE_USER_1_BANER_TEMPLATE_URL}' failed: Variable '${GK_URL}' not found.</msg>
<msg timestamp="20200818 22:44:12.130" level="ERROR">Error in file '/home/travis/build/geokrety/geokrety-website/tests-qa/acceptance/functions/Urls.robot' on line 30: Setting variable '${PAGE_USER_1_OBSERVATION_AREA_URL}' failed: Variable '${GK_URL}' not found.</msg>
<msg timestamp="20200818 22:44:12.139" level="ERROR">Error in file '/home/travis/build/geokrety/geokrety-website/tests-qa/acceptance/functions/Urls.robot' on line 25: Setting variable '${PAGE_USER_1_PROFILE_URL}' failed: Variable '${GK_URL}' not found.</msg>
<msg timestamp="20200818 22:44:12.147" level="ERROR">Error in file '/home/travis/build/geokrety/geokrety-website/tests-qa/acceptance/functions/Urls.robot' on line 27: Setting variable '${PAGE_USER_1_PROFILE_URL_FR}' failed: Variable '${GK_URL}' not found.</msg>
<msg timestamp="20200818 22:44:12.155" level="ERROR">Error in file '/home/travis/build/geokrety/geokrety-website/tests-qa/acceptance/functions/Urls.robot' on line 26: Setting variable '${PAGE_USER_2_PROFILE_URL}' failed: Variable '${GK_URL}' not found.</msg>
<msg timestamp="20200818 22:44:12.163" level="ERROR">Error in file '/home/travis/build/geokrety/geokrety-website/tests-qa/acceptance/functions/Urls.robot' on line 34: Setting variable '${PAGE_USER_CHANGE_EMAIL_URL}' failed: Variable '${GK_URL}' not found.</msg>
<msg timestamp="20200818 22:44:12.171" level="ERROR">Error in file '/home/travis/build/geokrety/geokrety-website/tests-qa/acceptance/functions/Urls.robot' on line 32: Setting variable '${PAGE_USER_CHANGE_LANGUAGE_URL}' failed: Variable '${GK_URL}' not found.</msg>
<msg timestamp="20200818 22:44:12.180" level="ERROR">Error in file '/home/travis/build/geokrety/geokrety-website/tests-qa/acceptance/functions/Urls.robot' on line 31: Setting variable '${PAGE_USER_CHANGE_PASSWORD_URL}' failed: Variable '${GK_URL}' not found.</msg>
<msg timestamp="20200818 22:44:12.188" level="ERROR">Error in file '/home/travis/build/geokrety/geokrety-website/tests-qa/acceptance/functions/Urls.robot' on line 42: Setting variable '${PAGE_USER_EMAIL_CHANGE_VALIDATE_URL}' failed: Variable '${GK_URL}' not found.</msg>
<msg timestamp="20200818 22:44:12.196" level="ERROR">Error in file '/home/travis/build/geokrety/geokrety-website/tests-qa/acceptance/functions/Urls.robot' on line 33: Setting variable '${PAGE_USER_REFRESH_SECID_URL}' failed: Variable '${GK_URL}' not found.</msg>
<msg timestamp="20200818 22:44:12.276" level="ERROR">Error in file '/home/travis/build/geokrety/geokrety-website/tests-qa/acceptance/functions/FunctionsGlobal.robot' on line 10: Setting variable '${BS_CONFIG}' failed: Variable '${BS_LOCAL}' not found.</msg>
<msg timestamp="20200818 22:44:12.286" level="ERROR">Error in file '/home/travis/build/geokrety/geokrety-website/tests-qa/acceptance/functions/FunctionsGlobal.robot' on line 19: Setting variable '${DC_GalaxyTab}' failed: Variable '${BS_CONFIG}' not found.</msg>
<msg timestamp="20200818 22:44:12.294" level="ERROR">Error in file '/home/travis/build/geokrety/geokrety-website/tests-qa/acceptance/functions/FunctionsGlobal.robot' on line 21: Setting variable '${DC_Win10Chrome}' failed: Variable '${BS_CONFIG}' not found.</msg>
<msg timestamp="20200818 22:44:12.303" level="ERROR">Error in file '/home/travis/build/geokrety/geokrety-website/tests-qa/acceptance/functions/FunctionsGlobal.robot' on line 23: Setting variable '${DC_Win10Firefox}' failed: Variable '${BS_CONFIG}' not found.</msg>
<msg timestamp="20200818 22:44:12.316" level="ERROR">Error in file '/home/travis/build/geokrety/geokrety-website/tests-qa/acceptance/functions/Urls.robot' on line 11: Setting variable '${PAGE_DEV_MAILBOX_FIRST_MAIL_URL}' failed: Variable '${GK_URL}' not found.</msg>
<msg timestamp="20200818 22:44:12.327" level="ERROR">Error in file '/home/travis/build/geokrety/geokrety-website/tests-qa/acceptance/functions/Urls.robot' on line 14: Setting variable '${PAGE_DEV_MAILBOX_FOURTH_MAIL_URL}' failed: Variable '${GK_URL}' not found.</msg>
<msg timestamp="20200818 22:44:12.336" level="ERROR">Error in file '/home/travis/build/geokrety/geokrety-website/tests-qa/acceptance/functions/Urls.robot' on line 12: Setting variable '${PAGE_DEV_MAILBOX_SECOND_MAIL_URL}' failed: Variable '${GK_URL}' not found.</msg>
<msg timestamp="20200818 22:44:12.346" level="ERROR">Error in file '/home/travis/build/geokrety/geokrety-website/tests-qa/acceptance/functions/Urls.robot' on line 13: Setting variable '${PAGE_DEV_MAILBOX_THIRD_MAIL_URL}' failed: Variable '${GK_URL}' not found.</msg>
<msg timestamp="20200818 22:44:12.355" level="ERROR">Error in file '/home/travis/build/geokrety/geokrety-website/tests-qa/acceptance/functions/Urls.robot' on line 10: Setting variable '${PAGE_DEV_MAILBOX_URL}' failed: Variable '${GK_URL}' not found.</msg>
<msg timestamp="20200818 22:44:12.365" level="ERROR">Error in file '/home/travis/build/geokrety/geokrety-website/tests-qa/acceptance/functions/Urls.robot' on line 15: Setting variable '${PAGE_DEV_RESET_DB_URL}' failed: Variable '${GK_URL}' not found.</msg>
<msg timestamp="20200818 22:44:12.374" level="ERROR">Error in file '/home/travis/build/geokrety/geokrety-website/tests-qa/acceptance/functions/Urls.robot' on line 38: Setting variable '${PAGE_GEOKRETY_1_DETAILS_URL}' failed: Variable '${GK_URL}' not found.</msg>
<msg timestamp="20200818 22:44:12.384" level="ERROR">Error in file '/home/travis/build/geokrety/geokrety-website/tests-qa/acceptance/functions/Urls.robot' on line 39: Setting variable '${PAGE_GEOKRETY_2_DETAILS_URL}' failed: Variable '${GK_URL}' not found.</msg>
<msg timestamp="20200818 22:44:12.395" level="ERROR">Error in file '/home/travis/build/geokrety/geokrety-website/tests-qa/acceptance/functions/Urls.robot' on line 40: Setting variable '${PAGE_GEOKRETY_3_DETAILS_URL}' failed: Variable '${GK_URL}' not found.</msg>
<msg timestamp="20200818 22:44:12.405" level="ERROR">Error in file '/home/travis/build/geokrety/geokrety-website/tests-qa/acceptance/functions/Urls.robot' on line 36: Setting variable '${PAGE_GEOKRETY_CREATE_URL}' failed: Variable '${GK_URL}' not found.</msg>
<msg timestamp="20200818 22:44:12.414" level="ERROR">Error in file '/home/travis/build/geokrety/geokrety-website/tests-qa/acceptance/functions/Urls.robot' on line 17: Setting variable '${PAGE_HOME_URL}' failed: Variable '${GK_URL}' not found.</msg>
<msg timestamp="20200818 22:44:12.422" level="ERROR">Error in file '/home/travis/build/geokrety/geokrety-website/tests-qa/acceptance/functions/Urls.robot' on line 18: Setting variable '${PAGE_HOME_URL_FR}' failed: Variable '${GK_URL}' not found.</msg>
<msg timestamp="20200818 22:44:12.431" level="ERROR">Error in file '/home/travis/build/geokrety/geokrety-website/tests-qa/acceptance/functions/Urls.robot' on line 23: Setting variable '${PAGE_NEWS_URL}' failed: Variable '${GK_URL}' not found.</msg>
<msg timestamp="20200818 22:44:12.439" level="ERROR">Error in file '/home/travis/build/geokrety/geokrety-website/tests-qa/acceptance/functions/Urls.robot' on line 20: Setting variable '${PAGE_REGISTER_URL}' failed: Variable '${GK_URL}' not found.</msg>
<msg timestamp="20200818 22:44:12.448" level="ERROR">Error in file '/home/travis/build/geokrety/geokrety-website/tests-qa/acceptance/functions/Urls.robot' on line 4: Setting variable '${PAGE_SEED_GEOKRETY}' failed: Variable '${GK_URL}' not found.</msg>
<msg timestamp="20200818 22:44:12.456" level="ERROR">Error in file '/home/travis/build/geokrety/geokrety-website/tests-qa/acceptance/functions/Urls.robot' on line 5: Setting variable '${PAGE_SEED_GEOKRETY_OWNED_BY_USER_1}' failed: Variable '${GK_URL}' not found.</msg>
<msg timestamp="20200818 22:44:12.466" level="ERROR">Error in file '/home/travis/build/geokrety/geokrety-website/tests-qa/acceptance/functions/Urls.robot' on line 6: Setting variable '${PAGE_SEED_GEOKRETY_OWNED_BY_USER_2}' failed: Variable '${GK_URL}' not found.</msg>
<msg timestamp="20200818 22:44:12.476" level="ERROR">Error in file '/home/travis/build/geokrety/geokrety-website/tests-qa/acceptance/functions/Urls.robot' on line 3: Setting variable '${PAGE_SEED_USER}' failed: Variable '${GK_URL}' not found.</msg>
<msg timestamp="20200818 22:44:12.485" level="ERROR">Error in file '/home/travis/build/geokrety/geokrety-website/tests-qa/acceptance/functions/Urls.robot' on line 21: Setting variable '${PAGE_SIGN_IN_URL}' failed: Variable '${GK_URL}' not found.</msg>
<msg timestamp="20200818 22:44:12.493" level="ERROR">Error in file '/home/travis/build/geokrety/geokrety-website/tests-qa/acceptance/functions/Urls.robot' on line 22: Setting variable '${PAGE_SIGN_OUT_URL}' failed: Variable '${GK_URL}' not found.</msg>
<msg timestamp="20200818 22:44:12.502" level="ERROR">Error in file '/home/travis/build/geokrety/geokrety-website/tests-qa/acceptance/functions/Urls.robot' on line 19: Setting variable '${PAGE_TERMS_OF_USE_URL}' failed: Variable '${GK_URL}' not found.</msg>
<msg timestamp="20200818 22:44:12.510" level="ERROR">Error in file '/home/travis/build/geokrety/geokrety-website/tests-qa/acceptance/functions/Urls.robot' on line 29: Setting variable '${PAGE_USER_1_BANER_TEMPLATE_URL}' failed: Variable '${GK_URL}' not found.</msg>
<msg timestamp="20200818 22:44:12.519" level="ERROR">Error in file '/home/travis/build/geokrety/geokrety-website/tests-qa/acceptance/functions/Urls.robot' on line 30: Setting variable '${PAGE_USER_1_OBSERVATION_AREA_URL}' failed: Variable '${GK_URL}' not found.</msg>
<msg timestamp="20200818 22:44:12.528" level="ERROR">Error in file '/home/travis/build/geokrety/geokrety-website/tests-qa/acceptance/functions/Urls.robot' on line 25: Setting variable '${PAGE_USER_1_PROFILE_URL}' failed: Variable '${GK_URL}' not found.</msg>
<msg timestamp="20200818 22:44:12.537" level="ERROR">Error in file '/home/travis/build/geokrety/geokrety-website/tests-qa/acceptance/functions/Urls.robot' on line 27: Setting variable '${PAGE_USER_1_PROFILE_URL_FR}' failed: Variable '${GK_URL}' not found.</msg>
<msg timestamp="20200818 22:44:12.546" level="ERROR">Error in file '/home/travis/build/geokrety/geokrety-website/tests-qa/acceptance/functions/Urls.robot' on line 26: Setting variable '${PAGE_USER_2_PROFILE_URL}' failed: Variable '${GK_URL}' not found.</msg>
<msg timestamp="20200818 22:44:12.554" level="ERROR">Error in file '/home/travis/build/geokrety/geokrety-website/tests-qa/acceptance/functions/Urls.robot' on line 34: Setting variable '${PAGE_USER_CHANGE_EMAIL_URL}' failed: Variable '${GK_URL}' not found.</msg>
<msg timestamp="20200818 22:44:12.563" level="ERROR">Error in file '/home/travis/build/geokrety/geokrety-website/tests-qa/acceptance/functions/Urls.robot' on line 32: Setting variable '${PAGE_USER_CHANGE_LANGUAGE_URL}' failed: Variable '${GK_URL}' not found.</msg>
<msg timestamp="20200818 22:44:12.572" level="ERROR">Error in file '/home/travis/build/geokrety/geokrety-website/tests-qa/acceptance/functions/Urls.robot' on line 31: Setting variable '${PAGE_USER_CHANGE_PASSWORD_URL}' failed: Variable '${GK_URL}' not found.</msg>
<msg timestamp="20200818 22:44:12.581" level="ERROR">Error in file '/home/travis/build/geokrety/geokrety-website/tests-qa/acceptance/functions/Urls.robot' on line 42: Setting variable '${PAGE_USER_EMAIL_CHANGE_VALIDATE_URL}' failed: Variable '${GK_URL}' not found.</msg>
<msg timestamp="20200818 22:44:12.587" level="ERROR">Error in file '/home/travis/build/geokrety/geokrety-website/tests-qa/acceptance/functions/Urls.robot' on line 33: Setting variable '${PAGE_USER_REFRESH_SECID_URL}' failed: Variable '${GK_URL}' not found.</msg>
<msg timestamp="20200818 22:44:12.692" level="ERROR">Error in file '/home/travis/build/geokrety/geokrety-website/tests-qa/acceptance/functions/FunctionsGlobal.robot' on line 10: Setting variable '${BS_CONFIG}' failed: Variable '${BS_LOCAL}' not found.</msg>
<msg timestamp="20200818 22:44:12.698" level="ERROR">Error in file '/home/travis/build/geokrety/geokrety-website/tests-qa/acceptance/functions/FunctionsGlobal.robot' on line 19: Setting variable '${DC_GalaxyTab}' failed: Variable '${BS_CONFIG}' not found.</msg>
<msg timestamp="20200818 22:44:12.706" level="ERROR">Error in file '/home/travis/build/geokrety/geokrety-website/tests-qa/acceptance/functions/FunctionsGlobal.robot' on line 21: Setting variable '${DC_Win10Chrome}' failed: Variable '${BS_CONFIG}' not found.</msg>
<msg timestamp="20200818 22:44:12.712" level="ERROR">Error in file '/home/travis/build/geokrety/geokrety-website/tests-qa/acceptance/functions/FunctionsGlobal.robot' on line 23: Setting variable '${DC_Win10Firefox}' failed: Variable '${BS_CONFIG}' not found.</msg>
<msg timestamp="20200818 22:44:12.724" level="ERROR">Error in file '/home/travis/build/geokrety/geokrety-website/tests-qa/acceptance/functions/Urls.robot' on line 11: Setting variable '${PAGE_DEV_MAILBOX_FIRST_MAIL_URL}' failed: Variable '${GK_URL}' not found.</msg>
<msg timestamp="20200818 22:44:12.735" level="ERROR">Error in file '/home/travis/build/geokrety/geokrety-website/tests-qa/acceptance/functions/Urls.robot' on line 14: Setting variable '${PAGE_DEV_MAILBOX_FOURTH_MAIL_URL}' failed: Variable '${GK_URL}' not found.</msg>
<msg timestamp="20200818 22:44:12.745" level="ERROR">Error in file '/home/travis/build/geokrety/geokrety-website/tests-qa/acceptance/functions/Urls.robot' on line 12: Setting variable '${PAGE_DEV_MAILBOX_SECOND_MAIL_URL}' failed: Variable '${GK_URL}' not found.</msg>
<msg timestamp="20200818 22:44:12.755" level="ERROR">Error in file '/home/travis/build/geokrety/geokrety-website/tests-qa/acceptance/functions/Urls.robot' on line 13: Setting variable '${PAGE_DEV_MAILBOX_THIRD_MAIL_URL}' failed: Variable '${GK_URL}' not found.</msg>
<msg timestamp="20200818 22:44:12.763" level="ERROR">Error in file '/home/travis/build/geokrety/geokrety-website/tests-qa/acceptance/functions/Urls.robot' on line 10: Setting variable '${PAGE_DEV_MAILBOX_URL}' failed: Variable '${GK_URL}' not found.</msg>
<msg timestamp="20200818 22:44:12.772" level="ERROR">Error in file '/home/travis/build/geokrety/geokrety-website/tests-qa/acceptance/functions/Urls.robot' on line 15: Setting variable '${PAGE_DEV_RESET_DB_URL}' failed: Variable '${GK_URL}' not found.</msg>
<msg timestamp="20200818 22:44:12.780" level="ERROR">Error in file '/home/travis/build/geokrety/geokrety-website/tests-qa/acceptance/functions/Urls.robot' on line 38: Setting variable '${PAGE_GEOKRETY_1_DETAILS_URL}' failed: Variable '${GK_URL}' not found.</msg>
<msg timestamp="20200818 22:44:12.790" level="ERROR">Error in file '/home/travis/build/geokrety/geokrety-website/tests-qa/acceptance/functions/Urls.robot' on line 39: Setting variable '${PAGE_GEOKRETY_2_DETAILS_URL}' failed: Variable '${GK_URL}' not found.</msg>
<msg timestamp="20200818 22:44:12.796" level="ERROR">Error in file '/home/travis/build/geokrety/geokrety-website/tests-qa/acceptance/functions/Urls.robot' on line 40: Setting variable '${PAGE_GEOKRETY_3_DETAILS_URL}' failed: Variable '${GK_URL}' not found.</msg>
<msg timestamp="20200818 22:44:12.807" level="ERROR">Error in file '/home/travis/build/geokrety/geokrety-website/tests-qa/acceptance/functions/Urls.robot' on line 36: Setting variable '${PAGE_GEOKRETY_CREATE_URL}' failed: Variable '${GK_URL}' not found.</msg>
<msg timestamp="20200818 22:44:12.814" level="ERROR">Error in file '/home/travis/build/geokrety/geokrety-website/tests-qa/acceptance/functions/Urls.robot' on line 17: Setting variable '${PAGE_HOME_URL}' failed: Variable '${GK_URL}' not found.</msg>
<msg timestamp="20200818 22:44:12.823" level="ERROR">Error in file '/home/travis/build/geokrety/geokrety-website/tests-qa/acceptance/functions/Urls.robot' on line 18: Setting variable '${PAGE_HOME_URL_FR}' failed: Variable '${GK_URL}' not found.</msg>
<msg timestamp="20200818 22:44:12.830" level="ERROR">Error in file '/home/travis/build/geokrety/geokrety-website/tests-qa/acceptance/functions/Urls.robot' on line 23: Setting variable '${PAGE_NEWS_URL}' failed: Variable '${GK_URL}' not found.</msg>
<msg timestamp="20200818 22:44:12.837" level="ERROR">Error in file '/home/travis/build/geokrety/geokrety-website/tests-qa/acceptance/functions/Urls.robot' on line 20: Setting variable '${PAGE_REGISTER_URL}' failed: Variable '${GK_URL}' not found.</msg>
<msg timestamp="20200818 22:44:12.846" level="ERROR">Error in file '/home/travis/build/geokrety/geokrety-website/tests-qa/acceptance/functions/Urls.robot' on line 4: Setting variable '${PAGE_SEED_GEOKRETY}' failed: Variable '${GK_URL}' not found.</msg>
<msg timestamp="20200818 22:44:12.854" level="ERROR">Error in file '/home/travis/build/geokrety/geokrety-website/tests-qa/acceptance/functions/Urls.robot' on line 5: Setting variable '${PAGE_SEED_GEOKRETY_OWNED_BY_USER_1}' failed: Variable '${GK_URL}' not found.</msg>
<msg timestamp="20200818 22:44:12.863" level="ERROR">Error in file '/home/travis/build/geokrety/geokrety-website/tests-qa/acceptance/functions/Urls.robot' on line 6: Setting variable '${PAGE_SEED_GEOKRETY_OWNED_BY_USER_2}' failed: Variable '${GK_URL}' not found.</msg>
<msg timestamp="20200818 22:44:12.874" level="ERROR">Error in file '/home/travis/build/geokrety/geokrety-website/tests-qa/acceptance/functions/Urls.robot' on line 3: Setting variable '${PAGE_SEED_USER}' failed: Variable '${GK_URL}' not found.</msg>
<msg timestamp="20200818 22:44:12.879" level="ERROR">Error in file '/home/travis/build/geokrety/geokrety-website/tests-qa/acceptance/functions/Urls.robot' on line 21: Setting variable '${PAGE_SIGN_IN_URL}' failed: Variable '${GK_URL}' not found.</msg>
<msg timestamp="20200818 22:44:12.889" level="ERROR">Error in file '/home/travis/build/geokrety/geokrety-website/tests-qa/acceptance/functions/Urls.robot' on line 22: Setting variable '${PAGE_SIGN_OUT_URL}' failed: Variable '${GK_URL}' not found.</msg>
<msg timestamp="20200818 22:44:12.894" level="ERROR">Error in file '/home/travis/build/geokrety/geokrety-website/tests-qa/acceptance/functions/Urls.robot' on line 19: Setting variable '${PAGE_TERMS_OF_USE_URL}' failed: Variable '${GK_URL}' not found.</msg>
<msg timestamp="20200818 22:44:12.903" level="ERROR">Error in file '/home/travis/build/geokrety/geokrety-website/tests-qa/acceptance/functions/Urls.robot' on line 29: Setting variable '${PAGE_USER_1_BANER_TEMPLATE_URL}' failed: Variable '${GK_URL}' not found.</msg>
<msg timestamp="20200818 22:44:12.913" level="ERROR">Error in file '/home/travis/build/geokrety/geokrety-website/tests-qa/acceptance/functions/Urls.robot' on line 30: Setting variable '${PAGE_USER_1_OBSERVATION_AREA_URL}' failed: Variable '${GK_URL}' not found.</msg>
<msg timestamp="20200818 22:44:12.919" level="ERROR">Error in file '/home/travis/build/geokrety/geokrety-website/tests-qa/acceptance/functions/Urls.robot' on line 25: Setting variable '${PAGE_USER_1_PROFILE_URL}' failed: Variable '${GK_URL}' not found.</msg>
<msg timestamp="20200818 22:44:12.929" level="ERROR">Error in file '/home/travis/build/geokrety/geokrety-website/tests-qa/acceptance/functions/Urls.robot' on line 27: Setting variable '${PAGE_USER_1_PROFILE_URL_FR}' failed: Variable '${GK_URL}' not found.</msg>
<msg timestamp="20200818 22:44:12.934" level="ERROR">Error in file '/home/travis/build/geokrety/geokrety-website/tests-qa/acceptance/functions/Urls.robot' on line 26: Setting variable '${PAGE_USER_2_PROFILE_URL}' failed: Variable '${GK_URL}' not found.</msg>
<msg timestamp="20200818 22:44:12.944" level="ERROR">Error in file '/home/travis/build/geokrety/geokrety-website/tests-qa/acceptance/functions/Urls.robot' on line 34: Setting variable '${PAGE_USER_CHANGE_EMAIL_URL}' failed: Variable '${GK_URL}' not found.</msg>
<msg timestamp="20200818 22:44:12.953" level="ERROR">Error in file '/home/travis/build/geokrety/geokrety-website/tests-qa/acceptance/functions/Urls.robot' on line 32: Setting variable '${PAGE_USER_CHANGE_LANGUAGE_URL}' failed: Variable '${GK_URL}' not found.</msg>
<msg timestamp="20200818 22:44:12.963" level="ERROR">Error in file '/home/travis/build/geokrety/geokrety-website/tests-qa/acceptance/functions/Urls.robot' on line 31: Setting variable '${PAGE_USER_CHANGE_PASSWORD_URL}' failed: Variable '${GK_URL}' not found.</msg>
<msg timestamp="20200818 22:44:12.973" level="ERROR">Error in file '/home/travis/build/geokrety/geokrety-website/tests-qa/acceptance/functions/Urls.robot' on line 42: Setting variable '${PAGE_USER_EMAIL_CHANGE_VALIDATE_URL}' failed: Variable '${GK_URL}' not found.</msg>
<msg timestamp="20200818 22:44:12.983" level="ERROR">Error in file '/home/travis/build/geokrety/geokrety-website/tests-qa/acceptance/functions/Urls.robot' on line 33: Setting variable '${PAGE_USER_REFRESH_SECID_URL}' failed: Variable '${GK_URL}' not found.</msg>
<msg timestamp="20200818 22:44:13.072" level="ERROR">Error in file '/home/travis/build/geokrety/geokrety-website/tests-qa/acceptance/functions/FunctionsGlobal.robot' on line 10: Setting variable '${BS_CONFIG}' failed: Variable '${BS_LOCAL}' not found.</msg>
<msg timestamp="20200818 22:44:13.077" level="ERROR">Error in file '/home/travis/build/geokrety/geokrety-website/tests-qa/acceptance/functions/FunctionsGlobal.robot' on line 19: Setting variable '${DC_GalaxyTab}' failed: Variable '${BS_CONFIG}' not found.</msg>
<msg timestamp="20200818 22:44:13.083" level="ERROR">Error in file '/home/travis/build/geokrety/geokrety-website/tests-qa/acceptance/functions/FunctionsGlobal.robot' on line 21: Setting variable '${DC_Win10Chrome}' failed: Variable '${BS_CONFIG}' not found.</msg>
<msg timestamp="20200818 22:44:13.087" level="ERROR">Error in file '/home/travis/build/geokrety/geokrety-website/tests-qa/acceptance/functions/FunctionsGlobal.robot' on line 23: Setting variable '${DC_Win10Firefox}' failed: Variable '${BS_CONFIG}' not found.</msg>
<msg timestamp="20200818 22:44:13.096" level="ERROR">Error in file '/home/travis/build/geokrety/geokrety-website/tests-qa/acceptance/functions/Urls.robot' on line 11: Setting variable '${PAGE_DEV_MAILBOX_FIRST_MAIL_URL}' failed: Variable '${GK_URL}' not found.</msg>
<msg timestamp="20200818 22:44:13.106" level="ERROR">Error in file '/home/travis/build/geokrety/geokrety-website/tests-qa/acceptance/functions/Urls.robot' on line 14: Setting variable '${PAGE_DEV_MAILBOX_FOURTH_MAIL_URL}' failed: Variable '${GK_URL}' not found.</msg>
<msg timestamp="20200818 22:44:13.115" level="ERROR">Error in file '/home/travis/build/geokrety/geokrety-website/tests-qa/acceptance/functions/Urls.robot' on line 12: Setting variable '${PAGE_DEV_MAILBOX_SECOND_MAIL_URL}' failed: Variable '${GK_URL}' not found.</msg>
<msg timestamp="20200818 22:44:13.123" level="ERROR">Error in file '/home/travis/build/geokrety/geokrety-website/tests-qa/acceptance/functions/Urls.robot' on line 13: Setting variable '${PAGE_DEV_MAILBOX_THIRD_MAIL_URL}' failed: Variable '${GK_URL}' not found.</msg>
<msg timestamp="20200818 22:44:13.132" level="ERROR">Error in file '/home/travis/build/geokrety/geokrety-website/tests-qa/acceptance/functions/Urls.robot' on line 10: Setting variable '${PAGE_DEV_MAILBOX_URL}' failed: Variable '${GK_URL}' not found.</msg>
<msg timestamp="20200818 22:44:13.140" level="ERROR">Error in file '/home/travis/build/geokrety/geokrety-website/tests-qa/acceptance/functions/Urls.robot' on line 15: Setting variable '${PAGE_DEV_RESET_DB_URL}' failed: Variable '${GK_URL}' not found.</msg>
<msg timestamp="20200818 22:44:13.147" level="ERROR">Error in file '/home/travis/build/geokrety/geokrety-website/tests-qa/acceptance/functions/Urls.robot' on line 38: Setting variable '${PAGE_GEOKRETY_1_DETAILS_URL}' failed: Variable '${GK_URL}' not found.</msg>
<msg timestamp="20200818 22:44:13.154" level="ERROR">Error in file '/home/travis/build/geokrety/geokrety-website/tests-qa/acceptance/functions/Urls.robot' on line 39: Setting variable '${PAGE_GEOKRETY_2_DETAILS_URL}' failed: Variable '${GK_URL}' not found.</msg>
<msg timestamp="20200818 22:44:13.161" level="ERROR">Error in file '/home/travis/build/geokrety/geokrety-website/tests-qa/acceptance/functions/Urls.robot' on line 40: Setting variable '${PAGE_GEOKRETY_3_DETAILS_URL}' failed: Variable '${GK_URL}' not found.</msg>
<msg timestamp="20200818 22:44:13.168" level="ERROR">Error in file '/home/travis/build/geokrety/geokrety-website/tests-qa/acceptance/functions/Urls.robot' on line 36: Setting variable '${PAGE_GEOKRETY_CREATE_URL}' failed: Variable '${GK_URL}' not found.</msg>
<msg timestamp="20200818 22:44:13.174" level="ERROR">Error in file '/home/travis/build/geokrety/geokrety-website/tests-qa/acceptance/functions/Urls.robot' on line 17: Setting variable '${PAGE_HOME_URL}' failed: Variable '${GK_URL}' not found.</msg>
<msg timestamp="20200818 22:44:13.184" level="ERROR">Error in file '/home/travis/build/geokrety/geokrety-website/tests-qa/acceptance/functions/Urls.robot' on line 18: Setting variable '${PAGE_HOME_URL_FR}' failed: Variable '${GK_URL}' not found.</msg>
<msg timestamp="20200818 22:44:13.190" level="ERROR">Error in file '/home/travis/build/geokrety/geokrety-website/tests-qa/acceptance/functions/Urls.robot' on line 23: Setting variable '${PAGE_NEWS_URL}' failed: Variable '${GK_URL}' not found.</msg>
<msg timestamp="20200818 22:44:13.196" level="ERROR">Error in file '/home/travis/build/geokrety/geokrety-website/tests-qa/acceptance/functions/Urls.robot' on line 20: Setting variable '${PAGE_REGISTER_URL}' failed: Variable '${GK_URL}' not found.</msg>
<msg timestamp="20200818 22:44:13.202" level="ERROR">Error in file '/home/travis/build/geokrety/geokrety-website/tests-qa/acceptance/functions/Urls.robot' on line 4: Setting variable '${PAGE_SEED_GEOKRETY}' failed: Variable '${GK_URL}' not found.</msg>
<msg timestamp="20200818 22:44:13.208" level="ERROR">Error in file '/home/travis/build/geokrety/geokrety-website/tests-qa/acceptance/functions/Urls.robot' on line 5: Setting variable '${PAGE_SEED_GEOKRETY_OWNED_BY_USER_1}' failed: Variable '${GK_URL}' not found.</msg>
<msg timestamp="20200818 22:44:13.215" level="ERROR">Error in file '/home/travis/build/geokrety/geokrety-website/tests-qa/acceptance/functions/Urls.robot' on line 6: Setting variable '${PAGE_SEED_GEOKRETY_OWNED_BY_USER_2}' failed: Variable '${GK_URL}' not found.</msg>
<msg timestamp="20200818 22:44:13.221" level="ERROR">Error in file '/home/travis/build/geokrety/geokrety-website/tests-qa/acceptance/functions/Urls.robot' on line 3: Setting variable '${PAGE_SEED_USER}' failed: Variable '${GK_URL}' not found.</msg>
<msg timestamp="20200818 22:44:13.227" level="ERROR">Error in file '/home/travis/build/geokrety/geokrety-website/tests-qa/acceptance/functions/Urls.robot' on line 21: Setting variable '${PAGE_SIGN_IN_URL}' failed: Variable '${GK_URL}' not found.</msg>
<msg timestamp="20200818 22:44:13.233" level="ERROR">Error in file '/home/travis/build/geokrety/geokrety-website/tests-qa/acceptance/functions/Urls.robot' on line 22: Setting variable '${PAGE_SIGN_OUT_URL}' failed: Variable '${GK_URL}' not found.</msg>
<msg timestamp="20200818 22:44:13.238" level="ERROR">Error in file '/home/travis/build/geokrety/geokrety-website/tests-qa/acceptance/functions/Urls.robot' on line 19: Setting variable '${PAGE_TERMS_OF_USE_URL}' failed: Variable '${GK_URL}' not found.</msg>
<msg timestamp="20200818 22:44:13.244" level="ERROR">Error in file '/home/travis/build/geokrety/geokrety-website/tests-qa/acceptance/functions/Urls.robot' on line 29: Setting variable '${PAGE_USER_1_BANER_TEMPLATE_URL}' failed: Variable '${GK_URL}' not found.</msg>
<msg timestamp="20200818 22:44:13.251" level="ERROR">Error in file '/home/travis/build/geokrety/geokrety-website/tests-qa/acceptance/functions/Urls.robot' on line 30: Setting variable '${PAGE_USER_1_OBSERVATION_AREA_URL}' failed: Variable '${GK_URL}' not found.</msg>
<msg timestamp="20200818 22:44:13.257" level="ERROR">Error in file '/home/travis/build/geokrety/geokrety-website/tests-qa/acceptance/functions/Urls.robot' on line 25: Setting variable '${PAGE_USER_1_PROFILE_URL}' failed: Variable '${GK_URL}' not found.</msg>
<msg timestamp="20200818 22:44:13.264" level="ERROR">Error in file '/home/travis/build/geokrety/geokrety-website/tests-qa/acceptance/functions/Urls.robot' on line 27: Setting variable '${PAGE_USER_1_PROFILE_URL_FR}' failed: Variable '${GK_URL}' not found.</msg>
<msg timestamp="20200818 22:44:13.270" level="ERROR">Error in file '/home/travis/build/geokrety/geokrety-website/tests-qa/acceptance/functions/Urls.robot' on line 26: Setting variable '${PAGE_USER_2_PROFILE_URL}' failed: Variable '${GK_URL}' not found.</msg>
<msg timestamp="20200818 22:44:13.276" level="ERROR">Error in file '/home/travis/build/geokrety/geokrety-website/tests-qa/acceptance/functions/Urls.robot' on line 34: Setting variable '${PAGE_USER_CHANGE_EMAIL_URL}' failed: Variable '${GK_URL}' not found.</msg>
<msg timestamp="20200818 22:44:13.282" level="ERROR">Error in file '/home/travis/build/geokrety/geokrety-website/tests-qa/acceptance/functions/Urls.robot' on line 32: Setting variable '${PAGE_USER_CHANGE_LANGUAGE_URL}' failed: Variable '${GK_URL}' not found.</msg>
<msg timestamp="20200818 22:44:13.288" level="ERROR">Error in file '/home/travis/build/geokrety/geokrety-website/tests-qa/acceptance/functions/Urls.robot' on line 31: Setting variable '${PAGE_USER_CHANGE_PASSWORD_URL}' failed: Variable '${GK_URL}' not found.</msg>
<msg timestamp="20200818 22:44:13.294" level="ERROR">Error in file '/home/travis/build/geokrety/geokrety-website/tests-qa/acceptance/functions/Urls.robot' on line 42: Setting variable '${PAGE_USER_EMAIL_CHANGE_VALIDATE_URL}' failed: Variable '${GK_URL}' not found.</msg>
<msg timestamp="20200818 22:44:13.300" level="ERROR">Error in file '/home/travis/build/geokrety/geokrety-website/tests-qa/acceptance/functions/Urls.robot' on line 33: Setting variable '${PAGE_USER_REFRESH_SECID_URL}' failed: Variable '${GK_URL}' not found.</msg>
</errors>
</robot>
